<?xml version="1.0" encoding="UTF-8"?>
<TestRun id="c53eac02-d034-4210-9ffe-0b1193375a57" name="gnvilhena@BEE 2011-05-17 22:53:02" runUser="BEE\gnvilhena" xmlns="http://microsoft.com/schemas/VisualStudio/TeamTest/2010">
  <TestSettings name="Local" id="5cb3f086-b558-4163-915c-eda7e078d9a1">
    <Description>These are default test settings for a local test run.</Description>
    <Deployment enabled="false" runDeploymentRoot="gnvilhena_BEE 2011-05-17 22_53_02">
      <DeploymentItem filename="C:\Users\gnvilhena\PROMPT\uc01\repos\PROMPT11-01-VMEssentials.vilhena\Sessao4 - CTS\Binding\Binding\bin\Debug\Binding.dll" />
    </Deployment>
    <Execution>
      <TestTypeSpecific />
      <AgentRule name="Execution Agents">
      </AgentRule>
    </Execution>
  </TestSettings>
  <Times creation="2011-05-17T22:53:02.2294922+01:00" queuing="2011-05-17T22:53:02.2607422+01:00" start="2011-05-17T22:53:02.2841797+01:00" finish="2011-05-17T22:53:02.9091797+01:00" />
  <ResultSummary outcome="Failed">
    <Counters total="8" executed="8" passed="5" error="0" failed="3" timeout="0" aborted="0" inconclusive="0" passedButRunAborted="0" notRunnable="0" notExecuted="0" disconnected="0" warning="0" completed="0" inProgress="0" pending="0" />
  </ResultSummary>
  <TestDefinitions>
    <UnitTest name="cann_bind_fields_to_A" storage="c:\users\gnvilhena\prompt\uc01\repos\prompt11-01-vmessentials.vilhena\sessao4 - cts\binding\binding.test\bin\debug\binding.test.dll" id="c725ad97-a5f6-100b-2a89-3400f6ddaabb">
      <Execution id="37e4996e-1e7f-4405-be63-78a56ef3c658" />
      <TestMethod codeBase="C:/Users/gnvilhena/PROMPT/uc01/repos/PROMPT11-01-VMEssentials.vilhena/Sessao4 - CTS/Binding/Binding.Test/bin/Debug/Binding.Test.DLL" adapterTypeName="Microsoft.VisualStudio.TestTools.TestTypes.Unit.UnitTestAdapter, Microsoft.VisualStudio.QualityTools.Tips.UnitTest.Adapter, Version=10.0.0.0, Culture=neutral, PublicKeyToken=b03f5f7f11d50a3a" className="Binding.Test.Problem1, Binding.Test, Version=1.0.0.0, Culture=neutral, PublicKeyToken=null" name="cann_bind_fields_to_A" />
    </UnitTest>
    <UnitTest name="cannot_bind_inexistent_property_to_A" storage="c:\users\gnvilhena\prompt\uc01\repos\prompt11-01-vmessentials.vilhena\sessao4 - cts\binding\binding.test\bin\debug\binding.test.dll" id="f54af81a-b389-63ca-f81f-f1bed83df82f">
      <Execution id="71076565-729b-4917-9765-49f72da30d21" />
      <TestMethod codeBase="C:/Users/gnvilhena/PROMPT/uc01/repos/PROMPT11-01-VMEssentials.vilhena/Sessao4 - CTS/Binding/Binding.Test/bin/Debug/Binding.Test.DLL" adapterTypeName="Microsoft.VisualStudio.TestTools.TestTypes.Unit.UnitTestAdapter, Microsoft.VisualStudio.QualityTools.Tips.UnitTest.Adapter, Version=10.0.0.0, Culture=neutral, PublicKeyToken=b03f5f7f11d50a3a" className="Binding.Test.Problem1, Binding.Test, Version=1.0.0.0, Culture=neutral, PublicKeyToken=null" name="cannot_bind_inexistent_property_to_A" />
    </UnitTest>
    <UnitTest name="can_bind_property_to_A_using_attribute" storage="c:\users\gnvilhena\prompt\uc01\repos\prompt11-01-vmessentials.vilhena\sessao4 - cts\binding\binding.test\bin\debug\binding.test.dll" id="2592b2c2-0b9c-d184-2840-1945dae3032a">
      <Execution id="88ec1b50-814f-4236-b2bf-f2365c44f1fb" />
      <TestMethod codeBase="C:/Users/gnvilhena/PROMPT/uc01/repos/PROMPT11-01-VMEssentials.vilhena/Sessao4 - CTS/Binding/Binding.Test/bin/Debug/Binding.Test.DLL" adapterTypeName="Microsoft.VisualStudio.TestTools.TestTypes.Unit.UnitTestAdapter, Microsoft.VisualStudio.QualityTools.Tips.UnitTest.Adapter, Version=10.0.0.0, Culture=neutral, PublicKeyToken=b03f5f7f11d50a3a" className="Binding.Test.Problem2, Binding.Test, Version=1.0.0.0, Culture=neutral, PublicKeyToken=null" name="can_bind_property_to_A_using_attribute" />
    </UnitTest>
    <UnitTest name="cannot_bind_inexistent_field_to_A" storage="c:\users\gnvilhena\prompt\uc01\repos\prompt11-01-vmessentials.vilhena\sessao4 - cts\binding\binding.test\bin\debug\binding.test.dll" id="37163dfb-1c43-f483-2d76-21d43b436313">
      <Execution id="32f19efb-d846-487c-9319-e2845b7c6bfd" />
      <TestMethod codeBase="C:/Users/gnvilhena/PROMPT/uc01/repos/PROMPT11-01-VMEssentials.vilhena/Sessao4 - CTS/Binding/Binding.Test/bin/Debug/Binding.Test.DLL" adapterTypeName="Microsoft.VisualStudio.TestTools.TestTypes.Unit.UnitTestAdapter, Microsoft.VisualStudio.QualityTools.Tips.UnitTest.Adapter, Version=10.0.0.0, Culture=neutral, PublicKeyToken=b03f5f7f11d50a3a" className="Binding.Test.Problem1, Binding.Test, Version=1.0.0.0, Culture=neutral, PublicKeyToken=null" name="cannot_bind_inexistent_field_to_A" />
    </UnitTest>
    <UnitTest name="cann_bind_properties_to_A" storage="c:\users\gnvilhena\prompt\uc01\repos\prompt11-01-vmessentials.vilhena\sessao4 - cts\binding\binding.test\bin\debug\binding.test.dll" id="d58e6de1-9926-a5bc-128c-528fb7ba01f3">
      <Execution id="312009c8-0b2e-4cab-91a1-4bb6d96a4f87" />
      <TestMethod codeBase="C:/Users/gnvilhena/PROMPT/uc01/repos/PROMPT11-01-VMEssentials.vilhena/Sessao4 - CTS/Binding/Binding.Test/bin/Debug/Binding.Test.DLL" adapterTypeName="Microsoft.VisualStudio.TestTools.TestTypes.Unit.UnitTestAdapter, Microsoft.VisualStudio.QualityTools.Tips.UnitTest.Adapter, Version=10.0.0.0, Culture=neutral, PublicKeyToken=b03f5f7f11d50a3a" className="Binding.Test.Problem1, Binding.Test, Version=1.0.0.0, Culture=neutral, PublicKeyToken=null" name="cann_bind_properties_to_A" />
    </UnitTest>
    <UnitTest name="must_bind_required_property_to_A" storage="c:\users\gnvilhena\prompt\uc01\repos\prompt11-01-vmessentials.vilhena\sessao4 - cts\binding\binding.test\bin\debug\binding.test.dll" id="7dfdf456-2511-89f8-8713-5797cf856171">
      <Execution id="9550f111-6e4e-403b-a6af-d1992c9443c2" />
      <TestMethod codeBase="C:/Users/gnvilhena/PROMPT/uc01/repos/PROMPT11-01-VMEssentials.vilhena/Sessao4 - CTS/Binding/Binding.Test/bin/Debug/Binding.Test.DLL" adapterTypeName="Microsoft.VisualStudio.TestTools.TestTypes.Unit.UnitTestAdapter, Microsoft.VisualStudio.QualityTools.Tips.UnitTest.Adapter, Version=10.0.0.0, Culture=neutral, PublicKeyToken=b03f5f7f11d50a3a" className="Binding.Test.Problem2, Binding.Test, Version=1.0.0.0, Culture=neutral, PublicKeyToken=null" name="must_bind_required_property_to_A" />
    </UnitTest>
    <UnitTest name="cannot_bind_complex_data_to_A" storage="c:\users\gnvilhena\prompt\uc01\repos\prompt11-01-vmessentials.vilhena\sessao4 - cts\binding\binding.test\bin\debug\binding.test.dll" id="e8db7042-dd41-9215-7487-cd77a2930b7d">
      <Execution id="c4dd657a-6535-46e4-b30e-7ed66bda502b" />
      <TestMethod codeBase="C:/Users/gnvilhena/PROMPT/uc01/repos/PROMPT11-01-VMEssentials.vilhena/Sessao4 - CTS/Binding/Binding.Test/bin/Debug/Binding.Test.DLL" adapterTypeName="Microsoft.VisualStudio.TestTools.TestTypes.Unit.UnitTestAdapter, Microsoft.VisualStudio.QualityTools.Tips.UnitTest.Adapter, Version=10.0.0.0, Culture=neutral, PublicKeyToken=b03f5f7f11d50a3a" className="Binding.Test.Problem1, Binding.Test, Version=1.0.0.0, Culture=neutral, PublicKeyToken=null" name="cannot_bind_complex_data_to_A" />
    </UnitTest>
    <UnitTest name="cannot_bind_to_A_inexistent_attribute_defenition" storage="c:\users\gnvilhena\prompt\uc01\repos\prompt11-01-vmessentials.vilhena\sessao4 - cts\binding\binding.test\bin\debug\binding.test.dll" id="1377298a-f986-2dca-84a5-4275ccced277">
      <Execution id="2708e40d-9467-4189-9fa8-3fabbd43601b" />
      <TestMethod codeBase="C:/Users/gnvilhena/PROMPT/uc01/repos/PROMPT11-01-VMEssentials.vilhena/Sessao4 - CTS/Binding/Binding.Test/bin/Debug/Binding.Test.DLL" adapterTypeName="Microsoft.VisualStudio.TestTools.TestTypes.Unit.UnitTestAdapter, Microsoft.VisualStudio.QualityTools.Tips.UnitTest.Adapter, Version=10.0.0.0, Culture=neutral, PublicKeyToken=b03f5f7f11d50a3a" className="Binding.Test.Problem2, Binding.Test, Version=1.0.0.0, Culture=neutral, PublicKeyToken=null" name="cannot_bind_to_A_inexistent_attribute_defenition" />
    </UnitTest>
  </TestDefinitions>
  <TestLists>
    <TestList name="Results Not in a List" id="8c84fa94-04c1-424b-9868-57a2d4851a1d" />
    <TestList name="All Loaded Results" id="19431567-8539-422a-85d7-44ee4e166bda" />
  </TestLists>
  <TestEntries>
    <TestEntry testId="1377298a-f986-2dca-84a5-4275ccced277" executionId="2708e40d-9467-4189-9fa8-3fabbd43601b" testListId="8c84fa94-04c1-424b-9868-57a2d4851a1d" />
    <TestEntry testId="2592b2c2-0b9c-d184-2840-1945dae3032a" executionId="88ec1b50-814f-4236-b2bf-f2365c44f1fb" testListId="8c84fa94-04c1-424b-9868-57a2d4851a1d" />
    <TestEntry testId="37163dfb-1c43-f483-2d76-21d43b436313" executionId="32f19efb-d846-487c-9319-e2845b7c6bfd" testListId="8c84fa94-04c1-424b-9868-57a2d4851a1d" />
    <TestEntry testId="7dfdf456-2511-89f8-8713-5797cf856171" executionId="9550f111-6e4e-403b-a6af-d1992c9443c2" testListId="8c84fa94-04c1-424b-9868-57a2d4851a1d" />
    <TestEntry testId="c725ad97-a5f6-100b-2a89-3400f6ddaabb" executionId="37e4996e-1e7f-4405-be63-78a56ef3c658" testListId="8c84fa94-04c1-424b-9868-57a2d4851a1d" />
    <TestEntry testId="d58e6de1-9926-a5bc-128c-528fb7ba01f3" executionId="312009c8-0b2e-4cab-91a1-4bb6d96a4f87" testListId="8c84fa94-04c1-424b-9868-57a2d4851a1d" />
    <TestEntry testId="e8db7042-dd41-9215-7487-cd77a2930b7d" executionId="c4dd657a-6535-46e4-b30e-7ed66bda502b" testListId="8c84fa94-04c1-424b-9868-57a2d4851a1d" />
    <TestEntry testId="f54af81a-b389-63ca-f81f-f1bed83df82f" executionId="71076565-729b-4917-9765-49f72da30d21" testListId="8c84fa94-04c1-424b-9868-57a2d4851a1d" />
  </TestEntries>
  <Results>
    <UnitTestResult executionId="2708e40d-9467-4189-9fa8-3fabbd43601b" testId="1377298a-f986-2dca-84a5-4275ccced277" testName="cannot_bind_to_A_inexistent_attribute_defenition" computerName="BEE" duration="00:00:00.0149091" startTime="2011-05-17T22:53:02.3701172+01:00" endTime="2011-05-17T22:53:02.6826172+01:00" testType="13cdc9d9-ddb5-4fa4-a97d-d965ccfc6d4b" outcome="Passed" testListId="8c84fa94-04c1-424b-9868-57a2d4851a1d" relativeResultsDirectory="2708e40d-9467-4189-9fa8-3fabbd43601b">
    </UnitTestResult>
    <UnitTestResult executionId="88ec1b50-814f-4236-b2bf-f2365c44f1fb" testId="2592b2c2-0b9c-d184-2840-1945dae3032a" testName="can_bind_property_to_A_using_attribute" computerName="BEE" duration="00:00:00.0514601" startTime="2011-05-17T22:53:02.6904297+01:00" endTime="2011-05-17T22:53:02.7607422+01:00" testType="13cdc9d9-ddb5-4fa4-a97d-d965ccfc6d4b" outcome="Failed" testListId="8c84fa94-04c1-424b-9868-57a2d4851a1d" relativeResultsDirectory="88ec1b50-814f-4236-b2bf-f2365c44f1fb">
      <Output>
        <ErrorInfo>
          <Message>Assert.AreEqual failed. Expected:&lt;2&gt;. Actual:&lt;0&gt;. </Message>
          <StackTrace>   at Binding.Test.Problem2.can_bind_property_to_A_using_attribute() in C:\Users\gnvilhena\PROMPT\uc01\repos\PROMPT11-01-VMEssentials.vilhena\Sessao4 - CTS\Binding\Binding.Test\Problem2.cs:line 35
</StackTrace>
        </ErrorInfo>
      </Output>
    </UnitTestResult>
    <UnitTestResult executionId="32f19efb-d846-487c-9319-e2845b7c6bfd" testId="37163dfb-1c43-f483-2d76-21d43b436313" testName="cannot_bind_inexistent_field_to_A" computerName="BEE" duration="00:00:00.0043030" startTime="2011-05-17T22:53:02.7763672+01:00" endTime="2011-05-17T22:53:02.7919922+01:00" testType="13cdc9d9-ddb5-4fa4-a97d-d965ccfc6d4b" outcome="Failed" testListId="8c84fa94-04c1-424b-9868-57a2d4851a1d" relativeResultsDirectory="32f19efb-d846-487c-9319-e2845b7c6bfd">
      <Output>
        <ErrorInfo>
          <Message>Test method Binding.Test.Problem1.cannot_bind_inexistent_field_to_A did not throw expected exception Binding.InexistentMemberBinderException.</Message>
        </ErrorInfo>
      </Output>
    </UnitTestResult>
    <UnitTestResult executionId="9550f111-6e4e-403b-a6af-d1992c9443c2" testId="7dfdf456-2511-89f8-8713-5797cf856171" testName="must_bind_required_property_to_A" computerName="BEE" duration="00:00:00.0008272" startTime="2011-05-17T22:53:02.7998047+01:00" endTime="2011-05-17T22:53:02.8076172+01:00" testType="13cdc9d9-ddb5-4fa4-a97d-d965ccfc6d4b" outcome="Passed" testListId="8c84fa94-04c1-424b-9868-57a2d4851a1d" relativeResultsDirectory="9550f111-6e4e-403b-a6af-d1992c9443c2">
    </UnitTestResult>
    <UnitTestResult executionId="37e4996e-1e7f-4405-be63-78a56ef3c658" testId="c725ad97-a5f6-100b-2a89-3400f6ddaabb" testName="cann_bind_fields_to_A" computerName="BEE" duration="00:00:00.0018010" startTime="2011-05-17T22:53:02.8154297+01:00" endTime="2011-05-17T22:53:02.8310547+01:00" testType="13cdc9d9-ddb5-4fa4-a97d-d965ccfc6d4b" outcome="Passed" testListId="8c84fa94-04c1-424b-9868-57a2d4851a1d" relativeResultsDirectory="37e4996e-1e7f-4405-be63-78a56ef3c658">
    </UnitTestResult>
    <UnitTestResult executionId="312009c8-0b2e-4cab-91a1-4bb6d96a4f87" testId="d58e6de1-9926-a5bc-128c-528fb7ba01f3" testName="cann_bind_properties_to_A" computerName="BEE" duration="00:00:00.0008718" startTime="2011-05-17T22:53:02.8310547+01:00" endTime="2011-05-17T22:53:02.8466797+01:00" testType="13cdc9d9-ddb5-4fa4-a97d-d965ccfc6d4b" outcome="Passed" testListId="8c84fa94-04c1-424b-9868-57a2d4851a1d" relativeResultsDirectory="312009c8-0b2e-4cab-91a1-4bb6d96a4f87">
    </UnitTestResult>
    <UnitTestResult executionId="c4dd657a-6535-46e4-b30e-7ed66bda502b" testId="e8db7042-dd41-9215-7487-cd77a2930b7d" testName="cannot_bind_complex_data_to_A" computerName="BEE" startTime="2011-05-17T22:53:02.8466797+01:00" endTime="2011-05-17T22:53:02.8544922+01:00" testType="13cdc9d9-ddb5-4fa4-a97d-d965ccfc6d4b" outcome="Passed" testListId="8c84fa94-04c1-424b-9868-57a2d4851a1d" relativeResultsDirectory="c4dd657a-6535-46e4-b30e-7ed66bda502b">
    </UnitTestResult>
    <UnitTestResult executionId="71076565-729b-4917-9765-49f72da30d21" testId="f54af81a-b389-63ca-f81f-f1bed83df82f" testName="cannot_bind_inexistent_property_to_A" computerName="BEE" duration="00:00:00.0012859" startTime="2011-05-17T22:53:02.8544922+01:00" endTime="2011-05-17T22:53:02.8701172+01:00" testType="13cdc9d9-ddb5-4fa4-a97d-d965ccfc6d4b" outcome="Failed" testListId="8c84fa94-04c1-424b-9868-57a2d4851a1d" relativeResultsDirectory="71076565-729b-4917-9765-49f72da30d21">
      <Output>
        <ErrorInfo>
          <Message>Test method Binding.Test.Problem1.cannot_bind_inexistent_property_to_A did not throw expected exception Binding.InexistentMemberBinderException.</Message>
        </ErrorInfo>
      </Output>
    </UnitTestResult>
  </Results>
</TestRun>