<?xml version="1.0" encoding="UTF-8"?>
<TestRun id="ea36559b-4fc0-49a8-b4b9-a3a286a01dc9" name="gnvilhena@BEE 2011-05-24 21:35:01" runUser="BEE\gnvilhena" xmlns="http://microsoft.com/schemas/VisualStudio/TeamTest/2010">
  <TestSettings name="Local" id="5cb3f086-b558-4163-915c-eda7e078d9a1">
    <Description>These are default test settings for a local test run.</Description>
    <Deployment enabled="false" runDeploymentRoot="gnvilhena_BEE 2011-05-24 21_35_01">
      <DeploymentItem filename="C:\Users\gnvilhena\PROMPT\uc01\repos\PROMPT11-01-VMEssentials.vilhena\Sessao4 - CTS\Binding\Binding\bin\Debug\Binding.dll" />
    </Deployment>
    <Execution>
      <TestTypeSpecific />
      <AgentRule name="Execution Agents">
      </AgentRule>
    </Execution>
  </TestSettings>
  <Times creation="2011-05-24T21:35:01.8828125+01:00" queuing="2011-05-24T21:35:03.6357422+01:00" start="2011-05-24T21:35:03.8701172+01:00" finish="2011-05-24T21:36:32.3300781+01:00" />
  <ResultSummary outcome="Failed">
    <Counters total="10" executed="10" passed="8" error="0" failed="2" timeout="0" aborted="0" inconclusive="0" passedButRunAborted="0" notRunnable="0" notExecuted="0" disconnected="0" warning="0" completed="0" inProgress="0" pending="0" />
  </ResultSummary>
  <TestDefinitions>
    <UnitTest name="cann_bind_fields_to_A" storage="c:\users\gnvilhena\prompt\uc01\repos\prompt11-01-vmessentials.vilhena\sessao4 - cts\binding\binding.test\bin\debug\binding.test.dll" id="c725ad97-a5f6-100b-2a89-3400f6ddaabb">
      <Execution id="e7840195-c355-456a-a567-8eb19f8aad01" />
      <TestMethod codeBase="C:/Users/gnvilhena/PROMPT/uc01/repos/PROMPT11-01-VMEssentials.vilhena/Sessao4 - CTS/Binding/Binding.Test/bin/Debug/Binding.Test.DLL" adapterTypeName="Microsoft.VisualStudio.TestTools.TestTypes.Unit.UnitTestAdapter, Microsoft.VisualStudio.QualityTools.Tips.UnitTest.Adapter, Version=10.0.0.0, Culture=neutral, PublicKeyToken=b03f5f7f11d50a3a" className="Binding.Test.Problem1, Binding.Test, Version=1.0.0.0, Culture=neutral, PublicKeyToken=null" name="cann_bind_fields_to_A" />
    </UnitTest>
    <UnitTest name="cannot_bind_inexistent_property_to_A" storage="c:\users\gnvilhena\prompt\uc01\repos\prompt11-01-vmessentials.vilhena\sessao4 - cts\binding\binding.test\bin\debug\binding.test.dll" id="f54af81a-b389-63ca-f81f-f1bed83df82f">
      <Execution id="3af79388-7873-407d-bd1c-8e5f66a3bd5a" />
      <TestMethod codeBase="C:/Users/gnvilhena/PROMPT/uc01/repos/PROMPT11-01-VMEssentials.vilhena/Sessao4 - CTS/Binding/Binding.Test/bin/Debug/Binding.Test.DLL" adapterTypeName="Microsoft.VisualStudio.TestTools.TestTypes.Unit.UnitTestAdapter, Microsoft.VisualStudio.QualityTools.Tips.UnitTest.Adapter, Version=10.0.0.0, Culture=neutral, PublicKeyToken=b03f5f7f11d50a3a" className="Binding.Test.Problem1, Binding.Test, Version=1.0.0.0, Culture=neutral, PublicKeyToken=null" name="cannot_bind_inexistent_property_to_A" />
    </UnitTest>
    <UnitTest name="cannot_bind_inexistent_field_to_A" storage="c:\users\gnvilhena\prompt\uc01\repos\prompt11-01-vmessentials.vilhena\sessao4 - cts\binding\binding.test\bin\debug\binding.test.dll" id="37163dfb-1c43-f483-2d76-21d43b436313">
      <Execution id="607486fc-8d1c-4309-9152-935eb77e53e3" />
      <TestMethod codeBase="C:/Users/gnvilhena/PROMPT/uc01/repos/PROMPT11-01-VMEssentials.vilhena/Sessao4 - CTS/Binding/Binding.Test/bin/Debug/Binding.Test.DLL" adapterTypeName="Microsoft.VisualStudio.TestTools.TestTypes.Unit.UnitTestAdapter, Microsoft.VisualStudio.QualityTools.Tips.UnitTest.Adapter, Version=10.0.0.0, Culture=neutral, PublicKeyToken=b03f5f7f11d50a3a" className="Binding.Test.Problem1, Binding.Test, Version=1.0.0.0, Culture=neutral, PublicKeyToken=null" name="cannot_bind_inexistent_field_to_A" />
    </UnitTest>
    <UnitTest name="can_bind_property_to_A_using_different_name_from_attribute" storage="c:\users\gnvilhena\prompt\uc01\repos\prompt11-01-vmessentials.vilhena\sessao4 - cts\binding\binding.test\bin\debug\binding.test.dll" id="031c4015-64c9-7ee4-017b-aa00407feb76">
      <Execution id="89bc2238-97c9-484b-9ef5-7d9ca49948ed" />
      <TestMethod codeBase="C:/Users/gnvilhena/PROMPT/uc01/repos/PROMPT11-01-VMEssentials.vilhena/Sessao4 - CTS/Binding/Binding.Test/bin/Debug/Binding.Test.DLL" adapterTypeName="Microsoft.VisualStudio.TestTools.TestTypes.Unit.UnitTestAdapter, Microsoft.VisualStudio.QualityTools.Tips.UnitTest.Adapter, Version=10.0.0.0, Culture=neutral, PublicKeyToken=b03f5f7f11d50a3a" className="Binding.Test.Problem2, Binding.Test, Version=1.0.0.0, Culture=neutral, PublicKeyToken=null" name="can_bind_property_to_A_using_different_name_from_attribute" />
    </UnitTest>
    <UnitTest name="cannot_bind_to_A_inexistent_attribute_definition" storage="c:\users\gnvilhena\prompt\uc01\repos\prompt11-01-vmessentials.vilhena\sessao4 - cts\binding\binding.test\bin\debug\binding.test.dll" id="f744df1b-b1ea-eb9b-d07e-fb70c8f88968">
      <Execution id="621f442b-09b9-405c-b007-d36f4a70171b" />
      <TestMethod codeBase="C:/Users/gnvilhena/PROMPT/uc01/repos/PROMPT11-01-VMEssentials.vilhena/Sessao4 - CTS/Binding/Binding.Test/bin/Debug/Binding.Test.DLL" adapterTypeName="Microsoft.VisualStudio.TestTools.TestTypes.Unit.UnitTestAdapter, Microsoft.VisualStudio.QualityTools.Tips.UnitTest.Adapter, Version=10.0.0.0, Culture=neutral, PublicKeyToken=b03f5f7f11d50a3a" className="Binding.Test.Problem2, Binding.Test, Version=1.0.0.0, Culture=neutral, PublicKeyToken=null" name="cannot_bind_to_A_inexistent_attribute_definition" />
    </UnitTest>
    <UnitTest name="cannot_bind_complex_data_to_A" storage="c:\users\gnvilhena\prompt\uc01\repos\prompt11-01-vmessentials.vilhena\sessao4 - cts\binding\binding.test\bin\debug\binding.test.dll" id="e8db7042-dd41-9215-7487-cd77a2930b7d">
      <Execution id="330e0e98-f01f-4c0b-a84b-e532d16fb4c7" />
      <TestMethod codeBase="C:/Users/gnvilhena/PROMPT/uc01/repos/PROMPT11-01-VMEssentials.vilhena/Sessao4 - CTS/Binding/Binding.Test/bin/Debug/Binding.Test.DLL" adapterTypeName="Microsoft.VisualStudio.TestTools.TestTypes.Unit.UnitTestAdapter, Microsoft.VisualStudio.QualityTools.Tips.UnitTest.Adapter, Version=10.0.0.0, Culture=neutral, PublicKeyToken=b03f5f7f11d50a3a" className="Binding.Test.Problem1, Binding.Test, Version=1.0.0.0, Culture=neutral, PublicKeyToken=null" name="cannot_bind_complex_data_to_A" />
    </UnitTest>
    <UnitTest name="must_bind_required_property_to_A" storage="c:\users\gnvilhena\prompt\uc01\repos\prompt11-01-vmessentials.vilhena\sessao4 - cts\binding\binding.test\bin\debug\binding.test.dll" id="7dfdf456-2511-89f8-8713-5797cf856171">
      <Execution id="2b891677-3175-432f-888d-771c94babbe4" />
      <TestMethod codeBase="C:/Users/gnvilhena/PROMPT/uc01/repos/PROMPT11-01-VMEssentials.vilhena/Sessao4 - CTS/Binding/Binding.Test/bin/Debug/Binding.Test.DLL" adapterTypeName="Microsoft.VisualStudio.TestTools.TestTypes.Unit.UnitTestAdapter, Microsoft.VisualStudio.QualityTools.Tips.UnitTest.Adapter, Version=10.0.0.0, Culture=neutral, PublicKeyToken=b03f5f7f11d50a3a" className="Binding.Test.Problem2, Binding.Test, Version=1.0.0.0, Culture=neutral, PublicKeyToken=null" name="must_bind_required_property_to_A" />
    </UnitTest>
    <UnitTest name="cannot_define_same_name_on_different_property_to_B" storage="c:\users\gnvilhena\prompt\uc01\repos\prompt11-01-vmessentials.vilhena\sessao4 - cts\binding\binding.test\bin\debug\binding.test.dll" id="8401fe02-a94e-eaa9-8ba1-9fbf3a4e4a82">
      <Execution id="b1dee63e-ae72-4ce3-977f-799dcec58352" />
      <TestMethod codeBase="C:/Users/gnvilhena/PROMPT/uc01/repos/PROMPT11-01-VMEssentials.vilhena/Sessao4 - CTS/Binding/Binding.Test/bin/Debug/Binding.Test.DLL" adapterTypeName="Microsoft.VisualStudio.TestTools.TestTypes.Unit.UnitTestAdapter, Microsoft.VisualStudio.QualityTools.Tips.UnitTest.Adapter, Version=10.0.0.0, Culture=neutral, PublicKeyToken=b03f5f7f11d50a3a" className="Binding.Test.Problem2, Binding.Test, Version=1.0.0.0, Culture=neutral, PublicKeyToken=null" name="cannot_define_same_name_on_different_property_to_B" />
    </UnitTest>
    <UnitTest name="cann_bind_properties_to_A" storage="c:\users\gnvilhena\prompt\uc01\repos\prompt11-01-vmessentials.vilhena\sessao4 - cts\binding\binding.test\bin\debug\binding.test.dll" id="d58e6de1-9926-a5bc-128c-528fb7ba01f3">
      <Execution id="15a7b194-49bf-46f2-8466-b79c3c9cc664" />
      <TestMethod codeBase="C:/Users/gnvilhena/PROMPT/uc01/repos/PROMPT11-01-VMEssentials.vilhena/Sessao4 - CTS/Binding/Binding.Test/bin/Debug/Binding.Test.DLL" adapterTypeName="Microsoft.VisualStudio.TestTools.TestTypes.Unit.UnitTestAdapter, Microsoft.VisualStudio.QualityTools.Tips.UnitTest.Adapter, Version=10.0.0.0, Culture=neutral, PublicKeyToken=b03f5f7f11d50a3a" className="Binding.Test.Problem1, Binding.Test, Version=1.0.0.0, Culture=neutral, PublicKeyToken=null" name="cann_bind_properties_to_A" />
    </UnitTest>
    <UnitTest name="can_bind_property_to_A_using_attribute" storage="c:\users\gnvilhena\prompt\uc01\repos\prompt11-01-vmessentials.vilhena\sessao4 - cts\binding\binding.test\bin\debug\binding.test.dll" id="2592b2c2-0b9c-d184-2840-1945dae3032a">
      <Execution id="e6d024ca-f125-4641-8d0b-2a400a0ef402" />
      <TestMethod codeBase="C:/Users/gnvilhena/PROMPT/uc01/repos/PROMPT11-01-VMEssentials.vilhena/Sessao4 - CTS/Binding/Binding.Test/bin/Debug/Binding.Test.DLL" adapterTypeName="Microsoft.VisualStudio.TestTools.TestTypes.Unit.UnitTestAdapter, Microsoft.VisualStudio.QualityTools.Tips.UnitTest.Adapter, Version=10.0.0.0, Culture=neutral, PublicKeyToken=b03f5f7f11d50a3a" className="Binding.Test.Problem2, Binding.Test, Version=1.0.0.0, Culture=neutral, PublicKeyToken=null" name="can_bind_property_to_A_using_attribute" />
    </UnitTest>
  </TestDefinitions>
  <TestLists>
    <TestList name="Results Not in a List" id="8c84fa94-04c1-424b-9868-57a2d4851a1d" />
    <TestList name="All Loaded Results" id="19431567-8539-422a-85d7-44ee4e166bda" />
  </TestLists>
  <TestEntries>
    <TestEntry testId="031c4015-64c9-7ee4-017b-aa00407feb76" executionId="89bc2238-97c9-484b-9ef5-7d9ca49948ed" testListId="8c84fa94-04c1-424b-9868-57a2d4851a1d" />
    <TestEntry testId="2592b2c2-0b9c-d184-2840-1945dae3032a" executionId="e6d024ca-f125-4641-8d0b-2a400a0ef402" testListId="8c84fa94-04c1-424b-9868-57a2d4851a1d" />
    <TestEntry testId="37163dfb-1c43-f483-2d76-21d43b436313" executionId="607486fc-8d1c-4309-9152-935eb77e53e3" testListId="8c84fa94-04c1-424b-9868-57a2d4851a1d" />
    <TestEntry testId="7dfdf456-2511-89f8-8713-5797cf856171" executionId="2b891677-3175-432f-888d-771c94babbe4" testListId="8c84fa94-04c1-424b-9868-57a2d4851a1d" />
    <TestEntry testId="8401fe02-a94e-eaa9-8ba1-9fbf3a4e4a82" executionId="b1dee63e-ae72-4ce3-977f-799dcec58352" testListId="8c84fa94-04c1-424b-9868-57a2d4851a1d" />
    <TestEntry testId="c725ad97-a5f6-100b-2a89-3400f6ddaabb" executionId="e7840195-c355-456a-a567-8eb19f8aad01" testListId="8c84fa94-04c1-424b-9868-57a2d4851a1d" />
    <TestEntry testId="d58e6de1-9926-a5bc-128c-528fb7ba01f3" executionId="15a7b194-49bf-46f2-8466-b79c3c9cc664" testListId="8c84fa94-04c1-424b-9868-57a2d4851a1d" />
    <TestEntry testId="e8db7042-dd41-9215-7487-cd77a2930b7d" executionId="330e0e98-f01f-4c0b-a84b-e532d16fb4c7" testListId="8c84fa94-04c1-424b-9868-57a2d4851a1d" />
    <TestEntry testId="f54af81a-b389-63ca-f81f-f1bed83df82f" executionId="3af79388-7873-407d-bd1c-8e5f66a3bd5a" testListId="8c84fa94-04c1-424b-9868-57a2d4851a1d" />
    <TestEntry testId="f744df1b-b1ea-eb9b-d07e-fb70c8f88968" executionId="621f442b-09b9-405c-b007-d36f4a70171b" testListId="8c84fa94-04c1-424b-9868-57a2d4851a1d" />
  </TestEntries>
  <Results>
    <UnitTestResult executionId="89bc2238-97c9-484b-9ef5-7d9ca49948ed" testId="031c4015-64c9-7ee4-017b-aa00407feb76" testName="can_bind_property_to_A_using_different_name_from_attribute" computerName="BEE" duration="00:00:00.0265670" startTime="2011-05-24T21:35:04.0732422+01:00" endTime="2011-05-24T21:35:04.9169922+01:00" testType="13cdc9d9-ddb5-4fa4-a97d-d965ccfc6d4b" outcome="Passed" testListId="8c84fa94-04c1-424b-9868-57a2d4851a1d" relativeResultsDirectory="89bc2238-97c9-484b-9ef5-7d9ca49948ed">
    </UnitTestResult>
    <UnitTestResult executionId="e6d024ca-f125-4641-8d0b-2a400a0ef402" testId="2592b2c2-0b9c-d184-2840-1945dae3032a" testName="can_bind_property_to_A_using_attribute" computerName="BEE" duration="00:00:00.0012540" startTime="2011-05-24T21:35:04.9326172+01:00" endTime="2011-05-24T21:35:04.9638672+01:00" testType="13cdc9d9-ddb5-4fa4-a97d-d965ccfc6d4b" outcome="Passed" testListId="8c84fa94-04c1-424b-9868-57a2d4851a1d" relativeResultsDirectory="e6d024ca-f125-4641-8d0b-2a400a0ef402">
    </UnitTestResult>
    <UnitTestResult executionId="607486fc-8d1c-4309-9152-935eb77e53e3" testId="37163dfb-1c43-f483-2d76-21d43b436313" testName="cannot_bind_inexistent_field_to_A" computerName="BEE" duration="00:01:19.7888670" startTime="2011-05-24T21:35:04.9794922+01:00" endTime="2011-05-24T21:36:24.7675781+01:00" testType="13cdc9d9-ddb5-4fa4-a97d-d965ccfc6d4b" outcome="Failed" testListId="8c84fa94-04c1-424b-9868-57a2d4851a1d" relativeResultsDirectory="607486fc-8d1c-4309-9152-935eb77e53e3">
      <Output>
        <ErrorInfo>
          <Message>Test method Binding.Test.Problem1.cannot_bind_inexistent_field_to_A did not throw expected exception Binding.InexistentMemberBinderException.</Message>
        </ErrorInfo>
      </Output>
    </UnitTestResult>
    <UnitTestResult executionId="2b891677-3175-432f-888d-771c94babbe4" testId="7dfdf456-2511-89f8-8713-5797cf856171" testName="must_bind_required_property_to_A" computerName="BEE" duration="00:00:00.0001760" startTime="2011-05-24T21:36:24.7988281+01:00" endTime="2011-05-24T21:36:24.8300781+01:00" testType="13cdc9d9-ddb5-4fa4-a97d-d965ccfc6d4b" outcome="Passed" testListId="8c84fa94-04c1-424b-9868-57a2d4851a1d" relativeResultsDirectory="2b891677-3175-432f-888d-771c94babbe4">
    </UnitTestResult>
    <UnitTestResult executionId="b1dee63e-ae72-4ce3-977f-799dcec58352" testId="8401fe02-a94e-eaa9-8ba1-9fbf3a4e4a82" testName="cannot_define_same_name_on_different_property_to_B" computerName="BEE" duration="00:00:00.0001748" startTime="2011-05-24T21:36:24.8769531+01:00" endTime="2011-05-24T21:36:24.8925781+01:00" testType="13cdc9d9-ddb5-4fa4-a97d-d965ccfc6d4b" outcome="Passed" testListId="8c84fa94-04c1-424b-9868-57a2d4851a1d" relativeResultsDirectory="b1dee63e-ae72-4ce3-977f-799dcec58352">
    </UnitTestResult>
    <UnitTestResult executionId="e7840195-c355-456a-a567-8eb19f8aad01" testId="c725ad97-a5f6-100b-2a89-3400f6ddaabb" testName="cann_bind_fields_to_A" computerName="BEE" duration="00:00:00.0004570" startTime="2011-05-24T21:36:24.9082031+01:00" endTime="2011-05-24T21:36:24.9238281+01:00" testType="13cdc9d9-ddb5-4fa4-a97d-d965ccfc6d4b" outcome="Passed" testListId="8c84fa94-04c1-424b-9868-57a2d4851a1d" relativeResultsDirectory="e7840195-c355-456a-a567-8eb19f8aad01">
    </UnitTestResult>
    <UnitTestResult executionId="15a7b194-49bf-46f2-8466-b79c3c9cc664" testId="d58e6de1-9926-a5bc-128c-528fb7ba01f3" testName="cann_bind_properties_to_A" computerName="BEE" startTime="2011-05-24T21:36:24.9394531+01:00" endTime="2011-05-24T21:36:24.9550781+01:00" testType="13cdc9d9-ddb5-4fa4-a97d-d965ccfc6d4b" outcome="Passed" testListId="8c84fa94-04c1-424b-9868-57a2d4851a1d" relativeResultsDirectory="15a7b194-49bf-46f2-8466-b79c3c9cc664">
    </UnitTestResult>
    <UnitTestResult executionId="330e0e98-f01f-4c0b-a84b-e532d16fb4c7" testId="e8db7042-dd41-9215-7487-cd77a2930b7d" testName="cannot_bind_complex_data_to_A" computerName="BEE" duration="00:00:07.1171065" startTime="2011-05-24T21:36:24.9707031+01:00" endTime="2011-05-24T21:36:32.1113281+01:00" testType="13cdc9d9-ddb5-4fa4-a97d-d965ccfc6d4b" outcome="Passed" testListId="8c84fa94-04c1-424b-9868-57a2d4851a1d" relativeResultsDirectory="330e0e98-f01f-4c0b-a84b-e532d16fb4c7">
    </UnitTestResult>
    <UnitTestResult executionId="3af79388-7873-407d-bd1c-8e5f66a3bd5a" testId="f54af81a-b389-63ca-f81f-f1bed83df82f" testName="cannot_bind_inexistent_property_to_A" computerName="BEE" duration="00:00:00.0186568" startTime="2011-05-24T21:36:32.1425781+01:00" endTime="2011-05-24T21:36:32.1738281+01:00" testType="13cdc9d9-ddb5-4fa4-a97d-d965ccfc6d4b" outcome="Failed" testListId="8c84fa94-04c1-424b-9868-57a2d4851a1d" relativeResultsDirectory="3af79388-7873-407d-bd1c-8e5f66a3bd5a">
      <Output>
        <ErrorInfo>
          <Message>Test method Binding.Test.Problem1.cannot_bind_inexistent_property_to_A did not throw expected exception Binding.InexistentMemberBinderException.</Message>
        </ErrorInfo>
      </Output>
    </UnitTestResult>
    <UnitTestResult executionId="621f442b-09b9-405c-b007-d36f4a70171b" testId="f744df1b-b1ea-eb9b-d07e-fb70c8f88968" testName="cannot_bind_to_A_inexistent_attribute_definition" computerName="BEE" startTime="2011-05-24T21:36:32.1894531+01:00" endTime="2011-05-24T21:36:32.2050781+01:00" testType="13cdc9d9-ddb5-4fa4-a97d-d965ccfc6d4b" outcome="Passed" testListId="8c84fa94-04c1-424b-9868-57a2d4851a1d" relativeResultsDirectory="621f442b-09b9-405c-b007-d36f4a70171b">
    </UnitTestResult>
  </Results>
</TestRun>