<?xml version="1.0" encoding="UTF-8"?>
<TestRun id="ba1dc873-ba65-49f8-a3e8-46046246f3d1" name="gnvilhena@BEE 2011-05-24 21:26:54" runUser="BEE\gnvilhena" xmlns="http://microsoft.com/schemas/VisualStudio/TeamTest/2010">
  <TestSettings name="Local" id="5cb3f086-b558-4163-915c-eda7e078d9a1">
    <Description>These are default test settings for a local test run.</Description>
    <Deployment enabled="false" runDeploymentRoot="gnvilhena_BEE 2011-05-24 21_26_54">
      <DeploymentItem filename="C:\Users\gnvilhena\PROMPT\uc01\repos\PROMPT11-01-VMEssentials.vilhena\Sessao4 - CTS\Binding\Binding\bin\Debug\Binding.dll" />
    </Deployment>
    <Execution>
      <TestTypeSpecific />
      <AgentRule name="Execution Agents">
      </AgentRule>
    </Execution>
  </TestSettings>
  <Times creation="2011-05-24T21:26:54.0117188+01:00" queuing="2011-05-24T21:26:55.5156250+01:00" start="2011-05-24T21:26:55.7187500+01:00" finish="2011-05-24T21:27:45.3886719+01:00" />
  <ResultSummary outcome="Failed">
    <Counters total="10" executed="10" passed="7" error="0" failed="3" timeout="0" aborted="0" inconclusive="0" passedButRunAborted="0" notRunnable="0" notExecuted="0" disconnected="0" warning="0" completed="0" inProgress="0" pending="0" />
  </ResultSummary>
  <TestDefinitions>
    <UnitTest name="cann_bind_fields_to_A" storage="c:\users\gnvilhena\prompt\uc01\repos\prompt11-01-vmessentials.vilhena\sessao4 - cts\binding\binding.test\bin\debug\binding.test.dll" id="c725ad97-a5f6-100b-2a89-3400f6ddaabb">
      <Execution id="0aa003f9-6ccd-4a2e-882b-d779984483be" />
      <TestMethod codeBase="C:/Users/gnvilhena/PROMPT/uc01/repos/PROMPT11-01-VMEssentials.vilhena/Sessao4 - CTS/Binding/Binding.Test/bin/Debug/Binding.Test.DLL" adapterTypeName="Microsoft.VisualStudio.TestTools.TestTypes.Unit.UnitTestAdapter, Microsoft.VisualStudio.QualityTools.Tips.UnitTest.Adapter, Version=10.0.0.0, Culture=neutral, PublicKeyToken=b03f5f7f11d50a3a" className="Binding.Test.Problem1, Binding.Test, Version=1.0.0.0, Culture=neutral, PublicKeyToken=null" name="cann_bind_fields_to_A" />
    </UnitTest>
    <UnitTest name="cannot_bind_inexistent_property_to_A" storage="c:\users\gnvilhena\prompt\uc01\repos\prompt11-01-vmessentials.vilhena\sessao4 - cts\binding\binding.test\bin\debug\binding.test.dll" id="f54af81a-b389-63ca-f81f-f1bed83df82f">
      <Execution id="14b8a7b0-0201-44ef-9c3e-6ac2d9dfea94" />
      <TestMethod codeBase="C:/Users/gnvilhena/PROMPT/uc01/repos/PROMPT11-01-VMEssentials.vilhena/Sessao4 - CTS/Binding/Binding.Test/bin/Debug/Binding.Test.DLL" adapterTypeName="Microsoft.VisualStudio.TestTools.TestTypes.Unit.UnitTestAdapter, Microsoft.VisualStudio.QualityTools.Tips.UnitTest.Adapter, Version=10.0.0.0, Culture=neutral, PublicKeyToken=b03f5f7f11d50a3a" className="Binding.Test.Problem1, Binding.Test, Version=1.0.0.0, Culture=neutral, PublicKeyToken=null" name="cannot_bind_inexistent_property_to_A" />
    </UnitTest>
    <UnitTest name="cannot_bind_inexistent_field_to_A" storage="c:\users\gnvilhena\prompt\uc01\repos\prompt11-01-vmessentials.vilhena\sessao4 - cts\binding\binding.test\bin\debug\binding.test.dll" id="37163dfb-1c43-f483-2d76-21d43b436313">
      <Execution id="e8f9ff41-1369-470f-84d9-996ca92d24b9" />
      <TestMethod codeBase="C:/Users/gnvilhena/PROMPT/uc01/repos/PROMPT11-01-VMEssentials.vilhena/Sessao4 - CTS/Binding/Binding.Test/bin/Debug/Binding.Test.DLL" adapterTypeName="Microsoft.VisualStudio.TestTools.TestTypes.Unit.UnitTestAdapter, Microsoft.VisualStudio.QualityTools.Tips.UnitTest.Adapter, Version=10.0.0.0, Culture=neutral, PublicKeyToken=b03f5f7f11d50a3a" className="Binding.Test.Problem1, Binding.Test, Version=1.0.0.0, Culture=neutral, PublicKeyToken=null" name="cannot_bind_inexistent_field_to_A" />
    </UnitTest>
    <UnitTest name="can_bind_property_to_A_using_different_name_from_attribute" storage="c:\users\gnvilhena\prompt\uc01\repos\prompt11-01-vmessentials.vilhena\sessao4 - cts\binding\binding.test\bin\debug\binding.test.dll" id="031c4015-64c9-7ee4-017b-aa00407feb76">
      <Execution id="31b5b327-761b-4347-84f4-56c270e54e12" />
      <TestMethod codeBase="C:/Users/gnvilhena/PROMPT/uc01/repos/PROMPT11-01-VMEssentials.vilhena/Sessao4 - CTS/Binding/Binding.Test/bin/Debug/Binding.Test.DLL" adapterTypeName="Microsoft.VisualStudio.TestTools.TestTypes.Unit.UnitTestAdapter, Microsoft.VisualStudio.QualityTools.Tips.UnitTest.Adapter, Version=10.0.0.0, Culture=neutral, PublicKeyToken=b03f5f7f11d50a3a" className="Binding.Test.Problem2, Binding.Test, Version=1.0.0.0, Culture=neutral, PublicKeyToken=null" name="can_bind_property_to_A_using_different_name_from_attribute" />
    </UnitTest>
    <UnitTest name="cannot_bind_to_A_inexistent_attribute_definition" storage="c:\users\gnvilhena\prompt\uc01\repos\prompt11-01-vmessentials.vilhena\sessao4 - cts\binding\binding.test\bin\debug\binding.test.dll" id="f744df1b-b1ea-eb9b-d07e-fb70c8f88968">
      <Execution id="d8df4f2b-4b58-4641-98f9-c5c263dcd878" />
      <TestMethod codeBase="C:/Users/gnvilhena/PROMPT/uc01/repos/PROMPT11-01-VMEssentials.vilhena/Sessao4 - CTS/Binding/Binding.Test/bin/Debug/Binding.Test.DLL" adapterTypeName="Microsoft.VisualStudio.TestTools.TestTypes.Unit.UnitTestAdapter, Microsoft.VisualStudio.QualityTools.Tips.UnitTest.Adapter, Version=10.0.0.0, Culture=neutral, PublicKeyToken=b03f5f7f11d50a3a" className="Binding.Test.Problem2, Binding.Test, Version=1.0.0.0, Culture=neutral, PublicKeyToken=null" name="cannot_bind_to_A_inexistent_attribute_definition" />
    </UnitTest>
    <UnitTest name="cannot_bind_complex_data_to_A" storage="c:\users\gnvilhena\prompt\uc01\repos\prompt11-01-vmessentials.vilhena\sessao4 - cts\binding\binding.test\bin\debug\binding.test.dll" id="e8db7042-dd41-9215-7487-cd77a2930b7d">
      <Execution id="9f90fa68-5dfa-4063-96c6-ea09a0d3274d" />
      <TestMethod codeBase="C:/Users/gnvilhena/PROMPT/uc01/repos/PROMPT11-01-VMEssentials.vilhena/Sessao4 - CTS/Binding/Binding.Test/bin/Debug/Binding.Test.DLL" adapterTypeName="Microsoft.VisualStudio.TestTools.TestTypes.Unit.UnitTestAdapter, Microsoft.VisualStudio.QualityTools.Tips.UnitTest.Adapter, Version=10.0.0.0, Culture=neutral, PublicKeyToken=b03f5f7f11d50a3a" className="Binding.Test.Problem1, Binding.Test, Version=1.0.0.0, Culture=neutral, PublicKeyToken=null" name="cannot_bind_complex_data_to_A" />
    </UnitTest>
    <UnitTest name="must_bind_required_property_to_A" storage="c:\users\gnvilhena\prompt\uc01\repos\prompt11-01-vmessentials.vilhena\sessao4 - cts\binding\binding.test\bin\debug\binding.test.dll" id="7dfdf456-2511-89f8-8713-5797cf856171">
      <Execution id="f3ecbd48-c92b-480e-89da-48faed744526" />
      <TestMethod codeBase="C:/Users/gnvilhena/PROMPT/uc01/repos/PROMPT11-01-VMEssentials.vilhena/Sessao4 - CTS/Binding/Binding.Test/bin/Debug/Binding.Test.DLL" adapterTypeName="Microsoft.VisualStudio.TestTools.TestTypes.Unit.UnitTestAdapter, Microsoft.VisualStudio.QualityTools.Tips.UnitTest.Adapter, Version=10.0.0.0, Culture=neutral, PublicKeyToken=b03f5f7f11d50a3a" className="Binding.Test.Problem2, Binding.Test, Version=1.0.0.0, Culture=neutral, PublicKeyToken=null" name="must_bind_required_property_to_A" />
    </UnitTest>
    <UnitTest name="cannot_define_same_name_on_different_property_to_B" storage="c:\users\gnvilhena\prompt\uc01\repos\prompt11-01-vmessentials.vilhena\sessao4 - cts\binding\binding.test\bin\debug\binding.test.dll" id="8401fe02-a94e-eaa9-8ba1-9fbf3a4e4a82">
      <Execution id="8d78b47a-4df8-4a58-b3a4-b1d63c3c616a" />
      <TestMethod codeBase="C:/Users/gnvilhena/PROMPT/uc01/repos/PROMPT11-01-VMEssentials.vilhena/Sessao4 - CTS/Binding/Binding.Test/bin/Debug/Binding.Test.DLL" adapterTypeName="Microsoft.VisualStudio.TestTools.TestTypes.Unit.UnitTestAdapter, Microsoft.VisualStudio.QualityTools.Tips.UnitTest.Adapter, Version=10.0.0.0, Culture=neutral, PublicKeyToken=b03f5f7f11d50a3a" className="Binding.Test.Problem2, Binding.Test, Version=1.0.0.0, Culture=neutral, PublicKeyToken=null" name="cannot_define_same_name_on_different_property_to_B" />
    </UnitTest>
    <UnitTest name="cann_bind_properties_to_A" storage="c:\users\gnvilhena\prompt\uc01\repos\prompt11-01-vmessentials.vilhena\sessao4 - cts\binding\binding.test\bin\debug\binding.test.dll" id="d58e6de1-9926-a5bc-128c-528fb7ba01f3">
      <Execution id="aa2fca88-dcb5-4f7c-b04b-05cdb6f3a571" />
      <TestMethod codeBase="C:/Users/gnvilhena/PROMPT/uc01/repos/PROMPT11-01-VMEssentials.vilhena/Sessao4 - CTS/Binding/Binding.Test/bin/Debug/Binding.Test.DLL" adapterTypeName="Microsoft.VisualStudio.TestTools.TestTypes.Unit.UnitTestAdapter, Microsoft.VisualStudio.QualityTools.Tips.UnitTest.Adapter, Version=10.0.0.0, Culture=neutral, PublicKeyToken=b03f5f7f11d50a3a" className="Binding.Test.Problem1, Binding.Test, Version=1.0.0.0, Culture=neutral, PublicKeyToken=null" name="cann_bind_properties_to_A" />
    </UnitTest>
    <UnitTest name="can_bind_property_to_A_using_attribute" storage="c:\users\gnvilhena\prompt\uc01\repos\prompt11-01-vmessentials.vilhena\sessao4 - cts\binding\binding.test\bin\debug\binding.test.dll" id="2592b2c2-0b9c-d184-2840-1945dae3032a">
      <Execution id="68f1fa7f-82cd-41e1-aa9f-866ba5d10467" />
      <TestMethod codeBase="C:/Users/gnvilhena/PROMPT/uc01/repos/PROMPT11-01-VMEssentials.vilhena/Sessao4 - CTS/Binding/Binding.Test/bin/Debug/Binding.Test.DLL" adapterTypeName="Microsoft.VisualStudio.TestTools.TestTypes.Unit.UnitTestAdapter, Microsoft.VisualStudio.QualityTools.Tips.UnitTest.Adapter, Version=10.0.0.0, Culture=neutral, PublicKeyToken=b03f5f7f11d50a3a" className="Binding.Test.Problem2, Binding.Test, Version=1.0.0.0, Culture=neutral, PublicKeyToken=null" name="can_bind_property_to_A_using_attribute" />
    </UnitTest>
  </TestDefinitions>
  <TestLists>
    <TestList name="Results Not in a List" id="8c84fa94-04c1-424b-9868-57a2d4851a1d" />
    <TestList name="All Loaded Results" id="19431567-8539-422a-85d7-44ee4e166bda" />
  </TestLists>
  <TestEntries>
    <TestEntry testId="031c4015-64c9-7ee4-017b-aa00407feb76" executionId="31b5b327-761b-4347-84f4-56c270e54e12" testListId="8c84fa94-04c1-424b-9868-57a2d4851a1d" />
    <TestEntry testId="2592b2c2-0b9c-d184-2840-1945dae3032a" executionId="68f1fa7f-82cd-41e1-aa9f-866ba5d10467" testListId="8c84fa94-04c1-424b-9868-57a2d4851a1d" />
    <TestEntry testId="37163dfb-1c43-f483-2d76-21d43b436313" executionId="e8f9ff41-1369-470f-84d9-996ca92d24b9" testListId="8c84fa94-04c1-424b-9868-57a2d4851a1d" />
    <TestEntry testId="7dfdf456-2511-89f8-8713-5797cf856171" executionId="f3ecbd48-c92b-480e-89da-48faed744526" testListId="8c84fa94-04c1-424b-9868-57a2d4851a1d" />
    <TestEntry testId="8401fe02-a94e-eaa9-8ba1-9fbf3a4e4a82" executionId="8d78b47a-4df8-4a58-b3a4-b1d63c3c616a" testListId="8c84fa94-04c1-424b-9868-57a2d4851a1d" />
    <TestEntry testId="c725ad97-a5f6-100b-2a89-3400f6ddaabb" executionId="0aa003f9-6ccd-4a2e-882b-d779984483be" testListId="8c84fa94-04c1-424b-9868-57a2d4851a1d" />
    <TestEntry testId="d58e6de1-9926-a5bc-128c-528fb7ba01f3" executionId="aa2fca88-dcb5-4f7c-b04b-05cdb6f3a571" testListId="8c84fa94-04c1-424b-9868-57a2d4851a1d" />
    <TestEntry testId="e8db7042-dd41-9215-7487-cd77a2930b7d" executionId="9f90fa68-5dfa-4063-96c6-ea09a0d3274d" testListId="8c84fa94-04c1-424b-9868-57a2d4851a1d" />
    <TestEntry testId="f54af81a-b389-63ca-f81f-f1bed83df82f" executionId="14b8a7b0-0201-44ef-9c3e-6ac2d9dfea94" testListId="8c84fa94-04c1-424b-9868-57a2d4851a1d" />
    <TestEntry testId="f744df1b-b1ea-eb9b-d07e-fb70c8f88968" executionId="d8df4f2b-4b58-4641-98f9-c5c263dcd878" testListId="8c84fa94-04c1-424b-9868-57a2d4851a1d" />
  </TestEntries>
  <Results>
    <UnitTestResult executionId="31b5b327-761b-4347-84f4-56c270e54e12" testId="031c4015-64c9-7ee4-017b-aa00407feb76" testName="can_bind_property_to_A_using_different_name_from_attribute" computerName="BEE" duration="00:00:40.0758124" startTime="2011-05-24T21:26:55.9218750+01:00" endTime="2011-05-24T21:27:36.7949219+01:00" testType="13cdc9d9-ddb5-4fa4-a97d-d965ccfc6d4b" outcome="Failed" testListId="8c84fa94-04c1-424b-9868-57a2d4851a1d" relativeResultsDirectory="31b5b327-761b-4347-84f4-56c270e54e12">
      <Output>
        <ErrorInfo>
          <Message>Assert.AreEqual failed. Expected:&lt;4&gt;. Actual:&lt;0&gt;. </Message>
          <StackTrace>   at Binding.Test.Problem2.can_bind_property_to_A_using_different_name_from_attribute() in C:\Users\gnvilhena\PROMPT\uc01\repos\PROMPT11-01-VMEssentials.vilhena\Sessao4 - CTS\Binding\Binding.Test\Problem2.cs:line 51
</StackTrace>
        </ErrorInfo>
      </Output>
    </UnitTestResult>
    <UnitTestResult executionId="68f1fa7f-82cd-41e1-aa9f-866ba5d10467" testId="2592b2c2-0b9c-d184-2840-1945dae3032a" testName="can_bind_property_to_A_using_attribute" computerName="BEE" duration="00:00:05.4274319" startTime="2011-05-24T21:27:36.8105469+01:00" endTime="2011-05-24T21:27:42.2636719+01:00" testType="13cdc9d9-ddb5-4fa4-a97d-d965ccfc6d4b" outcome="Passed" testListId="8c84fa94-04c1-424b-9868-57a2d4851a1d" relativeResultsDirectory="68f1fa7f-82cd-41e1-aa9f-866ba5d10467">
    </UnitTestResult>
    <UnitTestResult executionId="e8f9ff41-1369-470f-84d9-996ca92d24b9" testId="37163dfb-1c43-f483-2d76-21d43b436313" testName="cannot_bind_inexistent_field_to_A" computerName="BEE" duration="00:00:00.0213521" startTime="2011-05-24T21:27:42.2949219+01:00" endTime="2011-05-24T21:27:42.3261719+01:00" testType="13cdc9d9-ddb5-4fa4-a97d-d965ccfc6d4b" outcome="Failed" testListId="8c84fa94-04c1-424b-9868-57a2d4851a1d" relativeResultsDirectory="e8f9ff41-1369-470f-84d9-996ca92d24b9">
      <Output>
        <ErrorInfo>
          <Message>Test method Binding.Test.Problem1.cannot_bind_inexistent_field_to_A did not throw expected exception Binding.InexistentMemberBinderException.</Message>
        </ErrorInfo>
      </Output>
    </UnitTestResult>
    <UnitTestResult executionId="f3ecbd48-c92b-480e-89da-48faed744526" testId="7dfdf456-2511-89f8-8713-5797cf856171" testName="must_bind_required_property_to_A" computerName="BEE" duration="00:00:00.0105108" startTime="2011-05-24T21:27:42.3574219+01:00" endTime="2011-05-24T21:27:42.3886719+01:00" testType="13cdc9d9-ddb5-4fa4-a97d-d965ccfc6d4b" outcome="Passed" testListId="8c84fa94-04c1-424b-9868-57a2d4851a1d" relativeResultsDirectory="f3ecbd48-c92b-480e-89da-48faed744526">
    </UnitTestResult>
    <UnitTestResult executionId="8d78b47a-4df8-4a58-b3a4-b1d63c3c616a" testId="8401fe02-a94e-eaa9-8ba1-9fbf3a4e4a82" testName="cannot_define_same_name_on_different_property_to_B" computerName="BEE" startTime="2011-05-24T21:27:42.4042969+01:00" endTime="2011-05-24T21:27:42.4199219+01:00" testType="13cdc9d9-ddb5-4fa4-a97d-d965ccfc6d4b" outcome="Passed" testListId="8c84fa94-04c1-424b-9868-57a2d4851a1d" relativeResultsDirectory="8d78b47a-4df8-4a58-b3a4-b1d63c3c616a">
    </UnitTestResult>
    <UnitTestResult executionId="0aa003f9-6ccd-4a2e-882b-d779984483be" testId="c725ad97-a5f6-100b-2a89-3400f6ddaabb" testName="cann_bind_fields_to_A" computerName="BEE" duration="00:00:00.0004710" startTime="2011-05-24T21:27:42.4355469+01:00" endTime="2011-05-24T21:27:42.4511719+01:00" testType="13cdc9d9-ddb5-4fa4-a97d-d965ccfc6d4b" outcome="Passed" testListId="8c84fa94-04c1-424b-9868-57a2d4851a1d" relativeResultsDirectory="0aa003f9-6ccd-4a2e-882b-d779984483be">
    </UnitTestResult>
    <UnitTestResult executionId="aa2fca88-dcb5-4f7c-b04b-05cdb6f3a571" testId="d58e6de1-9926-a5bc-128c-528fb7ba01f3" testName="cann_bind_properties_to_A" computerName="BEE" duration="00:00:00.0010451" startTime="2011-05-24T21:27:42.4667969+01:00" endTime="2011-05-24T21:27:42.4824219+01:00" testType="13cdc9d9-ddb5-4fa4-a97d-d965ccfc6d4b" outcome="Passed" testListId="8c84fa94-04c1-424b-9868-57a2d4851a1d" relativeResultsDirectory="aa2fca88-dcb5-4f7c-b04b-05cdb6f3a571">
    </UnitTestResult>
    <UnitTestResult executionId="9f90fa68-5dfa-4063-96c6-ea09a0d3274d" testId="e8db7042-dd41-9215-7487-cd77a2930b7d" testName="cannot_bind_complex_data_to_A" computerName="BEE" duration="00:00:02.6340934" startTime="2011-05-24T21:27:42.4980469+01:00" endTime="2011-05-24T21:27:45.1542969+01:00" testType="13cdc9d9-ddb5-4fa4-a97d-d965ccfc6d4b" outcome="Passed" testListId="8c84fa94-04c1-424b-9868-57a2d4851a1d" relativeResultsDirectory="9f90fa68-5dfa-4063-96c6-ea09a0d3274d">
    </UnitTestResult>
    <UnitTestResult executionId="14b8a7b0-0201-44ef-9c3e-6ac2d9dfea94" testId="f54af81a-b389-63ca-f81f-f1bed83df82f" testName="cannot_bind_inexistent_property_to_A" computerName="BEE" duration="00:00:00.0152329" startTime="2011-05-24T21:27:45.1855469+01:00" endTime="2011-05-24T21:27:45.2167969+01:00" testType="13cdc9d9-ddb5-4fa4-a97d-d965ccfc6d4b" outcome="Failed" testListId="8c84fa94-04c1-424b-9868-57a2d4851a1d" relativeResultsDirectory="14b8a7b0-0201-44ef-9c3e-6ac2d9dfea94">
      <Output>
        <ErrorInfo>
          <Message>Test method Binding.Test.Problem1.cannot_bind_inexistent_property_to_A did not throw expected exception Binding.InexistentMemberBinderException.</Message>
        </ErrorInfo>
      </Output>
    </UnitTestResult>
    <UnitTestResult executionId="d8df4f2b-4b58-4641-98f9-c5c263dcd878" testId="f744df1b-b1ea-eb9b-d07e-fb70c8f88968" testName="cannot_bind_to_A_inexistent_attribute_definition" computerName="BEE" startTime="2011-05-24T21:27:45.2324219+01:00" endTime="2011-05-24T21:27:45.2480469+01:00" testType="13cdc9d9-ddb5-4fa4-a97d-d965ccfc6d4b" outcome="Passed" testListId="8c84fa94-04c1-424b-9868-57a2d4851a1d" relativeResultsDirectory="d8df4f2b-4b58-4641-98f9-c5c263dcd878">
    </UnitTestResult>
  </Results>
</TestRun>