<?xml version="1.0" encoding="UTF-8"?>
<TestRun id="120152e4-3438-4498-9d4f-7fae847fe092" name="gnvilhena@BEE 2011-05-17 23:12:26" runUser="BEE\gnvilhena" xmlns="http://microsoft.com/schemas/VisualStudio/TeamTest/2010">
  <TestSettings name="Local" id="5cb3f086-b558-4163-915c-eda7e078d9a1">
    <Description>These are default test settings for a local test run.</Description>
    <Deployment enabled="false" runDeploymentRoot="gnvilhena_BEE 2011-05-17 23_12_26">
      <DeploymentItem filename="C:\Users\gnvilhena\PROMPT\uc01\repos\PROMPT11-01-VMEssentials.vilhena\Sessao4 - CTS\Binding\Binding\bin\Debug\Binding.dll" />
    </Deployment>
    <Execution>
      <TestTypeSpecific />
      <AgentRule name="Execution Agents">
      </AgentRule>
    </Execution>
  </TestSettings>
  <Times creation="2011-05-17T23:12:26.9433593+01:00" queuing="2011-05-17T23:12:28.3261718+01:00" start="2011-05-17T23:12:28.3808593+01:00" finish="2011-05-17T23:12:28.9980468+01:00" />
  <ResultSummary outcome="Failed">
    <Counters total="10" executed="10" passed="4" error="0" failed="6" timeout="0" aborted="0" inconclusive="0" passedButRunAborted="0" notRunnable="0" notExecuted="0" disconnected="0" warning="0" completed="0" inProgress="0" pending="0" />
  </ResultSummary>
  <TestDefinitions>
    <UnitTest name="cann_bind_fields_to_A" storage="c:\users\gnvilhena\prompt\uc01\repos\prompt11-01-vmessentials.vilhena\sessao4 - cts\binding\binding.test\bin\debug\binding.test.dll" id="c725ad97-a5f6-100b-2a89-3400f6ddaabb">
      <Execution id="d6ec90e3-9ab1-433f-9a88-6e9e2a021128" />
      <TestMethod codeBase="C:/Users/gnvilhena/PROMPT/uc01/repos/PROMPT11-01-VMEssentials.vilhena/Sessao4 - CTS/Binding/Binding.Test/bin/Debug/Binding.Test.DLL" adapterTypeName="Microsoft.VisualStudio.TestTools.TestTypes.Unit.UnitTestAdapter, Microsoft.VisualStudio.QualityTools.Tips.UnitTest.Adapter, Version=10.0.0.0, Culture=neutral, PublicKeyToken=b03f5f7f11d50a3a" className="Binding.Test.Problem1, Binding.Test, Version=1.0.0.0, Culture=neutral, PublicKeyToken=null" name="cann_bind_fields_to_A" />
    </UnitTest>
    <UnitTest name="cannot_bind_inexistent_property_to_A" storage="c:\users\gnvilhena\prompt\uc01\repos\prompt11-01-vmessentials.vilhena\sessao4 - cts\binding\binding.test\bin\debug\binding.test.dll" id="f54af81a-b389-63ca-f81f-f1bed83df82f">
      <Execution id="58946444-36da-4251-9e8e-2741d545fb13" />
      <TestMethod codeBase="C:/Users/gnvilhena/PROMPT/uc01/repos/PROMPT11-01-VMEssentials.vilhena/Sessao4 - CTS/Binding/Binding.Test/bin/Debug/Binding.Test.DLL" adapterTypeName="Microsoft.VisualStudio.TestTools.TestTypes.Unit.UnitTestAdapter, Microsoft.VisualStudio.QualityTools.Tips.UnitTest.Adapter, Version=10.0.0.0, Culture=neutral, PublicKeyToken=b03f5f7f11d50a3a" className="Binding.Test.Problem1, Binding.Test, Version=1.0.0.0, Culture=neutral, PublicKeyToken=null" name="cannot_bind_inexistent_property_to_A" />
    </UnitTest>
    <UnitTest name="cannot_bind_inexistent_field_to_A" storage="c:\users\gnvilhena\prompt\uc01\repos\prompt11-01-vmessentials.vilhena\sessao4 - cts\binding\binding.test\bin\debug\binding.test.dll" id="37163dfb-1c43-f483-2d76-21d43b436313">
      <Execution id="ce11d73f-5a3a-492b-abf5-e311320b87b1" />
      <TestMethod codeBase="C:/Users/gnvilhena/PROMPT/uc01/repos/PROMPT11-01-VMEssentials.vilhena/Sessao4 - CTS/Binding/Binding.Test/bin/Debug/Binding.Test.DLL" adapterTypeName="Microsoft.VisualStudio.TestTools.TestTypes.Unit.UnitTestAdapter, Microsoft.VisualStudio.QualityTools.Tips.UnitTest.Adapter, Version=10.0.0.0, Culture=neutral, PublicKeyToken=b03f5f7f11d50a3a" className="Binding.Test.Problem1, Binding.Test, Version=1.0.0.0, Culture=neutral, PublicKeyToken=null" name="cannot_bind_inexistent_field_to_A" />
    </UnitTest>
    <UnitTest name="can_bind_property_to_A_using_different_name_from_attribute" storage="c:\users\gnvilhena\prompt\uc01\repos\prompt11-01-vmessentials.vilhena\sessao4 - cts\binding\binding.test\bin\debug\binding.test.dll" id="031c4015-64c9-7ee4-017b-aa00407feb76">
      <Execution id="4f8a5f7c-27a6-4e0f-a970-42000df3563a" />
      <TestMethod codeBase="C:/Users/gnvilhena/PROMPT/uc01/repos/PROMPT11-01-VMEssentials.vilhena/Sessao4 - CTS/Binding/Binding.Test/bin/Debug/Binding.Test.DLL" adapterTypeName="Microsoft.VisualStudio.TestTools.TestTypes.Unit.UnitTestAdapter, Microsoft.VisualStudio.QualityTools.Tips.UnitTest.Adapter, Version=10.0.0.0, Culture=neutral, PublicKeyToken=b03f5f7f11d50a3a" className="Binding.Test.Problem2, Binding.Test, Version=1.0.0.0, Culture=neutral, PublicKeyToken=null" name="can_bind_property_to_A_using_different_name_from_attribute" />
    </UnitTest>
    <UnitTest name="cannot_bind_to_A_inexistent_attribute_definition" storage="c:\users\gnvilhena\prompt\uc01\repos\prompt11-01-vmessentials.vilhena\sessao4 - cts\binding\binding.test\bin\debug\binding.test.dll" id="f744df1b-b1ea-eb9b-d07e-fb70c8f88968">
      <Execution id="f812aeb9-37bd-45c2-b239-178254e7b39f" />
      <TestMethod codeBase="C:/Users/gnvilhena/PROMPT/uc01/repos/PROMPT11-01-VMEssentials.vilhena/Sessao4 - CTS/Binding/Binding.Test/bin/Debug/Binding.Test.DLL" adapterTypeName="Microsoft.VisualStudio.TestTools.TestTypes.Unit.UnitTestAdapter, Microsoft.VisualStudio.QualityTools.Tips.UnitTest.Adapter, Version=10.0.0.0, Culture=neutral, PublicKeyToken=b03f5f7f11d50a3a" className="Binding.Test.Problem2, Binding.Test, Version=1.0.0.0, Culture=neutral, PublicKeyToken=null" name="cannot_bind_to_A_inexistent_attribute_definition" />
    </UnitTest>
    <UnitTest name="cannot_bind_complex_data_to_A" storage="c:\users\gnvilhena\prompt\uc01\repos\prompt11-01-vmessentials.vilhena\sessao4 - cts\binding\binding.test\bin\debug\binding.test.dll" id="e8db7042-dd41-9215-7487-cd77a2930b7d">
      <Execution id="17234caa-0e0a-409b-92c4-114bda83726d" />
      <TestMethod codeBase="C:/Users/gnvilhena/PROMPT/uc01/repos/PROMPT11-01-VMEssentials.vilhena/Sessao4 - CTS/Binding/Binding.Test/bin/Debug/Binding.Test.DLL" adapterTypeName="Microsoft.VisualStudio.TestTools.TestTypes.Unit.UnitTestAdapter, Microsoft.VisualStudio.QualityTools.Tips.UnitTest.Adapter, Version=10.0.0.0, Culture=neutral, PublicKeyToken=b03f5f7f11d50a3a" className="Binding.Test.Problem1, Binding.Test, Version=1.0.0.0, Culture=neutral, PublicKeyToken=null" name="cannot_bind_complex_data_to_A" />
    </UnitTest>
    <UnitTest name="must_bind_required_property_to_A" storage="c:\users\gnvilhena\prompt\uc01\repos\prompt11-01-vmessentials.vilhena\sessao4 - cts\binding\binding.test\bin\debug\binding.test.dll" id="7dfdf456-2511-89f8-8713-5797cf856171">
      <Execution id="8adcd14a-843b-42c8-977d-c0b3edf022b5" />
      <TestMethod codeBase="C:/Users/gnvilhena/PROMPT/uc01/repos/PROMPT11-01-VMEssentials.vilhena/Sessao4 - CTS/Binding/Binding.Test/bin/Debug/Binding.Test.DLL" adapterTypeName="Microsoft.VisualStudio.TestTools.TestTypes.Unit.UnitTestAdapter, Microsoft.VisualStudio.QualityTools.Tips.UnitTest.Adapter, Version=10.0.0.0, Culture=neutral, PublicKeyToken=b03f5f7f11d50a3a" className="Binding.Test.Problem2, Binding.Test, Version=1.0.0.0, Culture=neutral, PublicKeyToken=null" name="must_bind_required_property_to_A" />
    </UnitTest>
    <UnitTest name="cannot_define_same_name_on_different_property_to_B" storage="c:\users\gnvilhena\prompt\uc01\repos\prompt11-01-vmessentials.vilhena\sessao4 - cts\binding\binding.test\bin\debug\binding.test.dll" id="8401fe02-a94e-eaa9-8ba1-9fbf3a4e4a82">
      <Execution id="655bdfb9-00cf-414d-81a0-a33f7207dfa0" />
      <TestMethod codeBase="C:/Users/gnvilhena/PROMPT/uc01/repos/PROMPT11-01-VMEssentials.vilhena/Sessao4 - CTS/Binding/Binding.Test/bin/Debug/Binding.Test.DLL" adapterTypeName="Microsoft.VisualStudio.TestTools.TestTypes.Unit.UnitTestAdapter, Microsoft.VisualStudio.QualityTools.Tips.UnitTest.Adapter, Version=10.0.0.0, Culture=neutral, PublicKeyToken=b03f5f7f11d50a3a" className="Binding.Test.Problem2, Binding.Test, Version=1.0.0.0, Culture=neutral, PublicKeyToken=null" name="cannot_define_same_name_on_different_property_to_B" />
    </UnitTest>
    <UnitTest name="cann_bind_properties_to_A" storage="c:\users\gnvilhena\prompt\uc01\repos\prompt11-01-vmessentials.vilhena\sessao4 - cts\binding\binding.test\bin\debug\binding.test.dll" id="d58e6de1-9926-a5bc-128c-528fb7ba01f3">
      <Execution id="37094262-e24c-4858-9921-4dc2412cb6fd" />
      <TestMethod codeBase="C:/Users/gnvilhena/PROMPT/uc01/repos/PROMPT11-01-VMEssentials.vilhena/Sessao4 - CTS/Binding/Binding.Test/bin/Debug/Binding.Test.DLL" adapterTypeName="Microsoft.VisualStudio.TestTools.TestTypes.Unit.UnitTestAdapter, Microsoft.VisualStudio.QualityTools.Tips.UnitTest.Adapter, Version=10.0.0.0, Culture=neutral, PublicKeyToken=b03f5f7f11d50a3a" className="Binding.Test.Problem1, Binding.Test, Version=1.0.0.0, Culture=neutral, PublicKeyToken=null" name="cann_bind_properties_to_A" />
    </UnitTest>
    <UnitTest name="can_bind_property_to_A_using_attribute" storage="c:\users\gnvilhena\prompt\uc01\repos\prompt11-01-vmessentials.vilhena\sessao4 - cts\binding\binding.test\bin\debug\binding.test.dll" id="2592b2c2-0b9c-d184-2840-1945dae3032a">
      <Execution id="25cbc74f-2309-4ada-829f-bbf50ed2fd11" />
      <TestMethod codeBase="C:/Users/gnvilhena/PROMPT/uc01/repos/PROMPT11-01-VMEssentials.vilhena/Sessao4 - CTS/Binding/Binding.Test/bin/Debug/Binding.Test.DLL" adapterTypeName="Microsoft.VisualStudio.TestTools.TestTypes.Unit.UnitTestAdapter, Microsoft.VisualStudio.QualityTools.Tips.UnitTest.Adapter, Version=10.0.0.0, Culture=neutral, PublicKeyToken=b03f5f7f11d50a3a" className="Binding.Test.Problem2, Binding.Test, Version=1.0.0.0, Culture=neutral, PublicKeyToken=null" name="can_bind_property_to_A_using_attribute" />
    </UnitTest>
  </TestDefinitions>
  <TestLists>
    <TestList name="Results Not in a List" id="8c84fa94-04c1-424b-9868-57a2d4851a1d" />
    <TestList name="All Loaded Results" id="19431567-8539-422a-85d7-44ee4e166bda" />
  </TestLists>
  <TestEntries>
    <TestEntry testId="031c4015-64c9-7ee4-017b-aa00407feb76" executionId="4f8a5f7c-27a6-4e0f-a970-42000df3563a" testListId="8c84fa94-04c1-424b-9868-57a2d4851a1d" />
    <TestEntry testId="2592b2c2-0b9c-d184-2840-1945dae3032a" executionId="25cbc74f-2309-4ada-829f-bbf50ed2fd11" testListId="8c84fa94-04c1-424b-9868-57a2d4851a1d" />
    <TestEntry testId="37163dfb-1c43-f483-2d76-21d43b436313" executionId="ce11d73f-5a3a-492b-abf5-e311320b87b1" testListId="8c84fa94-04c1-424b-9868-57a2d4851a1d" />
    <TestEntry testId="7dfdf456-2511-89f8-8713-5797cf856171" executionId="8adcd14a-843b-42c8-977d-c0b3edf022b5" testListId="8c84fa94-04c1-424b-9868-57a2d4851a1d" />
    <TestEntry testId="8401fe02-a94e-eaa9-8ba1-9fbf3a4e4a82" executionId="655bdfb9-00cf-414d-81a0-a33f7207dfa0" testListId="8c84fa94-04c1-424b-9868-57a2d4851a1d" />
    <TestEntry testId="c725ad97-a5f6-100b-2a89-3400f6ddaabb" executionId="d6ec90e3-9ab1-433f-9a88-6e9e2a021128" testListId="8c84fa94-04c1-424b-9868-57a2d4851a1d" />
    <TestEntry testId="d58e6de1-9926-a5bc-128c-528fb7ba01f3" executionId="37094262-e24c-4858-9921-4dc2412cb6fd" testListId="8c84fa94-04c1-424b-9868-57a2d4851a1d" />
    <TestEntry testId="e8db7042-dd41-9215-7487-cd77a2930b7d" executionId="17234caa-0e0a-409b-92c4-114bda83726d" testListId="8c84fa94-04c1-424b-9868-57a2d4851a1d" />
    <TestEntry testId="f54af81a-b389-63ca-f81f-f1bed83df82f" executionId="58946444-36da-4251-9e8e-2741d545fb13" testListId="8c84fa94-04c1-424b-9868-57a2d4851a1d" />
    <TestEntry testId="f744df1b-b1ea-eb9b-d07e-fb70c8f88968" executionId="f812aeb9-37bd-45c2-b239-178254e7b39f" testListId="8c84fa94-04c1-424b-9868-57a2d4851a1d" />
  </TestEntries>
  <Results>
    <UnitTestResult executionId="4f8a5f7c-27a6-4e0f-a970-42000df3563a" testId="031c4015-64c9-7ee4-017b-aa00407feb76" testName="can_bind_property_to_A_using_different_name_from_attribute" computerName="BEE" duration="00:00:00.0524558" startTime="2011-05-17T23:12:28.3886718+01:00" endTime="2011-05-17T23:12:28.7871093+01:00" testType="13cdc9d9-ddb5-4fa4-a97d-d965ccfc6d4b" outcome="Failed" testListId="8c84fa94-04c1-424b-9868-57a2d4851a1d" relativeResultsDirectory="4f8a5f7c-27a6-4e0f-a970-42000df3563a">
      <Output>
        <ErrorInfo>
          <Message>Assert.AreEqual failed. Expected:&lt;4&gt;. Actual:&lt;0&gt;. </Message>
          <StackTrace>   at Binding.Test.Problem2.can_bind_property_to_A_using_different_name_from_attribute() in C:\Users\gnvilhena\PROMPT\uc01\repos\PROMPT11-01-VMEssentials.vilhena\Sessao4 - CTS\Binding\Binding.Test\Problem2.cs:line 51
</StackTrace>
        </ErrorInfo>
      </Output>
    </UnitTestResult>
    <UnitTestResult executionId="25cbc74f-2309-4ada-829f-bbf50ed2fd11" testId="2592b2c2-0b9c-d184-2840-1945dae3032a" testName="can_bind_property_to_A_using_attribute" computerName="BEE" duration="00:00:00.0009300" startTime="2011-05-17T23:12:28.8027343+01:00" endTime="2011-05-17T23:12:28.8183593+01:00" testType="13cdc9d9-ddb5-4fa4-a97d-d965ccfc6d4b" outcome="Passed" testListId="8c84fa94-04c1-424b-9868-57a2d4851a1d" relativeResultsDirectory="25cbc74f-2309-4ada-829f-bbf50ed2fd11">
    </UnitTestResult>
    <UnitTestResult executionId="ce11d73f-5a3a-492b-abf5-e311320b87b1" testId="37163dfb-1c43-f483-2d76-21d43b436313" testName="cannot_bind_inexistent_field_to_A" computerName="BEE" duration="00:00:00.0064491" startTime="2011-05-17T23:12:28.8183593+01:00" endTime="2011-05-17T23:12:28.8417968+01:00" testType="13cdc9d9-ddb5-4fa4-a97d-d965ccfc6d4b" outcome="Failed" testListId="8c84fa94-04c1-424b-9868-57a2d4851a1d" relativeResultsDirectory="ce11d73f-5a3a-492b-abf5-e311320b87b1">
      <Output>
        <ErrorInfo>
          <Message>Test method Binding.Test.Problem1.cannot_bind_inexistent_field_to_A did not throw expected exception Binding.InexistentMemberBinderException.</Message>
        </ErrorInfo>
      </Output>
    </UnitTestResult>
    <UnitTestResult executionId="8adcd14a-843b-42c8-977d-c0b3edf022b5" testId="7dfdf456-2511-89f8-8713-5797cf856171" testName="must_bind_required_property_to_A" computerName="BEE" duration="00:00:00.0001388" startTime="2011-05-17T23:12:28.8496093+01:00" endTime="2011-05-17T23:12:28.8652343+01:00" testType="13cdc9d9-ddb5-4fa4-a97d-d965ccfc6d4b" outcome="Passed" testListId="8c84fa94-04c1-424b-9868-57a2d4851a1d" relativeResultsDirectory="8adcd14a-843b-42c8-977d-c0b3edf022b5">
    </UnitTestResult>
    <UnitTestResult executionId="655bdfb9-00cf-414d-81a0-a33f7207dfa0" testId="8401fe02-a94e-eaa9-8ba1-9fbf3a4e4a82" testName="cannot_define_same_name_on_different_property_to_B" computerName="BEE" duration="00:00:00.0001380" startTime="2011-05-17T23:12:28.8652343+01:00" endTime="2011-05-17T23:12:28.8808593+01:00" testType="13cdc9d9-ddb5-4fa4-a97d-d965ccfc6d4b" outcome="Passed" testListId="8c84fa94-04c1-424b-9868-57a2d4851a1d" relativeResultsDirectory="655bdfb9-00cf-414d-81a0-a33f7207dfa0">
    </UnitTestResult>
    <UnitTestResult executionId="d6ec90e3-9ab1-433f-9a88-6e9e2a021128" testId="c725ad97-a5f6-100b-2a89-3400f6ddaabb" testName="cann_bind_fields_to_A" computerName="BEE" duration="00:00:00.0022581" startTime="2011-05-17T23:12:28.8808593+01:00" endTime="2011-05-17T23:12:28.8886718+01:00" testType="13cdc9d9-ddb5-4fa4-a97d-d965ccfc6d4b" outcome="Failed" testListId="8c84fa94-04c1-424b-9868-57a2d4851a1d" relativeResultsDirectory="d6ec90e3-9ab1-433f-9a88-6e9e2a021128">
      <Output>
        <ErrorInfo>
          <Message>Assert.AreEqual failed. Expected:&lt;10&gt;. Actual:&lt;-1&gt;. </Message>
          <StackTrace>   at Binding.Test.Problem1.cann_bind_fields_to_A() in C:\Users\gnvilhena\PROMPT\uc01\repos\PROMPT11-01-VMEssentials.vilhena\Sessao4 - CTS\Binding\Binding.Test\Problem1.cs:line 97
</StackTrace>
        </ErrorInfo>
      </Output>
    </UnitTestResult>
    <UnitTestResult executionId="37094262-e24c-4858-9921-4dc2412cb6fd" testId="d58e6de1-9926-a5bc-128c-528fb7ba01f3" testName="cann_bind_properties_to_A" computerName="BEE" duration="00:00:00.0005701" startTime="2011-05-17T23:12:28.8964843+01:00" endTime="2011-05-17T23:12:28.9121093+01:00" testType="13cdc9d9-ddb5-4fa4-a97d-d965ccfc6d4b" outcome="Failed" testListId="8c84fa94-04c1-424b-9868-57a2d4851a1d" relativeResultsDirectory="37094262-e24c-4858-9921-4dc2412cb6fd">
      <Output>
        <ErrorInfo>
          <Message>Assert.AreEqual failed. Expected:&lt;2&gt;. Actual:&lt;0&gt;. </Message>
          <StackTrace>   at Binding.Test.Problem1.cann_bind_properties_to_A() in C:\Users\gnvilhena\PROMPT\uc01\repos\PROMPT11-01-VMEssentials.vilhena\Sessao4 - CTS\Binding\Binding.Test\Problem1.cs:line 83
</StackTrace>
        </ErrorInfo>
      </Output>
    </UnitTestResult>
    <UnitTestResult executionId="17234caa-0e0a-409b-92c4-114bda83726d" testId="e8db7042-dd41-9215-7487-cd77a2930b7d" testName="cannot_bind_complex_data_to_A" computerName="BEE" startTime="2011-05-17T23:12:28.9121093+01:00" endTime="2011-05-17T23:12:28.9277343+01:00" testType="13cdc9d9-ddb5-4fa4-a97d-d965ccfc6d4b" outcome="Failed" testListId="8c84fa94-04c1-424b-9868-57a2d4851a1d" relativeResultsDirectory="17234caa-0e0a-409b-92c4-114bda83726d">
      <Output>
        <ErrorInfo>
          <Message>Test method Binding.Test.Problem1.cannot_bind_complex_data_to_A did not throw expected exception Binding.NotPrimitiveMemberBinderException.</Message>
        </ErrorInfo>
      </Output>
    </UnitTestResult>
    <UnitTestResult executionId="58946444-36da-4251-9e8e-2741d545fb13" testId="f54af81a-b389-63ca-f81f-f1bed83df82f" testName="cannot_bind_inexistent_property_to_A" computerName="BEE" duration="00:00:00.0001639" startTime="2011-05-17T23:12:28.9433593+01:00" endTime="2011-05-17T23:12:28.9511718+01:00" testType="13cdc9d9-ddb5-4fa4-a97d-d965ccfc6d4b" outcome="Failed" testListId="8c84fa94-04c1-424b-9868-57a2d4851a1d" relativeResultsDirectory="58946444-36da-4251-9e8e-2741d545fb13">
      <Output>
        <ErrorInfo>
          <Message>Test method Binding.Test.Problem1.cannot_bind_inexistent_property_to_A did not throw expected exception Binding.InexistentMemberBinderException.</Message>
        </ErrorInfo>
      </Output>
    </UnitTestResult>
    <UnitTestResult executionId="f812aeb9-37bd-45c2-b239-178254e7b39f" testId="f744df1b-b1ea-eb9b-d07e-fb70c8f88968" testName="cannot_bind_to_A_inexistent_attribute_definition" computerName="BEE" duration="00:00:00.0001388" startTime="2011-05-17T23:12:28.9589843+01:00" endTime="2011-05-17T23:12:28.9746093+01:00" testType="13cdc9d9-ddb5-4fa4-a97d-d965ccfc6d4b" outcome="Passed" testListId="8c84fa94-04c1-424b-9868-57a2d4851a1d" relativeResultsDirectory="f812aeb9-37bd-45c2-b239-178254e7b39f">
    </UnitTestResult>
  </Results>
</TestRun>