<?xml version="1.0" encoding="UTF-8"?>
<TestRun id="d5575226-ab61-4382-9e9f-2be0c2ced0ba" name="gnvilhena@BEE 2011-05-17 22:00:49" runUser="BEE\gnvilhena" xmlns="http://microsoft.com/schemas/VisualStudio/TeamTest/2010">
  <TestSettings name="Local" id="5cb3f086-b558-4163-915c-eda7e078d9a1">
    <Description>These are default test settings for a local test run.</Description>
    <Deployment enabled="false" runDeploymentRoot="gnvilhena_BEE 2011-05-17 22_00_49">
      <DeploymentItem filename="C:\Users\gnvilhena\PROMPT\uc01\repos\PROMPT11-01-VMEssentials.vilhena\Sessao4 - CTS\Binding\Binding\bin\Debug\Binding.dll" />
    </Deployment>
    <Execution>
      <TestTypeSpecific />
      <AgentRule name="Execution Agents">
      </AgentRule>
    </Execution>
  </TestSettings>
  <Times creation="2011-05-17T22:00:49.6357422+01:00" queuing="2011-05-17T22:00:49.9990234+01:00" start="2011-05-17T22:00:50.0693359+01:00" finish="2011-05-17T22:00:50.6289062+01:00" />
  <ResultSummary outcome="Failed">
    <Counters total="5" executed="5" passed="4" error="0" failed="1" timeout="0" aborted="0" inconclusive="0" passedButRunAborted="0" notRunnable="0" notExecuted="0" disconnected="0" warning="0" completed="0" inProgress="0" pending="0" />
  </ResultSummary>
  <TestDefinitions>
    <UnitTest name="cannot_bind_inexistent_field_to_A" storage="c:\users\gnvilhena\prompt\uc01\repos\prompt11-01-vmessentials.vilhena\sessao4 - cts\binding\binding.test\bin\debug\binding.test.dll" id="37163dfb-1c43-f483-2d76-21d43b436313">
      <Execution id="5bac63e6-7f05-4020-8971-f3ec7e8c2d69" />
      <TestMethod codeBase="C:/Users/gnvilhena/PROMPT/uc01/repos/PROMPT11-01-VMEssentials.vilhena/Sessao4 - CTS/Binding/Binding.Test/bin/Debug/Binding.Test.DLL" adapterTypeName="Microsoft.VisualStudio.TestTools.TestTypes.Unit.UnitTestAdapter, Microsoft.VisualStudio.QualityTools.Tips.UnitTest.Adapter, Version=10.0.0.0, Culture=neutral, PublicKeyToken=b03f5f7f11d50a3a" className="Binding.Test.Problem1, Binding.Test, Version=1.0.0.0, Culture=neutral, PublicKeyToken=null" name="cannot_bind_inexistent_field_to_A" />
    </UnitTest>
    <UnitTest name="cannot_bind_inexistent_property_to_A" storage="c:\users\gnvilhena\prompt\uc01\repos\prompt11-01-vmessentials.vilhena\sessao4 - cts\binding\binding.test\bin\debug\binding.test.dll" id="f54af81a-b389-63ca-f81f-f1bed83df82f">
      <Execution id="754c9daf-0cf7-40c0-bb79-b9a7d186c4da" />
      <TestMethod codeBase="C:/Users/gnvilhena/PROMPT/uc01/repos/PROMPT11-01-VMEssentials.vilhena/Sessao4 - CTS/Binding/Binding.Test/bin/Debug/Binding.Test.DLL" adapterTypeName="Microsoft.VisualStudio.TestTools.TestTypes.Unit.UnitTestAdapter, Microsoft.VisualStudio.QualityTools.Tips.UnitTest.Adapter, Version=10.0.0.0, Culture=neutral, PublicKeyToken=b03f5f7f11d50a3a" className="Binding.Test.Problem1, Binding.Test, Version=1.0.0.0, Culture=neutral, PublicKeyToken=null" name="cannot_bind_inexistent_property_to_A" />
    </UnitTest>
    <UnitTest name="cann_bind_properties_to_A" storage="c:\users\gnvilhena\prompt\uc01\repos\prompt11-01-vmessentials.vilhena\sessao4 - cts\binding\binding.test\bin\debug\binding.test.dll" id="d58e6de1-9926-a5bc-128c-528fb7ba01f3">
      <Execution id="635949ff-437b-4461-a312-75baec9fac19" />
      <TestMethod codeBase="C:/Users/gnvilhena/PROMPT/uc01/repos/PROMPT11-01-VMEssentials.vilhena/Sessao4 - CTS/Binding/Binding.Test/bin/Debug/Binding.Test.DLL" adapterTypeName="Microsoft.VisualStudio.TestTools.TestTypes.Unit.UnitTestAdapter, Microsoft.VisualStudio.QualityTools.Tips.UnitTest.Adapter, Version=10.0.0.0, Culture=neutral, PublicKeyToken=b03f5f7f11d50a3a" className="Binding.Test.Problem1, Binding.Test, Version=1.0.0.0, Culture=neutral, PublicKeyToken=null" name="cann_bind_properties_to_A" />
    </UnitTest>
    <UnitTest name="cannot_bind_complex_data_to_A" storage="c:\users\gnvilhena\prompt\uc01\repos\prompt11-01-vmessentials.vilhena\sessao4 - cts\binding\binding.test\bin\debug\binding.test.dll" id="e8db7042-dd41-9215-7487-cd77a2930b7d">
      <Execution id="ef6442f3-2bc5-443e-9cef-bac4adc113fc" />
      <TestMethod codeBase="C:/Users/gnvilhena/PROMPT/uc01/repos/PROMPT11-01-VMEssentials.vilhena/Sessao4 - CTS/Binding/Binding.Test/bin/Debug/Binding.Test.DLL" adapterTypeName="Microsoft.VisualStudio.TestTools.TestTypes.Unit.UnitTestAdapter, Microsoft.VisualStudio.QualityTools.Tips.UnitTest.Adapter, Version=10.0.0.0, Culture=neutral, PublicKeyToken=b03f5f7f11d50a3a" className="Binding.Test.Problem1, Binding.Test, Version=1.0.0.0, Culture=neutral, PublicKeyToken=null" name="cannot_bind_complex_data_to_A" />
    </UnitTest>
    <UnitTest name="cann_bind_fields_to_A" storage="c:\users\gnvilhena\prompt\uc01\repos\prompt11-01-vmessentials.vilhena\sessao4 - cts\binding\binding.test\bin\debug\binding.test.dll" id="c725ad97-a5f6-100b-2a89-3400f6ddaabb">
      <Execution id="42703669-4a38-4f2b-95d7-56a114770b8b" />
      <TestMethod codeBase="C:/Users/gnvilhena/PROMPT/uc01/repos/PROMPT11-01-VMEssentials.vilhena/Sessao4 - CTS/Binding/Binding.Test/bin/Debug/Binding.Test.DLL" adapterTypeName="Microsoft.VisualStudio.TestTools.TestTypes.Unit.UnitTestAdapter, Microsoft.VisualStudio.QualityTools.Tips.UnitTest.Adapter, Version=10.0.0.0, Culture=neutral, PublicKeyToken=b03f5f7f11d50a3a" className="Binding.Test.Problem1, Binding.Test, Version=1.0.0.0, Culture=neutral, PublicKeyToken=null" name="cann_bind_fields_to_A" />
    </UnitTest>
  </TestDefinitions>
  <TestLists>
    <TestList name="Results Not in a List" id="8c84fa94-04c1-424b-9868-57a2d4851a1d" />
    <TestList name="All Loaded Results" id="19431567-8539-422a-85d7-44ee4e166bda" />
  </TestLists>
  <TestEntries>
    <TestEntry testId="37163dfb-1c43-f483-2d76-21d43b436313" executionId="5bac63e6-7f05-4020-8971-f3ec7e8c2d69" testListId="8c84fa94-04c1-424b-9868-57a2d4851a1d" />
    <TestEntry testId="c725ad97-a5f6-100b-2a89-3400f6ddaabb" executionId="42703669-4a38-4f2b-95d7-56a114770b8b" testListId="8c84fa94-04c1-424b-9868-57a2d4851a1d" />
    <TestEntry testId="d58e6de1-9926-a5bc-128c-528fb7ba01f3" executionId="635949ff-437b-4461-a312-75baec9fac19" testListId="8c84fa94-04c1-424b-9868-57a2d4851a1d" />
    <TestEntry testId="e8db7042-dd41-9215-7487-cd77a2930b7d" executionId="ef6442f3-2bc5-443e-9cef-bac4adc113fc" testListId="8c84fa94-04c1-424b-9868-57a2d4851a1d" />
    <TestEntry testId="f54af81a-b389-63ca-f81f-f1bed83df82f" executionId="754c9daf-0cf7-40c0-bb79-b9a7d186c4da" testListId="8c84fa94-04c1-424b-9868-57a2d4851a1d" />
  </TestEntries>
  <Results>
    <UnitTestResult executionId="5bac63e6-7f05-4020-8971-f3ec7e8c2d69" testId="37163dfb-1c43-f483-2d76-21d43b436313" testName="cannot_bind_inexistent_field_to_A" computerName="BEE" duration="00:00:00.0199011" startTime="2011-05-17T22:00:50.0820312+01:00" endTime="2011-05-17T22:00:50.4355468+01:00" testType="13cdc9d9-ddb5-4fa4-a97d-d965ccfc6d4b" outcome="Passed" testListId="8c84fa94-04c1-424b-9868-57a2d4851a1d" relativeResultsDirectory="5bac63e6-7f05-4020-8971-f3ec7e8c2d69">
    </UnitTestResult>
    <UnitTestResult executionId="42703669-4a38-4f2b-95d7-56a114770b8b" testId="c725ad97-a5f6-100b-2a89-3400f6ddaabb" testName="cann_bind_fields_to_A" computerName="BEE" duration="00:00:00.0036630" startTime="2011-05-17T22:00:50.4375000+01:00" endTime="2011-05-17T22:00:50.4501953+01:00" testType="13cdc9d9-ddb5-4fa4-a97d-d965ccfc6d4b" outcome="Passed" testListId="8c84fa94-04c1-424b-9868-57a2d4851a1d" relativeResultsDirectory="42703669-4a38-4f2b-95d7-56a114770b8b">
    </UnitTestResult>
    <UnitTestResult executionId="635949ff-437b-4461-a312-75baec9fac19" testId="d58e6de1-9926-a5bc-128c-528fb7ba01f3" testName="cann_bind_properties_to_A" computerName="BEE" startTime="2011-05-17T22:00:50.4531250+01:00" endTime="2011-05-17T22:00:50.4667968+01:00" testType="13cdc9d9-ddb5-4fa4-a97d-d965ccfc6d4b" outcome="Passed" testListId="8c84fa94-04c1-424b-9868-57a2d4851a1d" relativeResultsDirectory="635949ff-437b-4461-a312-75baec9fac19">
    </UnitTestResult>
    <UnitTestResult executionId="ef6442f3-2bc5-443e-9cef-bac4adc113fc" testId="e8db7042-dd41-9215-7487-cd77a2930b7d" testName="cannot_bind_complex_data_to_A" computerName="BEE" duration="00:00:00.0528664" startTime="2011-05-17T22:00:50.4697265+01:00" endTime="2011-05-17T22:00:50.5292968+01:00" testType="13cdc9d9-ddb5-4fa4-a97d-d965ccfc6d4b" outcome="Failed" testListId="8c84fa94-04c1-424b-9868-57a2d4851a1d" relativeResultsDirectory="ef6442f3-2bc5-443e-9cef-bac4adc113fc">
      <Output>
        <ErrorInfo>
          <Message>Assert.Fail failed. Assert.Equals should not be used for Assertions. Please use Assert.AreEqual &amp; overloads instead.</Message>
          <StackTrace>   at Binding.Test.Problem1.cannot_bind_complex_data_to_A() in C:\Users\gnvilhena\PROMPT\uc01\repos\PROMPT11-01-VMEssentials.vilhena\Sessao4 - CTS\Binding\Binding.Test\Problem1.cs:line 113
</StackTrace>
        </ErrorInfo>
      </Output>
    </UnitTestResult>
    <UnitTestResult executionId="754c9daf-0cf7-40c0-bb79-b9a7d186c4da" testId="f54af81a-b389-63ca-f81f-f1bed83df82f" testName="cannot_bind_inexistent_property_to_A" computerName="BEE" startTime="2011-05-17T22:00:50.5322265+01:00" endTime="2011-05-17T22:00:50.5507812+01:00" testType="13cdc9d9-ddb5-4fa4-a97d-d965ccfc6d4b" outcome="Passed" testListId="8c84fa94-04c1-424b-9868-57a2d4851a1d" relativeResultsDirectory="754c9daf-0cf7-40c0-bb79-b9a7d186c4da">
    </UnitTestResult>
  </Results>
</TestRun>