<?xml version="1.0" encoding="UTF-8"?>
<TestRun id="e7efb60a-6647-4627-8590-8e08b8508049" name="gnvilhena@BEE 2011-05-17 23:15:05" runUser="BEE\gnvilhena" xmlns="http://microsoft.com/schemas/VisualStudio/TeamTest/2010">
  <TestSettings name="Local" id="5cb3f086-b558-4163-915c-eda7e078d9a1">
    <Description>These are default test settings for a local test run.</Description>
    <Deployment enabled="false" runDeploymentRoot="gnvilhena_BEE 2011-05-17 23_15_05">
      <DeploymentItem filename="C:\Users\gnvilhena\PROMPT\uc01\repos\PROMPT11-01-VMEssentials.vilhena\Sessao4 - CTS\Binding\Binding\bin\Debug\Binding.dll" />
    </Deployment>
    <Execution>
      <TestTypeSpecific />
      <AgentRule name="Execution Agents">
      </AgentRule>
    </Execution>
  </TestSettings>
  <Times creation="2011-05-17T23:15:05.8603515+01:00" queuing="2011-05-17T23:15:09.3164062+01:00" start="2011-05-17T23:15:09.5273437+01:00" finish="2011-05-17T23:16:00.8369140+01:00" />
  <ResultSummary outcome="Error">
    <Counters total="10" executed="2" error="0" failed="1" timeout="0" aborted="1" inconclusive="0" passedButRunAborted="0" notRunnable="0" notExecuted="8" disconnected="0" warning="0" passed="0" completed="0" inProgress="0" pending="0" />
    <RunInfos>
      <RunInfo computerName="BEE" outcome="Error" timestamp="2011-05-17T23:16:00.8320312+01:00">
        <Text>Test host process exited unexpectedly.</Text>
      </RunInfo>
    </RunInfos>
  </ResultSummary>
  <TestDefinitions>
    <UnitTest name="cann_bind_fields_to_A" storage="c:\users\gnvilhena\prompt\uc01\repos\prompt11-01-vmessentials.vilhena\sessao4 - cts\binding\binding.test\bin\debug\binding.test.dll" id="c725ad97-a5f6-100b-2a89-3400f6ddaabb">
      <Execution id="be05e9ff-3d8e-48fb-9871-b3c619113edc" />
      <TestMethod codeBase="C:/Users/gnvilhena/PROMPT/uc01/repos/PROMPT11-01-VMEssentials.vilhena/Sessao4 - CTS/Binding/Binding.Test/bin/Debug/Binding.Test.DLL" adapterTypeName="Microsoft.VisualStudio.TestTools.TestTypes.Unit.UnitTestAdapter, Microsoft.VisualStudio.QualityTools.Tips.UnitTest.Adapter, Version=10.0.0.0, Culture=neutral, PublicKeyToken=b03f5f7f11d50a3a" className="Binding.Test.Problem1, Binding.Test, Version=1.0.0.0, Culture=neutral, PublicKeyToken=null" name="cann_bind_fields_to_A" />
    </UnitTest>
    <UnitTest name="cannot_bind_inexistent_property_to_A" storage="c:\users\gnvilhena\prompt\uc01\repos\prompt11-01-vmessentials.vilhena\sessao4 - cts\binding\binding.test\bin\debug\binding.test.dll" id="f54af81a-b389-63ca-f81f-f1bed83df82f">
      <Execution id="cbb3cebd-5644-4df9-b0b8-a44e0b1e9d6d" />
      <TestMethod codeBase="C:/Users/gnvilhena/PROMPT/uc01/repos/PROMPT11-01-VMEssentials.vilhena/Sessao4 - CTS/Binding/Binding.Test/bin/Debug/Binding.Test.DLL" adapterTypeName="Microsoft.VisualStudio.TestTools.TestTypes.Unit.UnitTestAdapter, Microsoft.VisualStudio.QualityTools.Tips.UnitTest.Adapter, Version=10.0.0.0, Culture=neutral, PublicKeyToken=b03f5f7f11d50a3a" className="Binding.Test.Problem1, Binding.Test, Version=1.0.0.0, Culture=neutral, PublicKeyToken=null" name="cannot_bind_inexistent_property_to_A" />
    </UnitTest>
    <UnitTest name="cannot_bind_inexistent_field_to_A" storage="c:\users\gnvilhena\prompt\uc01\repos\prompt11-01-vmessentials.vilhena\sessao4 - cts\binding\binding.test\bin\debug\binding.test.dll" id="37163dfb-1c43-f483-2d76-21d43b436313">
      <Execution id="8261206d-f37b-40d1-93eb-53439ff00ffd" />
      <TestMethod codeBase="C:/Users/gnvilhena/PROMPT/uc01/repos/PROMPT11-01-VMEssentials.vilhena/Sessao4 - CTS/Binding/Binding.Test/bin/Debug/Binding.Test.DLL" adapterTypeName="Microsoft.VisualStudio.TestTools.TestTypes.Unit.UnitTestAdapter, Microsoft.VisualStudio.QualityTools.Tips.UnitTest.Adapter, Version=10.0.0.0, Culture=neutral, PublicKeyToken=b03f5f7f11d50a3a" className="Binding.Test.Problem1, Binding.Test, Version=1.0.0.0, Culture=neutral, PublicKeyToken=null" name="cannot_bind_inexistent_field_to_A" />
    </UnitTest>
    <UnitTest name="can_bind_property_to_A_using_different_name_from_attribute" storage="c:\users\gnvilhena\prompt\uc01\repos\prompt11-01-vmessentials.vilhena\sessao4 - cts\binding\binding.test\bin\debug\binding.test.dll" id="031c4015-64c9-7ee4-017b-aa00407feb76">
      <Execution id="51ca7322-0c65-4a23-b146-509a56e7508f" />
      <TestMethod codeBase="C:/Users/gnvilhena/PROMPT/uc01/repos/PROMPT11-01-VMEssentials.vilhena/Sessao4 - CTS/Binding/Binding.Test/bin/Debug/Binding.Test.DLL" adapterTypeName="Microsoft.VisualStudio.TestTools.TestTypes.Unit.UnitTestAdapter, Microsoft.VisualStudio.QualityTools.Tips.UnitTest.Adapter, Version=10.0.0.0, Culture=neutral, PublicKeyToken=b03f5f7f11d50a3a" className="Binding.Test.Problem2, Binding.Test, Version=1.0.0.0, Culture=neutral, PublicKeyToken=null" name="can_bind_property_to_A_using_different_name_from_attribute" />
    </UnitTest>
    <UnitTest name="cannot_bind_to_A_inexistent_attribute_definition" storage="c:\users\gnvilhena\prompt\uc01\repos\prompt11-01-vmessentials.vilhena\sessao4 - cts\binding\binding.test\bin\debug\binding.test.dll" id="f744df1b-b1ea-eb9b-d07e-fb70c8f88968">
      <Execution id="18cd2078-6e05-4a76-a132-c18fd5d87726" />
      <TestMethod codeBase="C:/Users/gnvilhena/PROMPT/uc01/repos/PROMPT11-01-VMEssentials.vilhena/Sessao4 - CTS/Binding/Binding.Test/bin/Debug/Binding.Test.DLL" adapterTypeName="Microsoft.VisualStudio.TestTools.TestTypes.Unit.UnitTestAdapter, Microsoft.VisualStudio.QualityTools.Tips.UnitTest.Adapter, Version=10.0.0.0, Culture=neutral, PublicKeyToken=b03f5f7f11d50a3a" className="Binding.Test.Problem2, Binding.Test, Version=1.0.0.0, Culture=neutral, PublicKeyToken=null" name="cannot_bind_to_A_inexistent_attribute_definition" />
    </UnitTest>
    <UnitTest name="cannot_bind_complex_data_to_A" storage="c:\users\gnvilhena\prompt\uc01\repos\prompt11-01-vmessentials.vilhena\sessao4 - cts\binding\binding.test\bin\debug\binding.test.dll" id="e8db7042-dd41-9215-7487-cd77a2930b7d">
      <Execution id="094e0a3e-f3b1-40d6-97b8-66425e4939ab" />
      <TestMethod codeBase="C:/Users/gnvilhena/PROMPT/uc01/repos/PROMPT11-01-VMEssentials.vilhena/Sessao4 - CTS/Binding/Binding.Test/bin/Debug/Binding.Test.DLL" adapterTypeName="Microsoft.VisualStudio.TestTools.TestTypes.Unit.UnitTestAdapter, Microsoft.VisualStudio.QualityTools.Tips.UnitTest.Adapter, Version=10.0.0.0, Culture=neutral, PublicKeyToken=b03f5f7f11d50a3a" className="Binding.Test.Problem1, Binding.Test, Version=1.0.0.0, Culture=neutral, PublicKeyToken=null" name="cannot_bind_complex_data_to_A" />
    </UnitTest>
    <UnitTest name="must_bind_required_property_to_A" storage="c:\users\gnvilhena\prompt\uc01\repos\prompt11-01-vmessentials.vilhena\sessao4 - cts\binding\binding.test\bin\debug\binding.test.dll" id="7dfdf456-2511-89f8-8713-5797cf856171">
      <Execution id="09c558e7-c6bb-476f-9e5d-90444062faa1" />
      <TestMethod codeBase="C:/Users/gnvilhena/PROMPT/uc01/repos/PROMPT11-01-VMEssentials.vilhena/Sessao4 - CTS/Binding/Binding.Test/bin/Debug/Binding.Test.DLL" adapterTypeName="Microsoft.VisualStudio.TestTools.TestTypes.Unit.UnitTestAdapter, Microsoft.VisualStudio.QualityTools.Tips.UnitTest.Adapter, Version=10.0.0.0, Culture=neutral, PublicKeyToken=b03f5f7f11d50a3a" className="Binding.Test.Problem2, Binding.Test, Version=1.0.0.0, Culture=neutral, PublicKeyToken=null" name="must_bind_required_property_to_A" />
    </UnitTest>
    <UnitTest name="cannot_define_same_name_on_different_property_to_B" storage="c:\users\gnvilhena\prompt\uc01\repos\prompt11-01-vmessentials.vilhena\sessao4 - cts\binding\binding.test\bin\debug\binding.test.dll" id="8401fe02-a94e-eaa9-8ba1-9fbf3a4e4a82">
      <Execution id="c84d3ac6-3b0d-4285-9933-1e933b7cafcf" />
      <TestMethod codeBase="C:/Users/gnvilhena/PROMPT/uc01/repos/PROMPT11-01-VMEssentials.vilhena/Sessao4 - CTS/Binding/Binding.Test/bin/Debug/Binding.Test.DLL" adapterTypeName="Microsoft.VisualStudio.TestTools.TestTypes.Unit.UnitTestAdapter, Microsoft.VisualStudio.QualityTools.Tips.UnitTest.Adapter, Version=10.0.0.0, Culture=neutral, PublicKeyToken=b03f5f7f11d50a3a" className="Binding.Test.Problem2, Binding.Test, Version=1.0.0.0, Culture=neutral, PublicKeyToken=null" name="cannot_define_same_name_on_different_property_to_B" />
    </UnitTest>
    <UnitTest name="cann_bind_properties_to_A" storage="c:\users\gnvilhena\prompt\uc01\repos\prompt11-01-vmessentials.vilhena\sessao4 - cts\binding\binding.test\bin\debug\binding.test.dll" id="d58e6de1-9926-a5bc-128c-528fb7ba01f3">
      <Execution id="e85a2c98-cab8-4aae-a00b-32f32d7b4fd0" />
      <TestMethod codeBase="C:/Users/gnvilhena/PROMPT/uc01/repos/PROMPT11-01-VMEssentials.vilhena/Sessao4 - CTS/Binding/Binding.Test/bin/Debug/Binding.Test.DLL" adapterTypeName="Microsoft.VisualStudio.TestTools.TestTypes.Unit.UnitTestAdapter, Microsoft.VisualStudio.QualityTools.Tips.UnitTest.Adapter, Version=10.0.0.0, Culture=neutral, PublicKeyToken=b03f5f7f11d50a3a" className="Binding.Test.Problem1, Binding.Test, Version=1.0.0.0, Culture=neutral, PublicKeyToken=null" name="cann_bind_properties_to_A" />
    </UnitTest>
    <UnitTest name="can_bind_property_to_A_using_attribute" storage="c:\users\gnvilhena\prompt\uc01\repos\prompt11-01-vmessentials.vilhena\sessao4 - cts\binding\binding.test\bin\debug\binding.test.dll" id="2592b2c2-0b9c-d184-2840-1945dae3032a">
      <Execution id="7f6eee72-fd1b-4fb0-a86d-2dc0048f110e" />
      <TestMethod codeBase="C:/Users/gnvilhena/PROMPT/uc01/repos/PROMPT11-01-VMEssentials.vilhena/Sessao4 - CTS/Binding/Binding.Test/bin/Debug/Binding.Test.DLL" adapterTypeName="Microsoft.VisualStudio.TestTools.TestTypes.Unit.UnitTestAdapter, Microsoft.VisualStudio.QualityTools.Tips.UnitTest.Adapter, Version=10.0.0.0, Culture=neutral, PublicKeyToken=b03f5f7f11d50a3a" className="Binding.Test.Problem2, Binding.Test, Version=1.0.0.0, Culture=neutral, PublicKeyToken=null" name="can_bind_property_to_A_using_attribute" />
    </UnitTest>
  </TestDefinitions>
  <TestLists>
    <TestList name="Results Not in a List" id="8c84fa94-04c1-424b-9868-57a2d4851a1d" />
    <TestList name="All Loaded Results" id="19431567-8539-422a-85d7-44ee4e166bda" />
  </TestLists>
  <TestEntries>
    <TestEntry testId="031c4015-64c9-7ee4-017b-aa00407feb76" executionId="51ca7322-0c65-4a23-b146-509a56e7508f" testListId="8c84fa94-04c1-424b-9868-57a2d4851a1d" />
    <TestEntry testId="2592b2c2-0b9c-d184-2840-1945dae3032a" executionId="7f6eee72-fd1b-4fb0-a86d-2dc0048f110e" testListId="8c84fa94-04c1-424b-9868-57a2d4851a1d" />
    <TestEntry testId="37163dfb-1c43-f483-2d76-21d43b436313" executionId="8261206d-f37b-40d1-93eb-53439ff00ffd" testListId="8c84fa94-04c1-424b-9868-57a2d4851a1d" />
    <TestEntry testId="7dfdf456-2511-89f8-8713-5797cf856171" executionId="09c558e7-c6bb-476f-9e5d-90444062faa1" testListId="8c84fa94-04c1-424b-9868-57a2d4851a1d" />
    <TestEntry testId="8401fe02-a94e-eaa9-8ba1-9fbf3a4e4a82" executionId="c84d3ac6-3b0d-4285-9933-1e933b7cafcf" testListId="8c84fa94-04c1-424b-9868-57a2d4851a1d" />
    <TestEntry testId="c725ad97-a5f6-100b-2a89-3400f6ddaabb" executionId="be05e9ff-3d8e-48fb-9871-b3c619113edc" testListId="8c84fa94-04c1-424b-9868-57a2d4851a1d" />
    <TestEntry testId="d58e6de1-9926-a5bc-128c-528fb7ba01f3" executionId="e85a2c98-cab8-4aae-a00b-32f32d7b4fd0" testListId="8c84fa94-04c1-424b-9868-57a2d4851a1d" />
    <TestEntry testId="e8db7042-dd41-9215-7487-cd77a2930b7d" executionId="094e0a3e-f3b1-40d6-97b8-66425e4939ab" testListId="8c84fa94-04c1-424b-9868-57a2d4851a1d" />
    <TestEntry testId="f54af81a-b389-63ca-f81f-f1bed83df82f" executionId="cbb3cebd-5644-4df9-b0b8-a44e0b1e9d6d" testListId="8c84fa94-04c1-424b-9868-57a2d4851a1d" />
    <TestEntry testId="f744df1b-b1ea-eb9b-d07e-fb70c8f88968" executionId="18cd2078-6e05-4a76-a132-c18fd5d87726" testListId="8c84fa94-04c1-424b-9868-57a2d4851a1d" />
  </TestEntries>
  <Results>
    <UnitTestResult executionId="51ca7322-0c65-4a23-b146-509a56e7508f" testId="031c4015-64c9-7ee4-017b-aa00407feb76" testName="can_bind_property_to_A_using_different_name_from_attribute" computerName="BEE" duration="00:00:38.0468520" startTime="2011-05-17T23:15:09.7148437+01:00" endTime="2011-05-17T23:15:48.6054687+01:00" testType="13cdc9d9-ddb5-4fa4-a97d-d965ccfc6d4b" outcome="Failed" testListId="8c84fa94-04c1-424b-9868-57a2d4851a1d" relativeResultsDirectory="51ca7322-0c65-4a23-b146-509a56e7508f">
      <Output>
        <ErrorInfo>
          <Message>Assert.AreEqual failed. Expected:&lt;4&gt;. Actual:&lt;0&gt;. </Message>
          <StackTrace>   at Binding.Test.Problem2.can_bind_property_to_A_using_different_name_from_attribute() in C:\Users\gnvilhena\PROMPT\uc01\repos\PROMPT11-01-VMEssentials.vilhena\Sessao4 - CTS\Binding\Binding.Test\Problem2.cs:line 51
</StackTrace>
        </ErrorInfo>
      </Output>
    </UnitTestResult>
    <UnitTestResult executionId="7f6eee72-fd1b-4fb0-a86d-2dc0048f110e" testId="2592b2c2-0b9c-d184-2840-1945dae3032a" testName="can_bind_property_to_A_using_attribute" computerName="BEE" duration="00:00:12.1835938" startTime="2011-05-17T23:15:48.6523437+01:00" endTime="2011-05-17T23:16:00.8359375+01:00" testType="13cdc9d9-ddb5-4fa4-a97d-d965ccfc6d4b" outcome="Aborted" testListId="8c84fa94-04c1-424b-9868-57a2d4851a1d" relativeResultsDirectory="7f6eee72-fd1b-4fb0-a86d-2dc0048f110e">
    </UnitTestResult>
    <UnitTestResult executionId="8261206d-f37b-40d1-93eb-53439ff00ffd" testId="37163dfb-1c43-f483-2d76-21d43b436313" testName="cannot_bind_inexistent_field_to_A" computerName="BEE" testType="13cdc9d9-ddb5-4fa4-a97d-d965ccfc6d4b" outcome="NotExecuted" testListId="8c84fa94-04c1-424b-9868-57a2d4851a1d" relativeResultsDirectory="8261206d-f37b-40d1-93eb-53439ff00ffd">
    </UnitTestResult>
    <UnitTestResult executionId="09c558e7-c6bb-476f-9e5d-90444062faa1" testId="7dfdf456-2511-89f8-8713-5797cf856171" testName="must_bind_required_property_to_A" computerName="BEE" testType="13cdc9d9-ddb5-4fa4-a97d-d965ccfc6d4b" outcome="NotExecuted" testListId="8c84fa94-04c1-424b-9868-57a2d4851a1d" relativeResultsDirectory="09c558e7-c6bb-476f-9e5d-90444062faa1">
    </UnitTestResult>
    <UnitTestResult executionId="c84d3ac6-3b0d-4285-9933-1e933b7cafcf" testId="8401fe02-a94e-eaa9-8ba1-9fbf3a4e4a82" testName="cannot_define_same_name_on_different_property_to_B" computerName="BEE" testType="13cdc9d9-ddb5-4fa4-a97d-d965ccfc6d4b" outcome="NotExecuted" testListId="8c84fa94-04c1-424b-9868-57a2d4851a1d" relativeResultsDirectory="c84d3ac6-3b0d-4285-9933-1e933b7cafcf">
    </UnitTestResult>
    <UnitTestResult executionId="be05e9ff-3d8e-48fb-9871-b3c619113edc" testId="c725ad97-a5f6-100b-2a89-3400f6ddaabb" testName="cann_bind_fields_to_A" computerName="BEE" testType="13cdc9d9-ddb5-4fa4-a97d-d965ccfc6d4b" outcome="NotExecuted" testListId="8c84fa94-04c1-424b-9868-57a2d4851a1d" relativeResultsDirectory="be05e9ff-3d8e-48fb-9871-b3c619113edc">
    </UnitTestResult>
    <UnitTestResult executionId="e85a2c98-cab8-4aae-a00b-32f32d7b4fd0" testId="d58e6de1-9926-a5bc-128c-528fb7ba01f3" testName="cann_bind_properties_to_A" computerName="BEE" testType="13cdc9d9-ddb5-4fa4-a97d-d965ccfc6d4b" outcome="NotExecuted" testListId="8c84fa94-04c1-424b-9868-57a2d4851a1d" relativeResultsDirectory="e85a2c98-cab8-4aae-a00b-32f32d7b4fd0">
    </UnitTestResult>
    <UnitTestResult executionId="094e0a3e-f3b1-40d6-97b8-66425e4939ab" testId="e8db7042-dd41-9215-7487-cd77a2930b7d" testName="cannot_bind_complex_data_to_A" computerName="BEE" testType="13cdc9d9-ddb5-4fa4-a97d-d965ccfc6d4b" outcome="NotExecuted" testListId="8c84fa94-04c1-424b-9868-57a2d4851a1d" relativeResultsDirectory="094e0a3e-f3b1-40d6-97b8-66425e4939ab">
    </UnitTestResult>
    <UnitTestResult executionId="cbb3cebd-5644-4df9-b0b8-a44e0b1e9d6d" testId="f54af81a-b389-63ca-f81f-f1bed83df82f" testName="cannot_bind_inexistent_property_to_A" computerName="BEE" testType="13cdc9d9-ddb5-4fa4-a97d-d965ccfc6d4b" outcome="NotExecuted" testListId="8c84fa94-04c1-424b-9868-57a2d4851a1d" relativeResultsDirectory="cbb3cebd-5644-4df9-b0b8-a44e0b1e9d6d">
    </UnitTestResult>
    <UnitTestResult executionId="18cd2078-6e05-4a76-a132-c18fd5d87726" testId="f744df1b-b1ea-eb9b-d07e-fb70c8f88968" testName="cannot_bind_to_A_inexistent_attribute_definition" computerName="BEE" testType="13cdc9d9-ddb5-4fa4-a97d-d965ccfc6d4b" outcome="NotExecuted" testListId="8c84fa94-04c1-424b-9868-57a2d4851a1d" relativeResultsDirectory="18cd2078-6e05-4a76-a132-c18fd5d87726">
    </UnitTestResult>
  </Results>
</TestRun>