<?xml version="1.0" encoding="UTF-8"?>
<TestRun id="4d569402-3a18-49a0-ab65-4c7c8a19f3f4" name="gnvilhena@BEE 2011-05-28 14:12:18" runUser="BEE\gnvilhena" xmlns="http://microsoft.com/schemas/VisualStudio/TeamTest/2010">
  <TestSettings name="Local" id="4a322428-db0d-47e0-9f3e-eb99e6e4bb7a">
    <Description>These are default test settings for a local test run.</Description>
    <Deployment enabled="false" runDeploymentRoot="gnvilhena_BEE 2011-05-28 14_12_18">
      <DeploymentItem filename="C:\Users\gnvilhena\PROMPT\uc01\repos\PROMPT11-01-VMEssentials.vilhena\Trabalho Final\HttpReflector\Controllers\AssemblyReflector\bin\Debug\AssemblyReflector.dll" />
      <DeploymentItem filename="C:\Users\gnvilhena\PROMPT\uc01\repos\PROMPT11-01-VMEssentials.vilhena\Trabalho Final\HttpReflector\Contracts\Handler\bin\Debug\Handler.dll" />
      <DeploymentItem filename="C:\Users\gnvilhena\PROMPT\uc01\repos\PROMPT11-01-VMEssentials.vilhena\Trabalho Final\HttpReflector\Routers\ReflectorRouter\bin\Debug\ReflectorRouter.dll" />
      <DeploymentItem filename="C:\Users\gnvilhena\PROMPT\uc01\repos\PROMPT11-01-VMEssentials.vilhena\Trabalho Final\HttpReflector\Contracts\Router\bin\Debug\Router.dll" />
    </Deployment>
    <Execution>
      <TestTypeSpecific />
      <AgentRule name="Execution Agents">
      </AgentRule>
    </Execution>
  </TestSettings>
  <Times creation="2011-05-28T14:12:18.4980468+01:00" queuing="2011-05-28T14:12:18.5371093+01:00" start="2011-05-28T14:12:18.5683593+01:00" finish="2011-05-28T14:12:19.8886718+01:00" />
  <ResultSummary outcome="Failed">
    <Counters total="23" executed="23" passed="22" error="0" failed="1" timeout="0" aborted="0" inconclusive="0" passedButRunAborted="0" notRunnable="0" notExecuted="0" disconnected="0" warning="0" completed="0" inProgress="0" pending="0" />
  </ResultSummary>
  <TestDefinitions>
    <UnitTest name="RouteWorksWithRootCtxAsRouteList" storage="c:\users\gnvilhena\prompt\uc01\repos\prompt11-01-vmessentials.vilhena\trabalho final\httpreflector\routers\reflectorrouter.test\bin\debug\reflectorrouter.test.dll" id="b3b5bf70-eb22-7ea3-6c4a-453814fffda2">
      <Execution id="a64a096f-82fe-45d1-9cdf-5288e2cee37e" />
      <TestMethod codeBase="C:/Users/gnvilhena/PROMPT/uc01/repos/PROMPT11-01-VMEssentials.vilhena/Trabalho Final/HttpReflector/Routers/ReflectorRouter.Test/bin/Debug/ReflectorRouter.Test.DLL" adapterTypeName="Microsoft.VisualStudio.TestTools.TestTypes.Unit.UnitTestAdapter, Microsoft.VisualStudio.QualityTools.Tips.UnitTest.Adapter, Version=10.0.0.0, Culture=neutral, PublicKeyToken=b03f5f7f11d50a3a" className="ReflectorRouter.Test.RouterCollection, ReflectorRouter.Test, Version=1.0.0.0, Culture=neutral, PublicKeyToken=null" name="RouteWorksWithRootCtxAsRouteList" />
    </UnitTest>
    <UnitTest name="RouteWorksWithRootCtxNsNamespaceShortnameCRouteList" storage="c:\users\gnvilhena\prompt\uc01\repos\prompt11-01-vmessentials.vilhena\trabalho final\httpreflector\routers\reflectorrouter.test\bin\debug\reflectorrouter.test.dll" id="84ac9094-4090-126d-990c-e3f42364133f">
      <Execution id="81318329-420d-4017-8145-02368655c207" />
      <TestMethod codeBase="C:/Users/gnvilhena/PROMPT/uc01/repos/PROMPT11-01-VMEssentials.vilhena/Trabalho Final/HttpReflector/Routers/ReflectorRouter.Test/bin/Debug/ReflectorRouter.Test.DLL" adapterTypeName="Microsoft.VisualStudio.TestTools.TestTypes.Unit.UnitTestAdapter, Microsoft.VisualStudio.QualityTools.Tips.UnitTest.Adapter, Version=10.0.0.0, Culture=neutral, PublicKeyToken=b03f5f7f11d50a3a" className="ReflectorRouter.Test.RouterCollection, ReflectorRouter.Test, Version=1.0.0.0, Culture=neutral, PublicKeyToken=null" name="RouteWorksWithRootCtxNsNamespaceShortnameCRouteList" />
    </UnitTest>
    <UnitTest name="GetContextAssemblyContextModel" storage="c:\users\gnvilhena\prompt\uc01\repos\prompt11-01-vmessentials.vilhena\trabalho final\httpreflector\assemblymodel.test\bin\debug\assemblymodel.test.dll" id="791f5605-823c-1bb5-35fe-ba025a3168fa">
      <Execution id="f00a5db2-0ce3-431a-a4f8-daba96a00b72" />
      <TestMethod codeBase="C:/Users/gnvilhena/PROMPT/uc01/repos/PROMPT11-01-VMEssentials.vilhena/Trabalho Final/HttpReflector/AssemblyModel.Test/bin/Debug/AssemblyModel.Test.DLL" adapterTypeName="Microsoft.VisualStudio.TestTools.TestTypes.Unit.UnitTestAdapter, Microsoft.VisualStudio.QualityTools.Tips.UnitTest.Adapter, Version=10.0.0.0, Culture=neutral, PublicKeyToken=b03f5f7f11d50a3a" className="AssemblyModelTest.AssemblyModelTest, AssemblyModel.Test, Version=1.0.0.0, Culture=neutral, PublicKeyToken=null" name="GetContextAssemblyContextModel" />
    </UnitTest>
    <UnitTest name="RouteWorksWithRootCtxNsNamespacePrefixRouteList" storage="c:\users\gnvilhena\prompt\uc01\repos\prompt11-01-vmessentials.vilhena\trabalho final\httpreflector\routers\reflectorrouter.test\bin\debug\reflectorrouter.test.dll" id="24823888-f50a-301e-fcbe-a102f5185a0e">
      <Execution id="84e4b9cd-f86c-4c7b-9d84-c27d45af89b9" />
      <TestMethod codeBase="C:/Users/gnvilhena/PROMPT/uc01/repos/PROMPT11-01-VMEssentials.vilhena/Trabalho Final/HttpReflector/Routers/ReflectorRouter.Test/bin/Debug/ReflectorRouter.Test.DLL" adapterTypeName="Microsoft.VisualStudio.TestTools.TestTypes.Unit.UnitTestAdapter, Microsoft.VisualStudio.QualityTools.Tips.UnitTest.Adapter, Version=10.0.0.0, Culture=neutral, PublicKeyToken=b03f5f7f11d50a3a" className="ReflectorRouter.Test.RouterCollection, ReflectorRouter.Test, Version=1.0.0.0, Culture=neutral, PublicKeyToken=null" name="RouteWorksWithRootCtxNsNamespacePrefixRouteList" />
    </UnitTest>
    <UnitTest name="AddContextWithInvalidPathThrowsInvalidPathException" storage="c:\users\gnvilhena\prompt\uc01\repos\prompt11-01-vmessentials.vilhena\trabalho final\httpreflector\assemblymodel.test\bin\debug\assemblymodel.test.dll" id="6fa0d37b-e32d-d89e-4167-068ec55c8ffd">
      <Execution id="1938f588-e409-41e8-9557-0ff08c3aa2e5" />
      <TestMethod codeBase="C:/Users/gnvilhena/PROMPT/uc01/repos/PROMPT11-01-VMEssentials.vilhena/Trabalho Final/HttpReflector/AssemblyModel.Test/bin/Debug/AssemblyModel.Test.DLL" adapterTypeName="Microsoft.VisualStudio.TestTools.TestTypes.Unit.UnitTestAdapter, Microsoft.VisualStudio.QualityTools.Tips.UnitTest.Adapter, Version=10.0.0.0, Culture=neutral, PublicKeyToken=b03f5f7f11d50a3a" className="AssemblyModelTest.AssemblyModelTest, AssemblyModel.Test, Version=1.0.0.0, Culture=neutral, PublicKeyToken=null" name="AddContextWithInvalidPathThrowsInvalidPathException" />
    </UnitTest>
    <UnitTest name="GetAssemblyInvalidContextThrowsInvalidAssemblyException" storage="c:\users\gnvilhena\prompt\uc01\repos\prompt11-01-vmessentials.vilhena\trabalho final\httpreflector\assemblymodel.test\bin\debug\assemblymodel.test.dll" id="dbd8feea-a40e-8938-e358-e9b3d1f5a615">
      <Execution id="9ebe47e0-118d-4d05-883e-e2b5fbc89fd1" />
      <TestMethod codeBase="C:/Users/gnvilhena/PROMPT/uc01/repos/PROMPT11-01-VMEssentials.vilhena/Trabalho Final/HttpReflector/AssemblyModel.Test/bin/Debug/AssemblyModel.Test.DLL" adapterTypeName="Microsoft.VisualStudio.TestTools.TestTypes.Unit.UnitTestAdapter, Microsoft.VisualStudio.QualityTools.Tips.UnitTest.Adapter, Version=10.0.0.0, Culture=neutral, PublicKeyToken=b03f5f7f11d50a3a" className="AssemblyModelTest.AssemblyModelTest, AssemblyModel.Test, Version=1.0.0.0, Culture=neutral, PublicKeyToken=null" name="GetAssemblyInvalidContextThrowsInvalidAssemblyException" />
    </UnitTest>
    <UnitTest name="RouteWorksWithRootCtxNsNamespaceShortnamePPropNameRouteList" storage="c:\users\gnvilhena\prompt\uc01\repos\prompt11-01-vmessentials.vilhena\trabalho final\httpreflector\routers\reflectorrouter.test\bin\debug\reflectorrouter.test.dll" id="0ce176a3-c55a-e636-d255-5e7aff6e41a8">
      <Execution id="7f735ed8-e925-40d1-8a99-4c17d9991ed2" />
      <TestMethod codeBase="C:/Users/gnvilhena/PROMPT/uc01/repos/PROMPT11-01-VMEssentials.vilhena/Trabalho Final/HttpReflector/Routers/ReflectorRouter.Test/bin/Debug/ReflectorRouter.Test.DLL" adapterTypeName="Microsoft.VisualStudio.TestTools.TestTypes.Unit.UnitTestAdapter, Microsoft.VisualStudio.QualityTools.Tips.UnitTest.Adapter, Version=10.0.0.0, Culture=neutral, PublicKeyToken=b03f5f7f11d50a3a" className="ReflectorRouter.Test.RouterCollection, ReflectorRouter.Test, Version=1.0.0.0, Culture=neutral, PublicKeyToken=null" name="RouteWorksWithRootCtxNsNamespaceShortnamePPropNameRouteList" />
    </UnitTest>
    <UnitTest name="RouteWorksWithRootOnlyRouteList" storage="c:\users\gnvilhena\prompt\uc01\repos\prompt11-01-vmessentials.vilhena\trabalho final\httpreflector\routers\reflectorrouter.test\bin\debug\reflectorrouter.test.dll" id="cb64fb5f-ea4a-343c-9730-09998b8787bd">
      <Execution id="3128a902-753c-4ebd-b1a7-14cba4cadeda" />
      <TestMethod codeBase="C:/Users/gnvilhena/PROMPT/uc01/repos/PROMPT11-01-VMEssentials.vilhena/Trabalho Final/HttpReflector/Routers/ReflectorRouter.Test/bin/Debug/ReflectorRouter.Test.DLL" adapterTypeName="Microsoft.VisualStudio.TestTools.TestTypes.Unit.UnitTestAdapter, Microsoft.VisualStudio.QualityTools.Tips.UnitTest.Adapter, Version=10.0.0.0, Culture=neutral, PublicKeyToken=b03f5f7f11d50a3a" className="ReflectorRouter.Test.RouterCollection, ReflectorRouter.Test, Version=1.0.0.0, Culture=neutral, PublicKeyToken=null" name="RouteWorksWithRootOnlyRouteList" />
    </UnitTest>
    <UnitTest name="RouteWorksWithRootCtxRouteList" storage="c:\users\gnvilhena\prompt\uc01\repos\prompt11-01-vmessentials.vilhena\trabalho final\httpreflector\routers\reflectorrouter.test\bin\debug\reflectorrouter.test.dll" id="f6b59a52-abc4-7e7c-f812-569555ffd07c">
      <Execution id="b8c573d9-ec97-4c39-90f2-2a1a25cfcc52" />
      <TestMethod codeBase="C:/Users/gnvilhena/PROMPT/uc01/repos/PROMPT11-01-VMEssentials.vilhena/Trabalho Final/HttpReflector/Routers/ReflectorRouter.Test/bin/Debug/ReflectorRouter.Test.DLL" adapterTypeName="Microsoft.VisualStudio.TestTools.TestTypes.Unit.UnitTestAdapter, Microsoft.VisualStudio.QualityTools.Tips.UnitTest.Adapter, Version=10.0.0.0, Culture=neutral, PublicKeyToken=b03f5f7f11d50a3a" className="ReflectorRouter.Test.RouterCollection, ReflectorRouter.Test, Version=1.0.0.0, Culture=neutral, PublicKeyToken=null" name="RouteWorksWithRootCtxRouteList" />
    </UnitTest>
    <UnitTest name="RouteWorksWithRootCtxAsAssemblyNameRouteList" storage="c:\users\gnvilhena\prompt\uc01\repos\prompt11-01-vmessentials.vilhena\trabalho final\httpreflector\routers\reflectorrouter.test\bin\debug\reflectorrouter.test.dll" id="d223219d-fbaf-89e7-3a49-c19c9b3b3edc">
      <Execution id="aec9387c-de4e-467a-b46a-ffb5c4120679" />
      <TestMethod codeBase="C:/Users/gnvilhena/PROMPT/uc01/repos/PROMPT11-01-VMEssentials.vilhena/Trabalho Final/HttpReflector/Routers/ReflectorRouter.Test/bin/Debug/ReflectorRouter.Test.DLL" adapterTypeName="Microsoft.VisualStudio.TestTools.TestTypes.Unit.UnitTestAdapter, Microsoft.VisualStudio.QualityTools.Tips.UnitTest.Adapter, Version=10.0.0.0, Culture=neutral, PublicKeyToken=b03f5f7f11d50a3a" className="ReflectorRouter.Test.RouterCollection, ReflectorRouter.Test, Version=1.0.0.0, Culture=neutral, PublicKeyToken=null" name="RouteWorksWithRootCtxAsAssemblyNameRouteList" />
    </UnitTest>
    <UnitTest name="GetAssemblyInvalidContextThrowsInvalidContextException" storage="c:\users\gnvilhena\prompt\uc01\repos\prompt11-01-vmessentials.vilhena\trabalho final\httpreflector\assemblymodel.test\bin\debug\assemblymodel.test.dll" id="516b6c68-c5e5-bf9c-2c60-a4dfddc51fb8">
      <Execution id="2423ae48-5d55-45f7-bd68-8ba72a5d0b49" />
      <TestMethod codeBase="C:/Users/gnvilhena/PROMPT/uc01/repos/PROMPT11-01-VMEssentials.vilhena/Trabalho Final/HttpReflector/AssemblyModel.Test/bin/Debug/AssemblyModel.Test.DLL" adapterTypeName="Microsoft.VisualStudio.TestTools.TestTypes.Unit.UnitTestAdapter, Microsoft.VisualStudio.QualityTools.Tips.UnitTest.Adapter, Version=10.0.0.0, Culture=neutral, PublicKeyToken=b03f5f7f11d50a3a" className="AssemblyModelTest.AssemblyModelTest, AssemblyModel.Test, Version=1.0.0.0, Culture=neutral, PublicKeyToken=null" name="GetAssemblyInvalidContextThrowsInvalidContextException" />
    </UnitTest>
    <UnitTest name="GetContextContextModel" storage="c:\users\gnvilhena\prompt\uc01\repos\prompt11-01-vmessentials.vilhena\trabalho final\httpreflector\assemblymodel.test\bin\debug\assemblymodel.test.dll" id="f28710f9-438e-b12b-8594-ca1054ad2af5">
      <Execution id="400b09ee-ca51-4d07-8a30-ace504ecd05c" />
      <TestMethod codeBase="C:/Users/gnvilhena/PROMPT/uc01/repos/PROMPT11-01-VMEssentials.vilhena/Trabalho Final/HttpReflector/AssemblyModel.Test/bin/Debug/AssemblyModel.Test.DLL" adapterTypeName="Microsoft.VisualStudio.TestTools.TestTypes.Unit.UnitTestAdapter, Microsoft.VisualStudio.QualityTools.Tips.UnitTest.Adapter, Version=10.0.0.0, Culture=neutral, PublicKeyToken=b03f5f7f11d50a3a" className="AssemblyModelTest.AssemblyModelTest, AssemblyModel.Test, Version=1.0.0.0, Culture=neutral, PublicKeyToken=null" name="GetContextContextModel" />
    </UnitTest>
    <UnitTest name="RouteWorksWithRootCtxNsNamespaceShortnameMMethodNameRouteList" storage="c:\users\gnvilhena\prompt\uc01\repos\prompt11-01-vmessentials.vilhena\trabalho final\httpreflector\routers\reflectorrouter.test\bin\debug\reflectorrouter.test.dll" id="6784527c-c482-0912-542b-3dcdacb47507">
      <Execution id="7727e7ee-4bb1-4fb9-b62c-2f33ea12fe04" />
      <TestMethod codeBase="C:/Users/gnvilhena/PROMPT/uc01/repos/PROMPT11-01-VMEssentials.vilhena/Trabalho Final/HttpReflector/Routers/ReflectorRouter.Test/bin/Debug/ReflectorRouter.Test.DLL" adapterTypeName="Microsoft.VisualStudio.TestTools.TestTypes.Unit.UnitTestAdapter, Microsoft.VisualStudio.QualityTools.Tips.UnitTest.Adapter, Version=10.0.0.0, Culture=neutral, PublicKeyToken=b03f5f7f11d50a3a" className="ReflectorRouter.Test.RouterCollection, ReflectorRouter.Test, Version=1.0.0.0, Culture=neutral, PublicKeyToken=null" name="RouteWorksWithRootCtxNsNamespaceShortnameMMethodNameRouteList" />
    </UnitTest>
    <UnitTest name="CanRemoveRouteFromRouteList" storage="c:\users\gnvilhena\prompt\uc01\repos\prompt11-01-vmessentials.vilhena\trabalho final\httpreflector\routers\reflectorrouter.test\bin\debug\reflectorrouter.test.dll" id="f29e5863-186a-4825-2df2-0578747f784d">
      <Execution id="d04573cf-7cdd-459c-9743-f9c8a04c5ddf" />
      <TestMethod codeBase="C:/Users/gnvilhena/PROMPT/uc01/repos/PROMPT11-01-VMEssentials.vilhena/Trabalho Final/HttpReflector/Routers/ReflectorRouter.Test/bin/Debug/ReflectorRouter.Test.DLL" adapterTypeName="Microsoft.VisualStudio.TestTools.TestTypes.Unit.UnitTestAdapter, Microsoft.VisualStudio.QualityTools.Tips.UnitTest.Adapter, Version=10.0.0.0, Culture=neutral, PublicKeyToken=b03f5f7f11d50a3a" className="ReflectorRouter.Test.RouterCollection, ReflectorRouter.Test, Version=1.0.0.0, Culture=neutral, PublicKeyToken=null" name="CanRemoveRouteFromRouteList" />
    </UnitTest>
    <UnitTest name="RouteWorksWithRootCtxNsNamespaceShortnameREventNameRouteList" storage="c:\users\gnvilhena\prompt\uc01\repos\prompt11-01-vmessentials.vilhena\trabalho final\httpreflector\routers\reflectorrouter.test\bin\debug\reflectorrouter.test.dll" id="f034a3de-7207-22c6-01d4-83591bfbd103">
      <Execution id="f89c94bf-2792-4e42-b9db-424c116e4cf1" />
      <TestMethod codeBase="C:/Users/gnvilhena/PROMPT/uc01/repos/PROMPT11-01-VMEssentials.vilhena/Trabalho Final/HttpReflector/Routers/ReflectorRouter.Test/bin/Debug/ReflectorRouter.Test.DLL" adapterTypeName="Microsoft.VisualStudio.TestTools.TestTypes.Unit.UnitTestAdapter, Microsoft.VisualStudio.QualityTools.Tips.UnitTest.Adapter, Version=10.0.0.0, Culture=neutral, PublicKeyToken=b03f5f7f11d50a3a" className="ReflectorRouter.Test.RouterCollection, ReflectorRouter.Test, Version=1.0.0.0, Culture=neutral, PublicKeyToken=null" name="RouteWorksWithRootCtxNsNamespaceShortnameREventNameRouteList" />
    </UnitTest>
    <UnitTest name="RouteWorksWithRootCtxNsRouteList" storage="c:\users\gnvilhena\prompt\uc01\repos\prompt11-01-vmessentials.vilhena\trabalho final\httpreflector\routers\reflectorrouter.test\bin\debug\reflectorrouter.test.dll" id="b4271458-837d-82fd-cbce-5eb1f16a31d0">
      <Execution id="7c70369a-c12b-47ba-8284-434392119ead" />
      <TestMethod codeBase="C:/Users/gnvilhena/PROMPT/uc01/repos/PROMPT11-01-VMEssentials.vilhena/Trabalho Final/HttpReflector/Routers/ReflectorRouter.Test/bin/Debug/ReflectorRouter.Test.DLL" adapterTypeName="Microsoft.VisualStudio.TestTools.TestTypes.Unit.UnitTestAdapter, Microsoft.VisualStudio.QualityTools.Tips.UnitTest.Adapter, Version=10.0.0.0, Culture=neutral, PublicKeyToken=b03f5f7f11d50a3a" className="ReflectorRouter.Test.RouterCollection, ReflectorRouter.Test, Version=1.0.0.0, Culture=neutral, PublicKeyToken=null" name="RouteWorksWithRootCtxNsRouteList" />
    </UnitTest>
    <UnitTest name="ListAllContextAssembliesContextModel" storage="c:\users\gnvilhena\prompt\uc01\repos\prompt11-01-vmessentials.vilhena\trabalho final\httpreflector\assemblymodel.test\bin\debug\assemblymodel.test.dll" id="9278291c-e6b0-e32b-9ad3-6d545921b6d2">
      <Execution id="ab43b688-5c9a-4c90-9ee8-55a6185601c2" />
      <TestMethod codeBase="C:/Users/gnvilhena/PROMPT/uc01/repos/PROMPT11-01-VMEssentials.vilhena/Trabalho Final/HttpReflector/AssemblyModel.Test/bin/Debug/AssemblyModel.Test.DLL" adapterTypeName="Microsoft.VisualStudio.TestTools.TestTypes.Unit.UnitTestAdapter, Microsoft.VisualStudio.QualityTools.Tips.UnitTest.Adapter, Version=10.0.0.0, Culture=neutral, PublicKeyToken=b03f5f7f11d50a3a" className="AssemblyModelTest.AssemblyModelTest, AssemblyModel.Test, Version=1.0.0.0, Culture=neutral, PublicKeyToken=null" name="ListAllContextAssembliesContextModel" />
    </UnitTest>
    <UnitTest name="RouteWorksWithRootCtxNsNamespaceShortnameRouteList" storage="c:\users\gnvilhena\prompt\uc01\repos\prompt11-01-vmessentials.vilhena\trabalho final\httpreflector\routers\reflectorrouter.test\bin\debug\reflectorrouter.test.dll" id="9a7e0ce8-a890-76e5-0515-e3311e06f037">
      <Execution id="1f059e91-16ba-465d-8b9e-2efd6c7cc828" />
      <TestMethod codeBase="C:/Users/gnvilhena/PROMPT/uc01/repos/PROMPT11-01-VMEssentials.vilhena/Trabalho Final/HttpReflector/Routers/ReflectorRouter.Test/bin/Debug/ReflectorRouter.Test.DLL" adapterTypeName="Microsoft.VisualStudio.TestTools.TestTypes.Unit.UnitTestAdapter, Microsoft.VisualStudio.QualityTools.Tips.UnitTest.Adapter, Version=10.0.0.0, Culture=neutral, PublicKeyToken=b03f5f7f11d50a3a" className="ReflectorRouter.Test.RouterCollection, ReflectorRouter.Test, Version=1.0.0.0, Culture=neutral, PublicKeyToken=null" name="RouteWorksWithRootCtxNsNamespaceShortnameRouteList" />
    </UnitTest>
    <UnitTest name="ListAllContextReturnsAllContextModels" storage="c:\users\gnvilhena\prompt\uc01\repos\prompt11-01-vmessentials.vilhena\trabalho final\httpreflector\assemblymodel.test\bin\debug\assemblymodel.test.dll" id="76f7c0a7-6879-6d47-f6cf-e7d87e75c556">
      <Execution id="9e947b2a-9315-4d65-8728-b8f8786f26f2" />
      <TestMethod codeBase="C:/Users/gnvilhena/PROMPT/uc01/repos/PROMPT11-01-VMEssentials.vilhena/Trabalho Final/HttpReflector/AssemblyModel.Test/bin/Debug/AssemblyModel.Test.DLL" adapterTypeName="Microsoft.VisualStudio.TestTools.TestTypes.Unit.UnitTestAdapter, Microsoft.VisualStudio.QualityTools.Tips.UnitTest.Adapter, Version=10.0.0.0, Culture=neutral, PublicKeyToken=b03f5f7f11d50a3a" className="AssemblyModelTest.AssemblyModelTest, AssemblyModel.Test, Version=1.0.0.0, Culture=neutral, PublicKeyToken=null" name="ListAllContextReturnsAllContextModels" />
    </UnitTest>
    <UnitTest name="GetContextUsingInvalidContextThrowsInvalidContextExceptionContextModel" storage="c:\users\gnvilhena\prompt\uc01\repos\prompt11-01-vmessentials.vilhena\trabalho final\httpreflector\assemblymodel.test\bin\debug\assemblymodel.test.dll" id="64a16abf-270a-7737-c6db-2335bfd6d654">
      <Execution id="96c36b2c-f9a9-4ea4-8eec-730bf24adc28" />
      <TestMethod codeBase="C:/Users/gnvilhena/PROMPT/uc01/repos/PROMPT11-01-VMEssentials.vilhena/Trabalho Final/HttpReflector/AssemblyModel.Test/bin/Debug/AssemblyModel.Test.DLL" adapterTypeName="Microsoft.VisualStudio.TestTools.TestTypes.Unit.UnitTestAdapter, Microsoft.VisualStudio.QualityTools.Tips.UnitTest.Adapter, Version=10.0.0.0, Culture=neutral, PublicKeyToken=b03f5f7f11d50a3a" className="AssemblyModelTest.AssemblyModelTest, AssemblyModel.Test, Version=1.0.0.0, Culture=neutral, PublicKeyToken=null" name="GetContextUsingInvalidContextThrowsInvalidContextExceptionContextModel" />
    </UnitTest>
    <UnitTest name="RouteWorksWithRootCtxNsNamespaceShortnameFFieldNameRouteList" storage="c:\users\gnvilhena\prompt\uc01\repos\prompt11-01-vmessentials.vilhena\trabalho final\httpreflector\routers\reflectorrouter.test\bin\debug\reflectorrouter.test.dll" id="e64fdd11-a1b1-7a84-b4bf-d58eaa26c62d">
      <Execution id="a3b42897-ee4e-4e82-bd99-b6603d96b33b" />
      <TestMethod codeBase="C:/Users/gnvilhena/PROMPT/uc01/repos/PROMPT11-01-VMEssentials.vilhena/Trabalho Final/HttpReflector/Routers/ReflectorRouter.Test/bin/Debug/ReflectorRouter.Test.DLL" adapterTypeName="Microsoft.VisualStudio.TestTools.TestTypes.Unit.UnitTestAdapter, Microsoft.VisualStudio.QualityTools.Tips.UnitTest.Adapter, Version=10.0.0.0, Culture=neutral, PublicKeyToken=b03f5f7f11d50a3a" className="ReflectorRouter.Test.RouterCollection, ReflectorRouter.Test, Version=1.0.0.0, Culture=neutral, PublicKeyToken=null" name="RouteWorksWithRootCtxNsNamespaceShortnameFFieldNameRouteList" />
    </UnitTest>
    <UnitTest name="AddContextToAssemblyModel" storage="c:\users\gnvilhena\prompt\uc01\repos\prompt11-01-vmessentials.vilhena\trabalho final\httpreflector\assemblymodel.test\bin\debug\assemblymodel.test.dll" id="7795dffc-b7a5-5c43-1aa2-03f78084ca66">
      <Execution id="8831b419-4896-407f-9daf-ffc46658249f" />
      <TestMethod codeBase="C:/Users/gnvilhena/PROMPT/uc01/repos/PROMPT11-01-VMEssentials.vilhena/Trabalho Final/HttpReflector/AssemblyModel.Test/bin/Debug/AssemblyModel.Test.DLL" adapterTypeName="Microsoft.VisualStudio.TestTools.TestTypes.Unit.UnitTestAdapter, Microsoft.VisualStudio.QualityTools.Tips.UnitTest.Adapter, Version=10.0.0.0, Culture=neutral, PublicKeyToken=b03f5f7f11d50a3a" className="AssemblyModelTest.AssemblyModelTest, AssemblyModel.Test, Version=1.0.0.0, Culture=neutral, PublicKeyToken=null" name="AddContextToAssemblyModel" />
    </UnitTest>
    <UnitTest name="CanAddRouteToRouteList" storage="c:\users\gnvilhena\prompt\uc01\repos\prompt11-01-vmessentials.vilhena\trabalho final\httpreflector\routers\reflectorrouter.test\bin\debug\reflectorrouter.test.dll" id="274768e3-c15c-eb07-7b78-2aec20a6e315">
      <Execution id="1e5126ea-39a7-4137-b683-cad2e243caa8" />
      <TestMethod codeBase="C:/Users/gnvilhena/PROMPT/uc01/repos/PROMPT11-01-VMEssentials.vilhena/Trabalho Final/HttpReflector/Routers/ReflectorRouter.Test/bin/Debug/ReflectorRouter.Test.DLL" adapterTypeName="Microsoft.VisualStudio.TestTools.TestTypes.Unit.UnitTestAdapter, Microsoft.VisualStudio.QualityTools.Tips.UnitTest.Adapter, Version=10.0.0.0, Culture=neutral, PublicKeyToken=b03f5f7f11d50a3a" className="ReflectorRouter.Test.RouterCollection, ReflectorRouter.Test, Version=1.0.0.0, Culture=neutral, PublicKeyToken=null" name="CanAddRouteToRouteList" />
    </UnitTest>
  </TestDefinitions>
  <TestLists>
    <TestList name="Results Not in a List" id="8c84fa94-04c1-424b-9868-57a2d4851a1d" />
    <TestList name="All Loaded Results" id="19431567-8539-422a-85d7-44ee4e166bda" />
  </TestLists>
  <TestEntries>
    <TestEntry testId="0ce176a3-c55a-e636-d255-5e7aff6e41a8" executionId="7f735ed8-e925-40d1-8a99-4c17d9991ed2" testListId="8c84fa94-04c1-424b-9868-57a2d4851a1d" />
    <TestEntry testId="24823888-f50a-301e-fcbe-a102f5185a0e" executionId="84e4b9cd-f86c-4c7b-9d84-c27d45af89b9" testListId="8c84fa94-04c1-424b-9868-57a2d4851a1d" />
    <TestEntry testId="274768e3-c15c-eb07-7b78-2aec20a6e315" executionId="1e5126ea-39a7-4137-b683-cad2e243caa8" testListId="8c84fa94-04c1-424b-9868-57a2d4851a1d" />
    <TestEntry testId="516b6c68-c5e5-bf9c-2c60-a4dfddc51fb8" executionId="2423ae48-5d55-45f7-bd68-8ba72a5d0b49" testListId="8c84fa94-04c1-424b-9868-57a2d4851a1d" />
    <TestEntry testId="64a16abf-270a-7737-c6db-2335bfd6d654" executionId="96c36b2c-f9a9-4ea4-8eec-730bf24adc28" testListId="8c84fa94-04c1-424b-9868-57a2d4851a1d" />
    <TestEntry testId="6784527c-c482-0912-542b-3dcdacb47507" executionId="7727e7ee-4bb1-4fb9-b62c-2f33ea12fe04" testListId="8c84fa94-04c1-424b-9868-57a2d4851a1d" />
    <TestEntry testId="6fa0d37b-e32d-d89e-4167-068ec55c8ffd" executionId="1938f588-e409-41e8-9557-0ff08c3aa2e5" testListId="8c84fa94-04c1-424b-9868-57a2d4851a1d" />
    <TestEntry testId="76f7c0a7-6879-6d47-f6cf-e7d87e75c556" executionId="9e947b2a-9315-4d65-8728-b8f8786f26f2" testListId="8c84fa94-04c1-424b-9868-57a2d4851a1d" />
    <TestEntry testId="7795dffc-b7a5-5c43-1aa2-03f78084ca66" executionId="8831b419-4896-407f-9daf-ffc46658249f" testListId="8c84fa94-04c1-424b-9868-57a2d4851a1d" />
    <TestEntry testId="791f5605-823c-1bb5-35fe-ba025a3168fa" executionId="f00a5db2-0ce3-431a-a4f8-daba96a00b72" testListId="8c84fa94-04c1-424b-9868-57a2d4851a1d" />
    <TestEntry testId="84ac9094-4090-126d-990c-e3f42364133f" executionId="81318329-420d-4017-8145-02368655c207" testListId="8c84fa94-04c1-424b-9868-57a2d4851a1d" />
    <TestEntry testId="9278291c-e6b0-e32b-9ad3-6d545921b6d2" executionId="ab43b688-5c9a-4c90-9ee8-55a6185601c2" testListId="8c84fa94-04c1-424b-9868-57a2d4851a1d" />
    <TestEntry testId="9a7e0ce8-a890-76e5-0515-e3311e06f037" executionId="1f059e91-16ba-465d-8b9e-2efd6c7cc828" testListId="8c84fa94-04c1-424b-9868-57a2d4851a1d" />
    <TestEntry testId="b3b5bf70-eb22-7ea3-6c4a-453814fffda2" executionId="a64a096f-82fe-45d1-9cdf-5288e2cee37e" testListId="8c84fa94-04c1-424b-9868-57a2d4851a1d" />
    <TestEntry testId="b4271458-837d-82fd-cbce-5eb1f16a31d0" executionId="7c70369a-c12b-47ba-8284-434392119ead" testListId="8c84fa94-04c1-424b-9868-57a2d4851a1d" />
    <TestEntry testId="cb64fb5f-ea4a-343c-9730-09998b8787bd" executionId="3128a902-753c-4ebd-b1a7-14cba4cadeda" testListId="8c84fa94-04c1-424b-9868-57a2d4851a1d" />
    <TestEntry testId="d223219d-fbaf-89e7-3a49-c19c9b3b3edc" executionId="aec9387c-de4e-467a-b46a-ffb5c4120679" testListId="8c84fa94-04c1-424b-9868-57a2d4851a1d" />
    <TestEntry testId="dbd8feea-a40e-8938-e358-e9b3d1f5a615" executionId="9ebe47e0-118d-4d05-883e-e2b5fbc89fd1" testListId="8c84fa94-04c1-424b-9868-57a2d4851a1d" />
    <TestEntry testId="e64fdd11-a1b1-7a84-b4bf-d58eaa26c62d" executionId="a3b42897-ee4e-4e82-bd99-b6603d96b33b" testListId="8c84fa94-04c1-424b-9868-57a2d4851a1d" />
    <TestEntry testId="f034a3de-7207-22c6-01d4-83591bfbd103" executionId="f89c94bf-2792-4e42-b9db-424c116e4cf1" testListId="8c84fa94-04c1-424b-9868-57a2d4851a1d" />
    <TestEntry testId="f28710f9-438e-b12b-8594-ca1054ad2af5" executionId="400b09ee-ca51-4d07-8a30-ace504ecd05c" testListId="8c84fa94-04c1-424b-9868-57a2d4851a1d" />
    <TestEntry testId="f29e5863-186a-4825-2df2-0578747f784d" executionId="d04573cf-7cdd-459c-9743-f9c8a04c5ddf" testListId="8c84fa94-04c1-424b-9868-57a2d4851a1d" />
    <TestEntry testId="f6b59a52-abc4-7e7c-f812-569555ffd07c" executionId="b8c573d9-ec97-4c39-90f2-2a1a25cfcc52" testListId="8c84fa94-04c1-424b-9868-57a2d4851a1d" />
  </TestEntries>
  <Results>
    <UnitTestResult executionId="7f735ed8-e925-40d1-8a99-4c17d9991ed2" testId="0ce176a3-c55a-e636-d255-5e7aff6e41a8" testName="RouteWorksWithRootCtxNsNamespaceShortnamePPropNameRouteList" computerName="BEE" duration="00:00:00.0236518" startTime="2011-05-28T14:12:18.5917968+01:00" endTime="2011-05-28T14:12:19.1074218+01:00" testType="13cdc9d9-ddb5-4fa4-a97d-d965ccfc6d4b" outcome="Passed" testListId="8c84fa94-04c1-424b-9868-57a2d4851a1d" relativeResultsDirectory="7f735ed8-e925-40d1-8a99-4c17d9991ed2">
    </UnitTestResult>
    <UnitTestResult executionId="84e4b9cd-f86c-4c7b-9d84-c27d45af89b9" testId="24823888-f50a-301e-fcbe-a102f5185a0e" testName="RouteWorksWithRootCtxNsNamespacePrefixRouteList" computerName="BEE" duration="00:00:00.0021770" startTime="2011-05-28T14:12:19.1152343+01:00" endTime="2011-05-28T14:12:19.1308593+01:00" testType="13cdc9d9-ddb5-4fa4-a97d-d965ccfc6d4b" outcome="Passed" testListId="8c84fa94-04c1-424b-9868-57a2d4851a1d" relativeResultsDirectory="84e4b9cd-f86c-4c7b-9d84-c27d45af89b9">
    </UnitTestResult>
    <UnitTestResult executionId="1e5126ea-39a7-4137-b683-cad2e243caa8" testId="274768e3-c15c-eb07-7b78-2aec20a6e315" testName="CanAddRouteToRouteList" computerName="BEE" duration="00:00:00.0007280" startTime="2011-05-28T14:12:19.1308593+01:00" endTime="2011-05-28T14:12:19.1386718+01:00" testType="13cdc9d9-ddb5-4fa4-a97d-d965ccfc6d4b" outcome="Passed" testListId="8c84fa94-04c1-424b-9868-57a2d4851a1d" relativeResultsDirectory="1e5126ea-39a7-4137-b683-cad2e243caa8">
    </UnitTestResult>
    <UnitTestResult executionId="2423ae48-5d55-45f7-bd68-8ba72a5d0b49" testId="516b6c68-c5e5-bf9c-2c60-a4dfddc51fb8" testName="GetAssemblyInvalidContextThrowsInvalidContextException" computerName="BEE" duration="00:00:00.0360629" startTime="2011-05-28T14:12:19.1464843+01:00" endTime="2011-05-28T14:12:19.4199218+01:00" testType="13cdc9d9-ddb5-4fa4-a97d-d965ccfc6d4b" outcome="Passed" testListId="8c84fa94-04c1-424b-9868-57a2d4851a1d" relativeResultsDirectory="2423ae48-5d55-45f7-bd68-8ba72a5d0b49">
    </UnitTestResult>
    <UnitTestResult executionId="96c36b2c-f9a9-4ea4-8eec-730bf24adc28" testId="64a16abf-270a-7737-c6db-2335bfd6d654" testName="GetContextUsingInvalidContextThrowsInvalidContextExceptionContextModel" computerName="BEE" duration="00:00:00.0204419" startTime="2011-05-28T14:12:19.4277343+01:00" endTime="2011-05-28T14:12:19.4511718+01:00" testType="13cdc9d9-ddb5-4fa4-a97d-d965ccfc6d4b" outcome="Failed" testListId="8c84fa94-04c1-424b-9868-57a2d4851a1d" relativeResultsDirectory="96c36b2c-f9a9-4ea4-8eec-730bf24adc28">
      <Output>
        <ErrorInfo>
          <Message>Assert.AreEqual failed. Expected:&lt;ContextTestInvalid&gt;. Actual:&lt;ContextTest1Invalid&gt;. </Message>
          <StackTrace>   at AssemblyModelTest.AssemblyModelTest.GetContextUsingInvalidContextThrowsInvalidContextExceptionContextModel() in C:\Users\gnvilhena\PROMPT\uc01\repos\PROMPT11-01-VMEssentials.vilhena\Trabalho Final\HttpReflector\AssemblyModel.Test\AssemblyModelTest.cs:line 148
</StackTrace>
        </ErrorInfo>
      </Output>
    </UnitTestResult>
    <UnitTestResult executionId="7727e7ee-4bb1-4fb9-b62c-2f33ea12fe04" testId="6784527c-c482-0912-542b-3dcdacb47507" testName="RouteWorksWithRootCtxNsNamespaceShortnameMMethodNameRouteList" computerName="BEE" duration="00:00:00.0013219" startTime="2011-05-28T14:12:19.4667968+01:00" endTime="2011-05-28T14:12:19.5214843+01:00" testType="13cdc9d9-ddb5-4fa4-a97d-d965ccfc6d4b" outcome="Passed" testListId="8c84fa94-04c1-424b-9868-57a2d4851a1d" relativeResultsDirectory="7727e7ee-4bb1-4fb9-b62c-2f33ea12fe04">
    </UnitTestResult>
    <UnitTestResult executionId="1938f588-e409-41e8-9557-0ff08c3aa2e5" testId="6fa0d37b-e32d-d89e-4167-068ec55c8ffd" testName="AddContextWithInvalidPathThrowsInvalidPathException" computerName="BEE" duration="00:00:00.0057518" startTime="2011-05-28T14:12:19.5292968+01:00" endTime="2011-05-28T14:12:19.5449218+01:00" testType="13cdc9d9-ddb5-4fa4-a97d-d965ccfc6d4b" outcome="Passed" testListId="8c84fa94-04c1-424b-9868-57a2d4851a1d" relativeResultsDirectory="1938f588-e409-41e8-9557-0ff08c3aa2e5">
    </UnitTestResult>
    <UnitTestResult executionId="9e947b2a-9315-4d65-8728-b8f8786f26f2" testId="76f7c0a7-6879-6d47-f6cf-e7d87e75c556" testName="ListAllContextReturnsAllContextModels" computerName="BEE" duration="00:00:00.0143101" startTime="2011-05-28T14:12:19.5527343+01:00" endTime="2011-05-28T14:12:19.5761718+01:00" testType="13cdc9d9-ddb5-4fa4-a97d-d965ccfc6d4b" outcome="Passed" testListId="8c84fa94-04c1-424b-9868-57a2d4851a1d" relativeResultsDirectory="9e947b2a-9315-4d65-8728-b8f8786f26f2">
    </UnitTestResult>
    <UnitTestResult executionId="8831b419-4896-407f-9daf-ffc46658249f" testId="7795dffc-b7a5-5c43-1aa2-03f78084ca66" testName="AddContextToAssemblyModel" computerName="BEE" duration="00:00:00.0125909" startTime="2011-05-28T14:12:19.5839843+01:00" endTime="2011-05-28T14:12:19.6074218+01:00" testType="13cdc9d9-ddb5-4fa4-a97d-d965ccfc6d4b" outcome="Passed" testListId="8c84fa94-04c1-424b-9868-57a2d4851a1d" relativeResultsDirectory="8831b419-4896-407f-9daf-ffc46658249f">
    </UnitTestResult>
    <UnitTestResult executionId="f00a5db2-0ce3-431a-a4f8-daba96a00b72" testId="791f5605-823c-1bb5-35fe-ba025a3168fa" testName="GetContextAssemblyContextModel" computerName="BEE" duration="00:00:00.0045899" startTime="2011-05-28T14:12:19.6074218+01:00" endTime="2011-05-28T14:12:19.6308593+01:00" testType="13cdc9d9-ddb5-4fa4-a97d-d965ccfc6d4b" outcome="Passed" testListId="8c84fa94-04c1-424b-9868-57a2d4851a1d" relativeResultsDirectory="f00a5db2-0ce3-431a-a4f8-daba96a00b72">
    </UnitTestResult>
    <UnitTestResult executionId="81318329-420d-4017-8145-02368655c207" testId="84ac9094-4090-126d-990c-e3f42364133f" testName="RouteWorksWithRootCtxNsNamespaceShortnameCRouteList" computerName="BEE" duration="00:00:00.0038672" startTime="2011-05-28T14:12:19.6308593+01:00" endTime="2011-05-28T14:12:19.6464843+01:00" testType="13cdc9d9-ddb5-4fa4-a97d-d965ccfc6d4b" outcome="Passed" testListId="8c84fa94-04c1-424b-9868-57a2d4851a1d" relativeResultsDirectory="81318329-420d-4017-8145-02368655c207">
    </UnitTestResult>
    <UnitTestResult executionId="ab43b688-5c9a-4c90-9ee8-55a6185601c2" testId="9278291c-e6b0-e32b-9ad3-6d545921b6d2" testName="ListAllContextAssembliesContextModel" computerName="BEE" duration="00:00:00.0051350" startTime="2011-05-28T14:12:19.6464843+01:00" endTime="2011-05-28T14:12:19.6699218+01:00" testType="13cdc9d9-ddb5-4fa4-a97d-d965ccfc6d4b" outcome="Passed" testListId="8c84fa94-04c1-424b-9868-57a2d4851a1d" relativeResultsDirectory="ab43b688-5c9a-4c90-9ee8-55a6185601c2">
    </UnitTestResult>
    <UnitTestResult executionId="1f059e91-16ba-465d-8b9e-2efd6c7cc828" testId="9a7e0ce8-a890-76e5-0515-e3311e06f037" testName="RouteWorksWithRootCtxNsNamespaceShortnameRouteList" computerName="BEE" duration="00:00:00.0028749" startTime="2011-05-28T14:12:19.6699218+01:00" endTime="2011-05-28T14:12:19.6855468+01:00" testType="13cdc9d9-ddb5-4fa4-a97d-d965ccfc6d4b" outcome="Passed" testListId="8c84fa94-04c1-424b-9868-57a2d4851a1d" relativeResultsDirectory="1f059e91-16ba-465d-8b9e-2efd6c7cc828">
    </UnitTestResult>
    <UnitTestResult executionId="a64a096f-82fe-45d1-9cdf-5288e2cee37e" testId="b3b5bf70-eb22-7ea3-6c4a-453814fffda2" testName="RouteWorksWithRootCtxAsRouteList" computerName="BEE" duration="00:00:00.0016460" startTime="2011-05-28T14:12:19.6855468+01:00" endTime="2011-05-28T14:12:19.7011718+01:00" testType="13cdc9d9-ddb5-4fa4-a97d-d965ccfc6d4b" outcome="Passed" testListId="8c84fa94-04c1-424b-9868-57a2d4851a1d" relativeResultsDirectory="a64a096f-82fe-45d1-9cdf-5288e2cee37e">
    </UnitTestResult>
    <UnitTestResult executionId="7c70369a-c12b-47ba-8284-434392119ead" testId="b4271458-837d-82fd-cbce-5eb1f16a31d0" testName="RouteWorksWithRootCtxNsRouteList" computerName="BEE" duration="00:00:00.0001799" startTime="2011-05-28T14:12:19.7089843+01:00" endTime="2011-05-28T14:12:19.7324218+01:00" testType="13cdc9d9-ddb5-4fa4-a97d-d965ccfc6d4b" outcome="Passed" testListId="8c84fa94-04c1-424b-9868-57a2d4851a1d" relativeResultsDirectory="7c70369a-c12b-47ba-8284-434392119ead">
    </UnitTestResult>
    <UnitTestResult executionId="3128a902-753c-4ebd-b1a7-14cba4cadeda" testId="cb64fb5f-ea4a-343c-9730-09998b8787bd" testName="RouteWorksWithRootOnlyRouteList" computerName="BEE" startTime="2011-05-28T14:12:19.7402343+01:00" endTime="2011-05-28T14:12:19.7480468+01:00" testType="13cdc9d9-ddb5-4fa4-a97d-d965ccfc6d4b" outcome="Passed" testListId="8c84fa94-04c1-424b-9868-57a2d4851a1d" relativeResultsDirectory="3128a902-753c-4ebd-b1a7-14cba4cadeda">
    </UnitTestResult>
    <UnitTestResult executionId="aec9387c-de4e-467a-b46a-ffb5c4120679" testId="d223219d-fbaf-89e7-3a49-c19c9b3b3edc" testName="RouteWorksWithRootCtxAsAssemblyNameRouteList" computerName="BEE" startTime="2011-05-28T14:12:19.7558593+01:00" endTime="2011-05-28T14:12:19.7636718+01:00" testType="13cdc9d9-ddb5-4fa4-a97d-d965ccfc6d4b" outcome="Passed" testListId="8c84fa94-04c1-424b-9868-57a2d4851a1d" relativeResultsDirectory="aec9387c-de4e-467a-b46a-ffb5c4120679">
    </UnitTestResult>
    <UnitTestResult executionId="9ebe47e0-118d-4d05-883e-e2b5fbc89fd1" testId="dbd8feea-a40e-8938-e358-e9b3d1f5a615" testName="GetAssemblyInvalidContextThrowsInvalidAssemblyException" computerName="BEE" duration="00:00:00.0028182" startTime="2011-05-28T14:12:19.7636718+01:00" endTime="2011-05-28T14:12:19.7714843+01:00" testType="13cdc9d9-ddb5-4fa4-a97d-d965ccfc6d4b" outcome="Passed" testListId="8c84fa94-04c1-424b-9868-57a2d4851a1d" relativeResultsDirectory="9ebe47e0-118d-4d05-883e-e2b5fbc89fd1">
    </UnitTestResult>
    <UnitTestResult executionId="a3b42897-ee4e-4e82-bd99-b6603d96b33b" testId="e64fdd11-a1b1-7a84-b4bf-d58eaa26c62d" testName="RouteWorksWithRootCtxNsNamespaceShortnameFFieldNameRouteList" computerName="BEE" startTime="2011-05-28T14:12:19.7792968+01:00" endTime="2011-05-28T14:12:19.7949218+01:00" testType="13cdc9d9-ddb5-4fa4-a97d-d965ccfc6d4b" outcome="Passed" testListId="8c84fa94-04c1-424b-9868-57a2d4851a1d" relativeResultsDirectory="a3b42897-ee4e-4e82-bd99-b6603d96b33b">
    </UnitTestResult>
    <UnitTestResult executionId="f89c94bf-2792-4e42-b9db-424c116e4cf1" testId="f034a3de-7207-22c6-01d4-83591bfbd103" testName="RouteWorksWithRootCtxNsNamespaceShortnameREventNameRouteList" computerName="BEE" duration="00:00:00.0002950" startTime="2011-05-28T14:12:19.7949218+01:00" endTime="2011-05-28T14:12:19.8027343+01:00" testType="13cdc9d9-ddb5-4fa4-a97d-d965ccfc6d4b" outcome="Passed" testListId="8c84fa94-04c1-424b-9868-57a2d4851a1d" relativeResultsDirectory="f89c94bf-2792-4e42-b9db-424c116e4cf1">
    </UnitTestResult>
    <UnitTestResult executionId="400b09ee-ca51-4d07-8a30-ace504ecd05c" testId="f28710f9-438e-b12b-8594-ca1054ad2af5" testName="GetContextContextModel" computerName="BEE" duration="00:00:00.0009850" startTime="2011-05-28T14:12:19.8027343+01:00" endTime="2011-05-28T14:12:19.8105468+01:00" testType="13cdc9d9-ddb5-4fa4-a97d-d965ccfc6d4b" outcome="Passed" testListId="8c84fa94-04c1-424b-9868-57a2d4851a1d" relativeResultsDirectory="400b09ee-ca51-4d07-8a30-ace504ecd05c">
    </UnitTestResult>
    <UnitTestResult executionId="d04573cf-7cdd-459c-9743-f9c8a04c5ddf" testId="f29e5863-186a-4825-2df2-0578747f784d" testName="CanRemoveRouteFromRouteList" computerName="BEE" startTime="2011-05-28T14:12:19.8261718+01:00" endTime="2011-05-28T14:12:19.8339843+01:00" testType="13cdc9d9-ddb5-4fa4-a97d-d965ccfc6d4b" outcome="Passed" testListId="8c84fa94-04c1-424b-9868-57a2d4851a1d" relativeResultsDirectory="d04573cf-7cdd-459c-9743-f9c8a04c5ddf">
    </UnitTestResult>
    <UnitTestResult executionId="b8c573d9-ec97-4c39-90f2-2a1a25cfcc52" testId="f6b59a52-abc4-7e7c-f812-569555ffd07c" testName="RouteWorksWithRootCtxRouteList" computerName="BEE" startTime="2011-05-28T14:12:19.8417968+01:00" endTime="2011-05-28T14:12:19.8496093+01:00" testType="13cdc9d9-ddb5-4fa4-a97d-d965ccfc6d4b" outcome="Passed" testListId="8c84fa94-04c1-424b-9868-57a2d4851a1d" relativeResultsDirectory="b8c573d9-ec97-4c39-90f2-2a1a25cfcc52">
    </UnitTestResult>
  </Results>
</TestRun>