<?xml version="1.0" encoding="UTF-8"?>
<TestRun id="9a6e943b-5d4a-4e5f-adac-f75286853296" name="gnvilhena@BEE 2011-05-25 20:51:42" runUser="BEE\gnvilhena" xmlns="http://microsoft.com/schemas/VisualStudio/TeamTest/2010">
  <TestSettings name="Local" id="4a322428-db0d-47e0-9f3e-eb99e6e4bb7a">
    <Description>These are default test settings for a local test run.</Description>
    <Deployment enabled="false" runDeploymentRoot="gnvilhena_BEE 2011-05-25 20_51_42">
      <DeploymentItem filename="C:\Users\gnvilhena\PROMPT\uc01\repos\PROMPT11-01-VMEssentials.vilhena\Trabalho Final\HttpReflector\Routers\ReflectorRouter\bin\Debug\ReflectorRouter.dll" />
      <DeploymentItem filename="C:\Users\gnvilhena\PROMPT\uc01\repos\PROMPT11-01-VMEssentials.vilhena\Trabalho Final\HttpReflector\Contracts\Handler\bin\Debug\Handler.dll" />
      <DeploymentItem filename="C:\Users\gnvilhena\PROMPT\uc01\repos\PROMPT11-01-VMEssentials.vilhena\Trabalho Final\HttpReflector\Contracts\Router\bin\Debug\Router.dll" />
    </Deployment>
    <Execution>
      <TestTypeSpecific />
      <AgentRule name="Execution Agents">
      </AgentRule>
    </Execution>
  </TestSettings>
  <Times creation="2011-05-25T20:51:42.0556640+01:00" queuing="2011-05-25T20:51:42.5019531+01:00" start="2011-05-25T20:51:42.6816406+01:00" finish="2011-05-25T20:51:43.3222656+01:00" />
  <ResultSummary outcome="Completed">
    <Counters total="6" executed="6" passed="6" error="0" failed="0" timeout="0" aborted="0" inconclusive="0" passedButRunAborted="0" notRunnable="0" notExecuted="0" disconnected="0" warning="0" completed="0" inProgress="0" pending="0" />
  </ResultSummary>
  <TestDefinitions>
    <UnitTest name="can_add_route_to_RouteList" storage="c:\users\gnvilhena\prompt\uc01\repos\prompt11-01-vmessentials.vilhena\trabalho final\httpreflector\routers\reflectorrouter.test\bin\debug\reflectorrouter.test.dll" id="d1dee57c-1940-8f04-4f78-b0b16e6ccb9b">
      <Execution id="b4d73d2b-09fe-4204-8674-b71858b2c94b" />
      <TestMethod codeBase="C:/Users/gnvilhena/PROMPT/uc01/repos/PROMPT11-01-VMEssentials.vilhena/Trabalho Final/HttpReflector/Routers/ReflectorRouter.Test/bin/Debug/ReflectorRouter.Test.DLL" adapterTypeName="Microsoft.VisualStudio.TestTools.TestTypes.Unit.UnitTestAdapter, Microsoft.VisualStudio.QualityTools.Tips.UnitTest.Adapter, Version=10.0.0.0, Culture=neutral, PublicKeyToken=b03f5f7f11d50a3a" className="ReflectorRouter.Test.RouterCollection, ReflectorRouter.Test, Version=1.0.0.0, Culture=neutral, PublicKeyToken=null" name="can_add_route_to_RouteList" />
    </UnitTest>
    <UnitTest name="route_works_with_root_ctx_RouteList" storage="c:\users\gnvilhena\prompt\uc01\repos\prompt11-01-vmessentials.vilhena\trabalho final\httpreflector\routers\reflectorrouter.test\bin\debug\reflectorrouter.test.dll" id="49dcdfbe-1770-2b79-57ef-25fbe2214b7e">
      <Execution id="9f06553d-71a8-432e-ac9b-4e9e065a56d2" />
      <TestMethod codeBase="C:/Users/gnvilhena/PROMPT/uc01/repos/PROMPT11-01-VMEssentials.vilhena/Trabalho Final/HttpReflector/Routers/ReflectorRouter.Test/bin/Debug/ReflectorRouter.Test.DLL" adapterTypeName="Microsoft.VisualStudio.TestTools.TestTypes.Unit.UnitTestAdapter, Microsoft.VisualStudio.QualityTools.Tips.UnitTest.Adapter, Version=10.0.0.0, Culture=neutral, PublicKeyToken=b03f5f7f11d50a3a" className="ReflectorRouter.Test.RouterCollection, ReflectorRouter.Test, Version=1.0.0.0, Culture=neutral, PublicKeyToken=null" name="route_works_with_root_ctx_RouteList" />
    </UnitTest>
    <UnitTest name="route_works_with_root_ctx_as_RouteList" storage="c:\users\gnvilhena\prompt\uc01\repos\prompt11-01-vmessentials.vilhena\trabalho final\httpreflector\routers\reflectorrouter.test\bin\debug\reflectorrouter.test.dll" id="d59acf1f-a253-e6cf-7e23-69f312ea7e8e">
      <Execution id="39f98a2d-e207-41fa-ae6f-62319ae245e0" />
      <TestMethod codeBase="C:/Users/gnvilhena/PROMPT/uc01/repos/PROMPT11-01-VMEssentials.vilhena/Trabalho Final/HttpReflector/Routers/ReflectorRouter.Test/bin/Debug/ReflectorRouter.Test.DLL" adapterTypeName="Microsoft.VisualStudio.TestTools.TestTypes.Unit.UnitTestAdapter, Microsoft.VisualStudio.QualityTools.Tips.UnitTest.Adapter, Version=10.0.0.0, Culture=neutral, PublicKeyToken=b03f5f7f11d50a3a" className="ReflectorRouter.Test.RouterCollection, ReflectorRouter.Test, Version=1.0.0.0, Culture=neutral, PublicKeyToken=null" name="route_works_with_root_ctx_as_RouteList" />
    </UnitTest>
    <UnitTest name="can_remove_route_from_RouteList" storage="c:\users\gnvilhena\prompt\uc01\repos\prompt11-01-vmessentials.vilhena\trabalho final\httpreflector\routers\reflectorrouter.test\bin\debug\reflectorrouter.test.dll" id="4c494ddf-b058-6548-1980-d31346170c63">
      <Execution id="0977bfd1-6b31-4dd1-8b93-b7aa7f360db4" />
      <TestMethod codeBase="C:/Users/gnvilhena/PROMPT/uc01/repos/PROMPT11-01-VMEssentials.vilhena/Trabalho Final/HttpReflector/Routers/ReflectorRouter.Test/bin/Debug/ReflectorRouter.Test.DLL" adapterTypeName="Microsoft.VisualStudio.TestTools.TestTypes.Unit.UnitTestAdapter, Microsoft.VisualStudio.QualityTools.Tips.UnitTest.Adapter, Version=10.0.0.0, Culture=neutral, PublicKeyToken=b03f5f7f11d50a3a" className="ReflectorRouter.Test.RouterCollection, ReflectorRouter.Test, Version=1.0.0.0, Culture=neutral, PublicKeyToken=null" name="can_remove_route_from_RouteList" />
    </UnitTest>
    <UnitTest name="route_works_with_root_ctx_ns_RouteList" storage="c:\users\gnvilhena\prompt\uc01\repos\prompt11-01-vmessentials.vilhena\trabalho final\httpreflector\routers\reflectorrouter.test\bin\debug\reflectorrouter.test.dll" id="431fa883-5a55-6054-e257-97faed4cc207">
      <Execution id="94ac0909-904c-457c-8a79-52f523fc67ed" />
      <TestMethod codeBase="C:/Users/gnvilhena/PROMPT/uc01/repos/PROMPT11-01-VMEssentials.vilhena/Trabalho Final/HttpReflector/Routers/ReflectorRouter.Test/bin/Debug/ReflectorRouter.Test.DLL" adapterTypeName="Microsoft.VisualStudio.TestTools.TestTypes.Unit.UnitTestAdapter, Microsoft.VisualStudio.QualityTools.Tips.UnitTest.Adapter, Version=10.0.0.0, Culture=neutral, PublicKeyToken=b03f5f7f11d50a3a" className="ReflectorRouter.Test.RouterCollection, ReflectorRouter.Test, Version=1.0.0.0, Culture=neutral, PublicKeyToken=null" name="route_works_with_root_ctx_ns_RouteList" />
    </UnitTest>
    <UnitTest name="route_works_with_root_only_RouteList" storage="c:\users\gnvilhena\prompt\uc01\repos\prompt11-01-vmessentials.vilhena\trabalho final\httpreflector\routers\reflectorrouter.test\bin\debug\reflectorrouter.test.dll" id="91ac2bfb-733e-51c4-02d0-a2c33b5edafb">
      <Execution id="da78a2bb-7edb-4f62-84a1-3409739de71f" />
      <TestMethod codeBase="C:/Users/gnvilhena/PROMPT/uc01/repos/PROMPT11-01-VMEssentials.vilhena/Trabalho Final/HttpReflector/Routers/ReflectorRouter.Test/bin/Debug/ReflectorRouter.Test.DLL" adapterTypeName="Microsoft.VisualStudio.TestTools.TestTypes.Unit.UnitTestAdapter, Microsoft.VisualStudio.QualityTools.Tips.UnitTest.Adapter, Version=10.0.0.0, Culture=neutral, PublicKeyToken=b03f5f7f11d50a3a" className="ReflectorRouter.Test.RouterCollection, ReflectorRouter.Test, Version=1.0.0.0, Culture=neutral, PublicKeyToken=null" name="route_works_with_root_only_RouteList" />
    </UnitTest>
  </TestDefinitions>
  <TestLists>
    <TestList name="Results Not in a List" id="8c84fa94-04c1-424b-9868-57a2d4851a1d" />
    <TestList name="All Loaded Results" id="19431567-8539-422a-85d7-44ee4e166bda" />
  </TestLists>
  <TestEntries>
    <TestEntry testId="431fa883-5a55-6054-e257-97faed4cc207" executionId="94ac0909-904c-457c-8a79-52f523fc67ed" testListId="8c84fa94-04c1-424b-9868-57a2d4851a1d" />
    <TestEntry testId="49dcdfbe-1770-2b79-57ef-25fbe2214b7e" executionId="9f06553d-71a8-432e-ac9b-4e9e065a56d2" testListId="8c84fa94-04c1-424b-9868-57a2d4851a1d" />
    <TestEntry testId="4c494ddf-b058-6548-1980-d31346170c63" executionId="0977bfd1-6b31-4dd1-8b93-b7aa7f360db4" testListId="8c84fa94-04c1-424b-9868-57a2d4851a1d" />
    <TestEntry testId="91ac2bfb-733e-51c4-02d0-a2c33b5edafb" executionId="da78a2bb-7edb-4f62-84a1-3409739de71f" testListId="8c84fa94-04c1-424b-9868-57a2d4851a1d" />
    <TestEntry testId="d1dee57c-1940-8f04-4f78-b0b16e6ccb9b" executionId="b4d73d2b-09fe-4204-8674-b71858b2c94b" testListId="8c84fa94-04c1-424b-9868-57a2d4851a1d" />
    <TestEntry testId="d59acf1f-a253-e6cf-7e23-69f312ea7e8e" executionId="39f98a2d-e207-41fa-ae6f-62319ae245e0" testListId="8c84fa94-04c1-424b-9868-57a2d4851a1d" />
  </TestEntries>
  <Results>
    <UnitTestResult executionId="94ac0909-904c-457c-8a79-52f523fc67ed" testId="431fa883-5a55-6054-e257-97faed4cc207" testName="route_works_with_root_ctx_ns_RouteList" computerName="BEE" duration="00:00:00.0217600" startTime="2011-05-25T20:51:42.7207031+01:00" endTime="2011-05-25T20:51:43.1425781+01:00" testType="13cdc9d9-ddb5-4fa4-a97d-d965ccfc6d4b" outcome="Passed" testListId="8c84fa94-04c1-424b-9868-57a2d4851a1d" relativeResultsDirectory="94ac0909-904c-457c-8a79-52f523fc67ed">
    </UnitTestResult>
    <UnitTestResult executionId="9f06553d-71a8-432e-ac9b-4e9e065a56d2" testId="49dcdfbe-1770-2b79-57ef-25fbe2214b7e" testName="route_works_with_root_ctx_RouteList" computerName="BEE" startTime="2011-05-25T20:51:43.1425781+01:00" endTime="2011-05-25T20:51:43.1503906+01:00" testType="13cdc9d9-ddb5-4fa4-a97d-d965ccfc6d4b" outcome="Passed" testListId="8c84fa94-04c1-424b-9868-57a2d4851a1d" relativeResultsDirectory="9f06553d-71a8-432e-ac9b-4e9e065a56d2">
    </UnitTestResult>
    <UnitTestResult executionId="0977bfd1-6b31-4dd1-8b93-b7aa7f360db4" testId="4c494ddf-b058-6548-1980-d31346170c63" testName="can_remove_route_from_RouteList" computerName="BEE" startTime="2011-05-25T20:51:43.1582031+01:00" endTime="2011-05-25T20:51:43.1972656+01:00" testType="13cdc9d9-ddb5-4fa4-a97d-d965ccfc6d4b" outcome="Passed" testListId="8c84fa94-04c1-424b-9868-57a2d4851a1d" relativeResultsDirectory="0977bfd1-6b31-4dd1-8b93-b7aa7f360db4">
    </UnitTestResult>
    <UnitTestResult executionId="da78a2bb-7edb-4f62-84a1-3409739de71f" testId="91ac2bfb-733e-51c4-02d0-a2c33b5edafb" testName="route_works_with_root_only_RouteList" computerName="BEE" startTime="2011-05-25T20:51:43.2050781+01:00" endTime="2011-05-25T20:51:43.2207031+01:00" testType="13cdc9d9-ddb5-4fa4-a97d-d965ccfc6d4b" outcome="Passed" testListId="8c84fa94-04c1-424b-9868-57a2d4851a1d" relativeResultsDirectory="da78a2bb-7edb-4f62-84a1-3409739de71f">
    </UnitTestResult>
    <UnitTestResult executionId="b4d73d2b-09fe-4204-8674-b71858b2c94b" testId="d1dee57c-1940-8f04-4f78-b0b16e6ccb9b" testName="can_add_route_to_RouteList" computerName="BEE" duration="00:00:00.0017820" startTime="2011-05-25T20:51:43.2285156+01:00" endTime="2011-05-25T20:51:43.2363281+01:00" testType="13cdc9d9-ddb5-4fa4-a97d-d965ccfc6d4b" outcome="Passed" testListId="8c84fa94-04c1-424b-9868-57a2d4851a1d" relativeResultsDirectory="b4d73d2b-09fe-4204-8674-b71858b2c94b">
    </UnitTestResult>
    <UnitTestResult executionId="39f98a2d-e207-41fa-ae6f-62319ae245e0" testId="d59acf1f-a253-e6cf-7e23-69f312ea7e8e" testName="route_works_with_root_ctx_as_RouteList" computerName="BEE" duration="00:00:00.0009660" startTime="2011-05-25T20:51:43.2363281+01:00" endTime="2011-05-25T20:51:43.2441406+01:00" testType="13cdc9d9-ddb5-4fa4-a97d-d965ccfc6d4b" outcome="Passed" testListId="8c84fa94-04c1-424b-9868-57a2d4851a1d" relativeResultsDirectory="39f98a2d-e207-41fa-ae6f-62319ae245e0">
    </UnitTestResult>
  </Results>
</TestRun>