<?xml version="1.0" encoding="UTF-8"?>
<TestRun id="c5f31480-9b50-440e-b5b0-5feaf060ad99" name="gnvilhena@BEE 2011-05-31 19:55:26" runUser="BEE\gnvilhena" xmlns="http://microsoft.com/schemas/VisualStudio/TeamTest/2010">
  <TestSettings name="Local" id="4a322428-db0d-47e0-9f3e-eb99e6e4bb7a">
    <Description>These are default test settings for a local test run.</Description>
    <Deployment enabled="false" runDeploymentRoot="gnvilhena_BEE 2011-05-31 19_55_26">
      <DeploymentItem filename="C:\Users\gnvilhena\PROMPT\uc01\repos\PROMPT11-01-VMEssentials.vilhena\Trabalho Final\HttpReflector\Contracts\View\bin\Debug\View.dll" />
      <DeploymentItem filename="C:\Users\gnvilhena\PROMPT\uc01\repos\PROMPT11-01-VMEssentials.vilhena\Trabalho Final\HttpReflector\Contracts\UIBinder\bin\Debug\UIBinder.dll" />
      <DeploymentItem filename="C:\Users\gnvilhena\PROMPT\uc01\repos\PROMPT11-01-VMEssentials.vilhena\Trabalho Final\HttpReflector\Utils\Tree\bin\Debug\Tree.dll" />
      <DeploymentItem filename="C:\Users\gnvilhena\PROMPT\uc01\repos\PROMPT11-01-VMEssentials.vilhena\Trabalho Final\HttpReflector\Contracts\Router\bin\Debug\Router.dll" />
      <DeploymentItem filename="C:\Users\gnvilhena\PROMPT\uc01\repos\PROMPT11-01-VMEssentials.vilhena\Trabalho Final\HttpReflector\Routers\ReflectorRouter\bin\Debug\ReflectorRouter.dll" />
      <DeploymentItem filename="C:\Users\gnvilhena\PROMPT\uc01\repos\PROMPT11-01-VMEssentials.vilhena\Trabalho Final\HttpReflector\Contracts\Handler\bin\Debug\Handler.dll" />
      <DeploymentItem filename="C:\Users\gnvilhena\PROMPT\uc01\repos\PROMPT11-01-VMEssentials.vilhena\Trabalho Final\HttpReflector\HttpBinder\bin\Debug\HttpBinder.dll" />
      <DeploymentItem filename="C:\Users\gnvilhena\PROMPT\uc01\repos\PROMPT11-01-VMEssentials.vilhena\Trabalho Final\HttpReflector\Handlers\ReflectorHandler\bin\Debug\ReflectorHandler.dll" />
      <DeploymentItem filename="C:\Users\gnvilhena\PROMPT\uc01\repos\PROMPT11-01-VMEssentials.vilhena\Trabalho Final\HttpReflector\Controllers\AssemblyReflector\bin\Debug\AssemblyReflector.dll" />
      <DeploymentItem filename="C:\Users\gnvilhena\PROMPT\uc01\repos\PROMPT11-01-VMEssentials.vilhena\Trabalho Final\HttpReflector\Views\ReflectorView\bin\Debug\ReflectorView.dll" />
    </Deployment>
    <Execution>
      <TestTypeSpecific />
      <AgentRule name="Execution Agents">
      </AgentRule>
    </Execution>
  </TestSettings>
  <Times creation="2011-05-31T19:55:26.0507812+01:00" queuing="2011-05-31T19:55:26.4492187+01:00" start="2011-05-31T19:55:26.5351562+01:00" finish="2011-05-31T19:55:30.4648437+01:00" />
  <ResultSummary outcome="Failed">
    <Counters total="44" executed="44" passed="42" error="0" failed="2" timeout="0" aborted="0" inconclusive="0" passedButRunAborted="0" notRunnable="0" notExecuted="0" disconnected="0" warning="0" completed="0" inProgress="0" pending="0" />
  </ResultSummary>
  <TestDefinitions>
    <UnitTest name="GetAssemblyInvalidContextThrowsInvalidContextException" storage="c:\users\gnvilhena\prompt\uc01\repos\prompt11-01-vmessentials.vilhena\trabalho final\httpreflector\assemblymodel.test\bin\debug\assemblymodel.test.dll" id="516b6c68-c5e5-bf9c-2c60-a4dfddc51fb8">
      <Execution id="686dd36f-9675-4dcf-a0bf-81f26b4ee8bf" />
      <TestMethod codeBase="C:/Users/gnvilhena/PROMPT/uc01/repos/PROMPT11-01-VMEssentials.vilhena/Trabalho Final/HttpReflector/AssemblyModel.Test/bin/Debug/AssemblyModel.Test.DLL" adapterTypeName="Microsoft.VisualStudio.TestTools.TestTypes.Unit.UnitTestAdapter, Microsoft.VisualStudio.QualityTools.Tips.UnitTest.Adapter, Version=10.0.0.0, Culture=neutral, PublicKeyToken=b03f5f7f11d50a3a" className="AssemblyModelTest.AssemblyModelTest, AssemblyModel.Test, Version=1.0.0.0, Culture=neutral, PublicKeyToken=null" name="GetAssemblyInvalidContextThrowsInvalidContextException" />
    </UnitTest>
    <UnitTest name="ListAllContextNamespacesContextModel" storage="c:\users\gnvilhena\prompt\uc01\repos\prompt11-01-vmessentials.vilhena\trabalho final\httpreflector\assemblymodel.test\bin\debug\assemblymodel.test.dll" id="1133a30c-721f-dfb0-6e8e-fc4e09453bba">
      <Execution id="a6fa6171-8d9a-451f-b6bd-927806458766" />
      <TestMethod codeBase="C:/Users/gnvilhena/PROMPT/uc01/repos/PROMPT11-01-VMEssentials.vilhena/Trabalho Final/HttpReflector/AssemblyModel.Test/bin/Debug/AssemblyModel.Test.DLL" adapterTypeName="Microsoft.VisualStudio.TestTools.TestTypes.Unit.UnitTestAdapter, Microsoft.VisualStudio.QualityTools.Tips.UnitTest.Adapter, Version=10.0.0.0, Culture=neutral, PublicKeyToken=b03f5f7f11d50a3a" className="AssemblyModelTest.AssemblyModelTest, AssemblyModel.Test, Version=1.0.0.0, Culture=neutral, PublicKeyToken=null" name="ListAllContextNamespacesContextModel" />
    </UnitTest>
    <UnitTest name="ContextHandlerRunReturnsContextView" storage="c:\users\gnvilhena\prompt\uc01\repos\prompt11-01-vmessentials.vilhena\trabalho final\httpreflector\handlers\reflectorhandler.test\bin\debug\reflectorhandler.test.dll" id="bb30f44f-1527-608e-f2e3-9596925858db">
      <Execution id="6aaee8e3-3385-41aa-96a4-de9c60190650" />
      <TestMethod codeBase="C:/Users/gnvilhena/PROMPT/uc01/repos/PROMPT11-01-VMEssentials.vilhena/Trabalho Final/HttpReflector/Handlers/ReflectorHandler.Test/bin/Debug/ReflectorHandler.Test.DLL" adapterTypeName="Microsoft.VisualStudio.TestTools.TestTypes.Unit.UnitTestAdapter, Microsoft.VisualStudio.QualityTools.Tips.UnitTest.Adapter, Version=10.0.0.0, Culture=neutral, PublicKeyToken=b03f5f7f11d50a3a" className="ReflectorHandler.Test.ReflectorHandlerTest, ReflectorHandler.Test, Version=1.0.0.0, Culture=neutral, PublicKeyToken=null" name="ContextHandlerRunReturnsContextView" />
    </UnitTest>
    <UnitTest name="ContainsResultsTrueRootValueOnNewTree" storage="c:\users\gnvilhena\prompt\uc01\repos\prompt11-01-vmessentials.vilhena\trabalho final\httpreflector\utils\tree.test\bin\debug\tree.test.dll" id="4b243ddf-9b4e-7f68-2282-1d15a85bab9b">
      <Execution id="b62f46b0-98f8-42e7-ba91-dad687e2fcbd" />
      <TestMethod codeBase="C:/Users/gnvilhena/PROMPT/uc01/repos/PROMPT11-01-VMEssentials.vilhena/Trabalho Final/HttpReflector/Utils/Tree.Test/bin/Debug/Tree.Test.DLL" adapterTypeName="Microsoft.VisualStudio.TestTools.TestTypes.Unit.UnitTestAdapter, Microsoft.VisualStudio.QualityTools.Tips.UnitTest.Adapter, Version=10.0.0.0, Culture=neutral, PublicKeyToken=b03f5f7f11d50a3a" className="HttpReflector.Utils.Test.TreeTest, Tree.Test, Version=1.0.0.0, Culture=neutral, PublicKeyToken=null" name="ContainsResultsTrueRootValueOnNewTree" />
    </UnitTest>
    <UnitTest name="GetContextNamespaceContextModel" storage="c:\users\gnvilhena\prompt\uc01\repos\prompt11-01-vmessentials.vilhena\trabalho final\httpreflector\assemblymodel.test\bin\debug\assemblymodel.test.dll" id="43754c34-18a7-b891-3c8a-c6f51c87076d">
      <Execution id="2a243dba-c79c-4697-9fc1-fec900eec9fa" />
      <TestMethod codeBase="C:/Users/gnvilhena/PROMPT/uc01/repos/PROMPT11-01-VMEssentials.vilhena/Trabalho Final/HttpReflector/AssemblyModel.Test/bin/Debug/AssemblyModel.Test.DLL" adapterTypeName="Microsoft.VisualStudio.TestTools.TestTypes.Unit.UnitTestAdapter, Microsoft.VisualStudio.QualityTools.Tips.UnitTest.Adapter, Version=10.0.0.0, Culture=neutral, PublicKeyToken=b03f5f7f11d50a3a" className="AssemblyModelTest.AssemblyModelTest, AssemblyModel.Test, Version=1.0.0.0, Culture=neutral, PublicKeyToken=null" name="GetContextNamespaceContextModel" />
    </UnitTest>
    <UnitTest name="AddValueToTree" storage="c:\users\gnvilhena\prompt\uc01\repos\prompt11-01-vmessentials.vilhena\trabalho final\httpreflector\utils\tree.test\bin\debug\tree.test.dll" id="2896e079-7af6-aed4-10c7-ee442a00cf0b">
      <Execution id="e6424258-aa6c-4fb3-9eea-20e79dbe5108" />
      <TestMethod codeBase="C:/Users/gnvilhena/PROMPT/uc01/repos/PROMPT11-01-VMEssentials.vilhena/Trabalho Final/HttpReflector/Utils/Tree.Test/bin/Debug/Tree.Test.DLL" adapterTypeName="Microsoft.VisualStudio.TestTools.TestTypes.Unit.UnitTestAdapter, Microsoft.VisualStudio.QualityTools.Tips.UnitTest.Adapter, Version=10.0.0.0, Culture=neutral, PublicKeyToken=b03f5f7f11d50a3a" className="HttpReflector.Utils.Test.TreeTest, Tree.Test, Version=1.0.0.0, Culture=neutral, PublicKeyToken=null" name="AddValueToTree" />
    </UnitTest>
    <UnitTest name="CanRemoveRouteFromRouteList" storage="c:\users\gnvilhena\prompt\uc01\repos\prompt11-01-vmessentials.vilhena\trabalho final\httpreflector\routers\reflectorrouter.test\bin\debug\reflectorrouter.test.dll" id="f29e5863-186a-4825-2df2-0578747f784d">
      <Execution id="b3e26ecd-685a-4289-8d83-2d8f6013f1b9" />
      <TestMethod codeBase="C:/Users/gnvilhena/PROMPT/uc01/repos/PROMPT11-01-VMEssentials.vilhena/Trabalho Final/HttpReflector/Routers/ReflectorRouter.Test/bin/Debug/ReflectorRouter.Test.DLL" adapterTypeName="Microsoft.VisualStudio.TestTools.TestTypes.Unit.UnitTestAdapter, Microsoft.VisualStudio.QualityTools.Tips.UnitTest.Adapter, Version=10.0.0.0, Culture=neutral, PublicKeyToken=b03f5f7f11d50a3a" className="ReflectorRouter.Test.RouterCollection, ReflectorRouter.Test, Version=1.0.0.0, Culture=neutral, PublicKeyToken=null" name="CanRemoveRouteFromRouteList" />
    </UnitTest>
    <UnitTest name="RouteWorksWithRootCtxNsRouteList" storage="c:\users\gnvilhena\prompt\uc01\repos\prompt11-01-vmessentials.vilhena\trabalho final\httpreflector\routers\reflectorrouter.test\bin\debug\reflectorrouter.test.dll" id="b4271458-837d-82fd-cbce-5eb1f16a31d0">
      <Execution id="b32924b4-fba4-4a61-ba7d-c0460ab614d0" />
      <TestMethod codeBase="C:/Users/gnvilhena/PROMPT/uc01/repos/PROMPT11-01-VMEssentials.vilhena/Trabalho Final/HttpReflector/Routers/ReflectorRouter.Test/bin/Debug/ReflectorRouter.Test.DLL" adapterTypeName="Microsoft.VisualStudio.TestTools.TestTypes.Unit.UnitTestAdapter, Microsoft.VisualStudio.QualityTools.Tips.UnitTest.Adapter, Version=10.0.0.0, Culture=neutral, PublicKeyToken=b03f5f7f11d50a3a" className="ReflectorRouter.Test.RouterCollection, ReflectorRouter.Test, Version=1.0.0.0, Culture=neutral, PublicKeyToken=null" name="RouteWorksWithRootCtxNsRouteList" />
    </UnitTest>
    <UnitTest name="RouteSeekReturnsAllKeysNoRouteResult" storage="c:\users\gnvilhena\prompt\uc01\repos\prompt11-01-vmessentials.vilhena\trabalho final\httpreflector\routers\reflectorrouter.test\bin\debug\reflectorrouter.test.dll" id="763d97fc-65a9-0500-6fa8-bf1f09a15e0c">
      <Execution id="fbed23a4-70e9-4450-9ef9-416c92832510" />
      <TestMethod codeBase="C:/Users/gnvilhena/PROMPT/uc01/repos/PROMPT11-01-VMEssentials.vilhena/Trabalho Final/HttpReflector/Routers/ReflectorRouter.Test/bin/Debug/ReflectorRouter.Test.DLL" adapterTypeName="Microsoft.VisualStudio.TestTools.TestTypes.Unit.UnitTestAdapter, Microsoft.VisualStudio.QualityTools.Tips.UnitTest.Adapter, Version=10.0.0.0, Culture=neutral, PublicKeyToken=b03f5f7f11d50a3a" className="ReflectorRouter.Test.RouterCollection, ReflectorRouter.Test, Version=1.0.0.0, Culture=neutral, PublicKeyToken=null" name="RouteSeekReturnsAllKeysNoRouteResult" />
    </UnitTest>
    <UnitTest name="CanFindRootValueThrowsKeyNotFoundTreeExceptionOnNewTree" storage="c:\users\gnvilhena\prompt\uc01\repos\prompt11-01-vmessentials.vilhena\trabalho final\httpreflector\utils\tree.test\bin\debug\tree.test.dll" id="4854cc04-4aff-cc7f-b81a-0d628dd3edee">
      <Execution id="5f3dd110-fd06-4405-a8e3-828ded83fc5f" />
      <TestMethod codeBase="C:/Users/gnvilhena/PROMPT/uc01/repos/PROMPT11-01-VMEssentials.vilhena/Trabalho Final/HttpReflector/Utils/Tree.Test/bin/Debug/Tree.Test.DLL" adapterTypeName="Microsoft.VisualStudio.TestTools.TestTypes.Unit.UnitTestAdapter, Microsoft.VisualStudio.QualityTools.Tips.UnitTest.Adapter, Version=10.0.0.0, Culture=neutral, PublicKeyToken=b03f5f7f11d50a3a" className="HttpReflector.Utils.Test.TreeTest, Tree.Test, Version=1.0.0.0, Culture=neutral, PublicKeyToken=null" name="CanFindRootValueThrowsKeyNotFoundTreeExceptionOnNewTree" />
    </UnitTest>
    <UnitTest name="GetContextAssemblyContextModel" storage="c:\users\gnvilhena\prompt\uc01\repos\prompt11-01-vmessentials.vilhena\trabalho final\httpreflector\assemblymodel.test\bin\debug\assemblymodel.test.dll" id="791f5605-823c-1bb5-35fe-ba025a3168fa">
      <Execution id="c62f9f8a-3503-4f3d-b46b-f41d906d475a" />
      <TestMethod codeBase="C:/Users/gnvilhena/PROMPT/uc01/repos/PROMPT11-01-VMEssentials.vilhena/Trabalho Final/HttpReflector/AssemblyModel.Test/bin/Debug/AssemblyModel.Test.DLL" adapterTypeName="Microsoft.VisualStudio.TestTools.TestTypes.Unit.UnitTestAdapter, Microsoft.VisualStudio.QualityTools.Tips.UnitTest.Adapter, Version=10.0.0.0, Culture=neutral, PublicKeyToken=b03f5f7f11d50a3a" className="AssemblyModelTest.AssemblyModelTest, AssemblyModel.Test, Version=1.0.0.0, Culture=neutral, PublicKeyToken=null" name="GetContextAssemblyContextModel" />
    </UnitTest>
    <UnitTest name="CanAddValueToEmpyTree" storage="c:\users\gnvilhena\prompt\uc01\repos\prompt11-01-vmessentials.vilhena\trabalho final\httpreflector\utils\tree.test\bin\debug\tree.test.dll" id="fbf8eef2-92a0-6d2b-a3cb-60c176d03a3c">
      <Execution id="6da5db64-bb7a-4e23-89f9-0db869afd80f" />
      <TestMethod codeBase="C:/Users/gnvilhena/PROMPT/uc01/repos/PROMPT11-01-VMEssentials.vilhena/Trabalho Final/HttpReflector/Utils/Tree.Test/bin/Debug/Tree.Test.DLL" adapterTypeName="Microsoft.VisualStudio.TestTools.TestTypes.Unit.UnitTestAdapter, Microsoft.VisualStudio.QualityTools.Tips.UnitTest.Adapter, Version=10.0.0.0, Culture=neutral, PublicKeyToken=b03f5f7f11d50a3a" className="HttpReflector.Utils.Test.TreeTest, Tree.Test, Version=1.0.0.0, Culture=neutral, PublicKeyToken=null" name="CanAddValueToEmpyTree" />
    </UnitTest>
    <UnitTest name="RouteWorksWithRootCtxNsNamespaceShortnameRouteList" storage="c:\users\gnvilhena\prompt\uc01\repos\prompt11-01-vmessentials.vilhena\trabalho final\httpreflector\routers\reflectorrouter.test\bin\debug\reflectorrouter.test.dll" id="9a7e0ce8-a890-76e5-0515-e3311e06f037">
      <Execution id="6e70b2ab-6803-454e-bd5b-6f293f6ba099" />
      <TestMethod codeBase="C:/Users/gnvilhena/PROMPT/uc01/repos/PROMPT11-01-VMEssentials.vilhena/Trabalho Final/HttpReflector/Routers/ReflectorRouter.Test/bin/Debug/ReflectorRouter.Test.DLL" adapterTypeName="Microsoft.VisualStudio.TestTools.TestTypes.Unit.UnitTestAdapter, Microsoft.VisualStudio.QualityTools.Tips.UnitTest.Adapter, Version=10.0.0.0, Culture=neutral, PublicKeyToken=b03f5f7f11d50a3a" className="ReflectorRouter.Test.RouterCollection, ReflectorRouter.Test, Version=1.0.0.0, Culture=neutral, PublicKeyToken=null" name="RouteWorksWithRootCtxNsNamespaceShortnameRouteList" />
    </UnitTest>
    <UnitTest name="RouteSeekReturnsValidHandlerNoRouteResult" storage="c:\users\gnvilhena\prompt\uc01\repos\prompt11-01-vmessentials.vilhena\trabalho final\httpreflector\routers\reflectorrouter.test\bin\debug\reflectorrouter.test.dll" id="3066abf0-bbdc-e93d-f8b9-d7f77efca76e">
      <Execution id="540ce957-40cd-4459-b59e-d0a12e3b9ddd" />
      <TestMethod codeBase="C:/Users/gnvilhena/PROMPT/uc01/repos/PROMPT11-01-VMEssentials.vilhena/Trabalho Final/HttpReflector/Routers/ReflectorRouter.Test/bin/Debug/ReflectorRouter.Test.DLL" adapterTypeName="Microsoft.VisualStudio.TestTools.TestTypes.Unit.UnitTestAdapter, Microsoft.VisualStudio.QualityTools.Tips.UnitTest.Adapter, Version=10.0.0.0, Culture=neutral, PublicKeyToken=b03f5f7f11d50a3a" className="ReflectorRouter.Test.RouterCollection, ReflectorRouter.Test, Version=1.0.0.0, Culture=neutral, PublicKeyToken=null" name="RouteSeekReturnsValidHandlerNoRouteResult" />
    </UnitTest>
    <UnitTest name="HttpDoNotRespondsToPut" storage="c:\users\gnvilhena\prompt\uc01\repos\prompt11-01-vmessentials.vilhena\trabalho final\httpreflector\uibinder\httpbinder.test\bin\debug\httpbinder.test.dll" id="70554a9f-74b8-3727-a9b7-50662ba5487c">
      <Execution id="7f36daab-049d-41e0-b592-df79f6bf1103" />
      <TestMethod codeBase="C:/Users/gnvilhena/PROMPT/uc01/repos/PROMPT11-01-VMEssentials.vilhena/Trabalho Final/HttpReflector/UIBinder/HttpBinder.Test/bin/Debug/HttpBinder.Test.DLL" adapterTypeName="Microsoft.VisualStudio.TestTools.TestTypes.Unit.UnitTestAdapter, Microsoft.VisualStudio.QualityTools.Tips.UnitTest.Adapter, Version=10.0.0.0, Culture=neutral, PublicKeyToken=b03f5f7f11d50a3a" className="HttpReflector.UIBinders.Test.HttpBinderTest, HttpBinder.Test, Version=1.0.0.0, Culture=neutral, PublicKeyToken=null" name="HttpDoNotRespondsToPut" />
    </UnitTest>
    <UnitTest name="AttributeHandlerMapBinderContextHandlerTest" storage="c:\users\gnvilhena\prompt\uc01\repos\prompt11-01-vmessentials.vilhena\trabalho final\httpreflector\handlers\reflectorhandler.test\bin\debug\reflectorhandler.test.dll" id="389da098-b87e-66a6-9007-b99aec4daf3e">
      <Execution id="21920f8e-3f4b-4ebb-b345-b8d4bc3a29a4" />
      <TestMethod codeBase="C:/Users/gnvilhena/PROMPT/uc01/repos/PROMPT11-01-VMEssentials.vilhena/Trabalho Final/HttpReflector/Handlers/ReflectorHandler.Test/bin/Debug/ReflectorHandler.Test.DLL" adapterTypeName="Microsoft.VisualStudio.TestTools.TestTypes.Unit.UnitTestAdapter, Microsoft.VisualStudio.QualityTools.Tips.UnitTest.Adapter, Version=10.0.0.0, Culture=neutral, PublicKeyToken=b03f5f7f11d50a3a" className="ReflectorHandler.Test.ReflectorHandlerTest, ReflectorHandler.Test, Version=1.0.0.0, Culture=neutral, PublicKeyToken=null" name="AttributeHandlerMapBinderContextHandlerTest" />
    </UnitTest>
    <UnitTest name="CanFindRootValueOnNewTree" storage="c:\users\gnvilhena\prompt\uc01\repos\prompt11-01-vmessentials.vilhena\trabalho final\httpreflector\utils\tree.test\bin\debug\tree.test.dll" id="544a66b2-c234-6aa7-d3b7-57315f613540">
      <Execution id="df8f72d2-01ae-489a-a5af-2a04fd196668" />
      <TestMethod codeBase="C:/Users/gnvilhena/PROMPT/uc01/repos/PROMPT11-01-VMEssentials.vilhena/Trabalho Final/HttpReflector/Utils/Tree.Test/bin/Debug/Tree.Test.DLL" adapterTypeName="Microsoft.VisualStudio.TestTools.TestTypes.Unit.UnitTestAdapter, Microsoft.VisualStudio.QualityTools.Tips.UnitTest.Adapter, Version=10.0.0.0, Culture=neutral, PublicKeyToken=b03f5f7f11d50a3a" className="HttpReflector.Utils.Test.TreeTest, Tree.Test, Version=1.0.0.0, Culture=neutral, PublicKeyToken=null" name="CanFindRootValueOnNewTree" />
    </UnitTest>
    <UnitTest name="GetContextUsingInvalidContextThrowsInvalidContextExceptionContextModel" storage="c:\users\gnvilhena\prompt\uc01\repos\prompt11-01-vmessentials.vilhena\trabalho final\httpreflector\assemblymodel.test\bin\debug\assemblymodel.test.dll" id="64a16abf-270a-7737-c6db-2335bfd6d654">
      <Execution id="9fedb533-563a-41fd-a44d-26f9745f1adc" />
      <TestMethod codeBase="C:/Users/gnvilhena/PROMPT/uc01/repos/PROMPT11-01-VMEssentials.vilhena/Trabalho Final/HttpReflector/AssemblyModel.Test/bin/Debug/AssemblyModel.Test.DLL" adapterTypeName="Microsoft.VisualStudio.TestTools.TestTypes.Unit.UnitTestAdapter, Microsoft.VisualStudio.QualityTools.Tips.UnitTest.Adapter, Version=10.0.0.0, Culture=neutral, PublicKeyToken=b03f5f7f11d50a3a" className="AssemblyModelTest.AssemblyModelTest, AssemblyModel.Test, Version=1.0.0.0, Culture=neutral, PublicKeyToken=null" name="GetContextUsingInvalidContextThrowsInvalidContextExceptionContextModel" />
    </UnitTest>
    <UnitTest name="RouteWorksWithRootCtxNsNamespacePrefixRouteList" storage="c:\users\gnvilhena\prompt\uc01\repos\prompt11-01-vmessentials.vilhena\trabalho final\httpreflector\routers\reflectorrouter.test\bin\debug\reflectorrouter.test.dll" id="24823888-f50a-301e-fcbe-a102f5185a0e">
      <Execution id="8e82c1d1-b16d-4fde-918a-d7246299704b" />
      <TestMethod codeBase="C:/Users/gnvilhena/PROMPT/uc01/repos/PROMPT11-01-VMEssentials.vilhena/Trabalho Final/HttpReflector/Routers/ReflectorRouter.Test/bin/Debug/ReflectorRouter.Test.DLL" adapterTypeName="Microsoft.VisualStudio.TestTools.TestTypes.Unit.UnitTestAdapter, Microsoft.VisualStudio.QualityTools.Tips.UnitTest.Adapter, Version=10.0.0.0, Culture=neutral, PublicKeyToken=b03f5f7f11d50a3a" className="ReflectorRouter.Test.RouterCollection, ReflectorRouter.Test, Version=1.0.0.0, Culture=neutral, PublicKeyToken=null" name="RouteWorksWithRootCtxNsNamespacePrefixRouteList" />
    </UnitTest>
    <UnitTest name="CanAddRouteToRouteList" storage="c:\users\gnvilhena\prompt\uc01\repos\prompt11-01-vmessentials.vilhena\trabalho final\httpreflector\routers\reflectorrouter.test\bin\debug\reflectorrouter.test.dll" id="274768e3-c15c-eb07-7b78-2aec20a6e315">
      <Execution id="0c543647-338b-4df3-b67e-3ea963ac4244" />
      <TestMethod codeBase="C:/Users/gnvilhena/PROMPT/uc01/repos/PROMPT11-01-VMEssentials.vilhena/Trabalho Final/HttpReflector/Routers/ReflectorRouter.Test/bin/Debug/ReflectorRouter.Test.DLL" adapterTypeName="Microsoft.VisualStudio.TestTools.TestTypes.Unit.UnitTestAdapter, Microsoft.VisualStudio.QualityTools.Tips.UnitTest.Adapter, Version=10.0.0.0, Culture=neutral, PublicKeyToken=b03f5f7f11d50a3a" className="ReflectorRouter.Test.RouterCollection, ReflectorRouter.Test, Version=1.0.0.0, Culture=neutral, PublicKeyToken=null" name="CanAddRouteToRouteList" />
    </UnitTest>
    <UnitTest name="RouteWorksWithRootCtxNsNamespaceShortnameREventNameRouteList" storage="c:\users\gnvilhena\prompt\uc01\repos\prompt11-01-vmessentials.vilhena\trabalho final\httpreflector\routers\reflectorrouter.test\bin\debug\reflectorrouter.test.dll" id="f034a3de-7207-22c6-01d4-83591bfbd103">
      <Execution id="3fdb198a-1898-4573-b705-67c94abab8c4" />
      <TestMethod codeBase="C:/Users/gnvilhena/PROMPT/uc01/repos/PROMPT11-01-VMEssentials.vilhena/Trabalho Final/HttpReflector/Routers/ReflectorRouter.Test/bin/Debug/ReflectorRouter.Test.DLL" adapterTypeName="Microsoft.VisualStudio.TestTools.TestTypes.Unit.UnitTestAdapter, Microsoft.VisualStudio.QualityTools.Tips.UnitTest.Adapter, Version=10.0.0.0, Culture=neutral, PublicKeyToken=b03f5f7f11d50a3a" className="ReflectorRouter.Test.RouterCollection, ReflectorRouter.Test, Version=1.0.0.0, Culture=neutral, PublicKeyToken=null" name="RouteWorksWithRootCtxNsNamespaceShortnameREventNameRouteList" />
    </UnitTest>
    <UnitTest name="HttpRespondsToGet" storage="c:\users\gnvilhena\prompt\uc01\repos\prompt11-01-vmessentials.vilhena\trabalho final\httpreflector\uibinder\httpbinder.test\bin\debug\httpbinder.test.dll" id="3afaef20-45fe-8c7b-e6f8-8c1c22a0164e">
      <Execution id="d46c8d3e-9d86-4739-a300-f222e993c54f" />
      <TestMethod codeBase="C:/Users/gnvilhena/PROMPT/uc01/repos/PROMPT11-01-VMEssentials.vilhena/Trabalho Final/HttpReflector/UIBinder/HttpBinder.Test/bin/Debug/HttpBinder.Test.DLL" adapterTypeName="Microsoft.VisualStudio.TestTools.TestTypes.Unit.UnitTestAdapter, Microsoft.VisualStudio.QualityTools.Tips.UnitTest.Adapter, Version=10.0.0.0, Culture=neutral, PublicKeyToken=b03f5f7f11d50a3a" className="HttpReflector.UIBinders.Test.HttpBinderTest, HttpBinder.Test, Version=1.0.0.0, Culture=neutral, PublicKeyToken=null" name="HttpRespondsToGet" />
    </UnitTest>
    <UnitTest name="RootHandlerRunReturnsRootView" storage="c:\users\gnvilhena\prompt\uc01\repos\prompt11-01-vmessentials.vilhena\trabalho final\httpreflector\handlers\reflectorhandler.test\bin\debug\reflectorhandler.test.dll" id="954e1d53-145a-8f6e-7826-1c67d91bf336">
      <Execution id="97b48613-18a2-4c53-a722-3a3a42a696bf" />
      <TestMethod codeBase="C:/Users/gnvilhena/PROMPT/uc01/repos/PROMPT11-01-VMEssentials.vilhena/Trabalho Final/HttpReflector/Handlers/ReflectorHandler.Test/bin/Debug/ReflectorHandler.Test.DLL" adapterTypeName="Microsoft.VisualStudio.TestTools.TestTypes.Unit.UnitTestAdapter, Microsoft.VisualStudio.QualityTools.Tips.UnitTest.Adapter, Version=10.0.0.0, Culture=neutral, PublicKeyToken=b03f5f7f11d50a3a" className="ReflectorHandler.Test.ReflectorHandlerTest, ReflectorHandler.Test, Version=1.0.0.0, Culture=neutral, PublicKeyToken=null" name="RootHandlerRunReturnsRootView" />
    </UnitTest>
    <UnitTest name="RouteWorksWithRootCtxNsNamespaceShortnameFFieldNameRouteList" storage="c:\users\gnvilhena\prompt\uc01\repos\prompt11-01-vmessentials.vilhena\trabalho final\httpreflector\routers\reflectorrouter.test\bin\debug\reflectorrouter.test.dll" id="e64fdd11-a1b1-7a84-b4bf-d58eaa26c62d">
      <Execution id="43e85eb1-e51a-4905-b72a-94a6a9f34238" />
      <TestMethod codeBase="C:/Users/gnvilhena/PROMPT/uc01/repos/PROMPT11-01-VMEssentials.vilhena/Trabalho Final/HttpReflector/Routers/ReflectorRouter.Test/bin/Debug/ReflectorRouter.Test.DLL" adapterTypeName="Microsoft.VisualStudio.TestTools.TestTypes.Unit.UnitTestAdapter, Microsoft.VisualStudio.QualityTools.Tips.UnitTest.Adapter, Version=10.0.0.0, Culture=neutral, PublicKeyToken=b03f5f7f11d50a3a" className="ReflectorRouter.Test.RouterCollection, ReflectorRouter.Test, Version=1.0.0.0, Culture=neutral, PublicKeyToken=null" name="RouteWorksWithRootCtxNsNamespaceShortnameFFieldNameRouteList" />
    </UnitTest>
    <UnitTest name="TestMethod1" storage="c:\users\gnvilhena\prompt\uc01\repos\prompt11-01-vmessentials.vilhena\trabalho final\httpreflector\routers\reflectorrouter.test\bin\debug\reflectorrouter.test.dll" id="b0f21b38-dcb0-e06e-8018-a9f9c11847e2">
      <Execution id="ebad8813-bd5d-4219-af9a-a1a0decdc04d" />
      <TestMethod codeBase="C:/Users/gnvilhena/PROMPT/uc01/repos/PROMPT11-01-VMEssentials.vilhena/Trabalho Final/HttpReflector/Routers/ReflectorRouter.Test/bin/Debug/ReflectorRouter.Test.DLL" adapterTypeName="Microsoft.VisualStudio.TestTools.TestTypes.Unit.UnitTestAdapter, Microsoft.VisualStudio.QualityTools.Tips.UnitTest.Adapter, Version=10.0.0.0, Culture=neutral, PublicKeyToken=b03f5f7f11d50a3a" className="ReflectorRouter.Test.ReflectorRouterTest, ReflectorRouter.Test, Version=1.0.0.0, Culture=neutral, PublicKeyToken=null" name="TestMethod1" />
    </UnitTest>
    <UnitTest name="AddContextToAssemblyModel" storage="c:\users\gnvilhena\prompt\uc01\repos\prompt11-01-vmessentials.vilhena\trabalho final\httpreflector\assemblymodel.test\bin\debug\assemblymodel.test.dll" id="7795dffc-b7a5-5c43-1aa2-03f78084ca66">
      <Execution id="24c6aa22-6c73-41c5-8cd6-ce5b1b36af81" />
      <TestMethod codeBase="C:/Users/gnvilhena/PROMPT/uc01/repos/PROMPT11-01-VMEssentials.vilhena/Trabalho Final/HttpReflector/AssemblyModel.Test/bin/Debug/AssemblyModel.Test.DLL" adapterTypeName="Microsoft.VisualStudio.TestTools.TestTypes.Unit.UnitTestAdapter, Microsoft.VisualStudio.QualityTools.Tips.UnitTest.Adapter, Version=10.0.0.0, Culture=neutral, PublicKeyToken=b03f5f7f11d50a3a" className="AssemblyModelTest.AssemblyModelTest, AssemblyModel.Test, Version=1.0.0.0, Culture=neutral, PublicKeyToken=null" name="AddContextToAssemblyModel" />
    </UnitTest>
    <UnitTest name="RouteWorksWithRootCtxNsNamespaceShortnameCRouteList" storage="c:\users\gnvilhena\prompt\uc01\repos\prompt11-01-vmessentials.vilhena\trabalho final\httpreflector\routers\reflectorrouter.test\bin\debug\reflectorrouter.test.dll" id="84ac9094-4090-126d-990c-e3f42364133f">
      <Execution id="e96bc785-deb2-49bd-8c87-b43be193086c" />
      <TestMethod codeBase="C:/Users/gnvilhena/PROMPT/uc01/repos/PROMPT11-01-VMEssentials.vilhena/Trabalho Final/HttpReflector/Routers/ReflectorRouter.Test/bin/Debug/ReflectorRouter.Test.DLL" adapterTypeName="Microsoft.VisualStudio.TestTools.TestTypes.Unit.UnitTestAdapter, Microsoft.VisualStudio.QualityTools.Tips.UnitTest.Adapter, Version=10.0.0.0, Culture=neutral, PublicKeyToken=b03f5f7f11d50a3a" className="ReflectorRouter.Test.RouterCollection, ReflectorRouter.Test, Version=1.0.0.0, Culture=neutral, PublicKeyToken=null" name="RouteWorksWithRootCtxNsNamespaceShortnameCRouteList" />
    </UnitTest>
    <UnitTest name="GetAssemblyInvalidContextThrowsInvalidAssemblyException" storage="c:\users\gnvilhena\prompt\uc01\repos\prompt11-01-vmessentials.vilhena\trabalho final\httpreflector\assemblymodel.test\bin\debug\assemblymodel.test.dll" id="dbd8feea-a40e-8938-e358-e9b3d1f5a615">
      <Execution id="a17d4b2d-9a02-4039-8bbc-985904b6404e" />
      <TestMethod codeBase="C:/Users/gnvilhena/PROMPT/uc01/repos/PROMPT11-01-VMEssentials.vilhena/Trabalho Final/HttpReflector/AssemblyModel.Test/bin/Debug/AssemblyModel.Test.DLL" adapterTypeName="Microsoft.VisualStudio.TestTools.TestTypes.Unit.UnitTestAdapter, Microsoft.VisualStudio.QualityTools.Tips.UnitTest.Adapter, Version=10.0.0.0, Culture=neutral, PublicKeyToken=b03f5f7f11d50a3a" className="AssemblyModelTest.AssemblyModelTest, AssemblyModel.Test, Version=1.0.0.0, Culture=neutral, PublicKeyToken=null" name="GetAssemblyInvalidContextThrowsInvalidAssemblyException" />
    </UnitTest>
    <UnitTest name="RouteWorksWithRootCtxRouteList" storage="c:\users\gnvilhena\prompt\uc01\repos\prompt11-01-vmessentials.vilhena\trabalho final\httpreflector\routers\reflectorrouter.test\bin\debug\reflectorrouter.test.dll" id="f6b59a52-abc4-7e7c-f812-569555ffd07c">
      <Execution id="a984815e-d7d3-4c35-9ac8-e37b19d6547e" />
      <TestMethod codeBase="C:/Users/gnvilhena/PROMPT/uc01/repos/PROMPT11-01-VMEssentials.vilhena/Trabalho Final/HttpReflector/Routers/ReflectorRouter.Test/bin/Debug/ReflectorRouter.Test.DLL" adapterTypeName="Microsoft.VisualStudio.TestTools.TestTypes.Unit.UnitTestAdapter, Microsoft.VisualStudio.QualityTools.Tips.UnitTest.Adapter, Version=10.0.0.0, Culture=neutral, PublicKeyToken=b03f5f7f11d50a3a" className="ReflectorRouter.Test.RouterCollection, ReflectorRouter.Test, Version=1.0.0.0, Culture=neutral, PublicKeyToken=null" name="RouteWorksWithRootCtxRouteList" />
    </UnitTest>
    <UnitTest name="RouteWorksWithRootCtxNsNamespaceShortnameMMethodNameRouteList" storage="c:\users\gnvilhena\prompt\uc01\repos\prompt11-01-vmessentials.vilhena\trabalho final\httpreflector\routers\reflectorrouter.test\bin\debug\reflectorrouter.test.dll" id="6784527c-c482-0912-542b-3dcdacb47507">
      <Execution id="0eb1a861-da99-44e6-b0a2-84df10e5a5c5" />
      <TestMethod codeBase="C:/Users/gnvilhena/PROMPT/uc01/repos/PROMPT11-01-VMEssentials.vilhena/Trabalho Final/HttpReflector/Routers/ReflectorRouter.Test/bin/Debug/ReflectorRouter.Test.DLL" adapterTypeName="Microsoft.VisualStudio.TestTools.TestTypes.Unit.UnitTestAdapter, Microsoft.VisualStudio.QualityTools.Tips.UnitTest.Adapter, Version=10.0.0.0, Culture=neutral, PublicKeyToken=b03f5f7f11d50a3a" className="ReflectorRouter.Test.RouterCollection, ReflectorRouter.Test, Version=1.0.0.0, Culture=neutral, PublicKeyToken=null" name="RouteWorksWithRootCtxNsNamespaceShortnameMMethodNameRouteList" />
    </UnitTest>
    <UnitTest name="GetTypeContextModel" storage="c:\users\gnvilhena\prompt\uc01\repos\prompt11-01-vmessentials.vilhena\trabalho final\httpreflector\assemblymodel.test\bin\debug\assemblymodel.test.dll" id="d8184f34-057f-e69d-3079-1c304a346697">
      <Execution id="3221deaa-0bb6-4d38-afa1-cfdef40674d4" />
      <TestMethod codeBase="C:/Users/gnvilhena/PROMPT/uc01/repos/PROMPT11-01-VMEssentials.vilhena/Trabalho Final/HttpReflector/AssemblyModel.Test/bin/Debug/AssemblyModel.Test.DLL" adapterTypeName="Microsoft.VisualStudio.TestTools.TestTypes.Unit.UnitTestAdapter, Microsoft.VisualStudio.QualityTools.Tips.UnitTest.Adapter, Version=10.0.0.0, Culture=neutral, PublicKeyToken=b03f5f7f11d50a3a" className="AssemblyModelTest.AssemblyModelTest, AssemblyModel.Test, Version=1.0.0.0, Culture=neutral, PublicKeyToken=null" name="GetTypeContextModel" />
    </UnitTest>
    <UnitTest name="AttributeHandlerMapBinderThrowsMapKeyNotFoundMapBinderException" storage="c:\users\gnvilhena\prompt\uc01\repos\prompt11-01-vmessentials.vilhena\trabalho final\httpreflector\handlers\reflectorhandler.test\bin\debug\reflectorhandler.test.dll" id="b37ee499-430e-c2f4-59cf-6baee6f26db9">
      <Execution id="1742a786-d863-43c7-a6b6-a32f77de9f8d" />
      <TestMethod codeBase="C:/Users/gnvilhena/PROMPT/uc01/repos/PROMPT11-01-VMEssentials.vilhena/Trabalho Final/HttpReflector/Handlers/ReflectorHandler.Test/bin/Debug/ReflectorHandler.Test.DLL" adapterTypeName="Microsoft.VisualStudio.TestTools.TestTypes.Unit.UnitTestAdapter, Microsoft.VisualStudio.QualityTools.Tips.UnitTest.Adapter, Version=10.0.0.0, Culture=neutral, PublicKeyToken=b03f5f7f11d50a3a" className="ReflectorHandler.Test.ReflectorHandlerTest, ReflectorHandler.Test, Version=1.0.0.0, Culture=neutral, PublicKeyToken=null" name="AttributeHandlerMapBinderThrowsMapKeyNotFoundMapBinderException" />
    </UnitTest>
    <UnitTest name="GetContextContextModel" storage="c:\users\gnvilhena\prompt\uc01\repos\prompt11-01-vmessentials.vilhena\trabalho final\httpreflector\assemblymodel.test\bin\debug\assemblymodel.test.dll" id="f28710f9-438e-b12b-8594-ca1054ad2af5">
      <Execution id="c99d2af1-bca7-4732-bf0c-64224e4ad8b1" />
      <TestMethod codeBase="C:/Users/gnvilhena/PROMPT/uc01/repos/PROMPT11-01-VMEssentials.vilhena/Trabalho Final/HttpReflector/AssemblyModel.Test/bin/Debug/AssemblyModel.Test.DLL" adapterTypeName="Microsoft.VisualStudio.TestTools.TestTypes.Unit.UnitTestAdapter, Microsoft.VisualStudio.QualityTools.Tips.UnitTest.Adapter, Version=10.0.0.0, Culture=neutral, PublicKeyToken=b03f5f7f11d50a3a" className="AssemblyModelTest.AssemblyModelTest, AssemblyModel.Test, Version=1.0.0.0, Culture=neutral, PublicKeyToken=null" name="GetContextContextModel" />
    </UnitTest>
    <UnitTest name="RouteWorksWithRootOnlyRouteList" storage="c:\users\gnvilhena\prompt\uc01\repos\prompt11-01-vmessentials.vilhena\trabalho final\httpreflector\routers\reflectorrouter.test\bin\debug\reflectorrouter.test.dll" id="cb64fb5f-ea4a-343c-9730-09998b8787bd">
      <Execution id="0f625368-afa3-4b55-b9b7-aee8c93d021b" />
      <TestMethod codeBase="C:/Users/gnvilhena/PROMPT/uc01/repos/PROMPT11-01-VMEssentials.vilhena/Trabalho Final/HttpReflector/Routers/ReflectorRouter.Test/bin/Debug/ReflectorRouter.Test.DLL" adapterTypeName="Microsoft.VisualStudio.TestTools.TestTypes.Unit.UnitTestAdapter, Microsoft.VisualStudio.QualityTools.Tips.UnitTest.Adapter, Version=10.0.0.0, Culture=neutral, PublicKeyToken=b03f5f7f11d50a3a" className="ReflectorRouter.Test.RouterCollection, ReflectorRouter.Test, Version=1.0.0.0, Culture=neutral, PublicKeyToken=null" name="RouteWorksWithRootOnlyRouteList" />
    </UnitTest>
    <UnitTest name="ListAllContextReturnsAllContextModels" storage="c:\users\gnvilhena\prompt\uc01\repos\prompt11-01-vmessentials.vilhena\trabalho final\httpreflector\assemblymodel.test\bin\debug\assemblymodel.test.dll" id="76f7c0a7-6879-6d47-f6cf-e7d87e75c556">
      <Execution id="55d1fd89-2d79-4d37-bdd4-856ce5527e81" />
      <TestMethod codeBase="C:/Users/gnvilhena/PROMPT/uc01/repos/PROMPT11-01-VMEssentials.vilhena/Trabalho Final/HttpReflector/AssemblyModel.Test/bin/Debug/AssemblyModel.Test.DLL" adapterTypeName="Microsoft.VisualStudio.TestTools.TestTypes.Unit.UnitTestAdapter, Microsoft.VisualStudio.QualityTools.Tips.UnitTest.Adapter, Version=10.0.0.0, Culture=neutral, PublicKeyToken=b03f5f7f11d50a3a" className="AssemblyModelTest.AssemblyModelTest, AssemblyModel.Test, Version=1.0.0.0, Culture=neutral, PublicKeyToken=null" name="ListAllContextReturnsAllContextModels" />
    </UnitTest>
    <UnitTest name="InitNewTreeWithRoot" storage="c:\users\gnvilhena\prompt\uc01\repos\prompt11-01-vmessentials.vilhena\trabalho final\httpreflector\utils\tree.test\bin\debug\tree.test.dll" id="3b09194f-5651-fd25-6809-631b7fb4eb62">
      <Execution id="ec7182ae-3485-4523-9d6f-6484a76ee412" />
      <TestMethod codeBase="C:/Users/gnvilhena/PROMPT/uc01/repos/PROMPT11-01-VMEssentials.vilhena/Trabalho Final/HttpReflector/Utils/Tree.Test/bin/Debug/Tree.Test.DLL" adapterTypeName="Microsoft.VisualStudio.TestTools.TestTypes.Unit.UnitTestAdapter, Microsoft.VisualStudio.QualityTools.Tips.UnitTest.Adapter, Version=10.0.0.0, Culture=neutral, PublicKeyToken=b03f5f7f11d50a3a" className="HttpReflector.Utils.Test.TreeTest, Tree.Test, Version=1.0.0.0, Culture=neutral, PublicKeyToken=null" name="InitNewTreeWithRoot" />
    </UnitTest>
    <UnitTest name="RouteSeekThrowsCannotFindRouterExceptionIfCannotFindPattern" storage="c:\users\gnvilhena\prompt\uc01\repos\prompt11-01-vmessentials.vilhena\trabalho final\httpreflector\routers\reflectorrouter.test\bin\debug\reflectorrouter.test.dll" id="463eb8a2-551f-dde3-e15e-e8d5710e8e88">
      <Execution id="d1cbdf67-e807-4eb2-ad08-345549e821c1" />
      <TestMethod codeBase="C:/Users/gnvilhena/PROMPT/uc01/repos/PROMPT11-01-VMEssentials.vilhena/Trabalho Final/HttpReflector/Routers/ReflectorRouter.Test/bin/Debug/ReflectorRouter.Test.DLL" adapterTypeName="Microsoft.VisualStudio.TestTools.TestTypes.Unit.UnitTestAdapter, Microsoft.VisualStudio.QualityTools.Tips.UnitTest.Adapter, Version=10.0.0.0, Culture=neutral, PublicKeyToken=b03f5f7f11d50a3a" className="ReflectorRouter.Test.RouterCollection, ReflectorRouter.Test, Version=1.0.0.0, Culture=neutral, PublicKeyToken=null" name="RouteSeekThrowsCannotFindRouterExceptionIfCannotFindPattern" />
    </UnitTest>
    <UnitTest name="BindRootView" storage="c:\users\gnvilhena\prompt\uc01\repos\prompt11-01-vmessentials.vilhena\trabalho final\httpreflector\views\reflectorview.test\bin\debug\reflectorview.test.dll" id="2cd50448-5291-4f46-e77d-96205d99f315">
      <Execution id="4631b45f-3374-4939-8c8c-e449acce4ad1" />
      <TestMethod codeBase="C:/Users/gnvilhena/PROMPT/uc01/repos/PROMPT11-01-VMEssentials.vilhena/Trabalho Final/HttpReflector/Views/ReflectorView.Test/bin/Debug/ReflectorView.Test.DLL" adapterTypeName="Microsoft.VisualStudio.TestTools.TestTypes.Unit.UnitTestAdapter, Microsoft.VisualStudio.QualityTools.Tips.UnitTest.Adapter, Version=10.0.0.0, Culture=neutral, PublicKeyToken=b03f5f7f11d50a3a" className="ReflectorView.Test.ReflectorViewTest, ReflectorView.Test, Version=1.0.0.0, Culture=neutral, PublicKeyToken=null" name="BindRootView" />
    </UnitTest>
    <UnitTest name="RouteWorksWithRootCtxAsAssemblyNameRouteList" storage="c:\users\gnvilhena\prompt\uc01\repos\prompt11-01-vmessentials.vilhena\trabalho final\httpreflector\routers\reflectorrouter.test\bin\debug\reflectorrouter.test.dll" id="d223219d-fbaf-89e7-3a49-c19c9b3b3edc">
      <Execution id="ac087ceb-dd46-4fbf-881e-d438187b52c6" />
      <TestMethod codeBase="C:/Users/gnvilhena/PROMPT/uc01/repos/PROMPT11-01-VMEssentials.vilhena/Trabalho Final/HttpReflector/Routers/ReflectorRouter.Test/bin/Debug/ReflectorRouter.Test.DLL" adapterTypeName="Microsoft.VisualStudio.TestTools.TestTypes.Unit.UnitTestAdapter, Microsoft.VisualStudio.QualityTools.Tips.UnitTest.Adapter, Version=10.0.0.0, Culture=neutral, PublicKeyToken=b03f5f7f11d50a3a" className="ReflectorRouter.Test.RouterCollection, ReflectorRouter.Test, Version=1.0.0.0, Culture=neutral, PublicKeyToken=null" name="RouteWorksWithRootCtxAsAssemblyNameRouteList" />
    </UnitTest>
    <UnitTest name="ListAllContextAssembliesContextModel" storage="c:\users\gnvilhena\prompt\uc01\repos\prompt11-01-vmessentials.vilhena\trabalho final\httpreflector\assemblymodel.test\bin\debug\assemblymodel.test.dll" id="9278291c-e6b0-e32b-9ad3-6d545921b6d2">
      <Execution id="a2cb326a-ed52-4721-af9f-ed6ab5cab922" />
      <TestMethod codeBase="C:/Users/gnvilhena/PROMPT/uc01/repos/PROMPT11-01-VMEssentials.vilhena/Trabalho Final/HttpReflector/AssemblyModel.Test/bin/Debug/AssemblyModel.Test.DLL" adapterTypeName="Microsoft.VisualStudio.TestTools.TestTypes.Unit.UnitTestAdapter, Microsoft.VisualStudio.QualityTools.Tips.UnitTest.Adapter, Version=10.0.0.0, Culture=neutral, PublicKeyToken=b03f5f7f11d50a3a" className="AssemblyModelTest.AssemblyModelTest, AssemblyModel.Test, Version=1.0.0.0, Culture=neutral, PublicKeyToken=null" name="ListAllContextAssembliesContextModel" />
    </UnitTest>
    <UnitTest name="RouteWorksWithRootCtxNsNamespaceShortnamePPropNameRouteList" storage="c:\users\gnvilhena\prompt\uc01\repos\prompt11-01-vmessentials.vilhena\trabalho final\httpreflector\routers\reflectorrouter.test\bin\debug\reflectorrouter.test.dll" id="0ce176a3-c55a-e636-d255-5e7aff6e41a8">
      <Execution id="891ad710-4f67-4527-9101-8a76f030203a" />
      <TestMethod codeBase="C:/Users/gnvilhena/PROMPT/uc01/repos/PROMPT11-01-VMEssentials.vilhena/Trabalho Final/HttpReflector/Routers/ReflectorRouter.Test/bin/Debug/ReflectorRouter.Test.DLL" adapterTypeName="Microsoft.VisualStudio.TestTools.TestTypes.Unit.UnitTestAdapter, Microsoft.VisualStudio.QualityTools.Tips.UnitTest.Adapter, Version=10.0.0.0, Culture=neutral, PublicKeyToken=b03f5f7f11d50a3a" className="ReflectorRouter.Test.RouterCollection, ReflectorRouter.Test, Version=1.0.0.0, Culture=neutral, PublicKeyToken=null" name="RouteWorksWithRootCtxNsNamespaceShortnamePPropNameRouteList" />
    </UnitTest>
    <UnitTest name="GetContextInvalidNamespaceThrowsInvalidNamespaceModelExceptio" storage="c:\users\gnvilhena\prompt\uc01\repos\prompt11-01-vmessentials.vilhena\trabalho final\httpreflector\assemblymodel.test\bin\debug\assemblymodel.test.dll" id="e0840f5a-cbda-60a0-b8a5-ddcac37b5ed8">
      <Execution id="58eef980-fda3-48f0-98fa-bf15d3c1446d" />
      <TestMethod codeBase="C:/Users/gnvilhena/PROMPT/uc01/repos/PROMPT11-01-VMEssentials.vilhena/Trabalho Final/HttpReflector/AssemblyModel.Test/bin/Debug/AssemblyModel.Test.DLL" adapterTypeName="Microsoft.VisualStudio.TestTools.TestTypes.Unit.UnitTestAdapter, Microsoft.VisualStudio.QualityTools.Tips.UnitTest.Adapter, Version=10.0.0.0, Culture=neutral, PublicKeyToken=b03f5f7f11d50a3a" className="AssemblyModelTest.AssemblyModelTest, AssemblyModel.Test, Version=1.0.0.0, Culture=neutral, PublicKeyToken=null" name="GetContextInvalidNamespaceThrowsInvalidNamespaceModelExceptio" />
    </UnitTest>
    <UnitTest name="AddContextWithInvalidPathThrowsInvalidPathException" storage="c:\users\gnvilhena\prompt\uc01\repos\prompt11-01-vmessentials.vilhena\trabalho final\httpreflector\assemblymodel.test\bin\debug\assemblymodel.test.dll" id="6fa0d37b-e32d-d89e-4167-068ec55c8ffd">
      <Execution id="2d839fd0-2ea0-47c4-962b-d20c29d99e2f" />
      <TestMethod codeBase="C:/Users/gnvilhena/PROMPT/uc01/repos/PROMPT11-01-VMEssentials.vilhena/Trabalho Final/HttpReflector/AssemblyModel.Test/bin/Debug/AssemblyModel.Test.DLL" adapterTypeName="Microsoft.VisualStudio.TestTools.TestTypes.Unit.UnitTestAdapter, Microsoft.VisualStudio.QualityTools.Tips.UnitTest.Adapter, Version=10.0.0.0, Culture=neutral, PublicKeyToken=b03f5f7f11d50a3a" className="AssemblyModelTest.AssemblyModelTest, AssemblyModel.Test, Version=1.0.0.0, Culture=neutral, PublicKeyToken=null" name="AddContextWithInvalidPathThrowsInvalidPathException" />
    </UnitTest>
    <UnitTest name="RouteWorksWithRootCtxAsRouteList" storage="c:\users\gnvilhena\prompt\uc01\repos\prompt11-01-vmessentials.vilhena\trabalho final\httpreflector\routers\reflectorrouter.test\bin\debug\reflectorrouter.test.dll" id="b3b5bf70-eb22-7ea3-6c4a-453814fffda2">
      <Execution id="2ddadec6-268a-428f-bb7f-4901a24f6ce2" />
      <TestMethod codeBase="C:/Users/gnvilhena/PROMPT/uc01/repos/PROMPT11-01-VMEssentials.vilhena/Trabalho Final/HttpReflector/Routers/ReflectorRouter.Test/bin/Debug/ReflectorRouter.Test.DLL" adapterTypeName="Microsoft.VisualStudio.TestTools.TestTypes.Unit.UnitTestAdapter, Microsoft.VisualStudio.QualityTools.Tips.UnitTest.Adapter, Version=10.0.0.0, Culture=neutral, PublicKeyToken=b03f5f7f11d50a3a" className="ReflectorRouter.Test.RouterCollection, ReflectorRouter.Test, Version=1.0.0.0, Culture=neutral, PublicKeyToken=null" name="RouteWorksWithRootCtxAsRouteList" />
    </UnitTest>
  </TestDefinitions>
  <TestLists>
    <TestList name="Results Not in a List" id="8c84fa94-04c1-424b-9868-57a2d4851a1d" />
    <TestList name="All Loaded Results" id="19431567-8539-422a-85d7-44ee4e166bda" />
  </TestLists>
  <TestEntries>
    <TestEntry testId="0ce176a3-c55a-e636-d255-5e7aff6e41a8" executionId="891ad710-4f67-4527-9101-8a76f030203a" testListId="8c84fa94-04c1-424b-9868-57a2d4851a1d" />
    <TestEntry testId="1133a30c-721f-dfb0-6e8e-fc4e09453bba" executionId="a6fa6171-8d9a-451f-b6bd-927806458766" testListId="8c84fa94-04c1-424b-9868-57a2d4851a1d" />
    <TestEntry testId="24823888-f50a-301e-fcbe-a102f5185a0e" executionId="8e82c1d1-b16d-4fde-918a-d7246299704b" testListId="8c84fa94-04c1-424b-9868-57a2d4851a1d" />
    <TestEntry testId="274768e3-c15c-eb07-7b78-2aec20a6e315" executionId="0c543647-338b-4df3-b67e-3ea963ac4244" testListId="8c84fa94-04c1-424b-9868-57a2d4851a1d" />
    <TestEntry testId="2896e079-7af6-aed4-10c7-ee442a00cf0b" executionId="e6424258-aa6c-4fb3-9eea-20e79dbe5108" testListId="8c84fa94-04c1-424b-9868-57a2d4851a1d" />
    <TestEntry testId="2cd50448-5291-4f46-e77d-96205d99f315" executionId="4631b45f-3374-4939-8c8c-e449acce4ad1" testListId="8c84fa94-04c1-424b-9868-57a2d4851a1d" />
    <TestEntry testId="3066abf0-bbdc-e93d-f8b9-d7f77efca76e" executionId="540ce957-40cd-4459-b59e-d0a12e3b9ddd" testListId="8c84fa94-04c1-424b-9868-57a2d4851a1d" />
    <TestEntry testId="389da098-b87e-66a6-9007-b99aec4daf3e" executionId="21920f8e-3f4b-4ebb-b345-b8d4bc3a29a4" testListId="8c84fa94-04c1-424b-9868-57a2d4851a1d" />
    <TestEntry testId="3afaef20-45fe-8c7b-e6f8-8c1c22a0164e" executionId="d46c8d3e-9d86-4739-a300-f222e993c54f" testListId="8c84fa94-04c1-424b-9868-57a2d4851a1d" />
    <TestEntry testId="3b09194f-5651-fd25-6809-631b7fb4eb62" executionId="ec7182ae-3485-4523-9d6f-6484a76ee412" testListId="8c84fa94-04c1-424b-9868-57a2d4851a1d" />
    <TestEntry testId="43754c34-18a7-b891-3c8a-c6f51c87076d" executionId="2a243dba-c79c-4697-9fc1-fec900eec9fa" testListId="8c84fa94-04c1-424b-9868-57a2d4851a1d" />
    <TestEntry testId="463eb8a2-551f-dde3-e15e-e8d5710e8e88" executionId="d1cbdf67-e807-4eb2-ad08-345549e821c1" testListId="8c84fa94-04c1-424b-9868-57a2d4851a1d" />
    <TestEntry testId="4854cc04-4aff-cc7f-b81a-0d628dd3edee" executionId="5f3dd110-fd06-4405-a8e3-828ded83fc5f" testListId="8c84fa94-04c1-424b-9868-57a2d4851a1d" />
    <TestEntry testId="4b243ddf-9b4e-7f68-2282-1d15a85bab9b" executionId="b62f46b0-98f8-42e7-ba91-dad687e2fcbd" testListId="8c84fa94-04c1-424b-9868-57a2d4851a1d" />
    <TestEntry testId="516b6c68-c5e5-bf9c-2c60-a4dfddc51fb8" executionId="686dd36f-9675-4dcf-a0bf-81f26b4ee8bf" testListId="8c84fa94-04c1-424b-9868-57a2d4851a1d" />
    <TestEntry testId="544a66b2-c234-6aa7-d3b7-57315f613540" executionId="df8f72d2-01ae-489a-a5af-2a04fd196668" testListId="8c84fa94-04c1-424b-9868-57a2d4851a1d" />
    <TestEntry testId="64a16abf-270a-7737-c6db-2335bfd6d654" executionId="9fedb533-563a-41fd-a44d-26f9745f1adc" testListId="8c84fa94-04c1-424b-9868-57a2d4851a1d" />
    <TestEntry testId="6784527c-c482-0912-542b-3dcdacb47507" executionId="0eb1a861-da99-44e6-b0a2-84df10e5a5c5" testListId="8c84fa94-04c1-424b-9868-57a2d4851a1d" />
    <TestEntry testId="6fa0d37b-e32d-d89e-4167-068ec55c8ffd" executionId="2d839fd0-2ea0-47c4-962b-d20c29d99e2f" testListId="8c84fa94-04c1-424b-9868-57a2d4851a1d" />
    <TestEntry testId="70554a9f-74b8-3727-a9b7-50662ba5487c" executionId="7f36daab-049d-41e0-b592-df79f6bf1103" testListId="8c84fa94-04c1-424b-9868-57a2d4851a1d" />
    <TestEntry testId="763d97fc-65a9-0500-6fa8-bf1f09a15e0c" executionId="fbed23a4-70e9-4450-9ef9-416c92832510" testListId="8c84fa94-04c1-424b-9868-57a2d4851a1d" />
    <TestEntry testId="76f7c0a7-6879-6d47-f6cf-e7d87e75c556" executionId="55d1fd89-2d79-4d37-bdd4-856ce5527e81" testListId="8c84fa94-04c1-424b-9868-57a2d4851a1d" />
    <TestEntry testId="7795dffc-b7a5-5c43-1aa2-03f78084ca66" executionId="24c6aa22-6c73-41c5-8cd6-ce5b1b36af81" testListId="8c84fa94-04c1-424b-9868-57a2d4851a1d" />
    <TestEntry testId="791f5605-823c-1bb5-35fe-ba025a3168fa" executionId="c62f9f8a-3503-4f3d-b46b-f41d906d475a" testListId="8c84fa94-04c1-424b-9868-57a2d4851a1d" />
    <TestEntry testId="84ac9094-4090-126d-990c-e3f42364133f" executionId="e96bc785-deb2-49bd-8c87-b43be193086c" testListId="8c84fa94-04c1-424b-9868-57a2d4851a1d" />
    <TestEntry testId="9278291c-e6b0-e32b-9ad3-6d545921b6d2" executionId="a2cb326a-ed52-4721-af9f-ed6ab5cab922" testListId="8c84fa94-04c1-424b-9868-57a2d4851a1d" />
    <TestEntry testId="954e1d53-145a-8f6e-7826-1c67d91bf336" executionId="97b48613-18a2-4c53-a722-3a3a42a696bf" testListId="8c84fa94-04c1-424b-9868-57a2d4851a1d" />
    <TestEntry testId="9a7e0ce8-a890-76e5-0515-e3311e06f037" executionId="6e70b2ab-6803-454e-bd5b-6f293f6ba099" testListId="8c84fa94-04c1-424b-9868-57a2d4851a1d" />
    <TestEntry testId="b0f21b38-dcb0-e06e-8018-a9f9c11847e2" executionId="ebad8813-bd5d-4219-af9a-a1a0decdc04d" testListId="8c84fa94-04c1-424b-9868-57a2d4851a1d" />
    <TestEntry testId="b37ee499-430e-c2f4-59cf-6baee6f26db9" executionId="1742a786-d863-43c7-a6b6-a32f77de9f8d" testListId="8c84fa94-04c1-424b-9868-57a2d4851a1d" />
    <TestEntry testId="b3b5bf70-eb22-7ea3-6c4a-453814fffda2" executionId="2ddadec6-268a-428f-bb7f-4901a24f6ce2" testListId="8c84fa94-04c1-424b-9868-57a2d4851a1d" />
    <TestEntry testId="b4271458-837d-82fd-cbce-5eb1f16a31d0" executionId="b32924b4-fba4-4a61-ba7d-c0460ab614d0" testListId="8c84fa94-04c1-424b-9868-57a2d4851a1d" />
    <TestEntry testId="bb30f44f-1527-608e-f2e3-9596925858db" executionId="6aaee8e3-3385-41aa-96a4-de9c60190650" testListId="8c84fa94-04c1-424b-9868-57a2d4851a1d" />
    <TestEntry testId="cb64fb5f-ea4a-343c-9730-09998b8787bd" executionId="0f625368-afa3-4b55-b9b7-aee8c93d021b" testListId="8c84fa94-04c1-424b-9868-57a2d4851a1d" />
    <TestEntry testId="d223219d-fbaf-89e7-3a49-c19c9b3b3edc" executionId="ac087ceb-dd46-4fbf-881e-d438187b52c6" testListId="8c84fa94-04c1-424b-9868-57a2d4851a1d" />
    <TestEntry testId="d8184f34-057f-e69d-3079-1c304a346697" executionId="3221deaa-0bb6-4d38-afa1-cfdef40674d4" testListId="8c84fa94-04c1-424b-9868-57a2d4851a1d" />
    <TestEntry testId="dbd8feea-a40e-8938-e358-e9b3d1f5a615" executionId="a17d4b2d-9a02-4039-8bbc-985904b6404e" testListId="8c84fa94-04c1-424b-9868-57a2d4851a1d" />
    <TestEntry testId="e0840f5a-cbda-60a0-b8a5-ddcac37b5ed8" executionId="58eef980-fda3-48f0-98fa-bf15d3c1446d" testListId="8c84fa94-04c1-424b-9868-57a2d4851a1d" />
    <TestEntry testId="e64fdd11-a1b1-7a84-b4bf-d58eaa26c62d" executionId="43e85eb1-e51a-4905-b72a-94a6a9f34238" testListId="8c84fa94-04c1-424b-9868-57a2d4851a1d" />
    <TestEntry testId="f034a3de-7207-22c6-01d4-83591bfbd103" executionId="3fdb198a-1898-4573-b705-67c94abab8c4" testListId="8c84fa94-04c1-424b-9868-57a2d4851a1d" />
    <TestEntry testId="f28710f9-438e-b12b-8594-ca1054ad2af5" executionId="c99d2af1-bca7-4732-bf0c-64224e4ad8b1" testListId="8c84fa94-04c1-424b-9868-57a2d4851a1d" />
    <TestEntry testId="f29e5863-186a-4825-2df2-0578747f784d" executionId="b3e26ecd-685a-4289-8d83-2d8f6013f1b9" testListId="8c84fa94-04c1-424b-9868-57a2d4851a1d" />
    <TestEntry testId="f6b59a52-abc4-7e7c-f812-569555ffd07c" executionId="a984815e-d7d3-4c35-9ac8-e37b19d6547e" testListId="8c84fa94-04c1-424b-9868-57a2d4851a1d" />
    <TestEntry testId="fbf8eef2-92a0-6d2b-a3cb-60c176d03a3c" executionId="6da5db64-bb7a-4e23-89f9-0db869afd80f" testListId="8c84fa94-04c1-424b-9868-57a2d4851a1d" />
  </TestEntries>
  <Results>
    <UnitTestResult executionId="891ad710-4f67-4527-9101-8a76f030203a" testId="0ce176a3-c55a-e636-d255-5e7aff6e41a8" testName="RouteWorksWithRootCtxNsNamespaceShortnamePPropNameRouteList" computerName="BEE" duration="00:00:00.0269970" startTime="2011-05-31T19:55:26.5585937+01:00" endTime="2011-05-31T19:55:26.9335937+01:00" testType="13cdc9d9-ddb5-4fa4-a97d-d965ccfc6d4b" outcome="Passed" testListId="8c84fa94-04c1-424b-9868-57a2d4851a1d" relativeResultsDirectory="891ad710-4f67-4527-9101-8a76f030203a">
    </UnitTestResult>
    <UnitTestResult executionId="a6fa6171-8d9a-451f-b6bd-927806458766" testId="1133a30c-721f-dfb0-6e8e-fc4e09453bba" testName="ListAllContextNamespacesContextModel" computerName="BEE" duration="00:00:00.1024769" startTime="2011-05-31T19:55:26.9726562+01:00" endTime="2011-05-31T19:55:27.3164062+01:00" testType="13cdc9d9-ddb5-4fa4-a97d-d965ccfc6d4b" outcome="Failed" testListId="8c84fa94-04c1-424b-9868-57a2d4851a1d" relativeResultsDirectory="a6fa6171-8d9a-451f-b6bd-927806458766">
      <Output>
        <ErrorInfo>
          <Message>Assert.AreEqual failed. Expected:&lt;18&gt;. Actual:&lt;20&gt;. </Message>
          <StackTrace>   at AssemblyModelTest.AssemblyModelTest.ListAllContextNamespacesContextModel() in C:\Users\gnvilhena\PROMPT\uc01\repos\PROMPT11-01-VMEssentials.vilhena\Trabalho Final\HttpReflector\AssemblyModel.Test\AssemblyModelTest.cs:line 196
</StackTrace>
        </ErrorInfo>
      </Output>
    </UnitTestResult>
    <UnitTestResult executionId="8e82c1d1-b16d-4fde-918a-d7246299704b" testId="24823888-f50a-301e-fcbe-a102f5185a0e" testName="RouteWorksWithRootCtxNsNamespacePrefixRouteList" computerName="BEE" duration="00:00:00.0031498" startTime="2011-05-31T19:55:27.3398437+01:00" endTime="2011-05-31T19:55:27.3554687+01:00" testType="13cdc9d9-ddb5-4fa4-a97d-d965ccfc6d4b" outcome="Passed" testListId="8c84fa94-04c1-424b-9868-57a2d4851a1d" relativeResultsDirectory="8e82c1d1-b16d-4fde-918a-d7246299704b">
    </UnitTestResult>
    <UnitTestResult executionId="0c543647-338b-4df3-b67e-3ea963ac4244" testId="274768e3-c15c-eb07-7b78-2aec20a6e315" testName="CanAddRouteToRouteList" computerName="BEE" duration="00:00:00.0065589" startTime="2011-05-31T19:55:27.3632812+01:00" endTime="2011-05-31T19:55:27.3789062+01:00" testType="13cdc9d9-ddb5-4fa4-a97d-d965ccfc6d4b" outcome="Passed" testListId="8c84fa94-04c1-424b-9868-57a2d4851a1d" relativeResultsDirectory="0c543647-338b-4df3-b67e-3ea963ac4244">
    </UnitTestResult>
    <UnitTestResult executionId="e6424258-aa6c-4fb3-9eea-20e79dbe5108" testId="2896e079-7af6-aed4-10c7-ee442a00cf0b" testName="AddValueToTree" computerName="BEE" duration="00:00:00.0269771" startTime="2011-05-31T19:55:27.3789062+01:00" endTime="2011-05-31T19:55:27.6679687+01:00" testType="13cdc9d9-ddb5-4fa4-a97d-d965ccfc6d4b" outcome="Passed" testListId="8c84fa94-04c1-424b-9868-57a2d4851a1d" relativeResultsDirectory="e6424258-aa6c-4fb3-9eea-20e79dbe5108">
    </UnitTestResult>
    <UnitTestResult executionId="4631b45f-3374-4939-8c8c-e449acce4ad1" testId="2cd50448-5291-4f46-e77d-96205d99f315" testName="BindRootView" computerName="BEE" duration="00:00:00.0321320" startTime="2011-05-31T19:55:27.6679687+01:00" endTime="2011-05-31T19:55:27.9257812+01:00" testType="13cdc9d9-ddb5-4fa4-a97d-d965ccfc6d4b" outcome="Passed" testListId="8c84fa94-04c1-424b-9868-57a2d4851a1d" relativeResultsDirectory="4631b45f-3374-4939-8c8c-e449acce4ad1">
    </UnitTestResult>
    <UnitTestResult executionId="540ce957-40cd-4459-b59e-d0a12e3b9ddd" testId="3066abf0-bbdc-e93d-f8b9-d7f77efca76e" testName="RouteSeekReturnsValidHandlerNoRouteResult" computerName="BEE" duration="00:00:00.0014971" startTime="2011-05-31T19:55:27.9335937+01:00" endTime="2011-05-31T19:55:27.9335937+01:00" testType="13cdc9d9-ddb5-4fa4-a97d-d965ccfc6d4b" outcome="Passed" testListId="8c84fa94-04c1-424b-9868-57a2d4851a1d" relativeResultsDirectory="540ce957-40cd-4459-b59e-d0a12e3b9ddd">
    </UnitTestResult>
    <UnitTestResult executionId="21920f8e-3f4b-4ebb-b345-b8d4bc3a29a4" testId="389da098-b87e-66a6-9007-b99aec4daf3e" testName="AttributeHandlerMapBinderContextHandlerTest" computerName="BEE" duration="00:00:00.1066560" startTime="2011-05-31T19:55:27.9414062+01:00" endTime="2011-05-31T19:55:28.2929687+01:00" testType="13cdc9d9-ddb5-4fa4-a97d-d965ccfc6d4b" outcome="Passed" testListId="8c84fa94-04c1-424b-9868-57a2d4851a1d" relativeResultsDirectory="21920f8e-3f4b-4ebb-b345-b8d4bc3a29a4">
    </UnitTestResult>
    <UnitTestResult executionId="d46c8d3e-9d86-4739-a300-f222e993c54f" testId="3afaef20-45fe-8c7b-e6f8-8c1c22a0164e" testName="HttpRespondsToGet" computerName="BEE" duration="00:00:01.0749391" startTime="2011-05-31T19:55:28.3007812+01:00" endTime="2011-05-31T19:55:29.6757812+01:00" testType="13cdc9d9-ddb5-4fa4-a97d-d965ccfc6d4b" outcome="Passed" testListId="8c84fa94-04c1-424b-9868-57a2d4851a1d" relativeResultsDirectory="d46c8d3e-9d86-4739-a300-f222e993c54f">
    </UnitTestResult>
    <UnitTestResult executionId="ec7182ae-3485-4523-9d6f-6484a76ee412" testId="3b09194f-5651-fd25-6809-631b7fb4eb62" testName="InitNewTreeWithRoot" computerName="BEE" duration="00:00:00.0008280" startTime="2011-05-31T19:55:29.6757812+01:00" endTime="2011-05-31T19:55:29.6914062+01:00" testType="13cdc9d9-ddb5-4fa4-a97d-d965ccfc6d4b" outcome="Passed" testListId="8c84fa94-04c1-424b-9868-57a2d4851a1d" relativeResultsDirectory="ec7182ae-3485-4523-9d6f-6484a76ee412">
    </UnitTestResult>
    <UnitTestResult executionId="2a243dba-c79c-4697-9fc1-fec900eec9fa" testId="43754c34-18a7-b891-3c8a-c6f51c87076d" testName="GetContextNamespaceContextModel" computerName="BEE" duration="00:00:00.0009559" startTime="2011-05-31T19:55:29.6914062+01:00" endTime="2011-05-31T19:55:29.7070312+01:00" testType="13cdc9d9-ddb5-4fa4-a97d-d965ccfc6d4b" outcome="Passed" testListId="8c84fa94-04c1-424b-9868-57a2d4851a1d" relativeResultsDirectory="2a243dba-c79c-4697-9fc1-fec900eec9fa">
    </UnitTestResult>
    <UnitTestResult executionId="d1cbdf67-e807-4eb2-ad08-345549e821c1" testId="463eb8a2-551f-dde3-e15e-e8d5710e8e88" testName="RouteSeekThrowsCannotFindRouterExceptionIfCannotFindPattern" computerName="BEE" duration="00:00:00.0041681" startTime="2011-05-31T19:55:29.7070312+01:00" endTime="2011-05-31T19:55:29.7226562+01:00" testType="13cdc9d9-ddb5-4fa4-a97d-d965ccfc6d4b" outcome="Passed" testListId="8c84fa94-04c1-424b-9868-57a2d4851a1d" relativeResultsDirectory="d1cbdf67-e807-4eb2-ad08-345549e821c1">
    </UnitTestResult>
    <UnitTestResult executionId="5f3dd110-fd06-4405-a8e3-828ded83fc5f" testId="4854cc04-4aff-cc7f-b81a-0d628dd3edee" testName="CanFindRootValueThrowsKeyNotFoundTreeExceptionOnNewTree" computerName="BEE" duration="00:00:00.0062460" startTime="2011-05-31T19:55:29.7226562+01:00" endTime="2011-05-31T19:55:29.7382812+01:00" testType="13cdc9d9-ddb5-4fa4-a97d-d965ccfc6d4b" outcome="Passed" testListId="8c84fa94-04c1-424b-9868-57a2d4851a1d" relativeResultsDirectory="5f3dd110-fd06-4405-a8e3-828ded83fc5f">
    </UnitTestResult>
    <UnitTestResult executionId="b62f46b0-98f8-42e7-ba91-dad687e2fcbd" testId="4b243ddf-9b4e-7f68-2282-1d15a85bab9b" testName="ContainsResultsTrueRootValueOnNewTree" computerName="BEE" duration="00:00:00.0005439" startTime="2011-05-31T19:55:29.7460937+01:00" endTime="2011-05-31T19:55:29.7539062+01:00" testType="13cdc9d9-ddb5-4fa4-a97d-d965ccfc6d4b" outcome="Passed" testListId="8c84fa94-04c1-424b-9868-57a2d4851a1d" relativeResultsDirectory="b62f46b0-98f8-42e7-ba91-dad687e2fcbd">
    </UnitTestResult>
    <UnitTestResult executionId="686dd36f-9675-4dcf-a0bf-81f26b4ee8bf" testId="516b6c68-c5e5-bf9c-2c60-a4dfddc51fb8" testName="GetAssemblyInvalidContextThrowsInvalidContextException" computerName="BEE" duration="00:00:00.0015560" startTime="2011-05-31T19:55:29.7617187+01:00" endTime="2011-05-31T19:55:29.7695312+01:00" testType="13cdc9d9-ddb5-4fa4-a97d-d965ccfc6d4b" outcome="Passed" testListId="8c84fa94-04c1-424b-9868-57a2d4851a1d" relativeResultsDirectory="686dd36f-9675-4dcf-a0bf-81f26b4ee8bf">
    </UnitTestResult>
    <UnitTestResult executionId="df8f72d2-01ae-489a-a5af-2a04fd196668" testId="544a66b2-c234-6aa7-d3b7-57315f613540" testName="CanFindRootValueOnNewTree" computerName="BEE" duration="00:00:00.0009688" startTime="2011-05-31T19:55:29.7773437+01:00" endTime="2011-05-31T19:55:29.7851562+01:00" testType="13cdc9d9-ddb5-4fa4-a97d-d965ccfc6d4b" outcome="Passed" testListId="8c84fa94-04c1-424b-9868-57a2d4851a1d" relativeResultsDirectory="df8f72d2-01ae-489a-a5af-2a04fd196668">
    </UnitTestResult>
    <UnitTestResult executionId="9fedb533-563a-41fd-a44d-26f9745f1adc" testId="64a16abf-270a-7737-c6db-2335bfd6d654" testName="GetContextUsingInvalidContextThrowsInvalidContextExceptionContextModel" computerName="BEE" startTime="2011-05-31T19:55:29.7929687+01:00" endTime="2011-05-31T19:55:29.8007812+01:00" testType="13cdc9d9-ddb5-4fa4-a97d-d965ccfc6d4b" outcome="Passed" testListId="8c84fa94-04c1-424b-9868-57a2d4851a1d" relativeResultsDirectory="9fedb533-563a-41fd-a44d-26f9745f1adc">
    </UnitTestResult>
    <UnitTestResult executionId="0eb1a861-da99-44e6-b0a2-84df10e5a5c5" testId="6784527c-c482-0912-542b-3dcdacb47507" testName="RouteWorksWithRootCtxNsNamespaceShortnameMMethodNameRouteList" computerName="BEE" duration="00:00:00.0003899" startTime="2011-05-31T19:55:29.8007812+01:00" endTime="2011-05-31T19:55:29.8085937+01:00" testType="13cdc9d9-ddb5-4fa4-a97d-d965ccfc6d4b" outcome="Passed" testListId="8c84fa94-04c1-424b-9868-57a2d4851a1d" relativeResultsDirectory="0eb1a861-da99-44e6-b0a2-84df10e5a5c5">
    </UnitTestResult>
    <UnitTestResult executionId="2d839fd0-2ea0-47c4-962b-d20c29d99e2f" testId="6fa0d37b-e32d-d89e-4167-068ec55c8ffd" testName="AddContextWithInvalidPathThrowsInvalidPathException" computerName="BEE" duration="00:00:00.0009780" startTime="2011-05-31T19:55:29.8164062+01:00" endTime="2011-05-31T19:55:29.8242187+01:00" testType="13cdc9d9-ddb5-4fa4-a97d-d965ccfc6d4b" outcome="Passed" testListId="8c84fa94-04c1-424b-9868-57a2d4851a1d" relativeResultsDirectory="2d839fd0-2ea0-47c4-962b-d20c29d99e2f">
    </UnitTestResult>
    <UnitTestResult executionId="7f36daab-049d-41e0-b592-df79f6bf1103" testId="70554a9f-74b8-3727-a9b7-50662ba5487c" testName="HttpDoNotRespondsToPut" computerName="BEE" duration="00:00:00.0076649" startTime="2011-05-31T19:55:29.8242187+01:00" endTime="2011-05-31T19:55:29.8398437+01:00" testType="13cdc9d9-ddb5-4fa4-a97d-d965ccfc6d4b" outcome="Passed" testListId="8c84fa94-04c1-424b-9868-57a2d4851a1d" relativeResultsDirectory="7f36daab-049d-41e0-b592-df79f6bf1103">
    </UnitTestResult>
    <UnitTestResult executionId="fbed23a4-70e9-4450-9ef9-416c92832510" testId="763d97fc-65a9-0500-6fa8-bf1f09a15e0c" testName="RouteSeekReturnsAllKeysNoRouteResult" computerName="BEE" duration="00:00:00.0009431" startTime="2011-05-31T19:55:29.8476562+01:00" endTime="2011-05-31T19:55:29.8554687+01:00" testType="13cdc9d9-ddb5-4fa4-a97d-d965ccfc6d4b" outcome="Passed" testListId="8c84fa94-04c1-424b-9868-57a2d4851a1d" relativeResultsDirectory="fbed23a4-70e9-4450-9ef9-416c92832510">
    </UnitTestResult>
    <UnitTestResult executionId="55d1fd89-2d79-4d37-bdd4-856ce5527e81" testId="76f7c0a7-6879-6d47-f6cf-e7d87e75c556" testName="ListAllContextReturnsAllContextModels" computerName="BEE" duration="00:00:00.0073908" startTime="2011-05-31T19:55:29.8632812+01:00" endTime="2011-05-31T19:55:29.8789062+01:00" testType="13cdc9d9-ddb5-4fa4-a97d-d965ccfc6d4b" outcome="Passed" testListId="8c84fa94-04c1-424b-9868-57a2d4851a1d" relativeResultsDirectory="55d1fd89-2d79-4d37-bdd4-856ce5527e81">
    </UnitTestResult>
    <UnitTestResult executionId="24c6aa22-6c73-41c5-8cd6-ce5b1b36af81" testId="7795dffc-b7a5-5c43-1aa2-03f78084ca66" testName="AddContextToAssemblyModel" computerName="BEE" duration="00:00:00.0003891" startTime="2011-05-31T19:55:29.8789062+01:00" endTime="2011-05-31T19:55:29.9023437+01:00" testType="13cdc9d9-ddb5-4fa4-a97d-d965ccfc6d4b" outcome="Passed" testListId="8c84fa94-04c1-424b-9868-57a2d4851a1d" relativeResultsDirectory="24c6aa22-6c73-41c5-8cd6-ce5b1b36af81">
    </UnitTestResult>
    <UnitTestResult executionId="c62f9f8a-3503-4f3d-b46b-f41d906d475a" testId="791f5605-823c-1bb5-35fe-ba025a3168fa" testName="GetContextAssemblyContextModel" computerName="BEE" duration="00:00:00.0010699" startTime="2011-05-31T19:55:29.9101562+01:00" endTime="2011-05-31T19:55:29.9179687+01:00" testType="13cdc9d9-ddb5-4fa4-a97d-d965ccfc6d4b" outcome="Passed" testListId="8c84fa94-04c1-424b-9868-57a2d4851a1d" relativeResultsDirectory="c62f9f8a-3503-4f3d-b46b-f41d906d475a">
    </UnitTestResult>
    <UnitTestResult executionId="e96bc785-deb2-49bd-8c87-b43be193086c" testId="84ac9094-4090-126d-990c-e3f42364133f" testName="RouteWorksWithRootCtxNsNamespaceShortnameCRouteList" computerName="BEE" duration="00:00:00.0010219" startTime="2011-05-31T19:55:29.9179687+01:00" endTime="2011-05-31T19:55:29.9335937+01:00" testType="13cdc9d9-ddb5-4fa4-a97d-d965ccfc6d4b" outcome="Passed" testListId="8c84fa94-04c1-424b-9868-57a2d4851a1d" relativeResultsDirectory="e96bc785-deb2-49bd-8c87-b43be193086c">
    </UnitTestResult>
    <UnitTestResult executionId="a2cb326a-ed52-4721-af9f-ed6ab5cab922" testId="9278291c-e6b0-e32b-9ad3-6d545921b6d2" testName="ListAllContextAssembliesContextModel" computerName="BEE" startTime="2011-05-31T19:55:29.9335937+01:00" endTime="2011-05-31T19:55:29.9414062+01:00" testType="13cdc9d9-ddb5-4fa4-a97d-d965ccfc6d4b" outcome="Passed" testListId="8c84fa94-04c1-424b-9868-57a2d4851a1d" relativeResultsDirectory="a2cb326a-ed52-4721-af9f-ed6ab5cab922">
    </UnitTestResult>
    <UnitTestResult executionId="97b48613-18a2-4c53-a722-3a3a42a696bf" testId="954e1d53-145a-8f6e-7826-1c67d91bf336" testName="RootHandlerRunReturnsRootView" computerName="BEE" duration="00:00:00.0074819" startTime="2011-05-31T19:55:29.9492187+01:00" endTime="2011-05-31T19:55:29.9570312+01:00" testType="13cdc9d9-ddb5-4fa4-a97d-d965ccfc6d4b" outcome="Passed" testListId="8c84fa94-04c1-424b-9868-57a2d4851a1d" relativeResultsDirectory="97b48613-18a2-4c53-a722-3a3a42a696bf">
    </UnitTestResult>
    <UnitTestResult executionId="6e70b2ab-6803-454e-bd5b-6f293f6ba099" testId="9a7e0ce8-a890-76e5-0515-e3311e06f037" testName="RouteWorksWithRootCtxNsNamespaceShortnameRouteList" computerName="BEE" startTime="2011-05-31T19:55:29.9648437+01:00" endTime="2011-05-31T19:55:29.9726562+01:00" testType="13cdc9d9-ddb5-4fa4-a97d-d965ccfc6d4b" outcome="Passed" testListId="8c84fa94-04c1-424b-9868-57a2d4851a1d" relativeResultsDirectory="6e70b2ab-6803-454e-bd5b-6f293f6ba099">
    </UnitTestResult>
    <UnitTestResult executionId="ebad8813-bd5d-4219-af9a-a1a0decdc04d" testId="b0f21b38-dcb0-e06e-8018-a9f9c11847e2" testName="TestMethod1" computerName="BEE" startTime="2011-05-31T19:55:29.9726562+01:00" endTime="2011-05-31T19:55:29.9804687+01:00" testType="13cdc9d9-ddb5-4fa4-a97d-d965ccfc6d4b" outcome="Passed" testListId="8c84fa94-04c1-424b-9868-57a2d4851a1d" relativeResultsDirectory="ebad8813-bd5d-4219-af9a-a1a0decdc04d">
    </UnitTestResult>
    <UnitTestResult executionId="1742a786-d863-43c7-a6b6-a32f77de9f8d" testId="b37ee499-430e-c2f4-59cf-6baee6f26db9" testName="AttributeHandlerMapBinderThrowsMapKeyNotFoundMapBinderException" computerName="BEE" duration="00:00:00.0052260" startTime="2011-05-31T19:55:29.9804687+01:00" endTime="2011-05-31T19:55:29.9960937+01:00" testType="13cdc9d9-ddb5-4fa4-a97d-d965ccfc6d4b" outcome="Passed" testListId="8c84fa94-04c1-424b-9868-57a2d4851a1d" relativeResultsDirectory="1742a786-d863-43c7-a6b6-a32f77de9f8d">
    </UnitTestResult>
    <UnitTestResult executionId="2ddadec6-268a-428f-bb7f-4901a24f6ce2" testId="b3b5bf70-eb22-7ea3-6c4a-453814fffda2" testName="RouteWorksWithRootCtxAsRouteList" computerName="BEE" startTime="2011-05-31T19:55:29.9960937+01:00" endTime="2011-05-31T19:55:30.0039062+01:00" testType="13cdc9d9-ddb5-4fa4-a97d-d965ccfc6d4b" outcome="Passed" testListId="8c84fa94-04c1-424b-9868-57a2d4851a1d" relativeResultsDirectory="2ddadec6-268a-428f-bb7f-4901a24f6ce2">
    </UnitTestResult>
    <UnitTestResult executionId="b32924b4-fba4-4a61-ba7d-c0460ab614d0" testId="b4271458-837d-82fd-cbce-5eb1f16a31d0" testName="RouteWorksWithRootCtxNsRouteList" computerName="BEE" duration="00:00:00.0002938" startTime="2011-05-31T19:55:30.0039062+01:00" endTime="2011-05-31T19:55:30.0117187+01:00" testType="13cdc9d9-ddb5-4fa4-a97d-d965ccfc6d4b" outcome="Passed" testListId="8c84fa94-04c1-424b-9868-57a2d4851a1d" relativeResultsDirectory="b32924b4-fba4-4a61-ba7d-c0460ab614d0">
    </UnitTestResult>
    <UnitTestResult executionId="6aaee8e3-3385-41aa-96a4-de9c60190650" testId="bb30f44f-1527-608e-f2e3-9596925858db" testName="ContextHandlerRunReturnsContextView" computerName="BEE" duration="00:00:00.0157760" startTime="2011-05-31T19:55:30.0117187+01:00" endTime="2011-05-31T19:55:30.0429687+01:00" testType="13cdc9d9-ddb5-4fa4-a97d-d965ccfc6d4b" outcome="Failed" testListId="8c84fa94-04c1-424b-9868-57a2d4851a1d" relativeResultsDirectory="6aaee8e3-3385-41aa-96a4-de9c60190650">
      <Output>
        <ErrorInfo>
          <Message>Assert.AreEqual failed. Expected:&lt;18&gt;. Actual:&lt;20&gt;. </Message>
          <StackTrace>   at ReflectorHandler.Test.ReflectorHandlerTest.ContextHandlerRunReturnsContextView() in C:\Users\gnvilhena\PROMPT\uc01\repos\PROMPT11-01-VMEssentials.vilhena\Trabalho Final\HttpReflector\Handlers\ReflectorHandler.Test\ReflectorHandlerTest.cs:line 91
</StackTrace>
        </ErrorInfo>
      </Output>
    </UnitTestResult>
    <UnitTestResult executionId="0f625368-afa3-4b55-b9b7-aee8c93d021b" testId="cb64fb5f-ea4a-343c-9730-09998b8787bd" testName="RouteWorksWithRootOnlyRouteList" computerName="BEE" duration="00:00:00.0035130" startTime="2011-05-31T19:55:30.0429687+01:00" endTime="2011-05-31T19:55:30.0507812+01:00" testType="13cdc9d9-ddb5-4fa4-a97d-d965ccfc6d4b" outcome="Passed" testListId="8c84fa94-04c1-424b-9868-57a2d4851a1d" relativeResultsDirectory="0f625368-afa3-4b55-b9b7-aee8c93d021b">
    </UnitTestResult>
    <UnitTestResult executionId="ac087ceb-dd46-4fbf-881e-d438187b52c6" testId="d223219d-fbaf-89e7-3a49-c19c9b3b3edc" testName="RouteWorksWithRootCtxAsAssemblyNameRouteList" computerName="BEE" startTime="2011-05-31T19:55:30.0507812+01:00" endTime="2011-05-31T19:55:30.0585937+01:00" testType="13cdc9d9-ddb5-4fa4-a97d-d965ccfc6d4b" outcome="Passed" testListId="8c84fa94-04c1-424b-9868-57a2d4851a1d" relativeResultsDirectory="ac087ceb-dd46-4fbf-881e-d438187b52c6">
    </UnitTestResult>
    <UnitTestResult executionId="3221deaa-0bb6-4d38-afa1-cfdef40674d4" testId="d8184f34-057f-e69d-3079-1c304a346697" testName="GetTypeContextModel" computerName="BEE" duration="00:00:00.2115687" startTime="2011-05-31T19:55:30.0585937+01:00" endTime="2011-05-31T19:55:30.2773437+01:00" testType="13cdc9d9-ddb5-4fa4-a97d-d965ccfc6d4b" outcome="Passed" testListId="8c84fa94-04c1-424b-9868-57a2d4851a1d" relativeResultsDirectory="3221deaa-0bb6-4d38-afa1-cfdef40674d4">
    </UnitTestResult>
    <UnitTestResult executionId="a17d4b2d-9a02-4039-8bbc-985904b6404e" testId="dbd8feea-a40e-8938-e358-e9b3d1f5a615" testName="GetAssemblyInvalidContextThrowsInvalidAssemblyException" computerName="BEE" duration="00:00:00.0009400" startTime="2011-05-31T19:55:30.2773437+01:00" endTime="2011-05-31T19:55:30.2929687+01:00" testType="13cdc9d9-ddb5-4fa4-a97d-d965ccfc6d4b" outcome="Passed" testListId="8c84fa94-04c1-424b-9868-57a2d4851a1d" relativeResultsDirectory="a17d4b2d-9a02-4039-8bbc-985904b6404e">
    </UnitTestResult>
    <UnitTestResult executionId="58eef980-fda3-48f0-98fa-bf15d3c1446d" testId="e0840f5a-cbda-60a0-b8a5-ddcac37b5ed8" testName="GetContextInvalidNamespaceThrowsInvalidNamespaceModelExceptio" computerName="BEE" duration="00:00:00.0020228" startTime="2011-05-31T19:55:30.2929687+01:00" endTime="2011-05-31T19:55:30.3007812+01:00" testType="13cdc9d9-ddb5-4fa4-a97d-d965ccfc6d4b" outcome="Passed" testListId="8c84fa94-04c1-424b-9868-57a2d4851a1d" relativeResultsDirectory="58eef980-fda3-48f0-98fa-bf15d3c1446d">
    </UnitTestResult>
    <UnitTestResult executionId="43e85eb1-e51a-4905-b72a-94a6a9f34238" testId="e64fdd11-a1b1-7a84-b4bf-d58eaa26c62d" testName="RouteWorksWithRootCtxNsNamespaceShortnameFFieldNameRouteList" computerName="BEE" duration="00:00:00.0002698" startTime="2011-05-31T19:55:30.3085937+01:00" endTime="2011-05-31T19:55:30.3164062+01:00" testType="13cdc9d9-ddb5-4fa4-a97d-d965ccfc6d4b" outcome="Passed" testListId="8c84fa94-04c1-424b-9868-57a2d4851a1d" relativeResultsDirectory="43e85eb1-e51a-4905-b72a-94a6a9f34238">
    </UnitTestResult>
    <UnitTestResult executionId="3fdb198a-1898-4573-b705-67c94abab8c4" testId="f034a3de-7207-22c6-01d4-83591bfbd103" testName="RouteWorksWithRootCtxNsNamespaceShortnameREventNameRouteList" computerName="BEE" startTime="2011-05-31T19:55:30.3164062+01:00" endTime="2011-05-31T19:55:30.3242187+01:00" testType="13cdc9d9-ddb5-4fa4-a97d-d965ccfc6d4b" outcome="Passed" testListId="8c84fa94-04c1-424b-9868-57a2d4851a1d" relativeResultsDirectory="3fdb198a-1898-4573-b705-67c94abab8c4">
    </UnitTestResult>
    <UnitTestResult executionId="c99d2af1-bca7-4732-bf0c-64224e4ad8b1" testId="f28710f9-438e-b12b-8594-ca1054ad2af5" testName="GetContextContextModel" computerName="BEE" duration="00:00:00.0004330" startTime="2011-05-31T19:55:30.3242187+01:00" endTime="2011-05-31T19:55:30.3320312+01:00" testType="13cdc9d9-ddb5-4fa4-a97d-d965ccfc6d4b" outcome="Passed" testListId="8c84fa94-04c1-424b-9868-57a2d4851a1d" relativeResultsDirectory="c99d2af1-bca7-4732-bf0c-64224e4ad8b1">
    </UnitTestResult>
    <UnitTestResult executionId="b3e26ecd-685a-4289-8d83-2d8f6013f1b9" testId="f29e5863-186a-4825-2df2-0578747f784d" testName="CanRemoveRouteFromRouteList" computerName="BEE" duration="00:00:00.0005341" startTime="2011-05-31T19:55:30.3320312+01:00" endTime="2011-05-31T19:55:30.3398437+01:00" testType="13cdc9d9-ddb5-4fa4-a97d-d965ccfc6d4b" outcome="Passed" testListId="8c84fa94-04c1-424b-9868-57a2d4851a1d" relativeResultsDirectory="b3e26ecd-685a-4289-8d83-2d8f6013f1b9">
    </UnitTestResult>
    <UnitTestResult executionId="a984815e-d7d3-4c35-9ac8-e37b19d6547e" testId="f6b59a52-abc4-7e7c-f812-569555ffd07c" testName="RouteWorksWithRootCtxRouteList" computerName="BEE" startTime="2011-05-31T19:55:30.3398437+01:00" endTime="2011-05-31T19:55:30.3476562+01:00" testType="13cdc9d9-ddb5-4fa4-a97d-d965ccfc6d4b" outcome="Passed" testListId="8c84fa94-04c1-424b-9868-57a2d4851a1d" relativeResultsDirectory="a984815e-d7d3-4c35-9ac8-e37b19d6547e">
    </UnitTestResult>
    <UnitTestResult executionId="6da5db64-bb7a-4e23-89f9-0db869afd80f" testId="fbf8eef2-92a0-6d2b-a3cb-60c176d03a3c" testName="CanAddValueToEmpyTree" computerName="BEE" duration="00:00:00.0007361" startTime="2011-05-31T19:55:30.3554687+01:00" endTime="2011-05-31T19:55:30.3632812+01:00" testType="13cdc9d9-ddb5-4fa4-a97d-d965ccfc6d4b" outcome="Passed" testListId="8c84fa94-04c1-424b-9868-57a2d4851a1d" relativeResultsDirectory="6da5db64-bb7a-4e23-89f9-0db869afd80f">
    </UnitTestResult>
  </Results>
</TestRun>