<?xml version="1.0" encoding="UTF-8"?>
<TestRun id="8dcc64e5-5b2a-4277-be15-55f42d4fdf4c" name="gnvilhena@BEE 2011-05-30 21:37:13" runUser="BEE\gnvilhena" xmlns="http://microsoft.com/schemas/VisualStudio/TeamTest/2010">
  <TestSettings name="Local" id="4a322428-db0d-47e0-9f3e-eb99e6e4bb7a">
    <Description>These are default test settings for a local test run.</Description>
    <Deployment enabled="false" runDeploymentRoot="gnvilhena_BEE 2011-05-30 21_37_13">
      <DeploymentItem filename="C:\Users\gnvilhena\PROMPT\uc01\repos\PROMPT11-01-VMEssentials.vilhena\Trabalho Final\HttpReflector\Contracts\View\bin\Debug\View.dll" />
      <DeploymentItem filename="C:\Users\gnvilhena\PROMPT\uc01\repos\PROMPT11-01-VMEssentials.vilhena\Trabalho Final\HttpReflector\Contracts\UIBinder\bin\Debug\UIBinder.dll" />
      <DeploymentItem filename="C:\Users\gnvilhena\PROMPT\uc01\repos\PROMPT11-01-VMEssentials.vilhena\Trabalho Final\HttpReflector\Utils\Tree\bin\Debug\Tree.dll" />
      <DeploymentItem filename="C:\Users\gnvilhena\PROMPT\uc01\repos\PROMPT11-01-VMEssentials.vilhena\Trabalho Final\HttpReflector\Contracts\Router\bin\Debug\Router.dll" />
      <DeploymentItem filename="C:\Users\gnvilhena\PROMPT\uc01\repos\PROMPT11-01-VMEssentials.vilhena\Trabalho Final\HttpReflector\Routers\ReflectorRouter\bin\Debug\ReflectorRouter.dll" />
      <DeploymentItem filename="C:\Users\gnvilhena\PROMPT\uc01\repos\PROMPT11-01-VMEssentials.vilhena\Trabalho Final\HttpReflector\Contracts\Handler\bin\Debug\Handler.dll" />
      <DeploymentItem filename="C:\Users\gnvilhena\PROMPT\uc01\repos\PROMPT11-01-VMEssentials.vilhena\Trabalho Final\HttpReflector\HttpBinder\bin\Debug\HttpBinder.dll" />
      <DeploymentItem filename="C:\Users\gnvilhena\PROMPT\uc01\repos\PROMPT11-01-VMEssentials.vilhena\Trabalho Final\HttpReflector\Handlers\ReflectorHandler\bin\Debug\ReflectorHandler.dll" />
      <DeploymentItem filename="C:\Users\gnvilhena\PROMPT\uc01\repos\PROMPT11-01-VMEssentials.vilhena\Trabalho Final\HttpReflector\Controllers\AssemblyReflector\bin\Debug\AssemblyReflector.dll" />
      <DeploymentItem filename="C:\Users\gnvilhena\PROMPT\uc01\repos\PROMPT11-01-VMEssentials.vilhena\Trabalho Final\HttpReflector\Views\ReflectorView\bin\Debug\ReflectorView.dll" />
    </Deployment>
    <Execution>
      <TestTypeSpecific />
      <AgentRule name="Execution Agents">
      </AgentRule>
    </Execution>
  </TestSettings>
  <Times creation="2011-05-30T21:37:13.4082031+01:00" queuing="2011-05-30T21:37:13.5351562+01:00" start="2011-05-30T21:37:13.5781250+01:00" finish="2011-05-30T21:37:17.1357422+01:00" />
  <ResultSummary outcome="Completed">
    <Counters total="41" executed="41" passed="41" error="0" failed="0" timeout="0" aborted="0" inconclusive="0" passedButRunAborted="0" notRunnable="0" notExecuted="0" disconnected="0" warning="0" completed="0" inProgress="0" pending="0" />
  </ResultSummary>
  <TestDefinitions>
    <UnitTest name="GetAssemblyInvalidContextThrowsInvalidContextException" storage="c:\users\gnvilhena\prompt\uc01\repos\prompt11-01-vmessentials.vilhena\trabalho final\httpreflector\assemblymodel.test\bin\debug\assemblymodel.test.dll" id="516b6c68-c5e5-bf9c-2c60-a4dfddc51fb8">
      <Execution id="37818976-3d47-44b6-a080-a951a4b11536" />
      <TestMethod codeBase="C:/Users/gnvilhena/PROMPT/uc01/repos/PROMPT11-01-VMEssentials.vilhena/Trabalho Final/HttpReflector/AssemblyModel.Test/bin/Debug/AssemblyModel.Test.DLL" adapterTypeName="Microsoft.VisualStudio.TestTools.TestTypes.Unit.UnitTestAdapter, Microsoft.VisualStudio.QualityTools.Tips.UnitTest.Adapter, Version=10.0.0.0, Culture=neutral, PublicKeyToken=b03f5f7f11d50a3a" className="AssemblyModelTest.AssemblyModelTest, AssemblyModel.Test, Version=1.0.0.0, Culture=neutral, PublicKeyToken=null" name="GetAssemblyInvalidContextThrowsInvalidContextException" />
    </UnitTest>
    <UnitTest name="ListAllContextNamespacesContextModel" storage="c:\users\gnvilhena\prompt\uc01\repos\prompt11-01-vmessentials.vilhena\trabalho final\httpreflector\assemblymodel.test\bin\debug\assemblymodel.test.dll" id="1133a30c-721f-dfb0-6e8e-fc4e09453bba">
      <Execution id="e1b22319-a9b0-4eeb-b2c4-6597859cd165" />
      <TestMethod codeBase="C:/Users/gnvilhena/PROMPT/uc01/repos/PROMPT11-01-VMEssentials.vilhena/Trabalho Final/HttpReflector/AssemblyModel.Test/bin/Debug/AssemblyModel.Test.DLL" adapterTypeName="Microsoft.VisualStudio.TestTools.TestTypes.Unit.UnitTestAdapter, Microsoft.VisualStudio.QualityTools.Tips.UnitTest.Adapter, Version=10.0.0.0, Culture=neutral, PublicKeyToken=b03f5f7f11d50a3a" className="AssemblyModelTest.AssemblyModelTest, AssemblyModel.Test, Version=1.0.0.0, Culture=neutral, PublicKeyToken=null" name="ListAllContextNamespacesContextModel" />
    </UnitTest>
    <UnitTest name="ContextHandlerRunReturnsContextView" storage="c:\users\gnvilhena\prompt\uc01\repos\prompt11-01-vmessentials.vilhena\trabalho final\httpreflector\handlers\reflectorhandler.test\bin\debug\reflectorhandler.test.dll" id="bb30f44f-1527-608e-f2e3-9596925858db">
      <Execution id="250c2944-bea7-48f6-a395-cf47d6a87c25" />
      <TestMethod codeBase="C:/Users/gnvilhena/PROMPT/uc01/repos/PROMPT11-01-VMEssentials.vilhena/Trabalho Final/HttpReflector/Handlers/ReflectorHandler.Test/bin/Debug/ReflectorHandler.Test.DLL" adapterTypeName="Microsoft.VisualStudio.TestTools.TestTypes.Unit.UnitTestAdapter, Microsoft.VisualStudio.QualityTools.Tips.UnitTest.Adapter, Version=10.0.0.0, Culture=neutral, PublicKeyToken=b03f5f7f11d50a3a" className="ReflectorHandler.Test.ReflectorHandlerTest, ReflectorHandler.Test, Version=1.0.0.0, Culture=neutral, PublicKeyToken=null" name="ContextHandlerRunReturnsContextView" />
    </UnitTest>
    <UnitTest name="ContainsResultsTrueRootValueOnNewTree" storage="c:\users\gnvilhena\prompt\uc01\repos\prompt11-01-vmessentials.vilhena\trabalho final\httpreflector\utils\tree.test\bin\debug\tree.test.dll" id="4b243ddf-9b4e-7f68-2282-1d15a85bab9b">
      <Execution id="d88aa309-1da6-4dad-90b4-d0ba7ff56722" />
      <TestMethod codeBase="C:/Users/gnvilhena/PROMPT/uc01/repos/PROMPT11-01-VMEssentials.vilhena/Trabalho Final/HttpReflector/Utils/Tree.Test/bin/Debug/Tree.Test.DLL" adapterTypeName="Microsoft.VisualStudio.TestTools.TestTypes.Unit.UnitTestAdapter, Microsoft.VisualStudio.QualityTools.Tips.UnitTest.Adapter, Version=10.0.0.0, Culture=neutral, PublicKeyToken=b03f5f7f11d50a3a" className="HttpReflector.Utils.Test.TreeTest, Tree.Test, Version=1.0.0.0, Culture=neutral, PublicKeyToken=null" name="ContainsResultsTrueRootValueOnNewTree" />
    </UnitTest>
    <UnitTest name="GetContextNamespaceContextModel" storage="c:\users\gnvilhena\prompt\uc01\repos\prompt11-01-vmessentials.vilhena\trabalho final\httpreflector\assemblymodel.test\bin\debug\assemblymodel.test.dll" id="43754c34-18a7-b891-3c8a-c6f51c87076d">
      <Execution id="cd7f9552-c855-405e-8f9c-b410b2a2142e" />
      <TestMethod codeBase="C:/Users/gnvilhena/PROMPT/uc01/repos/PROMPT11-01-VMEssentials.vilhena/Trabalho Final/HttpReflector/AssemblyModel.Test/bin/Debug/AssemblyModel.Test.DLL" adapterTypeName="Microsoft.VisualStudio.TestTools.TestTypes.Unit.UnitTestAdapter, Microsoft.VisualStudio.QualityTools.Tips.UnitTest.Adapter, Version=10.0.0.0, Culture=neutral, PublicKeyToken=b03f5f7f11d50a3a" className="AssemblyModelTest.AssemblyModelTest, AssemblyModel.Test, Version=1.0.0.0, Culture=neutral, PublicKeyToken=null" name="GetContextNamespaceContextModel" />
    </UnitTest>
    <UnitTest name="AddValueToTree" storage="c:\users\gnvilhena\prompt\uc01\repos\prompt11-01-vmessentials.vilhena\trabalho final\httpreflector\utils\tree.test\bin\debug\tree.test.dll" id="2896e079-7af6-aed4-10c7-ee442a00cf0b">
      <Execution id="0e15c187-1157-44b9-91da-1c29a686ec64" />
      <TestMethod codeBase="C:/Users/gnvilhena/PROMPT/uc01/repos/PROMPT11-01-VMEssentials.vilhena/Trabalho Final/HttpReflector/Utils/Tree.Test/bin/Debug/Tree.Test.DLL" adapterTypeName="Microsoft.VisualStudio.TestTools.TestTypes.Unit.UnitTestAdapter, Microsoft.VisualStudio.QualityTools.Tips.UnitTest.Adapter, Version=10.0.0.0, Culture=neutral, PublicKeyToken=b03f5f7f11d50a3a" className="HttpReflector.Utils.Test.TreeTest, Tree.Test, Version=1.0.0.0, Culture=neutral, PublicKeyToken=null" name="AddValueToTree" />
    </UnitTest>
    <UnitTest name="CanRemoveRouteFromRouteList" storage="c:\users\gnvilhena\prompt\uc01\repos\prompt11-01-vmessentials.vilhena\trabalho final\httpreflector\routers\reflectorrouter.test\bin\debug\reflectorrouter.test.dll" id="f29e5863-186a-4825-2df2-0578747f784d">
      <Execution id="e127c0f8-f8bf-413c-9435-0fc98714ed24" />
      <TestMethod codeBase="C:/Users/gnvilhena/PROMPT/uc01/repos/PROMPT11-01-VMEssentials.vilhena/Trabalho Final/HttpReflector/Routers/ReflectorRouter.Test/bin/Debug/ReflectorRouter.Test.DLL" adapterTypeName="Microsoft.VisualStudio.TestTools.TestTypes.Unit.UnitTestAdapter, Microsoft.VisualStudio.QualityTools.Tips.UnitTest.Adapter, Version=10.0.0.0, Culture=neutral, PublicKeyToken=b03f5f7f11d50a3a" className="ReflectorRouter.Test.RouterCollection, ReflectorRouter.Test, Version=1.0.0.0, Culture=neutral, PublicKeyToken=null" name="CanRemoveRouteFromRouteList" />
    </UnitTest>
    <UnitTest name="RouteWorksWithRootCtxNsRouteList" storage="c:\users\gnvilhena\prompt\uc01\repos\prompt11-01-vmessentials.vilhena\trabalho final\httpreflector\routers\reflectorrouter.test\bin\debug\reflectorrouter.test.dll" id="b4271458-837d-82fd-cbce-5eb1f16a31d0">
      <Execution id="5bcec71f-6864-4091-a990-00185f49180e" />
      <TestMethod codeBase="C:/Users/gnvilhena/PROMPT/uc01/repos/PROMPT11-01-VMEssentials.vilhena/Trabalho Final/HttpReflector/Routers/ReflectorRouter.Test/bin/Debug/ReflectorRouter.Test.DLL" adapterTypeName="Microsoft.VisualStudio.TestTools.TestTypes.Unit.UnitTestAdapter, Microsoft.VisualStudio.QualityTools.Tips.UnitTest.Adapter, Version=10.0.0.0, Culture=neutral, PublicKeyToken=b03f5f7f11d50a3a" className="ReflectorRouter.Test.RouterCollection, ReflectorRouter.Test, Version=1.0.0.0, Culture=neutral, PublicKeyToken=null" name="RouteWorksWithRootCtxNsRouteList" />
    </UnitTest>
    <UnitTest name="RouteSeekReturnsAllKeysNoRouteResult" storage="c:\users\gnvilhena\prompt\uc01\repos\prompt11-01-vmessentials.vilhena\trabalho final\httpreflector\routers\reflectorrouter.test\bin\debug\reflectorrouter.test.dll" id="763d97fc-65a9-0500-6fa8-bf1f09a15e0c">
      <Execution id="f6067c59-fc34-4711-8368-227ef1c0d5a5" />
      <TestMethod codeBase="C:/Users/gnvilhena/PROMPT/uc01/repos/PROMPT11-01-VMEssentials.vilhena/Trabalho Final/HttpReflector/Routers/ReflectorRouter.Test/bin/Debug/ReflectorRouter.Test.DLL" adapterTypeName="Microsoft.VisualStudio.TestTools.TestTypes.Unit.UnitTestAdapter, Microsoft.VisualStudio.QualityTools.Tips.UnitTest.Adapter, Version=10.0.0.0, Culture=neutral, PublicKeyToken=b03f5f7f11d50a3a" className="ReflectorRouter.Test.RouterCollection, ReflectorRouter.Test, Version=1.0.0.0, Culture=neutral, PublicKeyToken=null" name="RouteSeekReturnsAllKeysNoRouteResult" />
    </UnitTest>
    <UnitTest name="CanFindRootValueThrowsKeyNotFoundTreeExceptionOnNewTree" storage="c:\users\gnvilhena\prompt\uc01\repos\prompt11-01-vmessentials.vilhena\trabalho final\httpreflector\utils\tree.test\bin\debug\tree.test.dll" id="4854cc04-4aff-cc7f-b81a-0d628dd3edee">
      <Execution id="9d7ba859-ba2d-499d-b851-aed03b94fc0e" />
      <TestMethod codeBase="C:/Users/gnvilhena/PROMPT/uc01/repos/PROMPT11-01-VMEssentials.vilhena/Trabalho Final/HttpReflector/Utils/Tree.Test/bin/Debug/Tree.Test.DLL" adapterTypeName="Microsoft.VisualStudio.TestTools.TestTypes.Unit.UnitTestAdapter, Microsoft.VisualStudio.QualityTools.Tips.UnitTest.Adapter, Version=10.0.0.0, Culture=neutral, PublicKeyToken=b03f5f7f11d50a3a" className="HttpReflector.Utils.Test.TreeTest, Tree.Test, Version=1.0.0.0, Culture=neutral, PublicKeyToken=null" name="CanFindRootValueThrowsKeyNotFoundTreeExceptionOnNewTree" />
    </UnitTest>
    <UnitTest name="GetContextAssemblyContextModel" storage="c:\users\gnvilhena\prompt\uc01\repos\prompt11-01-vmessentials.vilhena\trabalho final\httpreflector\assemblymodel.test\bin\debug\assemblymodel.test.dll" id="791f5605-823c-1bb5-35fe-ba025a3168fa">
      <Execution id="f7072c82-eb43-40c5-9fa2-5a84554420f7" />
      <TestMethod codeBase="C:/Users/gnvilhena/PROMPT/uc01/repos/PROMPT11-01-VMEssentials.vilhena/Trabalho Final/HttpReflector/AssemblyModel.Test/bin/Debug/AssemblyModel.Test.DLL" adapterTypeName="Microsoft.VisualStudio.TestTools.TestTypes.Unit.UnitTestAdapter, Microsoft.VisualStudio.QualityTools.Tips.UnitTest.Adapter, Version=10.0.0.0, Culture=neutral, PublicKeyToken=b03f5f7f11d50a3a" className="AssemblyModelTest.AssemblyModelTest, AssemblyModel.Test, Version=1.0.0.0, Culture=neutral, PublicKeyToken=null" name="GetContextAssemblyContextModel" />
    </UnitTest>
    <UnitTest name="CanAddValueToEmpyTree" storage="c:\users\gnvilhena\prompt\uc01\repos\prompt11-01-vmessentials.vilhena\trabalho final\httpreflector\utils\tree.test\bin\debug\tree.test.dll" id="fbf8eef2-92a0-6d2b-a3cb-60c176d03a3c">
      <Execution id="e5d1b4a1-b49b-47de-a050-94723585d237" />
      <TestMethod codeBase="C:/Users/gnvilhena/PROMPT/uc01/repos/PROMPT11-01-VMEssentials.vilhena/Trabalho Final/HttpReflector/Utils/Tree.Test/bin/Debug/Tree.Test.DLL" adapterTypeName="Microsoft.VisualStudio.TestTools.TestTypes.Unit.UnitTestAdapter, Microsoft.VisualStudio.QualityTools.Tips.UnitTest.Adapter, Version=10.0.0.0, Culture=neutral, PublicKeyToken=b03f5f7f11d50a3a" className="HttpReflector.Utils.Test.TreeTest, Tree.Test, Version=1.0.0.0, Culture=neutral, PublicKeyToken=null" name="CanAddValueToEmpyTree" />
    </UnitTest>
    <UnitTest name="RouteWorksWithRootCtxNsNamespaceShortnameRouteList" storage="c:\users\gnvilhena\prompt\uc01\repos\prompt11-01-vmessentials.vilhena\trabalho final\httpreflector\routers\reflectorrouter.test\bin\debug\reflectorrouter.test.dll" id="9a7e0ce8-a890-76e5-0515-e3311e06f037">
      <Execution id="4c84772c-5981-4fd8-b9b1-c8e4c90a641f" />
      <TestMethod codeBase="C:/Users/gnvilhena/PROMPT/uc01/repos/PROMPT11-01-VMEssentials.vilhena/Trabalho Final/HttpReflector/Routers/ReflectorRouter.Test/bin/Debug/ReflectorRouter.Test.DLL" adapterTypeName="Microsoft.VisualStudio.TestTools.TestTypes.Unit.UnitTestAdapter, Microsoft.VisualStudio.QualityTools.Tips.UnitTest.Adapter, Version=10.0.0.0, Culture=neutral, PublicKeyToken=b03f5f7f11d50a3a" className="ReflectorRouter.Test.RouterCollection, ReflectorRouter.Test, Version=1.0.0.0, Culture=neutral, PublicKeyToken=null" name="RouteWorksWithRootCtxNsNamespaceShortnameRouteList" />
    </UnitTest>
    <UnitTest name="RouteSeekReturnsValidHandlerNoRouteResult" storage="c:\users\gnvilhena\prompt\uc01\repos\prompt11-01-vmessentials.vilhena\trabalho final\httpreflector\routers\reflectorrouter.test\bin\debug\reflectorrouter.test.dll" id="3066abf0-bbdc-e93d-f8b9-d7f77efca76e">
      <Execution id="5d60ed51-3c4e-490c-bf71-87f4bc9f8aac" />
      <TestMethod codeBase="C:/Users/gnvilhena/PROMPT/uc01/repos/PROMPT11-01-VMEssentials.vilhena/Trabalho Final/HttpReflector/Routers/ReflectorRouter.Test/bin/Debug/ReflectorRouter.Test.DLL" adapterTypeName="Microsoft.VisualStudio.TestTools.TestTypes.Unit.UnitTestAdapter, Microsoft.VisualStudio.QualityTools.Tips.UnitTest.Adapter, Version=10.0.0.0, Culture=neutral, PublicKeyToken=b03f5f7f11d50a3a" className="ReflectorRouter.Test.RouterCollection, ReflectorRouter.Test, Version=1.0.0.0, Culture=neutral, PublicKeyToken=null" name="RouteSeekReturnsValidHandlerNoRouteResult" />
    </UnitTest>
    <UnitTest name="HttpDoNotRespondsToPut" storage="c:\users\gnvilhena\prompt\uc01\repos\prompt11-01-vmessentials.vilhena\trabalho final\httpreflector\uibinder\httpbinder.test\bin\debug\httpbinder.test.dll" id="70554a9f-74b8-3727-a9b7-50662ba5487c">
      <Execution id="638a2b7a-a715-48a8-8115-4ba558dd4178" />
      <TestMethod codeBase="C:/Users/gnvilhena/PROMPT/uc01/repos/PROMPT11-01-VMEssentials.vilhena/Trabalho Final/HttpReflector/UIBinder/HttpBinder.Test/bin/Debug/HttpBinder.Test.DLL" adapterTypeName="Microsoft.VisualStudio.TestTools.TestTypes.Unit.UnitTestAdapter, Microsoft.VisualStudio.QualityTools.Tips.UnitTest.Adapter, Version=10.0.0.0, Culture=neutral, PublicKeyToken=b03f5f7f11d50a3a" className="HttpReflector.UIBinders.Test.HttpBinderTest, HttpBinder.Test, Version=1.0.0.0, Culture=neutral, PublicKeyToken=null" name="HttpDoNotRespondsToPut" />
    </UnitTest>
    <UnitTest name="CanFindRootValueOnNewTree" storage="c:\users\gnvilhena\prompt\uc01\repos\prompt11-01-vmessentials.vilhena\trabalho final\httpreflector\utils\tree.test\bin\debug\tree.test.dll" id="544a66b2-c234-6aa7-d3b7-57315f613540">
      <Execution id="7be158c7-695e-4948-b4d6-ddd93fdcf1ad" />
      <TestMethod codeBase="C:/Users/gnvilhena/PROMPT/uc01/repos/PROMPT11-01-VMEssentials.vilhena/Trabalho Final/HttpReflector/Utils/Tree.Test/bin/Debug/Tree.Test.DLL" adapterTypeName="Microsoft.VisualStudio.TestTools.TestTypes.Unit.UnitTestAdapter, Microsoft.VisualStudio.QualityTools.Tips.UnitTest.Adapter, Version=10.0.0.0, Culture=neutral, PublicKeyToken=b03f5f7f11d50a3a" className="HttpReflector.Utils.Test.TreeTest, Tree.Test, Version=1.0.0.0, Culture=neutral, PublicKeyToken=null" name="CanFindRootValueOnNewTree" />
    </UnitTest>
    <UnitTest name="GetContextUsingInvalidContextThrowsInvalidContextExceptionContextModel" storage="c:\users\gnvilhena\prompt\uc01\repos\prompt11-01-vmessentials.vilhena\trabalho final\httpreflector\assemblymodel.test\bin\debug\assemblymodel.test.dll" id="64a16abf-270a-7737-c6db-2335bfd6d654">
      <Execution id="456497c3-372c-4bcc-9bce-11f2352293ab" />
      <TestMethod codeBase="C:/Users/gnvilhena/PROMPT/uc01/repos/PROMPT11-01-VMEssentials.vilhena/Trabalho Final/HttpReflector/AssemblyModel.Test/bin/Debug/AssemblyModel.Test.DLL" adapterTypeName="Microsoft.VisualStudio.TestTools.TestTypes.Unit.UnitTestAdapter, Microsoft.VisualStudio.QualityTools.Tips.UnitTest.Adapter, Version=10.0.0.0, Culture=neutral, PublicKeyToken=b03f5f7f11d50a3a" className="AssemblyModelTest.AssemblyModelTest, AssemblyModel.Test, Version=1.0.0.0, Culture=neutral, PublicKeyToken=null" name="GetContextUsingInvalidContextThrowsInvalidContextExceptionContextModel" />
    </UnitTest>
    <UnitTest name="RouteWorksWithRootCtxNsNamespacePrefixRouteList" storage="c:\users\gnvilhena\prompt\uc01\repos\prompt11-01-vmessentials.vilhena\trabalho final\httpreflector\routers\reflectorrouter.test\bin\debug\reflectorrouter.test.dll" id="24823888-f50a-301e-fcbe-a102f5185a0e">
      <Execution id="5a7d18c7-731f-458d-8781-72318d631e64" />
      <TestMethod codeBase="C:/Users/gnvilhena/PROMPT/uc01/repos/PROMPT11-01-VMEssentials.vilhena/Trabalho Final/HttpReflector/Routers/ReflectorRouter.Test/bin/Debug/ReflectorRouter.Test.DLL" adapterTypeName="Microsoft.VisualStudio.TestTools.TestTypes.Unit.UnitTestAdapter, Microsoft.VisualStudio.QualityTools.Tips.UnitTest.Adapter, Version=10.0.0.0, Culture=neutral, PublicKeyToken=b03f5f7f11d50a3a" className="ReflectorRouter.Test.RouterCollection, ReflectorRouter.Test, Version=1.0.0.0, Culture=neutral, PublicKeyToken=null" name="RouteWorksWithRootCtxNsNamespacePrefixRouteList" />
    </UnitTest>
    <UnitTest name="CanAddRouteToRouteList" storage="c:\users\gnvilhena\prompt\uc01\repos\prompt11-01-vmessentials.vilhena\trabalho final\httpreflector\routers\reflectorrouter.test\bin\debug\reflectorrouter.test.dll" id="274768e3-c15c-eb07-7b78-2aec20a6e315">
      <Execution id="0879d91b-aa4c-4416-8f0b-c7de0e12a10f" />
      <TestMethod codeBase="C:/Users/gnvilhena/PROMPT/uc01/repos/PROMPT11-01-VMEssentials.vilhena/Trabalho Final/HttpReflector/Routers/ReflectorRouter.Test/bin/Debug/ReflectorRouter.Test.DLL" adapterTypeName="Microsoft.VisualStudio.TestTools.TestTypes.Unit.UnitTestAdapter, Microsoft.VisualStudio.QualityTools.Tips.UnitTest.Adapter, Version=10.0.0.0, Culture=neutral, PublicKeyToken=b03f5f7f11d50a3a" className="ReflectorRouter.Test.RouterCollection, ReflectorRouter.Test, Version=1.0.0.0, Culture=neutral, PublicKeyToken=null" name="CanAddRouteToRouteList" />
    </UnitTest>
    <UnitTest name="RouteWorksWithRootCtxNsNamespaceShortnameREventNameRouteList" storage="c:\users\gnvilhena\prompt\uc01\repos\prompt11-01-vmessentials.vilhena\trabalho final\httpreflector\routers\reflectorrouter.test\bin\debug\reflectorrouter.test.dll" id="f034a3de-7207-22c6-01d4-83591bfbd103">
      <Execution id="987a1479-f74c-4c5c-802a-74899d0d3d00" />
      <TestMethod codeBase="C:/Users/gnvilhena/PROMPT/uc01/repos/PROMPT11-01-VMEssentials.vilhena/Trabalho Final/HttpReflector/Routers/ReflectorRouter.Test/bin/Debug/ReflectorRouter.Test.DLL" adapterTypeName="Microsoft.VisualStudio.TestTools.TestTypes.Unit.UnitTestAdapter, Microsoft.VisualStudio.QualityTools.Tips.UnitTest.Adapter, Version=10.0.0.0, Culture=neutral, PublicKeyToken=b03f5f7f11d50a3a" className="ReflectorRouter.Test.RouterCollection, ReflectorRouter.Test, Version=1.0.0.0, Culture=neutral, PublicKeyToken=null" name="RouteWorksWithRootCtxNsNamespaceShortnameREventNameRouteList" />
    </UnitTest>
    <UnitTest name="HttpRespondsToGet" storage="c:\users\gnvilhena\prompt\uc01\repos\prompt11-01-vmessentials.vilhena\trabalho final\httpreflector\uibinder\httpbinder.test\bin\debug\httpbinder.test.dll" id="3afaef20-45fe-8c7b-e6f8-8c1c22a0164e">
      <Execution id="5641287f-9e1c-4b69-83a6-00d5d8e71f2e" />
      <TestMethod codeBase="C:/Users/gnvilhena/PROMPT/uc01/repos/PROMPT11-01-VMEssentials.vilhena/Trabalho Final/HttpReflector/UIBinder/HttpBinder.Test/bin/Debug/HttpBinder.Test.DLL" adapterTypeName="Microsoft.VisualStudio.TestTools.TestTypes.Unit.UnitTestAdapter, Microsoft.VisualStudio.QualityTools.Tips.UnitTest.Adapter, Version=10.0.0.0, Culture=neutral, PublicKeyToken=b03f5f7f11d50a3a" className="HttpReflector.UIBinders.Test.HttpBinderTest, HttpBinder.Test, Version=1.0.0.0, Culture=neutral, PublicKeyToken=null" name="HttpRespondsToGet" />
    </UnitTest>
    <UnitTest name="RootHandlerRunReturnsRootView" storage="c:\users\gnvilhena\prompt\uc01\repos\prompt11-01-vmessentials.vilhena\trabalho final\httpreflector\handlers\reflectorhandler.test\bin\debug\reflectorhandler.test.dll" id="954e1d53-145a-8f6e-7826-1c67d91bf336">
      <Execution id="a595b63e-72db-41d8-a8e2-e2b81a72d29c" />
      <TestMethod codeBase="C:/Users/gnvilhena/PROMPT/uc01/repos/PROMPT11-01-VMEssentials.vilhena/Trabalho Final/HttpReflector/Handlers/ReflectorHandler.Test/bin/Debug/ReflectorHandler.Test.DLL" adapterTypeName="Microsoft.VisualStudio.TestTools.TestTypes.Unit.UnitTestAdapter, Microsoft.VisualStudio.QualityTools.Tips.UnitTest.Adapter, Version=10.0.0.0, Culture=neutral, PublicKeyToken=b03f5f7f11d50a3a" className="ReflectorHandler.Test.ReflectorHandlerTest, ReflectorHandler.Test, Version=1.0.0.0, Culture=neutral, PublicKeyToken=null" name="RootHandlerRunReturnsRootView" />
    </UnitTest>
    <UnitTest name="RouteWorksWithRootCtxNsNamespaceShortnameFFieldNameRouteList" storage="c:\users\gnvilhena\prompt\uc01\repos\prompt11-01-vmessentials.vilhena\trabalho final\httpreflector\routers\reflectorrouter.test\bin\debug\reflectorrouter.test.dll" id="e64fdd11-a1b1-7a84-b4bf-d58eaa26c62d">
      <Execution id="35cd853d-24aa-499b-871e-8b270ed374d8" />
      <TestMethod codeBase="C:/Users/gnvilhena/PROMPT/uc01/repos/PROMPT11-01-VMEssentials.vilhena/Trabalho Final/HttpReflector/Routers/ReflectorRouter.Test/bin/Debug/ReflectorRouter.Test.DLL" adapterTypeName="Microsoft.VisualStudio.TestTools.TestTypes.Unit.UnitTestAdapter, Microsoft.VisualStudio.QualityTools.Tips.UnitTest.Adapter, Version=10.0.0.0, Culture=neutral, PublicKeyToken=b03f5f7f11d50a3a" className="ReflectorRouter.Test.RouterCollection, ReflectorRouter.Test, Version=1.0.0.0, Culture=neutral, PublicKeyToken=null" name="RouteWorksWithRootCtxNsNamespaceShortnameFFieldNameRouteList" />
    </UnitTest>
    <UnitTest name="AddContextToAssemblyModel" storage="c:\users\gnvilhena\prompt\uc01\repos\prompt11-01-vmessentials.vilhena\trabalho final\httpreflector\assemblymodel.test\bin\debug\assemblymodel.test.dll" id="7795dffc-b7a5-5c43-1aa2-03f78084ca66">
      <Execution id="ab9c2fe4-6d12-4e85-ae89-f0833391f691" />
      <TestMethod codeBase="C:/Users/gnvilhena/PROMPT/uc01/repos/PROMPT11-01-VMEssentials.vilhena/Trabalho Final/HttpReflector/AssemblyModel.Test/bin/Debug/AssemblyModel.Test.DLL" adapterTypeName="Microsoft.VisualStudio.TestTools.TestTypes.Unit.UnitTestAdapter, Microsoft.VisualStudio.QualityTools.Tips.UnitTest.Adapter, Version=10.0.0.0, Culture=neutral, PublicKeyToken=b03f5f7f11d50a3a" className="AssemblyModelTest.AssemblyModelTest, AssemblyModel.Test, Version=1.0.0.0, Culture=neutral, PublicKeyToken=null" name="AddContextToAssemblyModel" />
    </UnitTest>
    <UnitTest name="RouteWorksWithRootCtxNsNamespaceShortnameCRouteList" storage="c:\users\gnvilhena\prompt\uc01\repos\prompt11-01-vmessentials.vilhena\trabalho final\httpreflector\routers\reflectorrouter.test\bin\debug\reflectorrouter.test.dll" id="84ac9094-4090-126d-990c-e3f42364133f">
      <Execution id="a1c352b7-5a01-4bb9-a304-600a8aa5b278" />
      <TestMethod codeBase="C:/Users/gnvilhena/PROMPT/uc01/repos/PROMPT11-01-VMEssentials.vilhena/Trabalho Final/HttpReflector/Routers/ReflectorRouter.Test/bin/Debug/ReflectorRouter.Test.DLL" adapterTypeName="Microsoft.VisualStudio.TestTools.TestTypes.Unit.UnitTestAdapter, Microsoft.VisualStudio.QualityTools.Tips.UnitTest.Adapter, Version=10.0.0.0, Culture=neutral, PublicKeyToken=b03f5f7f11d50a3a" className="ReflectorRouter.Test.RouterCollection, ReflectorRouter.Test, Version=1.0.0.0, Culture=neutral, PublicKeyToken=null" name="RouteWorksWithRootCtxNsNamespaceShortnameCRouteList" />
    </UnitTest>
    <UnitTest name="GetAssemblyInvalidContextThrowsInvalidAssemblyException" storage="c:\users\gnvilhena\prompt\uc01\repos\prompt11-01-vmessentials.vilhena\trabalho final\httpreflector\assemblymodel.test\bin\debug\assemblymodel.test.dll" id="dbd8feea-a40e-8938-e358-e9b3d1f5a615">
      <Execution id="7dcf6b15-f755-4555-908f-603fb4623046" />
      <TestMethod codeBase="C:/Users/gnvilhena/PROMPT/uc01/repos/PROMPT11-01-VMEssentials.vilhena/Trabalho Final/HttpReflector/AssemblyModel.Test/bin/Debug/AssemblyModel.Test.DLL" adapterTypeName="Microsoft.VisualStudio.TestTools.TestTypes.Unit.UnitTestAdapter, Microsoft.VisualStudio.QualityTools.Tips.UnitTest.Adapter, Version=10.0.0.0, Culture=neutral, PublicKeyToken=b03f5f7f11d50a3a" className="AssemblyModelTest.AssemblyModelTest, AssemblyModel.Test, Version=1.0.0.0, Culture=neutral, PublicKeyToken=null" name="GetAssemblyInvalidContextThrowsInvalidAssemblyException" />
    </UnitTest>
    <UnitTest name="RouteWorksWithRootCtxRouteList" storage="c:\users\gnvilhena\prompt\uc01\repos\prompt11-01-vmessentials.vilhena\trabalho final\httpreflector\routers\reflectorrouter.test\bin\debug\reflectorrouter.test.dll" id="f6b59a52-abc4-7e7c-f812-569555ffd07c">
      <Execution id="c6fb0d9e-f71e-4f95-b74e-05c957f740e0" />
      <TestMethod codeBase="C:/Users/gnvilhena/PROMPT/uc01/repos/PROMPT11-01-VMEssentials.vilhena/Trabalho Final/HttpReflector/Routers/ReflectorRouter.Test/bin/Debug/ReflectorRouter.Test.DLL" adapterTypeName="Microsoft.VisualStudio.TestTools.TestTypes.Unit.UnitTestAdapter, Microsoft.VisualStudio.QualityTools.Tips.UnitTest.Adapter, Version=10.0.0.0, Culture=neutral, PublicKeyToken=b03f5f7f11d50a3a" className="ReflectorRouter.Test.RouterCollection, ReflectorRouter.Test, Version=1.0.0.0, Culture=neutral, PublicKeyToken=null" name="RouteWorksWithRootCtxRouteList" />
    </UnitTest>
    <UnitTest name="RouteWorksWithRootCtxNsNamespaceShortnameMMethodNameRouteList" storage="c:\users\gnvilhena\prompt\uc01\repos\prompt11-01-vmessentials.vilhena\trabalho final\httpreflector\routers\reflectorrouter.test\bin\debug\reflectorrouter.test.dll" id="6784527c-c482-0912-542b-3dcdacb47507">
      <Execution id="2f267556-dd81-4043-a3e1-90be474dfc5c" />
      <TestMethod codeBase="C:/Users/gnvilhena/PROMPT/uc01/repos/PROMPT11-01-VMEssentials.vilhena/Trabalho Final/HttpReflector/Routers/ReflectorRouter.Test/bin/Debug/ReflectorRouter.Test.DLL" adapterTypeName="Microsoft.VisualStudio.TestTools.TestTypes.Unit.UnitTestAdapter, Microsoft.VisualStudio.QualityTools.Tips.UnitTest.Adapter, Version=10.0.0.0, Culture=neutral, PublicKeyToken=b03f5f7f11d50a3a" className="ReflectorRouter.Test.RouterCollection, ReflectorRouter.Test, Version=1.0.0.0, Culture=neutral, PublicKeyToken=null" name="RouteWorksWithRootCtxNsNamespaceShortnameMMethodNameRouteList" />
    </UnitTest>
    <UnitTest name="GetTypeContextModel" storage="c:\users\gnvilhena\prompt\uc01\repos\prompt11-01-vmessentials.vilhena\trabalho final\httpreflector\assemblymodel.test\bin\debug\assemblymodel.test.dll" id="d8184f34-057f-e69d-3079-1c304a346697">
      <Execution id="c3b56cda-998a-4c55-904d-380c519c19d4" />
      <TestMethod codeBase="C:/Users/gnvilhena/PROMPT/uc01/repos/PROMPT11-01-VMEssentials.vilhena/Trabalho Final/HttpReflector/AssemblyModel.Test/bin/Debug/AssemblyModel.Test.DLL" adapterTypeName="Microsoft.VisualStudio.TestTools.TestTypes.Unit.UnitTestAdapter, Microsoft.VisualStudio.QualityTools.Tips.UnitTest.Adapter, Version=10.0.0.0, Culture=neutral, PublicKeyToken=b03f5f7f11d50a3a" className="AssemblyModelTest.AssemblyModelTest, AssemblyModel.Test, Version=1.0.0.0, Culture=neutral, PublicKeyToken=null" name="GetTypeContextModel" />
    </UnitTest>
    <UnitTest name="GetContextContextModel" storage="c:\users\gnvilhena\prompt\uc01\repos\prompt11-01-vmessentials.vilhena\trabalho final\httpreflector\assemblymodel.test\bin\debug\assemblymodel.test.dll" id="f28710f9-438e-b12b-8594-ca1054ad2af5">
      <Execution id="04b3b0b4-0678-49d0-a767-2e012eed9b67" />
      <TestMethod codeBase="C:/Users/gnvilhena/PROMPT/uc01/repos/PROMPT11-01-VMEssentials.vilhena/Trabalho Final/HttpReflector/AssemblyModel.Test/bin/Debug/AssemblyModel.Test.DLL" adapterTypeName="Microsoft.VisualStudio.TestTools.TestTypes.Unit.UnitTestAdapter, Microsoft.VisualStudio.QualityTools.Tips.UnitTest.Adapter, Version=10.0.0.0, Culture=neutral, PublicKeyToken=b03f5f7f11d50a3a" className="AssemblyModelTest.AssemblyModelTest, AssemblyModel.Test, Version=1.0.0.0, Culture=neutral, PublicKeyToken=null" name="GetContextContextModel" />
    </UnitTest>
    <UnitTest name="RouteWorksWithRootOnlyRouteList" storage="c:\users\gnvilhena\prompt\uc01\repos\prompt11-01-vmessentials.vilhena\trabalho final\httpreflector\routers\reflectorrouter.test\bin\debug\reflectorrouter.test.dll" id="cb64fb5f-ea4a-343c-9730-09998b8787bd">
      <Execution id="9d36c4f9-21d6-4811-8a04-329f1342653c" />
      <TestMethod codeBase="C:/Users/gnvilhena/PROMPT/uc01/repos/PROMPT11-01-VMEssentials.vilhena/Trabalho Final/HttpReflector/Routers/ReflectorRouter.Test/bin/Debug/ReflectorRouter.Test.DLL" adapterTypeName="Microsoft.VisualStudio.TestTools.TestTypes.Unit.UnitTestAdapter, Microsoft.VisualStudio.QualityTools.Tips.UnitTest.Adapter, Version=10.0.0.0, Culture=neutral, PublicKeyToken=b03f5f7f11d50a3a" className="ReflectorRouter.Test.RouterCollection, ReflectorRouter.Test, Version=1.0.0.0, Culture=neutral, PublicKeyToken=null" name="RouteWorksWithRootOnlyRouteList" />
    </UnitTest>
    <UnitTest name="ListAllContextReturnsAllContextModels" storage="c:\users\gnvilhena\prompt\uc01\repos\prompt11-01-vmessentials.vilhena\trabalho final\httpreflector\assemblymodel.test\bin\debug\assemblymodel.test.dll" id="76f7c0a7-6879-6d47-f6cf-e7d87e75c556">
      <Execution id="8b2578c9-e83d-4564-a715-aeb97675f0ab" />
      <TestMethod codeBase="C:/Users/gnvilhena/PROMPT/uc01/repos/PROMPT11-01-VMEssentials.vilhena/Trabalho Final/HttpReflector/AssemblyModel.Test/bin/Debug/AssemblyModel.Test.DLL" adapterTypeName="Microsoft.VisualStudio.TestTools.TestTypes.Unit.UnitTestAdapter, Microsoft.VisualStudio.QualityTools.Tips.UnitTest.Adapter, Version=10.0.0.0, Culture=neutral, PublicKeyToken=b03f5f7f11d50a3a" className="AssemblyModelTest.AssemblyModelTest, AssemblyModel.Test, Version=1.0.0.0, Culture=neutral, PublicKeyToken=null" name="ListAllContextReturnsAllContextModels" />
    </UnitTest>
    <UnitTest name="InitNewTreeWithRoot" storage="c:\users\gnvilhena\prompt\uc01\repos\prompt11-01-vmessentials.vilhena\trabalho final\httpreflector\utils\tree.test\bin\debug\tree.test.dll" id="3b09194f-5651-fd25-6809-631b7fb4eb62">
      <Execution id="142bdf9c-81a7-48df-a6e1-eebd2f0de1da" />
      <TestMethod codeBase="C:/Users/gnvilhena/PROMPT/uc01/repos/PROMPT11-01-VMEssentials.vilhena/Trabalho Final/HttpReflector/Utils/Tree.Test/bin/Debug/Tree.Test.DLL" adapterTypeName="Microsoft.VisualStudio.TestTools.TestTypes.Unit.UnitTestAdapter, Microsoft.VisualStudio.QualityTools.Tips.UnitTest.Adapter, Version=10.0.0.0, Culture=neutral, PublicKeyToken=b03f5f7f11d50a3a" className="HttpReflector.Utils.Test.TreeTest, Tree.Test, Version=1.0.0.0, Culture=neutral, PublicKeyToken=null" name="InitNewTreeWithRoot" />
    </UnitTest>
    <UnitTest name="RouteSeekThrowsCannotFindRouterExceptionIfCannotFindPattern" storage="c:\users\gnvilhena\prompt\uc01\repos\prompt11-01-vmessentials.vilhena\trabalho final\httpreflector\routers\reflectorrouter.test\bin\debug\reflectorrouter.test.dll" id="463eb8a2-551f-dde3-e15e-e8d5710e8e88">
      <Execution id="a50a9478-c71f-404f-95d9-ef08002b8025" />
      <TestMethod codeBase="C:/Users/gnvilhena/PROMPT/uc01/repos/PROMPT11-01-VMEssentials.vilhena/Trabalho Final/HttpReflector/Routers/ReflectorRouter.Test/bin/Debug/ReflectorRouter.Test.DLL" adapterTypeName="Microsoft.VisualStudio.TestTools.TestTypes.Unit.UnitTestAdapter, Microsoft.VisualStudio.QualityTools.Tips.UnitTest.Adapter, Version=10.0.0.0, Culture=neutral, PublicKeyToken=b03f5f7f11d50a3a" className="ReflectorRouter.Test.RouterCollection, ReflectorRouter.Test, Version=1.0.0.0, Culture=neutral, PublicKeyToken=null" name="RouteSeekThrowsCannotFindRouterExceptionIfCannotFindPattern" />
    </UnitTest>
    <UnitTest name="BindRootView" storage="c:\users\gnvilhena\prompt\uc01\repos\prompt11-01-vmessentials.vilhena\trabalho final\httpreflector\views\reflectorview.test\bin\debug\reflectorview.test.dll" id="2cd50448-5291-4f46-e77d-96205d99f315">
      <Execution id="a0bb01be-7005-458e-ad19-13630b339639" />
      <TestMethod codeBase="C:/Users/gnvilhena/PROMPT/uc01/repos/PROMPT11-01-VMEssentials.vilhena/Trabalho Final/HttpReflector/Views/ReflectorView.Test/bin/Debug/ReflectorView.Test.DLL" adapterTypeName="Microsoft.VisualStudio.TestTools.TestTypes.Unit.UnitTestAdapter, Microsoft.VisualStudio.QualityTools.Tips.UnitTest.Adapter, Version=10.0.0.0, Culture=neutral, PublicKeyToken=b03f5f7f11d50a3a" className="ReflectorView.Test.ReflectorViewTest, ReflectorView.Test, Version=1.0.0.0, Culture=neutral, PublicKeyToken=null" name="BindRootView" />
    </UnitTest>
    <UnitTest name="RouteWorksWithRootCtxAsAssemblyNameRouteList" storage="c:\users\gnvilhena\prompt\uc01\repos\prompt11-01-vmessentials.vilhena\trabalho final\httpreflector\routers\reflectorrouter.test\bin\debug\reflectorrouter.test.dll" id="d223219d-fbaf-89e7-3a49-c19c9b3b3edc">
      <Execution id="4980ddd4-048f-4780-946a-b14ee12419d7" />
      <TestMethod codeBase="C:/Users/gnvilhena/PROMPT/uc01/repos/PROMPT11-01-VMEssentials.vilhena/Trabalho Final/HttpReflector/Routers/ReflectorRouter.Test/bin/Debug/ReflectorRouter.Test.DLL" adapterTypeName="Microsoft.VisualStudio.TestTools.TestTypes.Unit.UnitTestAdapter, Microsoft.VisualStudio.QualityTools.Tips.UnitTest.Adapter, Version=10.0.0.0, Culture=neutral, PublicKeyToken=b03f5f7f11d50a3a" className="ReflectorRouter.Test.RouterCollection, ReflectorRouter.Test, Version=1.0.0.0, Culture=neutral, PublicKeyToken=null" name="RouteWorksWithRootCtxAsAssemblyNameRouteList" />
    </UnitTest>
    <UnitTest name="ListAllContextAssembliesContextModel" storage="c:\users\gnvilhena\prompt\uc01\repos\prompt11-01-vmessentials.vilhena\trabalho final\httpreflector\assemblymodel.test\bin\debug\assemblymodel.test.dll" id="9278291c-e6b0-e32b-9ad3-6d545921b6d2">
      <Execution id="7eb1dd30-de9b-45b5-be44-dd93b5d18629" />
      <TestMethod codeBase="C:/Users/gnvilhena/PROMPT/uc01/repos/PROMPT11-01-VMEssentials.vilhena/Trabalho Final/HttpReflector/AssemblyModel.Test/bin/Debug/AssemblyModel.Test.DLL" adapterTypeName="Microsoft.VisualStudio.TestTools.TestTypes.Unit.UnitTestAdapter, Microsoft.VisualStudio.QualityTools.Tips.UnitTest.Adapter, Version=10.0.0.0, Culture=neutral, PublicKeyToken=b03f5f7f11d50a3a" className="AssemblyModelTest.AssemblyModelTest, AssemblyModel.Test, Version=1.0.0.0, Culture=neutral, PublicKeyToken=null" name="ListAllContextAssembliesContextModel" />
    </UnitTest>
    <UnitTest name="RouteWorksWithRootCtxNsNamespaceShortnamePPropNameRouteList" storage="c:\users\gnvilhena\prompt\uc01\repos\prompt11-01-vmessentials.vilhena\trabalho final\httpreflector\routers\reflectorrouter.test\bin\debug\reflectorrouter.test.dll" id="0ce176a3-c55a-e636-d255-5e7aff6e41a8">
      <Execution id="d17b59e8-87a7-4d37-bab4-beca9aa78a56" />
      <TestMethod codeBase="C:/Users/gnvilhena/PROMPT/uc01/repos/PROMPT11-01-VMEssentials.vilhena/Trabalho Final/HttpReflector/Routers/ReflectorRouter.Test/bin/Debug/ReflectorRouter.Test.DLL" adapterTypeName="Microsoft.VisualStudio.TestTools.TestTypes.Unit.UnitTestAdapter, Microsoft.VisualStudio.QualityTools.Tips.UnitTest.Adapter, Version=10.0.0.0, Culture=neutral, PublicKeyToken=b03f5f7f11d50a3a" className="ReflectorRouter.Test.RouterCollection, ReflectorRouter.Test, Version=1.0.0.0, Culture=neutral, PublicKeyToken=null" name="RouteWorksWithRootCtxNsNamespaceShortnamePPropNameRouteList" />
    </UnitTest>
    <UnitTest name="GetContextInvalidNamespaceThrowsInvalidNamespaceModelExceptio" storage="c:\users\gnvilhena\prompt\uc01\repos\prompt11-01-vmessentials.vilhena\trabalho final\httpreflector\assemblymodel.test\bin\debug\assemblymodel.test.dll" id="e0840f5a-cbda-60a0-b8a5-ddcac37b5ed8">
      <Execution id="c120fa78-ea0e-4ea5-8f13-d4e9b886755b" />
      <TestMethod codeBase="C:/Users/gnvilhena/PROMPT/uc01/repos/PROMPT11-01-VMEssentials.vilhena/Trabalho Final/HttpReflector/AssemblyModel.Test/bin/Debug/AssemblyModel.Test.DLL" adapterTypeName="Microsoft.VisualStudio.TestTools.TestTypes.Unit.UnitTestAdapter, Microsoft.VisualStudio.QualityTools.Tips.UnitTest.Adapter, Version=10.0.0.0, Culture=neutral, PublicKeyToken=b03f5f7f11d50a3a" className="AssemblyModelTest.AssemblyModelTest, AssemblyModel.Test, Version=1.0.0.0, Culture=neutral, PublicKeyToken=null" name="GetContextInvalidNamespaceThrowsInvalidNamespaceModelExceptio" />
    </UnitTest>
    <UnitTest name="AddContextWithInvalidPathThrowsInvalidPathException" storage="c:\users\gnvilhena\prompt\uc01\repos\prompt11-01-vmessentials.vilhena\trabalho final\httpreflector\assemblymodel.test\bin\debug\assemblymodel.test.dll" id="6fa0d37b-e32d-d89e-4167-068ec55c8ffd">
      <Execution id="d7e6e5d8-a8c1-41a8-a5eb-b535b12b005b" />
      <TestMethod codeBase="C:/Users/gnvilhena/PROMPT/uc01/repos/PROMPT11-01-VMEssentials.vilhena/Trabalho Final/HttpReflector/AssemblyModel.Test/bin/Debug/AssemblyModel.Test.DLL" adapterTypeName="Microsoft.VisualStudio.TestTools.TestTypes.Unit.UnitTestAdapter, Microsoft.VisualStudio.QualityTools.Tips.UnitTest.Adapter, Version=10.0.0.0, Culture=neutral, PublicKeyToken=b03f5f7f11d50a3a" className="AssemblyModelTest.AssemblyModelTest, AssemblyModel.Test, Version=1.0.0.0, Culture=neutral, PublicKeyToken=null" name="AddContextWithInvalidPathThrowsInvalidPathException" />
    </UnitTest>
    <UnitTest name="RouteWorksWithRootCtxAsRouteList" storage="c:\users\gnvilhena\prompt\uc01\repos\prompt11-01-vmessentials.vilhena\trabalho final\httpreflector\routers\reflectorrouter.test\bin\debug\reflectorrouter.test.dll" id="b3b5bf70-eb22-7ea3-6c4a-453814fffda2">
      <Execution id="bd70037e-3cad-4f34-a16a-b8826e21f22d" />
      <TestMethod codeBase="C:/Users/gnvilhena/PROMPT/uc01/repos/PROMPT11-01-VMEssentials.vilhena/Trabalho Final/HttpReflector/Routers/ReflectorRouter.Test/bin/Debug/ReflectorRouter.Test.DLL" adapterTypeName="Microsoft.VisualStudio.TestTools.TestTypes.Unit.UnitTestAdapter, Microsoft.VisualStudio.QualityTools.Tips.UnitTest.Adapter, Version=10.0.0.0, Culture=neutral, PublicKeyToken=b03f5f7f11d50a3a" className="ReflectorRouter.Test.RouterCollection, ReflectorRouter.Test, Version=1.0.0.0, Culture=neutral, PublicKeyToken=null" name="RouteWorksWithRootCtxAsRouteList" />
    </UnitTest>
  </TestDefinitions>
  <TestLists>
    <TestList name="Results Not in a List" id="8c84fa94-04c1-424b-9868-57a2d4851a1d" />
    <TestList name="All Loaded Results" id="19431567-8539-422a-85d7-44ee4e166bda" />
  </TestLists>
  <TestEntries>
    <TestEntry testId="0ce176a3-c55a-e636-d255-5e7aff6e41a8" executionId="d17b59e8-87a7-4d37-bab4-beca9aa78a56" testListId="8c84fa94-04c1-424b-9868-57a2d4851a1d" />
    <TestEntry testId="1133a30c-721f-dfb0-6e8e-fc4e09453bba" executionId="e1b22319-a9b0-4eeb-b2c4-6597859cd165" testListId="8c84fa94-04c1-424b-9868-57a2d4851a1d" />
    <TestEntry testId="24823888-f50a-301e-fcbe-a102f5185a0e" executionId="5a7d18c7-731f-458d-8781-72318d631e64" testListId="8c84fa94-04c1-424b-9868-57a2d4851a1d" />
    <TestEntry testId="274768e3-c15c-eb07-7b78-2aec20a6e315" executionId="0879d91b-aa4c-4416-8f0b-c7de0e12a10f" testListId="8c84fa94-04c1-424b-9868-57a2d4851a1d" />
    <TestEntry testId="2896e079-7af6-aed4-10c7-ee442a00cf0b" executionId="0e15c187-1157-44b9-91da-1c29a686ec64" testListId="8c84fa94-04c1-424b-9868-57a2d4851a1d" />
    <TestEntry testId="2cd50448-5291-4f46-e77d-96205d99f315" executionId="a0bb01be-7005-458e-ad19-13630b339639" testListId="8c84fa94-04c1-424b-9868-57a2d4851a1d" />
    <TestEntry testId="3066abf0-bbdc-e93d-f8b9-d7f77efca76e" executionId="5d60ed51-3c4e-490c-bf71-87f4bc9f8aac" testListId="8c84fa94-04c1-424b-9868-57a2d4851a1d" />
    <TestEntry testId="3afaef20-45fe-8c7b-e6f8-8c1c22a0164e" executionId="5641287f-9e1c-4b69-83a6-00d5d8e71f2e" testListId="8c84fa94-04c1-424b-9868-57a2d4851a1d" />
    <TestEntry testId="3b09194f-5651-fd25-6809-631b7fb4eb62" executionId="142bdf9c-81a7-48df-a6e1-eebd2f0de1da" testListId="8c84fa94-04c1-424b-9868-57a2d4851a1d" />
    <TestEntry testId="43754c34-18a7-b891-3c8a-c6f51c87076d" executionId="cd7f9552-c855-405e-8f9c-b410b2a2142e" testListId="8c84fa94-04c1-424b-9868-57a2d4851a1d" />
    <TestEntry testId="463eb8a2-551f-dde3-e15e-e8d5710e8e88" executionId="a50a9478-c71f-404f-95d9-ef08002b8025" testListId="8c84fa94-04c1-424b-9868-57a2d4851a1d" />
    <TestEntry testId="4854cc04-4aff-cc7f-b81a-0d628dd3edee" executionId="9d7ba859-ba2d-499d-b851-aed03b94fc0e" testListId="8c84fa94-04c1-424b-9868-57a2d4851a1d" />
    <TestEntry testId="4b243ddf-9b4e-7f68-2282-1d15a85bab9b" executionId="d88aa309-1da6-4dad-90b4-d0ba7ff56722" testListId="8c84fa94-04c1-424b-9868-57a2d4851a1d" />
    <TestEntry testId="516b6c68-c5e5-bf9c-2c60-a4dfddc51fb8" executionId="37818976-3d47-44b6-a080-a951a4b11536" testListId="8c84fa94-04c1-424b-9868-57a2d4851a1d" />
    <TestEntry testId="544a66b2-c234-6aa7-d3b7-57315f613540" executionId="7be158c7-695e-4948-b4d6-ddd93fdcf1ad" testListId="8c84fa94-04c1-424b-9868-57a2d4851a1d" />
    <TestEntry testId="64a16abf-270a-7737-c6db-2335bfd6d654" executionId="456497c3-372c-4bcc-9bce-11f2352293ab" testListId="8c84fa94-04c1-424b-9868-57a2d4851a1d" />
    <TestEntry testId="6784527c-c482-0912-542b-3dcdacb47507" executionId="2f267556-dd81-4043-a3e1-90be474dfc5c" testListId="8c84fa94-04c1-424b-9868-57a2d4851a1d" />
    <TestEntry testId="6fa0d37b-e32d-d89e-4167-068ec55c8ffd" executionId="d7e6e5d8-a8c1-41a8-a5eb-b535b12b005b" testListId="8c84fa94-04c1-424b-9868-57a2d4851a1d" />
    <TestEntry testId="70554a9f-74b8-3727-a9b7-50662ba5487c" executionId="638a2b7a-a715-48a8-8115-4ba558dd4178" testListId="8c84fa94-04c1-424b-9868-57a2d4851a1d" />
    <TestEntry testId="763d97fc-65a9-0500-6fa8-bf1f09a15e0c" executionId="f6067c59-fc34-4711-8368-227ef1c0d5a5" testListId="8c84fa94-04c1-424b-9868-57a2d4851a1d" />
    <TestEntry testId="76f7c0a7-6879-6d47-f6cf-e7d87e75c556" executionId="8b2578c9-e83d-4564-a715-aeb97675f0ab" testListId="8c84fa94-04c1-424b-9868-57a2d4851a1d" />
    <TestEntry testId="7795dffc-b7a5-5c43-1aa2-03f78084ca66" executionId="ab9c2fe4-6d12-4e85-ae89-f0833391f691" testListId="8c84fa94-04c1-424b-9868-57a2d4851a1d" />
    <TestEntry testId="791f5605-823c-1bb5-35fe-ba025a3168fa" executionId="f7072c82-eb43-40c5-9fa2-5a84554420f7" testListId="8c84fa94-04c1-424b-9868-57a2d4851a1d" />
    <TestEntry testId="84ac9094-4090-126d-990c-e3f42364133f" executionId="a1c352b7-5a01-4bb9-a304-600a8aa5b278" testListId="8c84fa94-04c1-424b-9868-57a2d4851a1d" />
    <TestEntry testId="9278291c-e6b0-e32b-9ad3-6d545921b6d2" executionId="7eb1dd30-de9b-45b5-be44-dd93b5d18629" testListId="8c84fa94-04c1-424b-9868-57a2d4851a1d" />
    <TestEntry testId="954e1d53-145a-8f6e-7826-1c67d91bf336" executionId="a595b63e-72db-41d8-a8e2-e2b81a72d29c" testListId="8c84fa94-04c1-424b-9868-57a2d4851a1d" />
    <TestEntry testId="9a7e0ce8-a890-76e5-0515-e3311e06f037" executionId="4c84772c-5981-4fd8-b9b1-c8e4c90a641f" testListId="8c84fa94-04c1-424b-9868-57a2d4851a1d" />
    <TestEntry testId="b3b5bf70-eb22-7ea3-6c4a-453814fffda2" executionId="bd70037e-3cad-4f34-a16a-b8826e21f22d" testListId="8c84fa94-04c1-424b-9868-57a2d4851a1d" />
    <TestEntry testId="b4271458-837d-82fd-cbce-5eb1f16a31d0" executionId="5bcec71f-6864-4091-a990-00185f49180e" testListId="8c84fa94-04c1-424b-9868-57a2d4851a1d" />
    <TestEntry testId="bb30f44f-1527-608e-f2e3-9596925858db" executionId="250c2944-bea7-48f6-a395-cf47d6a87c25" testListId="8c84fa94-04c1-424b-9868-57a2d4851a1d" />
    <TestEntry testId="cb64fb5f-ea4a-343c-9730-09998b8787bd" executionId="9d36c4f9-21d6-4811-8a04-329f1342653c" testListId="8c84fa94-04c1-424b-9868-57a2d4851a1d" />
    <TestEntry testId="d223219d-fbaf-89e7-3a49-c19c9b3b3edc" executionId="4980ddd4-048f-4780-946a-b14ee12419d7" testListId="8c84fa94-04c1-424b-9868-57a2d4851a1d" />
    <TestEntry testId="d8184f34-057f-e69d-3079-1c304a346697" executionId="c3b56cda-998a-4c55-904d-380c519c19d4" testListId="8c84fa94-04c1-424b-9868-57a2d4851a1d" />
    <TestEntry testId="dbd8feea-a40e-8938-e358-e9b3d1f5a615" executionId="7dcf6b15-f755-4555-908f-603fb4623046" testListId="8c84fa94-04c1-424b-9868-57a2d4851a1d" />
    <TestEntry testId="e0840f5a-cbda-60a0-b8a5-ddcac37b5ed8" executionId="c120fa78-ea0e-4ea5-8f13-d4e9b886755b" testListId="8c84fa94-04c1-424b-9868-57a2d4851a1d" />
    <TestEntry testId="e64fdd11-a1b1-7a84-b4bf-d58eaa26c62d" executionId="35cd853d-24aa-499b-871e-8b270ed374d8" testListId="8c84fa94-04c1-424b-9868-57a2d4851a1d" />
    <TestEntry testId="f034a3de-7207-22c6-01d4-83591bfbd103" executionId="987a1479-f74c-4c5c-802a-74899d0d3d00" testListId="8c84fa94-04c1-424b-9868-57a2d4851a1d" />
    <TestEntry testId="f28710f9-438e-b12b-8594-ca1054ad2af5" executionId="04b3b0b4-0678-49d0-a767-2e012eed9b67" testListId="8c84fa94-04c1-424b-9868-57a2d4851a1d" />
    <TestEntry testId="f29e5863-186a-4825-2df2-0578747f784d" executionId="e127c0f8-f8bf-413c-9435-0fc98714ed24" testListId="8c84fa94-04c1-424b-9868-57a2d4851a1d" />
    <TestEntry testId="f6b59a52-abc4-7e7c-f812-569555ffd07c" executionId="c6fb0d9e-f71e-4f95-b74e-05c957f740e0" testListId="8c84fa94-04c1-424b-9868-57a2d4851a1d" />
    <TestEntry testId="fbf8eef2-92a0-6d2b-a3cb-60c176d03a3c" executionId="e5d1b4a1-b49b-47de-a050-94723585d237" testListId="8c84fa94-04c1-424b-9868-57a2d4851a1d" />
  </TestEntries>
  <Results>
    <UnitTestResult executionId="d17b59e8-87a7-4d37-bab4-beca9aa78a56" testId="0ce176a3-c55a-e636-d255-5e7aff6e41a8" testName="RouteWorksWithRootCtxNsNamespaceShortnamePPropNameRouteList" computerName="BEE" duration="00:00:00.0618760" startTime="2011-05-30T21:37:13.5908203+01:00" endTime="2011-05-30T21:37:13.9492187+01:00" testType="13cdc9d9-ddb5-4fa4-a97d-d965ccfc6d4b" outcome="Passed" testListId="8c84fa94-04c1-424b-9868-57a2d4851a1d" relativeResultsDirectory="d17b59e8-87a7-4d37-bab4-beca9aa78a56">
    </UnitTestResult>
    <UnitTestResult executionId="e1b22319-a9b0-4eeb-b2c4-6597859cd165" testId="1133a30c-721f-dfb0-6e8e-fc4e09453bba" testName="ListAllContextNamespacesContextModel" computerName="BEE" duration="00:00:00.0363241" startTime="2011-05-30T21:37:13.9833984+01:00" endTime="2011-05-30T21:37:14.2773437+01:00" testType="13cdc9d9-ddb5-4fa4-a97d-d965ccfc6d4b" outcome="Passed" testListId="8c84fa94-04c1-424b-9868-57a2d4851a1d" relativeResultsDirectory="e1b22319-a9b0-4eeb-b2c4-6597859cd165">
    </UnitTestResult>
    <UnitTestResult executionId="5a7d18c7-731f-458d-8781-72318d631e64" testId="24823888-f50a-301e-fcbe-a102f5185a0e" testName="RouteWorksWithRootCtxNsNamespacePrefixRouteList" computerName="BEE" startTime="2011-05-30T21:37:14.2832031+01:00" endTime="2011-05-30T21:37:14.2900391+01:00" testType="13cdc9d9-ddb5-4fa4-a97d-d965ccfc6d4b" outcome="Passed" testListId="8c84fa94-04c1-424b-9868-57a2d4851a1d" relativeResultsDirectory="5a7d18c7-731f-458d-8781-72318d631e64">
    </UnitTestResult>
    <UnitTestResult executionId="0879d91b-aa4c-4416-8f0b-c7de0e12a10f" testId="274768e3-c15c-eb07-7b78-2aec20a6e315" testName="CanAddRouteToRouteList" computerName="BEE" duration="00:00:00.0005570" startTime="2011-05-30T21:37:14.2929687+01:00" endTime="2011-05-30T21:37:14.2988281+01:00" testType="13cdc9d9-ddb5-4fa4-a97d-d965ccfc6d4b" outcome="Passed" testListId="8c84fa94-04c1-424b-9868-57a2d4851a1d" relativeResultsDirectory="0879d91b-aa4c-4416-8f0b-c7de0e12a10f">
    </UnitTestResult>
    <UnitTestResult executionId="0e15c187-1157-44b9-91da-1c29a686ec64" testId="2896e079-7af6-aed4-10c7-ee442a00cf0b" testName="AddValueToTree" computerName="BEE" duration="00:00:00.0217181" startTime="2011-05-30T21:37:14.3017578+01:00" endTime="2011-05-30T21:37:14.5410156+01:00" testType="13cdc9d9-ddb5-4fa4-a97d-d965ccfc6d4b" outcome="Passed" testListId="8c84fa94-04c1-424b-9868-57a2d4851a1d" relativeResultsDirectory="0e15c187-1157-44b9-91da-1c29a686ec64">
    </UnitTestResult>
    <UnitTestResult executionId="a0bb01be-7005-458e-ad19-13630b339639" testId="2cd50448-5291-4f46-e77d-96205d99f315" testName="BindRootView" computerName="BEE" duration="00:00:00.0428607" startTime="2011-05-30T21:37:14.5429687+01:00" endTime="2011-05-30T21:37:14.8447266+01:00" testType="13cdc9d9-ddb5-4fa4-a97d-d965ccfc6d4b" outcome="Passed" testListId="8c84fa94-04c1-424b-9868-57a2d4851a1d" relativeResultsDirectory="a0bb01be-7005-458e-ad19-13630b339639">
    </UnitTestResult>
    <UnitTestResult executionId="5d60ed51-3c4e-490c-bf71-87f4bc9f8aac" testId="3066abf0-bbdc-e93d-f8b9-d7f77efca76e" testName="RouteSeekReturnsValidHandlerNoRouteResult" computerName="BEE" duration="00:00:00.0004268" startTime="2011-05-30T21:37:14.8525391+01:00" endTime="2011-05-30T21:37:14.8593750+01:00" testType="13cdc9d9-ddb5-4fa4-a97d-d965ccfc6d4b" outcome="Passed" testListId="8c84fa94-04c1-424b-9868-57a2d4851a1d" relativeResultsDirectory="5d60ed51-3c4e-490c-bf71-87f4bc9f8aac">
    </UnitTestResult>
    <UnitTestResult executionId="5641287f-9e1c-4b69-83a6-00d5d8e71f2e" testId="3afaef20-45fe-8c7b-e6f8-8c1c22a0164e" testName="HttpRespondsToGet" computerName="BEE" duration="00:00:01.0493140" startTime="2011-05-30T21:37:14.8652344+01:00" endTime="2011-05-30T21:37:16.1523437+01:00" testType="13cdc9d9-ddb5-4fa4-a97d-d965ccfc6d4b" outcome="Passed" testListId="8c84fa94-04c1-424b-9868-57a2d4851a1d" relativeResultsDirectory="5641287f-9e1c-4b69-83a6-00d5d8e71f2e">
    </UnitTestResult>
    <UnitTestResult executionId="142bdf9c-81a7-48df-a6e1-eebd2f0de1da" testId="3b09194f-5651-fd25-6809-631b7fb4eb62" testName="InitNewTreeWithRoot" computerName="BEE" duration="00:00:00.0009079" startTime="2011-05-30T21:37:16.1611328+01:00" endTime="2011-05-30T21:37:16.1738281+01:00" testType="13cdc9d9-ddb5-4fa4-a97d-d965ccfc6d4b" outcome="Passed" testListId="8c84fa94-04c1-424b-9868-57a2d4851a1d" relativeResultsDirectory="142bdf9c-81a7-48df-a6e1-eebd2f0de1da">
    </UnitTestResult>
    <UnitTestResult executionId="cd7f9552-c855-405e-8f9c-b410b2a2142e" testId="43754c34-18a7-b891-3c8a-c6f51c87076d" testName="GetContextNamespaceContextModel" computerName="BEE" duration="00:00:00.0021918" startTime="2011-05-30T21:37:16.1748047+01:00" endTime="2011-05-30T21:37:16.1884766+01:00" testType="13cdc9d9-ddb5-4fa4-a97d-d965ccfc6d4b" outcome="Passed" testListId="8c84fa94-04c1-424b-9868-57a2d4851a1d" relativeResultsDirectory="cd7f9552-c855-405e-8f9c-b410b2a2142e">
    </UnitTestResult>
    <UnitTestResult executionId="a50a9478-c71f-404f-95d9-ef08002b8025" testId="463eb8a2-551f-dde3-e15e-e8d5710e8e88" testName="RouteSeekThrowsCannotFindRouterExceptionIfCannotFindPattern" computerName="BEE" duration="00:00:00.0040949" startTime="2011-05-30T21:37:16.1894531+01:00" endTime="2011-05-30T21:37:16.2050781+01:00" testType="13cdc9d9-ddb5-4fa4-a97d-d965ccfc6d4b" outcome="Passed" testListId="8c84fa94-04c1-424b-9868-57a2d4851a1d" relativeResultsDirectory="a50a9478-c71f-404f-95d9-ef08002b8025">
    </UnitTestResult>
    <UnitTestResult executionId="9d7ba859-ba2d-499d-b851-aed03b94fc0e" testId="4854cc04-4aff-cc7f-b81a-0d628dd3edee" testName="CanFindRootValueThrowsKeyNotFoundTreeExceptionOnNewTree" computerName="BEE" duration="00:00:00.0046989" startTime="2011-05-30T21:37:16.2070312+01:00" endTime="2011-05-30T21:37:16.2226562+01:00" testType="13cdc9d9-ddb5-4fa4-a97d-d965ccfc6d4b" outcome="Passed" testListId="8c84fa94-04c1-424b-9868-57a2d4851a1d" relativeResultsDirectory="9d7ba859-ba2d-499d-b851-aed03b94fc0e">
    </UnitTestResult>
    <UnitTestResult executionId="d88aa309-1da6-4dad-90b4-d0ba7ff56722" testId="4b243ddf-9b4e-7f68-2282-1d15a85bab9b" testName="ContainsResultsTrueRootValueOnNewTree" computerName="BEE" duration="00:00:00.0050587" startTime="2011-05-30T21:37:16.2246094+01:00" endTime="2011-05-30T21:37:16.2353516+01:00" testType="13cdc9d9-ddb5-4fa4-a97d-d965ccfc6d4b" outcome="Passed" testListId="8c84fa94-04c1-424b-9868-57a2d4851a1d" relativeResultsDirectory="d88aa309-1da6-4dad-90b4-d0ba7ff56722">
    </UnitTestResult>
    <UnitTestResult executionId="37818976-3d47-44b6-a080-a951a4b11536" testId="516b6c68-c5e5-bf9c-2c60-a4dfddc51fb8" testName="GetAssemblyInvalidContextThrowsInvalidContextException" computerName="BEE" duration="00:00:00.0054708" startTime="2011-05-30T21:37:16.2441406+01:00" endTime="2011-05-30T21:37:16.2617187+01:00" testType="13cdc9d9-ddb5-4fa4-a97d-d965ccfc6d4b" outcome="Passed" testListId="8c84fa94-04c1-424b-9868-57a2d4851a1d" relativeResultsDirectory="37818976-3d47-44b6-a080-a951a4b11536">
    </UnitTestResult>
    <UnitTestResult executionId="7be158c7-695e-4948-b4d6-ddd93fdcf1ad" testId="544a66b2-c234-6aa7-d3b7-57315f613540" testName="CanFindRootValueOnNewTree" computerName="BEE" duration="00:00:00.0043600" startTime="2011-05-30T21:37:16.2705078+01:00" endTime="2011-05-30T21:37:16.2792969+01:00" testType="13cdc9d9-ddb5-4fa4-a97d-d965ccfc6d4b" outcome="Passed" testListId="8c84fa94-04c1-424b-9868-57a2d4851a1d" relativeResultsDirectory="7be158c7-695e-4948-b4d6-ddd93fdcf1ad">
    </UnitTestResult>
    <UnitTestResult executionId="456497c3-372c-4bcc-9bce-11f2352293ab" testId="64a16abf-270a-7737-c6db-2335bfd6d654" testName="GetContextUsingInvalidContextThrowsInvalidContextExceptionContextModel" computerName="BEE" duration="00:00:00.0011289" startTime="2011-05-30T21:37:16.2939453+01:00" endTime="2011-05-30T21:37:16.3027344+01:00" testType="13cdc9d9-ddb5-4fa4-a97d-d965ccfc6d4b" outcome="Passed" testListId="8c84fa94-04c1-424b-9868-57a2d4851a1d" relativeResultsDirectory="456497c3-372c-4bcc-9bce-11f2352293ab">
    </UnitTestResult>
    <UnitTestResult executionId="2f267556-dd81-4043-a3e1-90be474dfc5c" testId="6784527c-c482-0912-542b-3dcdacb47507" testName="RouteWorksWithRootCtxNsNamespaceShortnameMMethodNameRouteList" computerName="BEE" duration="00:00:00.0059538" startTime="2011-05-30T21:37:16.3066406+01:00" endTime="2011-05-30T21:37:16.3251953+01:00" testType="13cdc9d9-ddb5-4fa4-a97d-d965ccfc6d4b" outcome="Passed" testListId="8c84fa94-04c1-424b-9868-57a2d4851a1d" relativeResultsDirectory="2f267556-dd81-4043-a3e1-90be474dfc5c">
    </UnitTestResult>
    <UnitTestResult executionId="d7e6e5d8-a8c1-41a8-a5eb-b535b12b005b" testId="6fa0d37b-e32d-d89e-4167-068ec55c8ffd" testName="AddContextWithInvalidPathThrowsInvalidPathException" computerName="BEE" duration="00:00:00.0008481" startTime="2011-05-30T21:37:16.3291016+01:00" endTime="2011-05-30T21:37:16.3369141+01:00" testType="13cdc9d9-ddb5-4fa4-a97d-d965ccfc6d4b" outcome="Passed" testListId="8c84fa94-04c1-424b-9868-57a2d4851a1d" relativeResultsDirectory="d7e6e5d8-a8c1-41a8-a5eb-b535b12b005b">
    </UnitTestResult>
    <UnitTestResult executionId="638a2b7a-a715-48a8-8115-4ba558dd4178" testId="70554a9f-74b8-3727-a9b7-50662ba5487c" testName="HttpDoNotRespondsToPut" computerName="BEE" duration="00:00:00.0031459" startTime="2011-05-30T21:37:16.3398437+01:00" endTime="2011-05-30T21:37:16.3486328+01:00" testType="13cdc9d9-ddb5-4fa4-a97d-d965ccfc6d4b" outcome="Passed" testListId="8c84fa94-04c1-424b-9868-57a2d4851a1d" relativeResultsDirectory="638a2b7a-a715-48a8-8115-4ba558dd4178">
    </UnitTestResult>
    <UnitTestResult executionId="f6067c59-fc34-4711-8368-227ef1c0d5a5" testId="763d97fc-65a9-0500-6fa8-bf1f09a15e0c" testName="RouteSeekReturnsAllKeysNoRouteResult" computerName="BEE" startTime="2011-05-30T21:37:16.3525391+01:00" endTime="2011-05-30T21:37:16.3583984+01:00" testType="13cdc9d9-ddb5-4fa4-a97d-d965ccfc6d4b" outcome="Passed" testListId="8c84fa94-04c1-424b-9868-57a2d4851a1d" relativeResultsDirectory="f6067c59-fc34-4711-8368-227ef1c0d5a5">
    </UnitTestResult>
    <UnitTestResult executionId="8b2578c9-e83d-4564-a715-aeb97675f0ab" testId="76f7c0a7-6879-6d47-f6cf-e7d87e75c556" testName="ListAllContextReturnsAllContextModels" computerName="BEE" duration="00:00:00.0087309" startTime="2011-05-30T21:37:16.3632812+01:00" endTime="2011-05-30T21:37:16.3769531+01:00" testType="13cdc9d9-ddb5-4fa4-a97d-d965ccfc6d4b" outcome="Passed" testListId="8c84fa94-04c1-424b-9868-57a2d4851a1d" relativeResultsDirectory="8b2578c9-e83d-4564-a715-aeb97675f0ab">
    </UnitTestResult>
    <UnitTestResult executionId="ab9c2fe4-6d12-4e85-ae89-f0833391f691" testId="7795dffc-b7a5-5c43-1aa2-03f78084ca66" testName="AddContextToAssemblyModel" computerName="BEE" startTime="2011-05-30T21:37:16.3798828+01:00" endTime="2011-05-30T21:37:16.3857422+01:00" testType="13cdc9d9-ddb5-4fa4-a97d-d965ccfc6d4b" outcome="Passed" testListId="8c84fa94-04c1-424b-9868-57a2d4851a1d" relativeResultsDirectory="ab9c2fe4-6d12-4e85-ae89-f0833391f691">
    </UnitTestResult>
    <UnitTestResult executionId="f7072c82-eb43-40c5-9fa2-5a84554420f7" testId="791f5605-823c-1bb5-35fe-ba025a3168fa" testName="GetContextAssemblyContextModel" computerName="BEE" duration="00:00:00.0010208" startTime="2011-05-30T21:37:16.3896484+01:00" endTime="2011-05-30T21:37:16.3955078+01:00" testType="13cdc9d9-ddb5-4fa4-a97d-d965ccfc6d4b" outcome="Passed" testListId="8c84fa94-04c1-424b-9868-57a2d4851a1d" relativeResultsDirectory="f7072c82-eb43-40c5-9fa2-5a84554420f7">
    </UnitTestResult>
    <UnitTestResult executionId="a1c352b7-5a01-4bb9-a304-600a8aa5b278" testId="84ac9094-4090-126d-990c-e3f42364133f" testName="RouteWorksWithRootCtxNsNamespaceShortnameCRouteList" computerName="BEE" duration="00:00:00.0002617" startTime="2011-05-30T21:37:16.3984375+01:00" endTime="2011-05-30T21:37:16.4062500+01:00" testType="13cdc9d9-ddb5-4fa4-a97d-d965ccfc6d4b" outcome="Passed" testListId="8c84fa94-04c1-424b-9868-57a2d4851a1d" relativeResultsDirectory="a1c352b7-5a01-4bb9-a304-600a8aa5b278">
    </UnitTestResult>
    <UnitTestResult executionId="7eb1dd30-de9b-45b5-be44-dd93b5d18629" testId="9278291c-e6b0-e32b-9ad3-6d545921b6d2" testName="ListAllContextAssembliesContextModel" computerName="BEE" duration="00:00:00.0015571" startTime="2011-05-30T21:37:16.4091797+01:00" endTime="2011-05-30T21:37:16.4169922+01:00" testType="13cdc9d9-ddb5-4fa4-a97d-d965ccfc6d4b" outcome="Passed" testListId="8c84fa94-04c1-424b-9868-57a2d4851a1d" relativeResultsDirectory="7eb1dd30-de9b-45b5-be44-dd93b5d18629">
    </UnitTestResult>
    <UnitTestResult executionId="a595b63e-72db-41d8-a8e2-e2b81a72d29c" testId="954e1d53-145a-8f6e-7826-1c67d91bf336" testName="RootHandlerRunReturnsRootView" computerName="BEE" duration="00:00:00.0452618" startTime="2011-05-30T21:37:16.4199219+01:00" endTime="2011-05-30T21:37:16.6865234+01:00" testType="13cdc9d9-ddb5-4fa4-a97d-d965ccfc6d4b" outcome="Passed" testListId="8c84fa94-04c1-424b-9868-57a2d4851a1d" relativeResultsDirectory="a595b63e-72db-41d8-a8e2-e2b81a72d29c">
    </UnitTestResult>
    <UnitTestResult executionId="4c84772c-5981-4fd8-b9b1-c8e4c90a641f" testId="9a7e0ce8-a890-76e5-0515-e3311e06f037" testName="RouteWorksWithRootCtxNsNamespaceShortnameRouteList" computerName="BEE" duration="00:00:00.0010347" startTime="2011-05-30T21:37:16.6894531+01:00" endTime="2011-05-30T21:37:16.7011719+01:00" testType="13cdc9d9-ddb5-4fa4-a97d-d965ccfc6d4b" outcome="Passed" testListId="8c84fa94-04c1-424b-9868-57a2d4851a1d" relativeResultsDirectory="4c84772c-5981-4fd8-b9b1-c8e4c90a641f">
    </UnitTestResult>
    <UnitTestResult executionId="bd70037e-3cad-4f34-a16a-b8826e21f22d" testId="b3b5bf70-eb22-7ea3-6c4a-453814fffda2" testName="RouteWorksWithRootCtxAsRouteList" computerName="BEE" duration="00:00:00.0010378" startTime="2011-05-30T21:37:16.7041016+01:00" endTime="2011-05-30T21:37:16.7119141+01:00" testType="13cdc9d9-ddb5-4fa4-a97d-d965ccfc6d4b" outcome="Passed" testListId="8c84fa94-04c1-424b-9868-57a2d4851a1d" relativeResultsDirectory="bd70037e-3cad-4f34-a16a-b8826e21f22d">
    </UnitTestResult>
    <UnitTestResult executionId="5bcec71f-6864-4091-a990-00185f49180e" testId="b4271458-837d-82fd-cbce-5eb1f16a31d0" testName="RouteWorksWithRootCtxNsRouteList" computerName="BEE" duration="00:00:00.0003489" startTime="2011-05-30T21:37:16.7158203+01:00" endTime="2011-05-30T21:37:16.7236328+01:00" testType="13cdc9d9-ddb5-4fa4-a97d-d965ccfc6d4b" outcome="Passed" testListId="8c84fa94-04c1-424b-9868-57a2d4851a1d" relativeResultsDirectory="5bcec71f-6864-4091-a990-00185f49180e">
    </UnitTestResult>
    <UnitTestResult executionId="250c2944-bea7-48f6-a395-cf47d6a87c25" testId="bb30f44f-1527-608e-f2e3-9596925858db" testName="ContextHandlerRunReturnsContextView" computerName="BEE" duration="00:00:00.0030012" startTime="2011-05-30T21:37:16.7275391+01:00" endTime="2011-05-30T21:37:16.7363281+01:00" testType="13cdc9d9-ddb5-4fa4-a97d-d965ccfc6d4b" outcome="Passed" testListId="8c84fa94-04c1-424b-9868-57a2d4851a1d" relativeResultsDirectory="250c2944-bea7-48f6-a395-cf47d6a87c25">
    </UnitTestResult>
    <UnitTestResult executionId="9d36c4f9-21d6-4811-8a04-329f1342653c" testId="cb64fb5f-ea4a-343c-9730-09998b8787bd" testName="RouteWorksWithRootOnlyRouteList" computerName="BEE" duration="00:00:00.0007528" startTime="2011-05-30T21:37:16.7392578+01:00" endTime="2011-05-30T21:37:16.7451172+01:00" testType="13cdc9d9-ddb5-4fa4-a97d-d965ccfc6d4b" outcome="Passed" testListId="8c84fa94-04c1-424b-9868-57a2d4851a1d" relativeResultsDirectory="9d36c4f9-21d6-4811-8a04-329f1342653c">
    </UnitTestResult>
    <UnitTestResult executionId="4980ddd4-048f-4780-946a-b14ee12419d7" testId="d223219d-fbaf-89e7-3a49-c19c9b3b3edc" testName="RouteWorksWithRootCtxAsAssemblyNameRouteList" computerName="BEE" duration="00:00:00.0002089" startTime="2011-05-30T21:37:16.7490234+01:00" endTime="2011-05-30T21:37:16.7558594+01:00" testType="13cdc9d9-ddb5-4fa4-a97d-d965ccfc6d4b" outcome="Passed" testListId="8c84fa94-04c1-424b-9868-57a2d4851a1d" relativeResultsDirectory="4980ddd4-048f-4780-946a-b14ee12419d7">
    </UnitTestResult>
    <UnitTestResult executionId="c3b56cda-998a-4c55-904d-380c519c19d4" testId="d8184f34-057f-e69d-3079-1c304a346697" testName="GetTypeContextModel" computerName="BEE" duration="00:00:00.1763274" startTime="2011-05-30T21:37:16.7587891+01:00" endTime="2011-05-30T21:37:16.9423828+01:00" testType="13cdc9d9-ddb5-4fa4-a97d-d965ccfc6d4b" outcome="Passed" testListId="8c84fa94-04c1-424b-9868-57a2d4851a1d" relativeResultsDirectory="c3b56cda-998a-4c55-904d-380c519c19d4">
    </UnitTestResult>
    <UnitTestResult executionId="7dcf6b15-f755-4555-908f-603fb4623046" testId="dbd8feea-a40e-8938-e358-e9b3d1f5a615" testName="GetAssemblyInvalidContextThrowsInvalidAssemblyException" computerName="BEE" duration="00:00:00.0010168" startTime="2011-05-30T21:37:16.9472656+01:00" endTime="2011-05-30T21:37:16.9550781+01:00" testType="13cdc9d9-ddb5-4fa4-a97d-d965ccfc6d4b" outcome="Passed" testListId="8c84fa94-04c1-424b-9868-57a2d4851a1d" relativeResultsDirectory="7dcf6b15-f755-4555-908f-603fb4623046">
    </UnitTestResult>
    <UnitTestResult executionId="c120fa78-ea0e-4ea5-8f13-d4e9b886755b" testId="e0840f5a-cbda-60a0-b8a5-ddcac37b5ed8" testName="GetContextInvalidNamespaceThrowsInvalidNamespaceModelExceptio" computerName="BEE" duration="00:00:00.0004201" startTime="2011-05-30T21:37:16.9580078+01:00" endTime="2011-05-30T21:37:16.9658203+01:00" testType="13cdc9d9-ddb5-4fa4-a97d-d965ccfc6d4b" outcome="Passed" testListId="8c84fa94-04c1-424b-9868-57a2d4851a1d" relativeResultsDirectory="c120fa78-ea0e-4ea5-8f13-d4e9b886755b">
    </UnitTestResult>
    <UnitTestResult executionId="35cd853d-24aa-499b-871e-8b270ed374d8" testId="e64fdd11-a1b1-7a84-b4bf-d58eaa26c62d" testName="RouteWorksWithRootCtxNsNamespaceShortnameFFieldNameRouteList" computerName="BEE" startTime="2011-05-30T21:37:16.9687500+01:00" endTime="2011-05-30T21:37:16.9755859+01:00" testType="13cdc9d9-ddb5-4fa4-a97d-d965ccfc6d4b" outcome="Passed" testListId="8c84fa94-04c1-424b-9868-57a2d4851a1d" relativeResultsDirectory="35cd853d-24aa-499b-871e-8b270ed374d8">
    </UnitTestResult>
    <UnitTestResult executionId="987a1479-f74c-4c5c-802a-74899d0d3d00" testId="f034a3de-7207-22c6-01d4-83591bfbd103" testName="RouteWorksWithRootCtxNsNamespaceShortnameREventNameRouteList" computerName="BEE" startTime="2011-05-30T21:37:16.9824219+01:00" endTime="2011-05-30T21:37:16.9882812+01:00" testType="13cdc9d9-ddb5-4fa4-a97d-d965ccfc6d4b" outcome="Passed" testListId="8c84fa94-04c1-424b-9868-57a2d4851a1d" relativeResultsDirectory="987a1479-f74c-4c5c-802a-74899d0d3d00">
    </UnitTestResult>
    <UnitTestResult executionId="04b3b0b4-0678-49d0-a767-2e012eed9b67" testId="f28710f9-438e-b12b-8594-ca1054ad2af5" testName="GetContextContextModel" computerName="BEE" duration="00:00:00.0004341" startTime="2011-05-30T21:37:16.9921875+01:00" endTime="2011-05-30T21:37:16.9990234+01:00" testType="13cdc9d9-ddb5-4fa4-a97d-d965ccfc6d4b" outcome="Passed" testListId="8c84fa94-04c1-424b-9868-57a2d4851a1d" relativeResultsDirectory="04b3b0b4-0678-49d0-a767-2e012eed9b67">
    </UnitTestResult>
    <UnitTestResult executionId="e127c0f8-f8bf-413c-9435-0fc98714ed24" testId="f29e5863-186a-4825-2df2-0578747f784d" testName="CanRemoveRouteFromRouteList" computerName="BEE" duration="00:00:00.0010168" startTime="2011-05-30T21:37:17.0029297+01:00" endTime="2011-05-30T21:37:17.0097656+01:00" testType="13cdc9d9-ddb5-4fa4-a97d-d965ccfc6d4b" outcome="Passed" testListId="8c84fa94-04c1-424b-9868-57a2d4851a1d" relativeResultsDirectory="e127c0f8-f8bf-413c-9435-0fc98714ed24">
    </UnitTestResult>
    <UnitTestResult executionId="c6fb0d9e-f71e-4f95-b74e-05c957f740e0" testId="f6b59a52-abc4-7e7c-f812-569555ffd07c" testName="RouteWorksWithRootCtxRouteList" computerName="BEE" startTime="2011-05-30T21:37:17.0126953+01:00" endTime="2011-05-30T21:37:17.0195312+01:00" testType="13cdc9d9-ddb5-4fa4-a97d-d965ccfc6d4b" outcome="Passed" testListId="8c84fa94-04c1-424b-9868-57a2d4851a1d" relativeResultsDirectory="c6fb0d9e-f71e-4f95-b74e-05c957f740e0">
    </UnitTestResult>
    <UnitTestResult executionId="e5d1b4a1-b49b-47de-a050-94723585d237" testId="fbf8eef2-92a0-6d2b-a3cb-60c176d03a3c" testName="CanAddValueToEmpyTree" computerName="BEE" duration="00:00:00.0006570" startTime="2011-05-30T21:37:17.0234375+01:00" endTime="2011-05-30T21:37:17.0302734+01:00" testType="13cdc9d9-ddb5-4fa4-a97d-d965ccfc6d4b" outcome="Passed" testListId="8c84fa94-04c1-424b-9868-57a2d4851a1d" relativeResultsDirectory="e5d1b4a1-b49b-47de-a050-94723585d237">
    </UnitTestResult>
  </Results>
</TestRun>