<?xml version="1.0" encoding="UTF-8"?>
<TestRun id="bf767f7e-840a-4044-affb-57f48e3e4654" name="gnvilhena@BEE 2011-05-30 00:18:10" runUser="BEE\gnvilhena" xmlns="http://microsoft.com/schemas/VisualStudio/TeamTest/2010">
  <TestSettings name="Local" id="4a322428-db0d-47e0-9f3e-eb99e6e4bb7a">
    <Description>These are default test settings for a local test run.</Description>
    <Deployment enabled="false" runDeploymentRoot="gnvilhena_BEE 2011-05-30 00_18_10">
      <DeploymentItem filename="C:\Users\gnvilhena\PROMPT\uc01\repos\PROMPT11-01-VMEssentials.vilhena\Trabalho Final\HttpReflector\Routers\ReflectorRouter\bin\Debug\ReflectorRouter.dll" />
      <DeploymentItem filename="C:\Users\gnvilhena\PROMPT\uc01\repos\PROMPT11-01-VMEssentials.vilhena\Trabalho Final\HttpReflector\Contracts\View\bin\Debug\View.dll" />
      <DeploymentItem filename="C:\Users\gnvilhena\PROMPT\uc01\repos\PROMPT11-01-VMEssentials.vilhena\Trabalho Final\HttpReflector\Controllers\AssemblyReflector\bin\Debug\AssemblyReflector.dll" />
      <DeploymentItem filename="C:\Users\gnvilhena\PROMPT\uc01\repos\PROMPT11-01-VMEssentials.vilhena\Trabalho Final\HttpReflector\Utils\Tree\bin\Debug\Tree.dll" />
      <DeploymentItem filename="C:\Users\gnvilhena\PROMPT\uc01\repos\PROMPT11-01-VMEssentials.vilhena\Trabalho Final\HttpReflector\Contracts\Handler\bin\Debug\Handler.dll" />
      <DeploymentItem filename="C:\Users\gnvilhena\PROMPT\uc01\repos\PROMPT11-01-VMEssentials.vilhena\Trabalho Final\HttpReflector\Contracts\Router\bin\Debug\Router.dll" />
      <DeploymentItem filename="C:\Users\gnvilhena\PROMPT\uc01\repos\PROMPT11-01-VMEssentials.vilhena\Trabalho Final\HttpReflector\Views\ReflectorView\bin\Debug\ReflectorView.dll" />
    </Deployment>
    <Execution>
      <TestTypeSpecific />
      <AgentRule name="Execution Agents">
      </AgentRule>
    </Execution>
  </TestSettings>
  <Times creation="2011-05-30T00:18:10.8125000+01:00" queuing="2011-05-30T00:18:14.0781250+01:00" start="2011-05-30T00:18:14.9531250+01:00" finish="2011-05-30T00:18:19.1875000+01:00" />
  <ResultSummary outcome="Completed">
    <Counters total="34" executed="34" passed="34" error="0" failed="0" timeout="0" aborted="0" inconclusive="0" passedButRunAborted="0" notRunnable="0" notExecuted="0" disconnected="0" warning="0" completed="0" inProgress="0" pending="0" />
  </ResultSummary>
  <TestDefinitions>
    <UnitTest name="GetAssemblyInvalidContextThrowsInvalidContextException" storage="c:\users\gnvilhena\prompt\uc01\repos\prompt11-01-vmessentials.vilhena\trabalho final\httpreflector\assemblymodel.test\bin\debug\assemblymodel.test.dll" id="516b6c68-c5e5-bf9c-2c60-a4dfddc51fb8">
      <Execution id="dac41e16-4284-4276-a7b1-dced861e9bfd" />
      <TestMethod codeBase="C:/Users/gnvilhena/PROMPT/uc01/repos/PROMPT11-01-VMEssentials.vilhena/Trabalho Final/HttpReflector/AssemblyModel.Test/bin/Debug/AssemblyModel.Test.DLL" adapterTypeName="Microsoft.VisualStudio.TestTools.TestTypes.Unit.UnitTestAdapter, Microsoft.VisualStudio.QualityTools.Tips.UnitTest.Adapter, Version=10.0.0.0, Culture=neutral, PublicKeyToken=b03f5f7f11d50a3a" className="AssemblyModelTest.AssemblyModelTest, AssemblyModel.Test, Version=1.0.0.0, Culture=neutral, PublicKeyToken=null" name="GetAssemblyInvalidContextThrowsInvalidContextException" />
    </UnitTest>
    <UnitTest name="ListAllContextNamespacesContextModel" storage="c:\users\gnvilhena\prompt\uc01\repos\prompt11-01-vmessentials.vilhena\trabalho final\httpreflector\assemblymodel.test\bin\debug\assemblymodel.test.dll" id="1133a30c-721f-dfb0-6e8e-fc4e09453bba">
      <Execution id="a0f25215-d0d6-4872-839e-fbc3fd9cb695" />
      <TestMethod codeBase="C:/Users/gnvilhena/PROMPT/uc01/repos/PROMPT11-01-VMEssentials.vilhena/Trabalho Final/HttpReflector/AssemblyModel.Test/bin/Debug/AssemblyModel.Test.DLL" adapterTypeName="Microsoft.VisualStudio.TestTools.TestTypes.Unit.UnitTestAdapter, Microsoft.VisualStudio.QualityTools.Tips.UnitTest.Adapter, Version=10.0.0.0, Culture=neutral, PublicKeyToken=b03f5f7f11d50a3a" className="AssemblyModelTest.AssemblyModelTest, AssemblyModel.Test, Version=1.0.0.0, Culture=neutral, PublicKeyToken=null" name="ListAllContextNamespacesContextModel" />
    </UnitTest>
    <UnitTest name="ContainsResultsTrueRootValueOnNewTree" storage="c:\users\gnvilhena\prompt\uc01\repos\prompt11-01-vmessentials.vilhena\trabalho final\httpreflector\utils\tree.test\bin\debug\tree.test.dll" id="4b243ddf-9b4e-7f68-2282-1d15a85bab9b">
      <Execution id="da49e5d9-b1fc-4c28-929a-110427d0b5ad" />
      <TestMethod codeBase="C:/Users/gnvilhena/PROMPT/uc01/repos/PROMPT11-01-VMEssentials.vilhena/Trabalho Final/HttpReflector/Utils/Tree.Test/bin/Debug/Tree.Test.DLL" adapterTypeName="Microsoft.VisualStudio.TestTools.TestTypes.Unit.UnitTestAdapter, Microsoft.VisualStudio.QualityTools.Tips.UnitTest.Adapter, Version=10.0.0.0, Culture=neutral, PublicKeyToken=b03f5f7f11d50a3a" className="HttpReflector.Utils.Test.TreeTest, Tree.Test, Version=1.0.0.0, Culture=neutral, PublicKeyToken=null" name="ContainsResultsTrueRootValueOnNewTree" />
    </UnitTest>
    <UnitTest name="GetContextNamespaceContextModel" storage="c:\users\gnvilhena\prompt\uc01\repos\prompt11-01-vmessentials.vilhena\trabalho final\httpreflector\assemblymodel.test\bin\debug\assemblymodel.test.dll" id="43754c34-18a7-b891-3c8a-c6f51c87076d">
      <Execution id="071ffc74-8970-4e7b-98ae-3ee01b0ea5b2" />
      <TestMethod codeBase="C:/Users/gnvilhena/PROMPT/uc01/repos/PROMPT11-01-VMEssentials.vilhena/Trabalho Final/HttpReflector/AssemblyModel.Test/bin/Debug/AssemblyModel.Test.DLL" adapterTypeName="Microsoft.VisualStudio.TestTools.TestTypes.Unit.UnitTestAdapter, Microsoft.VisualStudio.QualityTools.Tips.UnitTest.Adapter, Version=10.0.0.0, Culture=neutral, PublicKeyToken=b03f5f7f11d50a3a" className="AssemblyModelTest.AssemblyModelTest, AssemblyModel.Test, Version=1.0.0.0, Culture=neutral, PublicKeyToken=null" name="GetContextNamespaceContextModel" />
    </UnitTest>
    <UnitTest name="AddValueToTree" storage="c:\users\gnvilhena\prompt\uc01\repos\prompt11-01-vmessentials.vilhena\trabalho final\httpreflector\utils\tree.test\bin\debug\tree.test.dll" id="2896e079-7af6-aed4-10c7-ee442a00cf0b">
      <Execution id="816f3302-5f83-4995-a0c0-0eae8ffcdcd7" />
      <TestMethod codeBase="C:/Users/gnvilhena/PROMPT/uc01/repos/PROMPT11-01-VMEssentials.vilhena/Trabalho Final/HttpReflector/Utils/Tree.Test/bin/Debug/Tree.Test.DLL" adapterTypeName="Microsoft.VisualStudio.TestTools.TestTypes.Unit.UnitTestAdapter, Microsoft.VisualStudio.QualityTools.Tips.UnitTest.Adapter, Version=10.0.0.0, Culture=neutral, PublicKeyToken=b03f5f7f11d50a3a" className="HttpReflector.Utils.Test.TreeTest, Tree.Test, Version=1.0.0.0, Culture=neutral, PublicKeyToken=null" name="AddValueToTree" />
    </UnitTest>
    <UnitTest name="CanRemoveRouteFromRouteList" storage="c:\users\gnvilhena\prompt\uc01\repos\prompt11-01-vmessentials.vilhena\trabalho final\httpreflector\routers\reflectorrouter.test\bin\debug\reflectorrouter.test.dll" id="f29e5863-186a-4825-2df2-0578747f784d">
      <Execution id="2f2b6f3d-4b82-4803-9fd3-b0f0ae33b6f0" />
      <TestMethod codeBase="C:/Users/gnvilhena/PROMPT/uc01/repos/PROMPT11-01-VMEssentials.vilhena/Trabalho Final/HttpReflector/Routers/ReflectorRouter.Test/bin/Debug/ReflectorRouter.Test.DLL" adapterTypeName="Microsoft.VisualStudio.TestTools.TestTypes.Unit.UnitTestAdapter, Microsoft.VisualStudio.QualityTools.Tips.UnitTest.Adapter, Version=10.0.0.0, Culture=neutral, PublicKeyToken=b03f5f7f11d50a3a" className="ReflectorRouter.Test.RouterCollection, ReflectorRouter.Test, Version=1.0.0.0, Culture=neutral, PublicKeyToken=null" name="CanRemoveRouteFromRouteList" />
    </UnitTest>
    <UnitTest name="RouteWorksWithRootCtxNsRouteList" storage="c:\users\gnvilhena\prompt\uc01\repos\prompt11-01-vmessentials.vilhena\trabalho final\httpreflector\routers\reflectorrouter.test\bin\debug\reflectorrouter.test.dll" id="b4271458-837d-82fd-cbce-5eb1f16a31d0">
      <Execution id="c895cf67-6b83-4e25-8bb9-75ebc17b37de" />
      <TestMethod codeBase="C:/Users/gnvilhena/PROMPT/uc01/repos/PROMPT11-01-VMEssentials.vilhena/Trabalho Final/HttpReflector/Routers/ReflectorRouter.Test/bin/Debug/ReflectorRouter.Test.DLL" adapterTypeName="Microsoft.VisualStudio.TestTools.TestTypes.Unit.UnitTestAdapter, Microsoft.VisualStudio.QualityTools.Tips.UnitTest.Adapter, Version=10.0.0.0, Culture=neutral, PublicKeyToken=b03f5f7f11d50a3a" className="ReflectorRouter.Test.RouterCollection, ReflectorRouter.Test, Version=1.0.0.0, Culture=neutral, PublicKeyToken=null" name="RouteWorksWithRootCtxNsRouteList" />
    </UnitTest>
    <UnitTest name="CanFindRootValueThrowsKeyNotFoundTreeExceptionOnNewTree" storage="c:\users\gnvilhena\prompt\uc01\repos\prompt11-01-vmessentials.vilhena\trabalho final\httpreflector\utils\tree.test\bin\debug\tree.test.dll" id="4854cc04-4aff-cc7f-b81a-0d628dd3edee">
      <Execution id="32b40db1-8053-45ed-9726-cece4123c6c5" />
      <TestMethod codeBase="C:/Users/gnvilhena/PROMPT/uc01/repos/PROMPT11-01-VMEssentials.vilhena/Trabalho Final/HttpReflector/Utils/Tree.Test/bin/Debug/Tree.Test.DLL" adapterTypeName="Microsoft.VisualStudio.TestTools.TestTypes.Unit.UnitTestAdapter, Microsoft.VisualStudio.QualityTools.Tips.UnitTest.Adapter, Version=10.0.0.0, Culture=neutral, PublicKeyToken=b03f5f7f11d50a3a" className="HttpReflector.Utils.Test.TreeTest, Tree.Test, Version=1.0.0.0, Culture=neutral, PublicKeyToken=null" name="CanFindRootValueThrowsKeyNotFoundTreeExceptionOnNewTree" />
    </UnitTest>
    <UnitTest name="GetContextAssemblyContextModel" storage="c:\users\gnvilhena\prompt\uc01\repos\prompt11-01-vmessentials.vilhena\trabalho final\httpreflector\assemblymodel.test\bin\debug\assemblymodel.test.dll" id="791f5605-823c-1bb5-35fe-ba025a3168fa">
      <Execution id="ba4576ab-dd84-470b-850e-73f790d633d5" />
      <TestMethod codeBase="C:/Users/gnvilhena/PROMPT/uc01/repos/PROMPT11-01-VMEssentials.vilhena/Trabalho Final/HttpReflector/AssemblyModel.Test/bin/Debug/AssemblyModel.Test.DLL" adapterTypeName="Microsoft.VisualStudio.TestTools.TestTypes.Unit.UnitTestAdapter, Microsoft.VisualStudio.QualityTools.Tips.UnitTest.Adapter, Version=10.0.0.0, Culture=neutral, PublicKeyToken=b03f5f7f11d50a3a" className="AssemblyModelTest.AssemblyModelTest, AssemblyModel.Test, Version=1.0.0.0, Culture=neutral, PublicKeyToken=null" name="GetContextAssemblyContextModel" />
    </UnitTest>
    <UnitTest name="RouteWorksWithRootCtxNsNamespaceShortnameRouteList" storage="c:\users\gnvilhena\prompt\uc01\repos\prompt11-01-vmessentials.vilhena\trabalho final\httpreflector\routers\reflectorrouter.test\bin\debug\reflectorrouter.test.dll" id="9a7e0ce8-a890-76e5-0515-e3311e06f037">
      <Execution id="6afeff6d-b857-4e3e-bdb4-4ccc72542619" />
      <TestMethod codeBase="C:/Users/gnvilhena/PROMPT/uc01/repos/PROMPT11-01-VMEssentials.vilhena/Trabalho Final/HttpReflector/Routers/ReflectorRouter.Test/bin/Debug/ReflectorRouter.Test.DLL" adapterTypeName="Microsoft.VisualStudio.TestTools.TestTypes.Unit.UnitTestAdapter, Microsoft.VisualStudio.QualityTools.Tips.UnitTest.Adapter, Version=10.0.0.0, Culture=neutral, PublicKeyToken=b03f5f7f11d50a3a" className="ReflectorRouter.Test.RouterCollection, ReflectorRouter.Test, Version=1.0.0.0, Culture=neutral, PublicKeyToken=null" name="RouteWorksWithRootCtxNsNamespaceShortnameRouteList" />
    </UnitTest>
    <UnitTest name="GetTypeContextModel" storage="c:\users\gnvilhena\prompt\uc01\repos\prompt11-01-vmessentials.vilhena\trabalho final\httpreflector\assemblymodel.test\bin\debug\assemblymodel.test.dll" id="d8184f34-057f-e69d-3079-1c304a346697">
      <Execution id="6743d4aa-888b-4de2-806b-1cce241e8e68" />
      <TestMethod codeBase="C:/Users/gnvilhena/PROMPT/uc01/repos/PROMPT11-01-VMEssentials.vilhena/Trabalho Final/HttpReflector/AssemblyModel.Test/bin/Debug/AssemblyModel.Test.DLL" adapterTypeName="Microsoft.VisualStudio.TestTools.TestTypes.Unit.UnitTestAdapter, Microsoft.VisualStudio.QualityTools.Tips.UnitTest.Adapter, Version=10.0.0.0, Culture=neutral, PublicKeyToken=b03f5f7f11d50a3a" className="AssemblyModelTest.AssemblyModelTest, AssemblyModel.Test, Version=1.0.0.0, Culture=neutral, PublicKeyToken=null" name="GetTypeContextModel" />
    </UnitTest>
    <UnitTest name="RouteWorksWithRootCtxNsNamespaceShortnameREventNameRouteList" storage="c:\users\gnvilhena\prompt\uc01\repos\prompt11-01-vmessentials.vilhena\trabalho final\httpreflector\routers\reflectorrouter.test\bin\debug\reflectorrouter.test.dll" id="f034a3de-7207-22c6-01d4-83591bfbd103">
      <Execution id="4028e5e0-f620-4f15-8529-aa912678a7cc" />
      <TestMethod codeBase="C:/Users/gnvilhena/PROMPT/uc01/repos/PROMPT11-01-VMEssentials.vilhena/Trabalho Final/HttpReflector/Routers/ReflectorRouter.Test/bin/Debug/ReflectorRouter.Test.DLL" adapterTypeName="Microsoft.VisualStudio.TestTools.TestTypes.Unit.UnitTestAdapter, Microsoft.VisualStudio.QualityTools.Tips.UnitTest.Adapter, Version=10.0.0.0, Culture=neutral, PublicKeyToken=b03f5f7f11d50a3a" className="ReflectorRouter.Test.RouterCollection, ReflectorRouter.Test, Version=1.0.0.0, Culture=neutral, PublicKeyToken=null" name="RouteWorksWithRootCtxNsNamespaceShortnameREventNameRouteList" />
    </UnitTest>
    <UnitTest name="CanFindRootValueOnNewTree" storage="c:\users\gnvilhena\prompt\uc01\repos\prompt11-01-vmessentials.vilhena\trabalho final\httpreflector\utils\tree.test\bin\debug\tree.test.dll" id="544a66b2-c234-6aa7-d3b7-57315f613540">
      <Execution id="b78d5e0a-f461-4f5e-9160-b0390a1e900e" />
      <TestMethod codeBase="C:/Users/gnvilhena/PROMPT/uc01/repos/PROMPT11-01-VMEssentials.vilhena/Trabalho Final/HttpReflector/Utils/Tree.Test/bin/Debug/Tree.Test.DLL" adapterTypeName="Microsoft.VisualStudio.TestTools.TestTypes.Unit.UnitTestAdapter, Microsoft.VisualStudio.QualityTools.Tips.UnitTest.Adapter, Version=10.0.0.0, Culture=neutral, PublicKeyToken=b03f5f7f11d50a3a" className="HttpReflector.Utils.Test.TreeTest, Tree.Test, Version=1.0.0.0, Culture=neutral, PublicKeyToken=null" name="CanFindRootValueOnNewTree" />
    </UnitTest>
    <UnitTest name="GetContextUsingInvalidContextThrowsInvalidContextExceptionContextModel" storage="c:\users\gnvilhena\prompt\uc01\repos\prompt11-01-vmessentials.vilhena\trabalho final\httpreflector\assemblymodel.test\bin\debug\assemblymodel.test.dll" id="64a16abf-270a-7737-c6db-2335bfd6d654">
      <Execution id="d7e86fbb-685e-41d2-ad1c-f83835e31a59" />
      <TestMethod codeBase="C:/Users/gnvilhena/PROMPT/uc01/repos/PROMPT11-01-VMEssentials.vilhena/Trabalho Final/HttpReflector/AssemblyModel.Test/bin/Debug/AssemblyModel.Test.DLL" adapterTypeName="Microsoft.VisualStudio.TestTools.TestTypes.Unit.UnitTestAdapter, Microsoft.VisualStudio.QualityTools.Tips.UnitTest.Adapter, Version=10.0.0.0, Culture=neutral, PublicKeyToken=b03f5f7f11d50a3a" className="AssemblyModelTest.AssemblyModelTest, AssemblyModel.Test, Version=1.0.0.0, Culture=neutral, PublicKeyToken=null" name="GetContextUsingInvalidContextThrowsInvalidContextExceptionContextModel" />
    </UnitTest>
    <UnitTest name="RouteWorksWithRootCtxNsNamespacePrefixRouteList" storage="c:\users\gnvilhena\prompt\uc01\repos\prompt11-01-vmessentials.vilhena\trabalho final\httpreflector\routers\reflectorrouter.test\bin\debug\reflectorrouter.test.dll" id="24823888-f50a-301e-fcbe-a102f5185a0e">
      <Execution id="58f5688c-1bcf-4ba7-a2bd-94bb7f74d589" />
      <TestMethod codeBase="C:/Users/gnvilhena/PROMPT/uc01/repos/PROMPT11-01-VMEssentials.vilhena/Trabalho Final/HttpReflector/Routers/ReflectorRouter.Test/bin/Debug/ReflectorRouter.Test.DLL" adapterTypeName="Microsoft.VisualStudio.TestTools.TestTypes.Unit.UnitTestAdapter, Microsoft.VisualStudio.QualityTools.Tips.UnitTest.Adapter, Version=10.0.0.0, Culture=neutral, PublicKeyToken=b03f5f7f11d50a3a" className="ReflectorRouter.Test.RouterCollection, ReflectorRouter.Test, Version=1.0.0.0, Culture=neutral, PublicKeyToken=null" name="RouteWorksWithRootCtxNsNamespacePrefixRouteList" />
    </UnitTest>
    <UnitTest name="CanAddRouteToRouteList" storage="c:\users\gnvilhena\prompt\uc01\repos\prompt11-01-vmessentials.vilhena\trabalho final\httpreflector\routers\reflectorrouter.test\bin\debug\reflectorrouter.test.dll" id="274768e3-c15c-eb07-7b78-2aec20a6e315">
      <Execution id="5e8308ed-3037-486d-b3df-907b9de5d08a" />
      <TestMethod codeBase="C:/Users/gnvilhena/PROMPT/uc01/repos/PROMPT11-01-VMEssentials.vilhena/Trabalho Final/HttpReflector/Routers/ReflectorRouter.Test/bin/Debug/ReflectorRouter.Test.DLL" adapterTypeName="Microsoft.VisualStudio.TestTools.TestTypes.Unit.UnitTestAdapter, Microsoft.VisualStudio.QualityTools.Tips.UnitTest.Adapter, Version=10.0.0.0, Culture=neutral, PublicKeyToken=b03f5f7f11d50a3a" className="ReflectorRouter.Test.RouterCollection, ReflectorRouter.Test, Version=1.0.0.0, Culture=neutral, PublicKeyToken=null" name="CanAddRouteToRouteList" />
    </UnitTest>
    <UnitTest name="BindRootView" storage="c:\users\gnvilhena\prompt\uc01\repos\prompt11-01-vmessentials.vilhena\trabalho final\httpreflector\views\reflectorview.test\bin\debug\reflectorview.test.dll" id="2cd50448-5291-4f46-e77d-96205d99f315">
      <Execution id="aeb6f7a2-bbfc-4641-9fc3-1019853664d7" />
      <TestMethod codeBase="C:/Users/gnvilhena/PROMPT/uc01/repos/PROMPT11-01-VMEssentials.vilhena/Trabalho Final/HttpReflector/Views/ReflectorView.Test/bin/Debug/ReflectorView.Test.DLL" adapterTypeName="Microsoft.VisualStudio.TestTools.TestTypes.Unit.UnitTestAdapter, Microsoft.VisualStudio.QualityTools.Tips.UnitTest.Adapter, Version=10.0.0.0, Culture=neutral, PublicKeyToken=b03f5f7f11d50a3a" className="ReflectorView.Test.ReflectorViewTest, ReflectorView.Test, Version=1.0.0.0, Culture=neutral, PublicKeyToken=null" name="BindRootView" />
    </UnitTest>
    <UnitTest name="RouteWorksWithRootCtxNsNamespaceShortnameFFieldNameRouteList" storage="c:\users\gnvilhena\prompt\uc01\repos\prompt11-01-vmessentials.vilhena\trabalho final\httpreflector\routers\reflectorrouter.test\bin\debug\reflectorrouter.test.dll" id="e64fdd11-a1b1-7a84-b4bf-d58eaa26c62d">
      <Execution id="e8645f6e-56dc-406b-b9d1-e2fc6aad5f4a" />
      <TestMethod codeBase="C:/Users/gnvilhena/PROMPT/uc01/repos/PROMPT11-01-VMEssentials.vilhena/Trabalho Final/HttpReflector/Routers/ReflectorRouter.Test/bin/Debug/ReflectorRouter.Test.DLL" adapterTypeName="Microsoft.VisualStudio.TestTools.TestTypes.Unit.UnitTestAdapter, Microsoft.VisualStudio.QualityTools.Tips.UnitTest.Adapter, Version=10.0.0.0, Culture=neutral, PublicKeyToken=b03f5f7f11d50a3a" className="ReflectorRouter.Test.RouterCollection, ReflectorRouter.Test, Version=1.0.0.0, Culture=neutral, PublicKeyToken=null" name="RouteWorksWithRootCtxNsNamespaceShortnameFFieldNameRouteList" />
    </UnitTest>
    <UnitTest name="AddContextToAssemblyModel" storage="c:\users\gnvilhena\prompt\uc01\repos\prompt11-01-vmessentials.vilhena\trabalho final\httpreflector\assemblymodel.test\bin\debug\assemblymodel.test.dll" id="7795dffc-b7a5-5c43-1aa2-03f78084ca66">
      <Execution id="f12c0e69-d217-4c67-84e1-737e5650cd68" />
      <TestMethod codeBase="C:/Users/gnvilhena/PROMPT/uc01/repos/PROMPT11-01-VMEssentials.vilhena/Trabalho Final/HttpReflector/AssemblyModel.Test/bin/Debug/AssemblyModel.Test.DLL" adapterTypeName="Microsoft.VisualStudio.TestTools.TestTypes.Unit.UnitTestAdapter, Microsoft.VisualStudio.QualityTools.Tips.UnitTest.Adapter, Version=10.0.0.0, Culture=neutral, PublicKeyToken=b03f5f7f11d50a3a" className="AssemblyModelTest.AssemblyModelTest, AssemblyModel.Test, Version=1.0.0.0, Culture=neutral, PublicKeyToken=null" name="AddContextToAssemblyModel" />
    </UnitTest>
    <UnitTest name="RouteWorksWithRootCtxNsNamespaceShortnameCRouteList" storage="c:\users\gnvilhena\prompt\uc01\repos\prompt11-01-vmessentials.vilhena\trabalho final\httpreflector\routers\reflectorrouter.test\bin\debug\reflectorrouter.test.dll" id="84ac9094-4090-126d-990c-e3f42364133f">
      <Execution id="7a123c67-22d9-4e59-885e-30d914f01eae" />
      <TestMethod codeBase="C:/Users/gnvilhena/PROMPT/uc01/repos/PROMPT11-01-VMEssentials.vilhena/Trabalho Final/HttpReflector/Routers/ReflectorRouter.Test/bin/Debug/ReflectorRouter.Test.DLL" adapterTypeName="Microsoft.VisualStudio.TestTools.TestTypes.Unit.UnitTestAdapter, Microsoft.VisualStudio.QualityTools.Tips.UnitTest.Adapter, Version=10.0.0.0, Culture=neutral, PublicKeyToken=b03f5f7f11d50a3a" className="ReflectorRouter.Test.RouterCollection, ReflectorRouter.Test, Version=1.0.0.0, Culture=neutral, PublicKeyToken=null" name="RouteWorksWithRootCtxNsNamespaceShortnameCRouteList" />
    </UnitTest>
    <UnitTest name="GetAssemblyInvalidContextThrowsInvalidAssemblyException" storage="c:\users\gnvilhena\prompt\uc01\repos\prompt11-01-vmessentials.vilhena\trabalho final\httpreflector\assemblymodel.test\bin\debug\assemblymodel.test.dll" id="dbd8feea-a40e-8938-e358-e9b3d1f5a615">
      <Execution id="b7d4c819-9c40-4f8c-8180-23344a66a12e" />
      <TestMethod codeBase="C:/Users/gnvilhena/PROMPT/uc01/repos/PROMPT11-01-VMEssentials.vilhena/Trabalho Final/HttpReflector/AssemblyModel.Test/bin/Debug/AssemblyModel.Test.DLL" adapterTypeName="Microsoft.VisualStudio.TestTools.TestTypes.Unit.UnitTestAdapter, Microsoft.VisualStudio.QualityTools.Tips.UnitTest.Adapter, Version=10.0.0.0, Culture=neutral, PublicKeyToken=b03f5f7f11d50a3a" className="AssemblyModelTest.AssemblyModelTest, AssemblyModel.Test, Version=1.0.0.0, Culture=neutral, PublicKeyToken=null" name="GetAssemblyInvalidContextThrowsInvalidAssemblyException" />
    </UnitTest>
    <UnitTest name="RouteWorksWithRootCtxRouteList" storage="c:\users\gnvilhena\prompt\uc01\repos\prompt11-01-vmessentials.vilhena\trabalho final\httpreflector\routers\reflectorrouter.test\bin\debug\reflectorrouter.test.dll" id="f6b59a52-abc4-7e7c-f812-569555ffd07c">
      <Execution id="88d05151-e3d8-4a18-94f3-fab567cdb7a0" />
      <TestMethod codeBase="C:/Users/gnvilhena/PROMPT/uc01/repos/PROMPT11-01-VMEssentials.vilhena/Trabalho Final/HttpReflector/Routers/ReflectorRouter.Test/bin/Debug/ReflectorRouter.Test.DLL" adapterTypeName="Microsoft.VisualStudio.TestTools.TestTypes.Unit.UnitTestAdapter, Microsoft.VisualStudio.QualityTools.Tips.UnitTest.Adapter, Version=10.0.0.0, Culture=neutral, PublicKeyToken=b03f5f7f11d50a3a" className="ReflectorRouter.Test.RouterCollection, ReflectorRouter.Test, Version=1.0.0.0, Culture=neutral, PublicKeyToken=null" name="RouteWorksWithRootCtxRouteList" />
    </UnitTest>
    <UnitTest name="RouteWorksWithRootCtxNsNamespaceShortnameMMethodNameRouteList" storage="c:\users\gnvilhena\prompt\uc01\repos\prompt11-01-vmessentials.vilhena\trabalho final\httpreflector\routers\reflectorrouter.test\bin\debug\reflectorrouter.test.dll" id="6784527c-c482-0912-542b-3dcdacb47507">
      <Execution id="0d0c8b8b-989d-4826-a9f0-90cbbca3c053" />
      <TestMethod codeBase="C:/Users/gnvilhena/PROMPT/uc01/repos/PROMPT11-01-VMEssentials.vilhena/Trabalho Final/HttpReflector/Routers/ReflectorRouter.Test/bin/Debug/ReflectorRouter.Test.DLL" adapterTypeName="Microsoft.VisualStudio.TestTools.TestTypes.Unit.UnitTestAdapter, Microsoft.VisualStudio.QualityTools.Tips.UnitTest.Adapter, Version=10.0.0.0, Culture=neutral, PublicKeyToken=b03f5f7f11d50a3a" className="ReflectorRouter.Test.RouterCollection, ReflectorRouter.Test, Version=1.0.0.0, Culture=neutral, PublicKeyToken=null" name="RouteWorksWithRootCtxNsNamespaceShortnameMMethodNameRouteList" />
    </UnitTest>
    <UnitTest name="CanAddValueToEmpyTree" storage="c:\users\gnvilhena\prompt\uc01\repos\prompt11-01-vmessentials.vilhena\trabalho final\httpreflector\utils\tree.test\bin\debug\tree.test.dll" id="fbf8eef2-92a0-6d2b-a3cb-60c176d03a3c">
      <Execution id="d9172989-fd8e-4100-a504-b4832253632a" />
      <TestMethod codeBase="C:/Users/gnvilhena/PROMPT/uc01/repos/PROMPT11-01-VMEssentials.vilhena/Trabalho Final/HttpReflector/Utils/Tree.Test/bin/Debug/Tree.Test.DLL" adapterTypeName="Microsoft.VisualStudio.TestTools.TestTypes.Unit.UnitTestAdapter, Microsoft.VisualStudio.QualityTools.Tips.UnitTest.Adapter, Version=10.0.0.0, Culture=neutral, PublicKeyToken=b03f5f7f11d50a3a" className="HttpReflector.Utils.Test.TreeTest, Tree.Test, Version=1.0.0.0, Culture=neutral, PublicKeyToken=null" name="CanAddValueToEmpyTree" />
    </UnitTest>
    <UnitTest name="GetContextContextModel" storage="c:\users\gnvilhena\prompt\uc01\repos\prompt11-01-vmessentials.vilhena\trabalho final\httpreflector\assemblymodel.test\bin\debug\assemblymodel.test.dll" id="f28710f9-438e-b12b-8594-ca1054ad2af5">
      <Execution id="0182a620-a006-4a74-9dcf-3becb5c63702" />
      <TestMethod codeBase="C:/Users/gnvilhena/PROMPT/uc01/repos/PROMPT11-01-VMEssentials.vilhena/Trabalho Final/HttpReflector/AssemblyModel.Test/bin/Debug/AssemblyModel.Test.DLL" adapterTypeName="Microsoft.VisualStudio.TestTools.TestTypes.Unit.UnitTestAdapter, Microsoft.VisualStudio.QualityTools.Tips.UnitTest.Adapter, Version=10.0.0.0, Culture=neutral, PublicKeyToken=b03f5f7f11d50a3a" className="AssemblyModelTest.AssemblyModelTest, AssemblyModel.Test, Version=1.0.0.0, Culture=neutral, PublicKeyToken=null" name="GetContextContextModel" />
    </UnitTest>
    <UnitTest name="RouteWorksWithRootOnlyRouteList" storage="c:\users\gnvilhena\prompt\uc01\repos\prompt11-01-vmessentials.vilhena\trabalho final\httpreflector\routers\reflectorrouter.test\bin\debug\reflectorrouter.test.dll" id="cb64fb5f-ea4a-343c-9730-09998b8787bd">
      <Execution id="7c0007e6-d724-40e1-ac11-cff777db1429" />
      <TestMethod codeBase="C:/Users/gnvilhena/PROMPT/uc01/repos/PROMPT11-01-VMEssentials.vilhena/Trabalho Final/HttpReflector/Routers/ReflectorRouter.Test/bin/Debug/ReflectorRouter.Test.DLL" adapterTypeName="Microsoft.VisualStudio.TestTools.TestTypes.Unit.UnitTestAdapter, Microsoft.VisualStudio.QualityTools.Tips.UnitTest.Adapter, Version=10.0.0.0, Culture=neutral, PublicKeyToken=b03f5f7f11d50a3a" className="ReflectorRouter.Test.RouterCollection, ReflectorRouter.Test, Version=1.0.0.0, Culture=neutral, PublicKeyToken=null" name="RouteWorksWithRootOnlyRouteList" />
    </UnitTest>
    <UnitTest name="InitNewTreeWithRoot" storage="c:\users\gnvilhena\prompt\uc01\repos\prompt11-01-vmessentials.vilhena\trabalho final\httpreflector\utils\tree.test\bin\debug\tree.test.dll" id="3b09194f-5651-fd25-6809-631b7fb4eb62">
      <Execution id="c6abec3b-70ab-4ba5-8c5d-1c267f62b545" />
      <TestMethod codeBase="C:/Users/gnvilhena/PROMPT/uc01/repos/PROMPT11-01-VMEssentials.vilhena/Trabalho Final/HttpReflector/Utils/Tree.Test/bin/Debug/Tree.Test.DLL" adapterTypeName="Microsoft.VisualStudio.TestTools.TestTypes.Unit.UnitTestAdapter, Microsoft.VisualStudio.QualityTools.Tips.UnitTest.Adapter, Version=10.0.0.0, Culture=neutral, PublicKeyToken=b03f5f7f11d50a3a" className="HttpReflector.Utils.Test.TreeTest, Tree.Test, Version=1.0.0.0, Culture=neutral, PublicKeyToken=null" name="InitNewTreeWithRoot" />
    </UnitTest>
    <UnitTest name="ListAllContextReturnsAllContextModels" storage="c:\users\gnvilhena\prompt\uc01\repos\prompt11-01-vmessentials.vilhena\trabalho final\httpreflector\assemblymodel.test\bin\debug\assemblymodel.test.dll" id="76f7c0a7-6879-6d47-f6cf-e7d87e75c556">
      <Execution id="a11a5b7d-9f09-4591-a2bd-69d6acde08bd" />
      <TestMethod codeBase="C:/Users/gnvilhena/PROMPT/uc01/repos/PROMPT11-01-VMEssentials.vilhena/Trabalho Final/HttpReflector/AssemblyModel.Test/bin/Debug/AssemblyModel.Test.DLL" adapterTypeName="Microsoft.VisualStudio.TestTools.TestTypes.Unit.UnitTestAdapter, Microsoft.VisualStudio.QualityTools.Tips.UnitTest.Adapter, Version=10.0.0.0, Culture=neutral, PublicKeyToken=b03f5f7f11d50a3a" className="AssemblyModelTest.AssemblyModelTest, AssemblyModel.Test, Version=1.0.0.0, Culture=neutral, PublicKeyToken=null" name="ListAllContextReturnsAllContextModels" />
    </UnitTest>
    <UnitTest name="RouteWorksWithRootCtxAsAssemblyNameRouteList" storage="c:\users\gnvilhena\prompt\uc01\repos\prompt11-01-vmessentials.vilhena\trabalho final\httpreflector\routers\reflectorrouter.test\bin\debug\reflectorrouter.test.dll" id="d223219d-fbaf-89e7-3a49-c19c9b3b3edc">
      <Execution id="eb85b599-6bce-4afb-9cd5-af487b9f129d" />
      <TestMethod codeBase="C:/Users/gnvilhena/PROMPT/uc01/repos/PROMPT11-01-VMEssentials.vilhena/Trabalho Final/HttpReflector/Routers/ReflectorRouter.Test/bin/Debug/ReflectorRouter.Test.DLL" adapterTypeName="Microsoft.VisualStudio.TestTools.TestTypes.Unit.UnitTestAdapter, Microsoft.VisualStudio.QualityTools.Tips.UnitTest.Adapter, Version=10.0.0.0, Culture=neutral, PublicKeyToken=b03f5f7f11d50a3a" className="ReflectorRouter.Test.RouterCollection, ReflectorRouter.Test, Version=1.0.0.0, Culture=neutral, PublicKeyToken=null" name="RouteWorksWithRootCtxAsAssemblyNameRouteList" />
    </UnitTest>
    <UnitTest name="ListAllContextAssembliesContextModel" storage="c:\users\gnvilhena\prompt\uc01\repos\prompt11-01-vmessentials.vilhena\trabalho final\httpreflector\assemblymodel.test\bin\debug\assemblymodel.test.dll" id="9278291c-e6b0-e32b-9ad3-6d545921b6d2">
      <Execution id="50004595-2c47-4951-8ffa-6baf35dc4be8" />
      <TestMethod codeBase="C:/Users/gnvilhena/PROMPT/uc01/repos/PROMPT11-01-VMEssentials.vilhena/Trabalho Final/HttpReflector/AssemblyModel.Test/bin/Debug/AssemblyModel.Test.DLL" adapterTypeName="Microsoft.VisualStudio.TestTools.TestTypes.Unit.UnitTestAdapter, Microsoft.VisualStudio.QualityTools.Tips.UnitTest.Adapter, Version=10.0.0.0, Culture=neutral, PublicKeyToken=b03f5f7f11d50a3a" className="AssemblyModelTest.AssemblyModelTest, AssemblyModel.Test, Version=1.0.0.0, Culture=neutral, PublicKeyToken=null" name="ListAllContextAssembliesContextModel" />
    </UnitTest>
    <UnitTest name="RouteWorksWithRootCtxNsNamespaceShortnamePPropNameRouteList" storage="c:\users\gnvilhena\prompt\uc01\repos\prompt11-01-vmessentials.vilhena\trabalho final\httpreflector\routers\reflectorrouter.test\bin\debug\reflectorrouter.test.dll" id="0ce176a3-c55a-e636-d255-5e7aff6e41a8">
      <Execution id="a18a1ab5-fb0f-4f70-92d5-23a393d0daa7" />
      <TestMethod codeBase="C:/Users/gnvilhena/PROMPT/uc01/repos/PROMPT11-01-VMEssentials.vilhena/Trabalho Final/HttpReflector/Routers/ReflectorRouter.Test/bin/Debug/ReflectorRouter.Test.DLL" adapterTypeName="Microsoft.VisualStudio.TestTools.TestTypes.Unit.UnitTestAdapter, Microsoft.VisualStudio.QualityTools.Tips.UnitTest.Adapter, Version=10.0.0.0, Culture=neutral, PublicKeyToken=b03f5f7f11d50a3a" className="ReflectorRouter.Test.RouterCollection, ReflectorRouter.Test, Version=1.0.0.0, Culture=neutral, PublicKeyToken=null" name="RouteWorksWithRootCtxNsNamespaceShortnamePPropNameRouteList" />
    </UnitTest>
    <UnitTest name="GetContextInvalidNamespaceThrowsInvalidNamespaceModelExceptio" storage="c:\users\gnvilhena\prompt\uc01\repos\prompt11-01-vmessentials.vilhena\trabalho final\httpreflector\assemblymodel.test\bin\debug\assemblymodel.test.dll" id="e0840f5a-cbda-60a0-b8a5-ddcac37b5ed8">
      <Execution id="9be450fe-ccb1-437b-982d-d7ed03a84b60" />
      <TestMethod codeBase="C:/Users/gnvilhena/PROMPT/uc01/repos/PROMPT11-01-VMEssentials.vilhena/Trabalho Final/HttpReflector/AssemblyModel.Test/bin/Debug/AssemblyModel.Test.DLL" adapterTypeName="Microsoft.VisualStudio.TestTools.TestTypes.Unit.UnitTestAdapter, Microsoft.VisualStudio.QualityTools.Tips.UnitTest.Adapter, Version=10.0.0.0, Culture=neutral, PublicKeyToken=b03f5f7f11d50a3a" className="AssemblyModelTest.AssemblyModelTest, AssemblyModel.Test, Version=1.0.0.0, Culture=neutral, PublicKeyToken=null" name="GetContextInvalidNamespaceThrowsInvalidNamespaceModelExceptio" />
    </UnitTest>
    <UnitTest name="AddContextWithInvalidPathThrowsInvalidPathException" storage="c:\users\gnvilhena\prompt\uc01\repos\prompt11-01-vmessentials.vilhena\trabalho final\httpreflector\assemblymodel.test\bin\debug\assemblymodel.test.dll" id="6fa0d37b-e32d-d89e-4167-068ec55c8ffd">
      <Execution id="d60f0c46-8e3a-4643-97de-eedcf17d7c59" />
      <TestMethod codeBase="C:/Users/gnvilhena/PROMPT/uc01/repos/PROMPT11-01-VMEssentials.vilhena/Trabalho Final/HttpReflector/AssemblyModel.Test/bin/Debug/AssemblyModel.Test.DLL" adapterTypeName="Microsoft.VisualStudio.TestTools.TestTypes.Unit.UnitTestAdapter, Microsoft.VisualStudio.QualityTools.Tips.UnitTest.Adapter, Version=10.0.0.0, Culture=neutral, PublicKeyToken=b03f5f7f11d50a3a" className="AssemblyModelTest.AssemblyModelTest, AssemblyModel.Test, Version=1.0.0.0, Culture=neutral, PublicKeyToken=null" name="AddContextWithInvalidPathThrowsInvalidPathException" />
    </UnitTest>
    <UnitTest name="RouteWorksWithRootCtxAsRouteList" storage="c:\users\gnvilhena\prompt\uc01\repos\prompt11-01-vmessentials.vilhena\trabalho final\httpreflector\routers\reflectorrouter.test\bin\debug\reflectorrouter.test.dll" id="b3b5bf70-eb22-7ea3-6c4a-453814fffda2">
      <Execution id="e11aab89-3492-4c9c-8b47-314158e3910f" />
      <TestMethod codeBase="C:/Users/gnvilhena/PROMPT/uc01/repos/PROMPT11-01-VMEssentials.vilhena/Trabalho Final/HttpReflector/Routers/ReflectorRouter.Test/bin/Debug/ReflectorRouter.Test.DLL" adapterTypeName="Microsoft.VisualStudio.TestTools.TestTypes.Unit.UnitTestAdapter, Microsoft.VisualStudio.QualityTools.Tips.UnitTest.Adapter, Version=10.0.0.0, Culture=neutral, PublicKeyToken=b03f5f7f11d50a3a" className="ReflectorRouter.Test.RouterCollection, ReflectorRouter.Test, Version=1.0.0.0, Culture=neutral, PublicKeyToken=null" name="RouteWorksWithRootCtxAsRouteList" />
    </UnitTest>
  </TestDefinitions>
  <TestLists>
    <TestList name="Results Not in a List" id="8c84fa94-04c1-424b-9868-57a2d4851a1d" />
    <TestList name="All Loaded Results" id="19431567-8539-422a-85d7-44ee4e166bda" />
  </TestLists>
  <TestEntries>
    <TestEntry testId="0ce176a3-c55a-e636-d255-5e7aff6e41a8" executionId="a18a1ab5-fb0f-4f70-92d5-23a393d0daa7" testListId="8c84fa94-04c1-424b-9868-57a2d4851a1d" />
    <TestEntry testId="1133a30c-721f-dfb0-6e8e-fc4e09453bba" executionId="a0f25215-d0d6-4872-839e-fbc3fd9cb695" testListId="8c84fa94-04c1-424b-9868-57a2d4851a1d" />
    <TestEntry testId="24823888-f50a-301e-fcbe-a102f5185a0e" executionId="58f5688c-1bcf-4ba7-a2bd-94bb7f74d589" testListId="8c84fa94-04c1-424b-9868-57a2d4851a1d" />
    <TestEntry testId="274768e3-c15c-eb07-7b78-2aec20a6e315" executionId="5e8308ed-3037-486d-b3df-907b9de5d08a" testListId="8c84fa94-04c1-424b-9868-57a2d4851a1d" />
    <TestEntry testId="2896e079-7af6-aed4-10c7-ee442a00cf0b" executionId="816f3302-5f83-4995-a0c0-0eae8ffcdcd7" testListId="8c84fa94-04c1-424b-9868-57a2d4851a1d" />
    <TestEntry testId="2cd50448-5291-4f46-e77d-96205d99f315" executionId="aeb6f7a2-bbfc-4641-9fc3-1019853664d7" testListId="8c84fa94-04c1-424b-9868-57a2d4851a1d" />
    <TestEntry testId="3b09194f-5651-fd25-6809-631b7fb4eb62" executionId="c6abec3b-70ab-4ba5-8c5d-1c267f62b545" testListId="8c84fa94-04c1-424b-9868-57a2d4851a1d" />
    <TestEntry testId="43754c34-18a7-b891-3c8a-c6f51c87076d" executionId="071ffc74-8970-4e7b-98ae-3ee01b0ea5b2" testListId="8c84fa94-04c1-424b-9868-57a2d4851a1d" />
    <TestEntry testId="4854cc04-4aff-cc7f-b81a-0d628dd3edee" executionId="32b40db1-8053-45ed-9726-cece4123c6c5" testListId="8c84fa94-04c1-424b-9868-57a2d4851a1d" />
    <TestEntry testId="4b243ddf-9b4e-7f68-2282-1d15a85bab9b" executionId="da49e5d9-b1fc-4c28-929a-110427d0b5ad" testListId="8c84fa94-04c1-424b-9868-57a2d4851a1d" />
    <TestEntry testId="516b6c68-c5e5-bf9c-2c60-a4dfddc51fb8" executionId="dac41e16-4284-4276-a7b1-dced861e9bfd" testListId="8c84fa94-04c1-424b-9868-57a2d4851a1d" />
    <TestEntry testId="544a66b2-c234-6aa7-d3b7-57315f613540" executionId="b78d5e0a-f461-4f5e-9160-b0390a1e900e" testListId="8c84fa94-04c1-424b-9868-57a2d4851a1d" />
    <TestEntry testId="64a16abf-270a-7737-c6db-2335bfd6d654" executionId="d7e86fbb-685e-41d2-ad1c-f83835e31a59" testListId="8c84fa94-04c1-424b-9868-57a2d4851a1d" />
    <TestEntry testId="6784527c-c482-0912-542b-3dcdacb47507" executionId="0d0c8b8b-989d-4826-a9f0-90cbbca3c053" testListId="8c84fa94-04c1-424b-9868-57a2d4851a1d" />
    <TestEntry testId="6fa0d37b-e32d-d89e-4167-068ec55c8ffd" executionId="d60f0c46-8e3a-4643-97de-eedcf17d7c59" testListId="8c84fa94-04c1-424b-9868-57a2d4851a1d" />
    <TestEntry testId="76f7c0a7-6879-6d47-f6cf-e7d87e75c556" executionId="a11a5b7d-9f09-4591-a2bd-69d6acde08bd" testListId="8c84fa94-04c1-424b-9868-57a2d4851a1d" />
    <TestEntry testId="7795dffc-b7a5-5c43-1aa2-03f78084ca66" executionId="f12c0e69-d217-4c67-84e1-737e5650cd68" testListId="8c84fa94-04c1-424b-9868-57a2d4851a1d" />
    <TestEntry testId="791f5605-823c-1bb5-35fe-ba025a3168fa" executionId="ba4576ab-dd84-470b-850e-73f790d633d5" testListId="8c84fa94-04c1-424b-9868-57a2d4851a1d" />
    <TestEntry testId="84ac9094-4090-126d-990c-e3f42364133f" executionId="7a123c67-22d9-4e59-885e-30d914f01eae" testListId="8c84fa94-04c1-424b-9868-57a2d4851a1d" />
    <TestEntry testId="9278291c-e6b0-e32b-9ad3-6d545921b6d2" executionId="50004595-2c47-4951-8ffa-6baf35dc4be8" testListId="8c84fa94-04c1-424b-9868-57a2d4851a1d" />
    <TestEntry testId="9a7e0ce8-a890-76e5-0515-e3311e06f037" executionId="6afeff6d-b857-4e3e-bdb4-4ccc72542619" testListId="8c84fa94-04c1-424b-9868-57a2d4851a1d" />
    <TestEntry testId="b3b5bf70-eb22-7ea3-6c4a-453814fffda2" executionId="e11aab89-3492-4c9c-8b47-314158e3910f" testListId="8c84fa94-04c1-424b-9868-57a2d4851a1d" />
    <TestEntry testId="b4271458-837d-82fd-cbce-5eb1f16a31d0" executionId="c895cf67-6b83-4e25-8bb9-75ebc17b37de" testListId="8c84fa94-04c1-424b-9868-57a2d4851a1d" />
    <TestEntry testId="cb64fb5f-ea4a-343c-9730-09998b8787bd" executionId="7c0007e6-d724-40e1-ac11-cff777db1429" testListId="8c84fa94-04c1-424b-9868-57a2d4851a1d" />
    <TestEntry testId="d223219d-fbaf-89e7-3a49-c19c9b3b3edc" executionId="eb85b599-6bce-4afb-9cd5-af487b9f129d" testListId="8c84fa94-04c1-424b-9868-57a2d4851a1d" />
    <TestEntry testId="d8184f34-057f-e69d-3079-1c304a346697" executionId="6743d4aa-888b-4de2-806b-1cce241e8e68" testListId="8c84fa94-04c1-424b-9868-57a2d4851a1d" />
    <TestEntry testId="dbd8feea-a40e-8938-e358-e9b3d1f5a615" executionId="b7d4c819-9c40-4f8c-8180-23344a66a12e" testListId="8c84fa94-04c1-424b-9868-57a2d4851a1d" />
    <TestEntry testId="e0840f5a-cbda-60a0-b8a5-ddcac37b5ed8" executionId="9be450fe-ccb1-437b-982d-d7ed03a84b60" testListId="8c84fa94-04c1-424b-9868-57a2d4851a1d" />
    <TestEntry testId="e64fdd11-a1b1-7a84-b4bf-d58eaa26c62d" executionId="e8645f6e-56dc-406b-b9d1-e2fc6aad5f4a" testListId="8c84fa94-04c1-424b-9868-57a2d4851a1d" />
    <TestEntry testId="f034a3de-7207-22c6-01d4-83591bfbd103" executionId="4028e5e0-f620-4f15-8529-aa912678a7cc" testListId="8c84fa94-04c1-424b-9868-57a2d4851a1d" />
    <TestEntry testId="f28710f9-438e-b12b-8594-ca1054ad2af5" executionId="0182a620-a006-4a74-9dcf-3becb5c63702" testListId="8c84fa94-04c1-424b-9868-57a2d4851a1d" />
    <TestEntry testId="f29e5863-186a-4825-2df2-0578747f784d" executionId="2f2b6f3d-4b82-4803-9fd3-b0f0ae33b6f0" testListId="8c84fa94-04c1-424b-9868-57a2d4851a1d" />
    <TestEntry testId="f6b59a52-abc4-7e7c-f812-569555ffd07c" executionId="88d05151-e3d8-4a18-94f3-fab567cdb7a0" testListId="8c84fa94-04c1-424b-9868-57a2d4851a1d" />
    <TestEntry testId="fbf8eef2-92a0-6d2b-a3cb-60c176d03a3c" executionId="d9172989-fd8e-4100-a504-b4832253632a" testListId="8c84fa94-04c1-424b-9868-57a2d4851a1d" />
  </TestEntries>
  <Results>
    <UnitTestResult executionId="a18a1ab5-fb0f-4f70-92d5-23a393d0daa7" testId="0ce176a3-c55a-e636-d255-5e7aff6e41a8" testName="RouteWorksWithRootCtxNsNamespaceShortnamePPropNameRouteList" computerName="BEE" duration="00:00:00.0292431" startTime="2011-05-30T00:18:15.2500000+01:00" endTime="2011-05-30T00:18:16.0468750+01:00" testType="13cdc9d9-ddb5-4fa4-a97d-d965ccfc6d4b" outcome="Passed" testListId="8c84fa94-04c1-424b-9868-57a2d4851a1d" relativeResultsDirectory="a18a1ab5-fb0f-4f70-92d5-23a393d0daa7">
    </UnitTestResult>
    <UnitTestResult executionId="a0f25215-d0d6-4872-839e-fbc3fd9cb695" testId="1133a30c-721f-dfb0-6e8e-fc4e09453bba" testName="ListAllContextNamespacesContextModel" computerName="BEE" duration="00:00:01.3574789" startTime="2011-05-30T00:18:16.0468750+01:00" endTime="2011-05-30T00:18:17.7500000+01:00" testType="13cdc9d9-ddb5-4fa4-a97d-d965ccfc6d4b" outcome="Passed" testListId="8c84fa94-04c1-424b-9868-57a2d4851a1d" relativeResultsDirectory="a0f25215-d0d6-4872-839e-fbc3fd9cb695">
    </UnitTestResult>
    <UnitTestResult executionId="58f5688c-1bcf-4ba7-a2bd-94bb7f74d589" testId="24823888-f50a-301e-fcbe-a102f5185a0e" testName="RouteWorksWithRootCtxNsNamespacePrefixRouteList" computerName="BEE" duration="00:00:00.0002718" startTime="2011-05-30T00:18:17.7500000+01:00" endTime="2011-05-30T00:18:17.7500000+01:00" testType="13cdc9d9-ddb5-4fa4-a97d-d965ccfc6d4b" outcome="Passed" testListId="8c84fa94-04c1-424b-9868-57a2d4851a1d" relativeResultsDirectory="58f5688c-1bcf-4ba7-a2bd-94bb7f74d589">
    </UnitTestResult>
    <UnitTestResult executionId="5e8308ed-3037-486d-b3df-907b9de5d08a" testId="274768e3-c15c-eb07-7b78-2aec20a6e315" testName="CanAddRouteToRouteList" computerName="BEE" duration="00:00:00.0002620" startTime="2011-05-30T00:18:17.7656250+01:00" endTime="2011-05-30T00:18:17.7812500+01:00" testType="13cdc9d9-ddb5-4fa4-a97d-d965ccfc6d4b" outcome="Passed" testListId="8c84fa94-04c1-424b-9868-57a2d4851a1d" relativeResultsDirectory="5e8308ed-3037-486d-b3df-907b9de5d08a">
    </UnitTestResult>
    <UnitTestResult executionId="816f3302-5f83-4995-a0c0-0eae8ffcdcd7" testId="2896e079-7af6-aed4-10c7-ee442a00cf0b" testName="AddValueToTree" computerName="BEE" duration="00:00:00.0191507" startTime="2011-05-30T00:18:17.7812500+01:00" endTime="2011-05-30T00:18:18.0312500+01:00" testType="13cdc9d9-ddb5-4fa4-a97d-d965ccfc6d4b" outcome="Passed" testListId="8c84fa94-04c1-424b-9868-57a2d4851a1d" relativeResultsDirectory="816f3302-5f83-4995-a0c0-0eae8ffcdcd7">
    </UnitTestResult>
    <UnitTestResult executionId="aeb6f7a2-bbfc-4641-9fc3-1019853664d7" testId="2cd50448-5291-4f46-e77d-96205d99f315" testName="BindRootView" computerName="BEE" duration="00:00:00.0360450" startTime="2011-05-30T00:18:18.0312500+01:00" endTime="2011-05-30T00:18:18.2968750+01:00" testType="13cdc9d9-ddb5-4fa4-a97d-d965ccfc6d4b" outcome="Passed" testListId="8c84fa94-04c1-424b-9868-57a2d4851a1d" relativeResultsDirectory="aeb6f7a2-bbfc-4641-9fc3-1019853664d7">
    </UnitTestResult>
    <UnitTestResult executionId="c6abec3b-70ab-4ba5-8c5d-1c267f62b545" testId="3b09194f-5651-fd25-6809-631b7fb4eb62" testName="InitNewTreeWithRoot" computerName="BEE" duration="00:00:00.0052989" startTime="2011-05-30T00:18:18.2968750+01:00" endTime="2011-05-30T00:18:18.3125000+01:00" testType="13cdc9d9-ddb5-4fa4-a97d-d965ccfc6d4b" outcome="Passed" testListId="8c84fa94-04c1-424b-9868-57a2d4851a1d" relativeResultsDirectory="c6abec3b-70ab-4ba5-8c5d-1c267f62b545">
    </UnitTestResult>
    <UnitTestResult executionId="071ffc74-8970-4e7b-98ae-3ee01b0ea5b2" testId="43754c34-18a7-b891-3c8a-c6f51c87076d" testName="GetContextNamespaceContextModel" computerName="BEE" duration="00:00:00.0037451" startTime="2011-05-30T00:18:18.3281250+01:00" endTime="2011-05-30T00:18:18.3281250+01:00" testType="13cdc9d9-ddb5-4fa4-a97d-d965ccfc6d4b" outcome="Passed" testListId="8c84fa94-04c1-424b-9868-57a2d4851a1d" relativeResultsDirectory="071ffc74-8970-4e7b-98ae-3ee01b0ea5b2">
    </UnitTestResult>
    <UnitTestResult executionId="32b40db1-8053-45ed-9726-cece4123c6c5" testId="4854cc04-4aff-cc7f-b81a-0d628dd3edee" testName="CanFindRootValueThrowsKeyNotFoundTreeExceptionOnNewTree" computerName="BEE" duration="00:00:00.0078529" startTime="2011-05-30T00:18:18.3437500+01:00" endTime="2011-05-30T00:18:18.3437500+01:00" testType="13cdc9d9-ddb5-4fa4-a97d-d965ccfc6d4b" outcome="Passed" testListId="8c84fa94-04c1-424b-9868-57a2d4851a1d" relativeResultsDirectory="32b40db1-8053-45ed-9726-cece4123c6c5">
    </UnitTestResult>
    <UnitTestResult executionId="da49e5d9-b1fc-4c28-929a-110427d0b5ad" testId="4b243ddf-9b4e-7f68-2282-1d15a85bab9b" testName="ContainsResultsTrueRootValueOnNewTree" computerName="BEE" duration="00:00:00.0028280" startTime="2011-05-30T00:18:18.3437500+01:00" endTime="2011-05-30T00:18:18.3593750+01:00" testType="13cdc9d9-ddb5-4fa4-a97d-d965ccfc6d4b" outcome="Passed" testListId="8c84fa94-04c1-424b-9868-57a2d4851a1d" relativeResultsDirectory="da49e5d9-b1fc-4c28-929a-110427d0b5ad">
    </UnitTestResult>
    <UnitTestResult executionId="dac41e16-4284-4276-a7b1-dced861e9bfd" testId="516b6c68-c5e5-bf9c-2c60-a4dfddc51fb8" testName="GetAssemblyInvalidContextThrowsInvalidContextException" computerName="BEE" duration="00:00:00.0071221" startTime="2011-05-30T00:18:18.3593750+01:00" endTime="2011-05-30T00:18:18.3750000+01:00" testType="13cdc9d9-ddb5-4fa4-a97d-d965ccfc6d4b" outcome="Passed" testListId="8c84fa94-04c1-424b-9868-57a2d4851a1d" relativeResultsDirectory="dac41e16-4284-4276-a7b1-dced861e9bfd">
    </UnitTestResult>
    <UnitTestResult executionId="b78d5e0a-f461-4f5e-9160-b0390a1e900e" testId="544a66b2-c234-6aa7-d3b7-57315f613540" testName="CanFindRootValueOnNewTree" computerName="BEE" startTime="2011-05-30T00:18:18.3906250+01:00" endTime="2011-05-30T00:18:18.3906250+01:00" testType="13cdc9d9-ddb5-4fa4-a97d-d965ccfc6d4b" outcome="Passed" testListId="8c84fa94-04c1-424b-9868-57a2d4851a1d" relativeResultsDirectory="b78d5e0a-f461-4f5e-9160-b0390a1e900e">
    </UnitTestResult>
    <UnitTestResult executionId="d7e86fbb-685e-41d2-ad1c-f83835e31a59" testId="64a16abf-270a-7737-c6db-2335bfd6d654" testName="GetContextUsingInvalidContextThrowsInvalidContextExceptionContextModel" computerName="BEE" duration="00:00:00.0052358" startTime="2011-05-30T00:18:18.4062500+01:00" endTime="2011-05-30T00:18:18.4062500+01:00" testType="13cdc9d9-ddb5-4fa4-a97d-d965ccfc6d4b" outcome="Passed" testListId="8c84fa94-04c1-424b-9868-57a2d4851a1d" relativeResultsDirectory="d7e86fbb-685e-41d2-ad1c-f83835e31a59">
    </UnitTestResult>
    <UnitTestResult executionId="0d0c8b8b-989d-4826-a9f0-90cbbca3c053" testId="6784527c-c482-0912-542b-3dcdacb47507" testName="RouteWorksWithRootCtxNsNamespaceShortnameMMethodNameRouteList" computerName="BEE" startTime="2011-05-30T00:18:18.4218750+01:00" endTime="2011-05-30T00:18:18.4218750+01:00" testType="13cdc9d9-ddb5-4fa4-a97d-d965ccfc6d4b" outcome="Passed" testListId="8c84fa94-04c1-424b-9868-57a2d4851a1d" relativeResultsDirectory="0d0c8b8b-989d-4826-a9f0-90cbbca3c053">
    </UnitTestResult>
    <UnitTestResult executionId="d60f0c46-8e3a-4643-97de-eedcf17d7c59" testId="6fa0d37b-e32d-d89e-4167-068ec55c8ffd" testName="AddContextWithInvalidPathThrowsInvalidPathException" computerName="BEE" startTime="2011-05-30T00:18:18.4375000+01:00" endTime="2011-05-30T00:18:18.4375000+01:00" testType="13cdc9d9-ddb5-4fa4-a97d-d965ccfc6d4b" outcome="Passed" testListId="8c84fa94-04c1-424b-9868-57a2d4851a1d" relativeResultsDirectory="d60f0c46-8e3a-4643-97de-eedcf17d7c59">
    </UnitTestResult>
    <UnitTestResult executionId="a11a5b7d-9f09-4591-a2bd-69d6acde08bd" testId="76f7c0a7-6879-6d47-f6cf-e7d87e75c556" testName="ListAllContextReturnsAllContextModels" computerName="BEE" duration="00:00:00.1930899" startTime="2011-05-30T00:18:18.4531250+01:00" endTime="2011-05-30T00:18:18.6406250+01:00" testType="13cdc9d9-ddb5-4fa4-a97d-d965ccfc6d4b" outcome="Passed" testListId="8c84fa94-04c1-424b-9868-57a2d4851a1d" relativeResultsDirectory="a11a5b7d-9f09-4591-a2bd-69d6acde08bd">
    </UnitTestResult>
    <UnitTestResult executionId="f12c0e69-d217-4c67-84e1-737e5650cd68" testId="7795dffc-b7a5-5c43-1aa2-03f78084ca66" testName="AddContextToAssemblyModel" computerName="BEE" startTime="2011-05-30T00:18:18.6562500+01:00" endTime="2011-05-30T00:18:18.6718750+01:00" testType="13cdc9d9-ddb5-4fa4-a97d-d965ccfc6d4b" outcome="Passed" testListId="8c84fa94-04c1-424b-9868-57a2d4851a1d" relativeResultsDirectory="f12c0e69-d217-4c67-84e1-737e5650cd68">
    </UnitTestResult>
    <UnitTestResult executionId="ba4576ab-dd84-470b-850e-73f790d633d5" testId="791f5605-823c-1bb5-35fe-ba025a3168fa" testName="GetContextAssemblyContextModel" computerName="BEE" startTime="2011-05-30T00:18:18.6718750+01:00" endTime="2011-05-30T00:18:18.6718750+01:00" testType="13cdc9d9-ddb5-4fa4-a97d-d965ccfc6d4b" outcome="Passed" testListId="8c84fa94-04c1-424b-9868-57a2d4851a1d" relativeResultsDirectory="ba4576ab-dd84-470b-850e-73f790d633d5">
    </UnitTestResult>
    <UnitTestResult executionId="7a123c67-22d9-4e59-885e-30d914f01eae" testId="84ac9094-4090-126d-990c-e3f42364133f" testName="RouteWorksWithRootCtxNsNamespaceShortnameCRouteList" computerName="BEE" startTime="2011-05-30T00:18:18.6875000+01:00" endTime="2011-05-30T00:18:18.6875000+01:00" testType="13cdc9d9-ddb5-4fa4-a97d-d965ccfc6d4b" outcome="Passed" testListId="8c84fa94-04c1-424b-9868-57a2d4851a1d" relativeResultsDirectory="7a123c67-22d9-4e59-885e-30d914f01eae">
    </UnitTestResult>
    <UnitTestResult executionId="50004595-2c47-4951-8ffa-6baf35dc4be8" testId="9278291c-e6b0-e32b-9ad3-6d545921b6d2" testName="ListAllContextAssembliesContextModel" computerName="BEE" startTime="2011-05-30T00:18:18.6875000+01:00" endTime="2011-05-30T00:18:18.7031250+01:00" testType="13cdc9d9-ddb5-4fa4-a97d-d965ccfc6d4b" outcome="Passed" testListId="8c84fa94-04c1-424b-9868-57a2d4851a1d" relativeResultsDirectory="50004595-2c47-4951-8ffa-6baf35dc4be8">
    </UnitTestResult>
    <UnitTestResult executionId="6afeff6d-b857-4e3e-bdb4-4ccc72542619" testId="9a7e0ce8-a890-76e5-0515-e3311e06f037" testName="RouteWorksWithRootCtxNsNamespaceShortnameRouteList" computerName="BEE" startTime="2011-05-30T00:18:18.7031250+01:00" endTime="2011-05-30T00:18:18.7187500+01:00" testType="13cdc9d9-ddb5-4fa4-a97d-d965ccfc6d4b" outcome="Passed" testListId="8c84fa94-04c1-424b-9868-57a2d4851a1d" relativeResultsDirectory="6afeff6d-b857-4e3e-bdb4-4ccc72542619">
    </UnitTestResult>
    <UnitTestResult executionId="e11aab89-3492-4c9c-8b47-314158e3910f" testId="b3b5bf70-eb22-7ea3-6c4a-453814fffda2" testName="RouteWorksWithRootCtxAsRouteList" computerName="BEE" startTime="2011-05-30T00:18:18.7187500+01:00" endTime="2011-05-30T00:18:18.7187500+01:00" testType="13cdc9d9-ddb5-4fa4-a97d-d965ccfc6d4b" outcome="Passed" testListId="8c84fa94-04c1-424b-9868-57a2d4851a1d" relativeResultsDirectory="e11aab89-3492-4c9c-8b47-314158e3910f">
    </UnitTestResult>
    <UnitTestResult executionId="c895cf67-6b83-4e25-8bb9-75ebc17b37de" testId="b4271458-837d-82fd-cbce-5eb1f16a31d0" testName="RouteWorksWithRootCtxNsRouteList" computerName="BEE" startTime="2011-05-30T00:18:18.7187500+01:00" endTime="2011-05-30T00:18:18.7343750+01:00" testType="13cdc9d9-ddb5-4fa4-a97d-d965ccfc6d4b" outcome="Passed" testListId="8c84fa94-04c1-424b-9868-57a2d4851a1d" relativeResultsDirectory="c895cf67-6b83-4e25-8bb9-75ebc17b37de">
    </UnitTestResult>
    <UnitTestResult executionId="7c0007e6-d724-40e1-ac11-cff777db1429" testId="cb64fb5f-ea4a-343c-9730-09998b8787bd" testName="RouteWorksWithRootOnlyRouteList" computerName="BEE" startTime="2011-05-30T00:18:18.7343750+01:00" endTime="2011-05-30T00:18:18.7500000+01:00" testType="13cdc9d9-ddb5-4fa4-a97d-d965ccfc6d4b" outcome="Passed" testListId="8c84fa94-04c1-424b-9868-57a2d4851a1d" relativeResultsDirectory="7c0007e6-d724-40e1-ac11-cff777db1429">
    </UnitTestResult>
    <UnitTestResult executionId="eb85b599-6bce-4afb-9cd5-af487b9f129d" testId="d223219d-fbaf-89e7-3a49-c19c9b3b3edc" testName="RouteWorksWithRootCtxAsAssemblyNameRouteList" computerName="BEE" startTime="2011-05-30T00:18:18.7500000+01:00" endTime="2011-05-30T00:18:18.7500000+01:00" testType="13cdc9d9-ddb5-4fa4-a97d-d965ccfc6d4b" outcome="Passed" testListId="8c84fa94-04c1-424b-9868-57a2d4851a1d" relativeResultsDirectory="eb85b599-6bce-4afb-9cd5-af487b9f129d">
    </UnitTestResult>
    <UnitTestResult executionId="6743d4aa-888b-4de2-806b-1cce241e8e68" testId="d8184f34-057f-e69d-3079-1c304a346697" testName="GetTypeContextModel" computerName="BEE" duration="00:00:00.2601562" startTime="2011-05-30T00:18:18.7656250+01:00" endTime="2011-05-30T00:18:19.0312500+01:00" testType="13cdc9d9-ddb5-4fa4-a97d-d965ccfc6d4b" outcome="Passed" testListId="8c84fa94-04c1-424b-9868-57a2d4851a1d" relativeResultsDirectory="6743d4aa-888b-4de2-806b-1cce241e8e68">
    </UnitTestResult>
    <UnitTestResult executionId="b7d4c819-9c40-4f8c-8180-23344a66a12e" testId="dbd8feea-a40e-8938-e358-e9b3d1f5a615" testName="GetAssemblyInvalidContextThrowsInvalidAssemblyException" computerName="BEE" duration="00:00:00.0041541" startTime="2011-05-30T00:18:19.0312500+01:00" endTime="2011-05-30T00:18:19.0468750+01:00" testType="13cdc9d9-ddb5-4fa4-a97d-d965ccfc6d4b" outcome="Passed" testListId="8c84fa94-04c1-424b-9868-57a2d4851a1d" relativeResultsDirectory="b7d4c819-9c40-4f8c-8180-23344a66a12e">
    </UnitTestResult>
    <UnitTestResult executionId="9be450fe-ccb1-437b-982d-d7ed03a84b60" testId="e0840f5a-cbda-60a0-b8a5-ddcac37b5ed8" testName="GetContextInvalidNamespaceThrowsInvalidNamespaceModelExceptio" computerName="BEE" duration="00:00:00.0024329" startTime="2011-05-30T00:18:19.0468750+01:00" endTime="2011-05-30T00:18:19.0625000+01:00" testType="13cdc9d9-ddb5-4fa4-a97d-d965ccfc6d4b" outcome="Passed" testListId="8c84fa94-04c1-424b-9868-57a2d4851a1d" relativeResultsDirectory="9be450fe-ccb1-437b-982d-d7ed03a84b60">
    </UnitTestResult>
    <UnitTestResult executionId="e8645f6e-56dc-406b-b9d1-e2fc6aad5f4a" testId="e64fdd11-a1b1-7a84-b4bf-d58eaa26c62d" testName="RouteWorksWithRootCtxNsNamespaceShortnameFFieldNameRouteList" computerName="BEE" startTime="2011-05-30T00:18:19.0625000+01:00" endTime="2011-05-30T00:18:19.0625000+01:00" testType="13cdc9d9-ddb5-4fa4-a97d-d965ccfc6d4b" outcome="Passed" testListId="8c84fa94-04c1-424b-9868-57a2d4851a1d" relativeResultsDirectory="e8645f6e-56dc-406b-b9d1-e2fc6aad5f4a">
    </UnitTestResult>
    <UnitTestResult executionId="4028e5e0-f620-4f15-8529-aa912678a7cc" testId="f034a3de-7207-22c6-01d4-83591bfbd103" testName="RouteWorksWithRootCtxNsNamespaceShortnameREventNameRouteList" computerName="BEE" duration="00:00:00.0001030" startTime="2011-05-30T00:18:19.0625000+01:00" endTime="2011-05-30T00:18:19.0781250+01:00" testType="13cdc9d9-ddb5-4fa4-a97d-d965ccfc6d4b" outcome="Passed" testListId="8c84fa94-04c1-424b-9868-57a2d4851a1d" relativeResultsDirectory="4028e5e0-f620-4f15-8529-aa912678a7cc">
    </UnitTestResult>
    <UnitTestResult executionId="0182a620-a006-4a74-9dcf-3becb5c63702" testId="f28710f9-438e-b12b-8594-ca1054ad2af5" testName="GetContextContextModel" computerName="BEE" duration="00:00:00.0017770" startTime="2011-05-30T00:18:19.0781250+01:00" endTime="2011-05-30T00:18:19.0781250+01:00" testType="13cdc9d9-ddb5-4fa4-a97d-d965ccfc6d4b" outcome="Passed" testListId="8c84fa94-04c1-424b-9868-57a2d4851a1d" relativeResultsDirectory="0182a620-a006-4a74-9dcf-3becb5c63702">
    </UnitTestResult>
    <UnitTestResult executionId="2f2b6f3d-4b82-4803-9fd3-b0f0ae33b6f0" testId="f29e5863-186a-4825-2df2-0578747f784d" testName="CanRemoveRouteFromRouteList" computerName="BEE" duration="00:00:00.0005028" startTime="2011-05-30T00:18:19.0781250+01:00" endTime="2011-05-30T00:18:19.0937500+01:00" testType="13cdc9d9-ddb5-4fa4-a97d-d965ccfc6d4b" outcome="Passed" testListId="8c84fa94-04c1-424b-9868-57a2d4851a1d" relativeResultsDirectory="2f2b6f3d-4b82-4803-9fd3-b0f0ae33b6f0">
    </UnitTestResult>
    <UnitTestResult executionId="88d05151-e3d8-4a18-94f3-fab567cdb7a0" testId="f6b59a52-abc4-7e7c-f812-569555ffd07c" testName="RouteWorksWithRootCtxRouteList" computerName="BEE" duration="00:00:00.0002519" startTime="2011-05-30T00:18:19.0937500+01:00" endTime="2011-05-30T00:18:19.0937500+01:00" testType="13cdc9d9-ddb5-4fa4-a97d-d965ccfc6d4b" outcome="Passed" testListId="8c84fa94-04c1-424b-9868-57a2d4851a1d" relativeResultsDirectory="88d05151-e3d8-4a18-94f3-fab567cdb7a0">
    </UnitTestResult>
    <UnitTestResult executionId="d9172989-fd8e-4100-a504-b4832253632a" testId="fbf8eef2-92a0-6d2b-a3cb-60c176d03a3c" testName="CanAddValueToEmpyTree" computerName="BEE" duration="00:00:00.0005889" startTime="2011-05-30T00:18:19.1093750+01:00" endTime="2011-05-30T00:18:19.1093750+01:00" testType="13cdc9d9-ddb5-4fa4-a97d-d965ccfc6d4b" outcome="Passed" testListId="8c84fa94-04c1-424b-9868-57a2d4851a1d" relativeResultsDirectory="d9172989-fd8e-4100-a504-b4832253632a">
    </UnitTestResult>
  </Results>
</TestRun>