<?xml version="1.0" encoding="UTF-8"?>
<TestRun id="ba31bd94-8b92-447e-a5e0-b5da43e6cd50" name="gnvilhena@BEE 2011-05-29 23:18:37" runUser="BEE\gnvilhena" xmlns="http://microsoft.com/schemas/VisualStudio/TeamTest/2010">
  <TestSettings name="Local" id="4a322428-db0d-47e0-9f3e-eb99e6e4bb7a">
    <Description>These are default test settings for a local test run.</Description>
    <Deployment enabled="false" runDeploymentRoot="gnvilhena_BEE 2011-05-29 23_18_37">
      <DeploymentItem filename="C:\Users\gnvilhena\PROMPT\uc01\repos\PROMPT11-01-VMEssentials.vilhena\Trabalho Final\HttpReflector\Controllers\AssemblyReflector\bin\Debug\AssemblyReflector.dll" />
      <DeploymentItem filename="C:\Users\gnvilhena\PROMPT\uc01\repos\PROMPT11-01-VMEssentials.vilhena\Trabalho Final\HttpReflector\Views\ReflectorView\bin\Debug\ReflectorView.dll" />
      <DeploymentItem filename="C:\Users\gnvilhena\PROMPT\uc01\repos\PROMPT11-01-VMEssentials.vilhena\Trabalho Final\HttpReflector\Contracts\View\bin\Debug\View.dll" />
    </Deployment>
    <Execution>
      <TestTypeSpecific />
      <AgentRule name="Execution Agents">
      </AgentRule>
    </Execution>
  </TestSettings>
  <Times creation="2011-05-29T23:18:37.2822266+01:00" queuing="2011-05-29T23:18:38.6416016+01:00" start="2011-05-29T23:18:38.8603516+01:00" finish="2011-05-29T23:20:37.8134766+01:00" />
  <ResultSummary outcome="Error">
    <Counters total="1" executed="1" error="0" failed="0" timeout="0" aborted="1" inconclusive="0" passedButRunAborted="0" notRunnable="0" notExecuted="0" disconnected="0" warning="0" passed="0" completed="0" inProgress="0" pending="0" />
    <RunInfos>
      <RunInfo computerName="BEE" outcome="Error" timestamp="2011-05-29T23:20:37.8134766+01:00">
        <Text>Test host process exited unexpectedly.</Text>
      </RunInfo>
    </RunInfos>
  </ResultSummary>
  <TestDefinitions>
    <UnitTest name="BindRootView" storage="c:\users\gnvilhena\prompt\uc01\repos\prompt11-01-vmessentials.vilhena\trabalho final\httpreflector\views\reflectorview.test\bin\debug\reflectorview.test.dll" id="2cd50448-5291-4f46-e77d-96205d99f315">
      <Execution id="a0354c3b-fd9f-4ae6-9d8a-dade67202f5b" />
      <TestMethod codeBase="C:/Users/gnvilhena/PROMPT/uc01/repos/PROMPT11-01-VMEssentials.vilhena/Trabalho Final/HttpReflector/Views/ReflectorView.Test/bin/Debug/ReflectorView.Test.DLL" adapterTypeName="Microsoft.VisualStudio.TestTools.TestTypes.Unit.UnitTestAdapter, Microsoft.VisualStudio.QualityTools.Tips.UnitTest.Adapter, Version=10.0.0.0, Culture=neutral, PublicKeyToken=b03f5f7f11d50a3a" className="ReflectorView.Test.ReflectorViewTest, ReflectorView.Test, Version=1.0.0.0, Culture=neutral, PublicKeyToken=null" name="BindRootView" />
    </UnitTest>
  </TestDefinitions>
  <TestLists>
    <TestList name="Results Not in a List" id="8c84fa94-04c1-424b-9868-57a2d4851a1d" />
    <TestList name="All Loaded Results" id="19431567-8539-422a-85d7-44ee4e166bda" />
  </TestLists>
  <TestEntries>
    <TestEntry testId="2cd50448-5291-4f46-e77d-96205d99f315" executionId="a0354c3b-fd9f-4ae6-9d8a-dade67202f5b" testListId="8c84fa94-04c1-424b-9868-57a2d4851a1d" />
  </TestEntries>
  <Results>
    <UnitTestResult executionId="a0354c3b-fd9f-4ae6-9d8a-dade67202f5b" testId="2cd50448-5291-4f46-e77d-96205d99f315" testName="BindRootView" computerName="BEE" duration="00:01:58.7343750" startTime="2011-05-29T23:18:39.0791016+01:00" endTime="2011-05-29T23:20:37.8134766+01:00" testType="13cdc9d9-ddb5-4fa4-a97d-d965ccfc6d4b" outcome="Aborted" testListId="8c84fa94-04c1-424b-9868-57a2d4851a1d" relativeResultsDirectory="a0354c3b-fd9f-4ae6-9d8a-dade67202f5b">
    </UnitTestResult>
  </Results>
</TestRun>