<?xml version="1.0" encoding="UTF-8"?>
<TestRun id="24e7eda1-572b-49d0-8447-af90b3c68c37" name="gnvilhena@BEE 2011-05-30 00:07:03" runUser="BEE\gnvilhena" xmlns="http://microsoft.com/schemas/VisualStudio/TeamTest/2010">
  <TestSettings name="Local" id="4a322428-db0d-47e0-9f3e-eb99e6e4bb7a">
    <Description>These are default test settings for a local test run.</Description>
    <Deployment enabled="false" runDeploymentRoot="gnvilhena_BEE 2011-05-30 00_07_03">
      <DeploymentItem filename="C:\Users\gnvilhena\PROMPT\uc01\repos\PROMPT11-01-VMEssentials.vilhena\Trabalho Final\HttpReflector\Routers\ReflectorRouter\bin\Debug\ReflectorRouter.dll" />
      <DeploymentItem filename="C:\Users\gnvilhena\PROMPT\uc01\repos\PROMPT11-01-VMEssentials.vilhena\Trabalho Final\HttpReflector\Contracts\View\bin\Debug\View.dll" />
      <DeploymentItem filename="C:\Users\gnvilhena\PROMPT\uc01\repos\PROMPT11-01-VMEssentials.vilhena\Trabalho Final\HttpReflector\Controllers\AssemblyReflector\bin\Debug\AssemblyReflector.dll" />
      <DeploymentItem filename="C:\Users\gnvilhena\PROMPT\uc01\repos\PROMPT11-01-VMEssentials.vilhena\Trabalho Final\HttpReflector\Utils\Tree\bin\Debug\Tree.dll" />
      <DeploymentItem filename="C:\Users\gnvilhena\PROMPT\uc01\repos\PROMPT11-01-VMEssentials.vilhena\Trabalho Final\HttpReflector\Contracts\Handler\bin\Debug\Handler.dll" />
      <DeploymentItem filename="C:\Users\gnvilhena\PROMPT\uc01\repos\PROMPT11-01-VMEssentials.vilhena\Trabalho Final\HttpReflector\Contracts\Router\bin\Debug\Router.dll" />
      <DeploymentItem filename="C:\Users\gnvilhena\PROMPT\uc01\repos\PROMPT11-01-VMEssentials.vilhena\Trabalho Final\HttpReflector\Views\ReflectorView\bin\Debug\ReflectorView.dll" />
    </Deployment>
    <Execution>
      <TestTypeSpecific />
      <AgentRule name="Execution Agents">
      </AgentRule>
    </Execution>
  </TestSettings>
  <Times creation="2011-05-30T00:07:03.4697266+01:00" queuing="2011-05-30T00:07:04.5791016+01:00" start="2011-05-30T00:07:04.6572266+01:00" finish="2011-05-30T00:07:08.0166016+01:00" />
  <ResultSummary outcome="Completed">
    <Counters total="34" executed="34" passed="34" error="0" failed="0" timeout="0" aborted="0" inconclusive="0" passedButRunAborted="0" notRunnable="0" notExecuted="0" disconnected="0" warning="0" completed="0" inProgress="0" pending="0" />
  </ResultSummary>
  <TestDefinitions>
    <UnitTest name="GetAssemblyInvalidContextThrowsInvalidContextException" storage="c:\users\gnvilhena\prompt\uc01\repos\prompt11-01-vmessentials.vilhena\trabalho final\httpreflector\assemblymodel.test\bin\debug\assemblymodel.test.dll" id="516b6c68-c5e5-bf9c-2c60-a4dfddc51fb8">
      <Execution id="85464acb-f121-462f-8a20-6c15f394f7c7" />
      <TestMethod codeBase="C:/Users/gnvilhena/PROMPT/uc01/repos/PROMPT11-01-VMEssentials.vilhena/Trabalho Final/HttpReflector/AssemblyModel.Test/bin/Debug/AssemblyModel.Test.DLL" adapterTypeName="Microsoft.VisualStudio.TestTools.TestTypes.Unit.UnitTestAdapter, Microsoft.VisualStudio.QualityTools.Tips.UnitTest.Adapter, Version=10.0.0.0, Culture=neutral, PublicKeyToken=b03f5f7f11d50a3a" className="AssemblyModelTest.AssemblyModelTest, AssemblyModel.Test, Version=1.0.0.0, Culture=neutral, PublicKeyToken=null" name="GetAssemblyInvalidContextThrowsInvalidContextException" />
    </UnitTest>
    <UnitTest name="ListAllContextNamespacesContextModel" storage="c:\users\gnvilhena\prompt\uc01\repos\prompt11-01-vmessentials.vilhena\trabalho final\httpreflector\assemblymodel.test\bin\debug\assemblymodel.test.dll" id="1133a30c-721f-dfb0-6e8e-fc4e09453bba">
      <Execution id="f4d05e31-0d2a-4350-980f-01d02756256f" />
      <TestMethod codeBase="C:/Users/gnvilhena/PROMPT/uc01/repos/PROMPT11-01-VMEssentials.vilhena/Trabalho Final/HttpReflector/AssemblyModel.Test/bin/Debug/AssemblyModel.Test.DLL" adapterTypeName="Microsoft.VisualStudio.TestTools.TestTypes.Unit.UnitTestAdapter, Microsoft.VisualStudio.QualityTools.Tips.UnitTest.Adapter, Version=10.0.0.0, Culture=neutral, PublicKeyToken=b03f5f7f11d50a3a" className="AssemblyModelTest.AssemblyModelTest, AssemblyModel.Test, Version=1.0.0.0, Culture=neutral, PublicKeyToken=null" name="ListAllContextNamespacesContextModel" />
    </UnitTest>
    <UnitTest name="ContainsResultsTrueRootValueOnNewTree" storage="c:\users\gnvilhena\prompt\uc01\repos\prompt11-01-vmessentials.vilhena\trabalho final\httpreflector\utils\tree.test\bin\debug\tree.test.dll" id="4b243ddf-9b4e-7f68-2282-1d15a85bab9b">
      <Execution id="c6fc0c24-f23b-4fd5-bd1d-2b06bc88a8c5" />
      <TestMethod codeBase="C:/Users/gnvilhena/PROMPT/uc01/repos/PROMPT11-01-VMEssentials.vilhena/Trabalho Final/HttpReflector/Utils/Tree.Test/bin/Debug/Tree.Test.DLL" adapterTypeName="Microsoft.VisualStudio.TestTools.TestTypes.Unit.UnitTestAdapter, Microsoft.VisualStudio.QualityTools.Tips.UnitTest.Adapter, Version=10.0.0.0, Culture=neutral, PublicKeyToken=b03f5f7f11d50a3a" className="HttpReflector.Utils.Test.TreeTest, Tree.Test, Version=1.0.0.0, Culture=neutral, PublicKeyToken=null" name="ContainsResultsTrueRootValueOnNewTree" />
    </UnitTest>
    <UnitTest name="GetContextNamespaceContextModel" storage="c:\users\gnvilhena\prompt\uc01\repos\prompt11-01-vmessentials.vilhena\trabalho final\httpreflector\assemblymodel.test\bin\debug\assemblymodel.test.dll" id="43754c34-18a7-b891-3c8a-c6f51c87076d">
      <Execution id="d7d8de0b-eeec-4fbf-b808-9dba8cca91b2" />
      <TestMethod codeBase="C:/Users/gnvilhena/PROMPT/uc01/repos/PROMPT11-01-VMEssentials.vilhena/Trabalho Final/HttpReflector/AssemblyModel.Test/bin/Debug/AssemblyModel.Test.DLL" adapterTypeName="Microsoft.VisualStudio.TestTools.TestTypes.Unit.UnitTestAdapter, Microsoft.VisualStudio.QualityTools.Tips.UnitTest.Adapter, Version=10.0.0.0, Culture=neutral, PublicKeyToken=b03f5f7f11d50a3a" className="AssemblyModelTest.AssemblyModelTest, AssemblyModel.Test, Version=1.0.0.0, Culture=neutral, PublicKeyToken=null" name="GetContextNamespaceContextModel" />
    </UnitTest>
    <UnitTest name="AddValueToTree" storage="c:\users\gnvilhena\prompt\uc01\repos\prompt11-01-vmessentials.vilhena\trabalho final\httpreflector\utils\tree.test\bin\debug\tree.test.dll" id="2896e079-7af6-aed4-10c7-ee442a00cf0b">
      <Execution id="8f5c3f57-fe1a-4a83-a981-8a06e57a61f1" />
      <TestMethod codeBase="C:/Users/gnvilhena/PROMPT/uc01/repos/PROMPT11-01-VMEssentials.vilhena/Trabalho Final/HttpReflector/Utils/Tree.Test/bin/Debug/Tree.Test.DLL" adapterTypeName="Microsoft.VisualStudio.TestTools.TestTypes.Unit.UnitTestAdapter, Microsoft.VisualStudio.QualityTools.Tips.UnitTest.Adapter, Version=10.0.0.0, Culture=neutral, PublicKeyToken=b03f5f7f11d50a3a" className="HttpReflector.Utils.Test.TreeTest, Tree.Test, Version=1.0.0.0, Culture=neutral, PublicKeyToken=null" name="AddValueToTree" />
    </UnitTest>
    <UnitTest name="CanRemoveRouteFromRouteList" storage="c:\users\gnvilhena\prompt\uc01\repos\prompt11-01-vmessentials.vilhena\trabalho final\httpreflector\routers\reflectorrouter.test\bin\debug\reflectorrouter.test.dll" id="f29e5863-186a-4825-2df2-0578747f784d">
      <Execution id="2f0b7add-7d27-42a7-8334-c2971786d61d" />
      <TestMethod codeBase="C:/Users/gnvilhena/PROMPT/uc01/repos/PROMPT11-01-VMEssentials.vilhena/Trabalho Final/HttpReflector/Routers/ReflectorRouter.Test/bin/Debug/ReflectorRouter.Test.DLL" adapterTypeName="Microsoft.VisualStudio.TestTools.TestTypes.Unit.UnitTestAdapter, Microsoft.VisualStudio.QualityTools.Tips.UnitTest.Adapter, Version=10.0.0.0, Culture=neutral, PublicKeyToken=b03f5f7f11d50a3a" className="ReflectorRouter.Test.RouterCollection, ReflectorRouter.Test, Version=1.0.0.0, Culture=neutral, PublicKeyToken=null" name="CanRemoveRouteFromRouteList" />
    </UnitTest>
    <UnitTest name="RouteWorksWithRootCtxNsRouteList" storage="c:\users\gnvilhena\prompt\uc01\repos\prompt11-01-vmessentials.vilhena\trabalho final\httpreflector\routers\reflectorrouter.test\bin\debug\reflectorrouter.test.dll" id="b4271458-837d-82fd-cbce-5eb1f16a31d0">
      <Execution id="7cb046e6-7bd4-4a94-a9bc-5dee138b0f6f" />
      <TestMethod codeBase="C:/Users/gnvilhena/PROMPT/uc01/repos/PROMPT11-01-VMEssentials.vilhena/Trabalho Final/HttpReflector/Routers/ReflectorRouter.Test/bin/Debug/ReflectorRouter.Test.DLL" adapterTypeName="Microsoft.VisualStudio.TestTools.TestTypes.Unit.UnitTestAdapter, Microsoft.VisualStudio.QualityTools.Tips.UnitTest.Adapter, Version=10.0.0.0, Culture=neutral, PublicKeyToken=b03f5f7f11d50a3a" className="ReflectorRouter.Test.RouterCollection, ReflectorRouter.Test, Version=1.0.0.0, Culture=neutral, PublicKeyToken=null" name="RouteWorksWithRootCtxNsRouteList" />
    </UnitTest>
    <UnitTest name="CanFindRootValueThrowsKeyNotFoundTreeExceptionOnNewTree" storage="c:\users\gnvilhena\prompt\uc01\repos\prompt11-01-vmessentials.vilhena\trabalho final\httpreflector\utils\tree.test\bin\debug\tree.test.dll" id="4854cc04-4aff-cc7f-b81a-0d628dd3edee">
      <Execution id="752011f4-503d-4284-ac85-85b10e06bbd6" />
      <TestMethod codeBase="C:/Users/gnvilhena/PROMPT/uc01/repos/PROMPT11-01-VMEssentials.vilhena/Trabalho Final/HttpReflector/Utils/Tree.Test/bin/Debug/Tree.Test.DLL" adapterTypeName="Microsoft.VisualStudio.TestTools.TestTypes.Unit.UnitTestAdapter, Microsoft.VisualStudio.QualityTools.Tips.UnitTest.Adapter, Version=10.0.0.0, Culture=neutral, PublicKeyToken=b03f5f7f11d50a3a" className="HttpReflector.Utils.Test.TreeTest, Tree.Test, Version=1.0.0.0, Culture=neutral, PublicKeyToken=null" name="CanFindRootValueThrowsKeyNotFoundTreeExceptionOnNewTree" />
    </UnitTest>
    <UnitTest name="GetContextAssemblyContextModel" storage="c:\users\gnvilhena\prompt\uc01\repos\prompt11-01-vmessentials.vilhena\trabalho final\httpreflector\assemblymodel.test\bin\debug\assemblymodel.test.dll" id="791f5605-823c-1bb5-35fe-ba025a3168fa">
      <Execution id="e96816b8-a765-4b5c-8105-314fbf9e07be" />
      <TestMethod codeBase="C:/Users/gnvilhena/PROMPT/uc01/repos/PROMPT11-01-VMEssentials.vilhena/Trabalho Final/HttpReflector/AssemblyModel.Test/bin/Debug/AssemblyModel.Test.DLL" adapterTypeName="Microsoft.VisualStudio.TestTools.TestTypes.Unit.UnitTestAdapter, Microsoft.VisualStudio.QualityTools.Tips.UnitTest.Adapter, Version=10.0.0.0, Culture=neutral, PublicKeyToken=b03f5f7f11d50a3a" className="AssemblyModelTest.AssemblyModelTest, AssemblyModel.Test, Version=1.0.0.0, Culture=neutral, PublicKeyToken=null" name="GetContextAssemblyContextModel" />
    </UnitTest>
    <UnitTest name="RouteWorksWithRootCtxNsNamespaceShortnameRouteList" storage="c:\users\gnvilhena\prompt\uc01\repos\prompt11-01-vmessentials.vilhena\trabalho final\httpreflector\routers\reflectorrouter.test\bin\debug\reflectorrouter.test.dll" id="9a7e0ce8-a890-76e5-0515-e3311e06f037">
      <Execution id="93a057fe-fcfa-4c4b-83da-d59c9c742644" />
      <TestMethod codeBase="C:/Users/gnvilhena/PROMPT/uc01/repos/PROMPT11-01-VMEssentials.vilhena/Trabalho Final/HttpReflector/Routers/ReflectorRouter.Test/bin/Debug/ReflectorRouter.Test.DLL" adapterTypeName="Microsoft.VisualStudio.TestTools.TestTypes.Unit.UnitTestAdapter, Microsoft.VisualStudio.QualityTools.Tips.UnitTest.Adapter, Version=10.0.0.0, Culture=neutral, PublicKeyToken=b03f5f7f11d50a3a" className="ReflectorRouter.Test.RouterCollection, ReflectorRouter.Test, Version=1.0.0.0, Culture=neutral, PublicKeyToken=null" name="RouteWorksWithRootCtxNsNamespaceShortnameRouteList" />
    </UnitTest>
    <UnitTest name="GetTypeContextModel" storage="c:\users\gnvilhena\prompt\uc01\repos\prompt11-01-vmessentials.vilhena\trabalho final\httpreflector\assemblymodel.test\bin\debug\assemblymodel.test.dll" id="d8184f34-057f-e69d-3079-1c304a346697">
      <Execution id="505e7954-4b50-4464-bc17-2e17b254f2d7" />
      <TestMethod codeBase="C:/Users/gnvilhena/PROMPT/uc01/repos/PROMPT11-01-VMEssentials.vilhena/Trabalho Final/HttpReflector/AssemblyModel.Test/bin/Debug/AssemblyModel.Test.DLL" adapterTypeName="Microsoft.VisualStudio.TestTools.TestTypes.Unit.UnitTestAdapter, Microsoft.VisualStudio.QualityTools.Tips.UnitTest.Adapter, Version=10.0.0.0, Culture=neutral, PublicKeyToken=b03f5f7f11d50a3a" className="AssemblyModelTest.AssemblyModelTest, AssemblyModel.Test, Version=1.0.0.0, Culture=neutral, PublicKeyToken=null" name="GetTypeContextModel" />
    </UnitTest>
    <UnitTest name="RouteWorksWithRootCtxNsNamespaceShortnameREventNameRouteList" storage="c:\users\gnvilhena\prompt\uc01\repos\prompt11-01-vmessentials.vilhena\trabalho final\httpreflector\routers\reflectorrouter.test\bin\debug\reflectorrouter.test.dll" id="f034a3de-7207-22c6-01d4-83591bfbd103">
      <Execution id="22823610-9c8a-4676-938f-23b33b9eac0e" />
      <TestMethod codeBase="C:/Users/gnvilhena/PROMPT/uc01/repos/PROMPT11-01-VMEssentials.vilhena/Trabalho Final/HttpReflector/Routers/ReflectorRouter.Test/bin/Debug/ReflectorRouter.Test.DLL" adapterTypeName="Microsoft.VisualStudio.TestTools.TestTypes.Unit.UnitTestAdapter, Microsoft.VisualStudio.QualityTools.Tips.UnitTest.Adapter, Version=10.0.0.0, Culture=neutral, PublicKeyToken=b03f5f7f11d50a3a" className="ReflectorRouter.Test.RouterCollection, ReflectorRouter.Test, Version=1.0.0.0, Culture=neutral, PublicKeyToken=null" name="RouteWorksWithRootCtxNsNamespaceShortnameREventNameRouteList" />
    </UnitTest>
    <UnitTest name="CanFindRootValueOnNewTree" storage="c:\users\gnvilhena\prompt\uc01\repos\prompt11-01-vmessentials.vilhena\trabalho final\httpreflector\utils\tree.test\bin\debug\tree.test.dll" id="544a66b2-c234-6aa7-d3b7-57315f613540">
      <Execution id="18a8aba9-9ef2-4aa6-aa82-7f890b2b4226" />
      <TestMethod codeBase="C:/Users/gnvilhena/PROMPT/uc01/repos/PROMPT11-01-VMEssentials.vilhena/Trabalho Final/HttpReflector/Utils/Tree.Test/bin/Debug/Tree.Test.DLL" adapterTypeName="Microsoft.VisualStudio.TestTools.TestTypes.Unit.UnitTestAdapter, Microsoft.VisualStudio.QualityTools.Tips.UnitTest.Adapter, Version=10.0.0.0, Culture=neutral, PublicKeyToken=b03f5f7f11d50a3a" className="HttpReflector.Utils.Test.TreeTest, Tree.Test, Version=1.0.0.0, Culture=neutral, PublicKeyToken=null" name="CanFindRootValueOnNewTree" />
    </UnitTest>
    <UnitTest name="GetContextUsingInvalidContextThrowsInvalidContextExceptionContextModel" storage="c:\users\gnvilhena\prompt\uc01\repos\prompt11-01-vmessentials.vilhena\trabalho final\httpreflector\assemblymodel.test\bin\debug\assemblymodel.test.dll" id="64a16abf-270a-7737-c6db-2335bfd6d654">
      <Execution id="abbe8760-9a1f-4289-addc-b0e775a62f8a" />
      <TestMethod codeBase="C:/Users/gnvilhena/PROMPT/uc01/repos/PROMPT11-01-VMEssentials.vilhena/Trabalho Final/HttpReflector/AssemblyModel.Test/bin/Debug/AssemblyModel.Test.DLL" adapterTypeName="Microsoft.VisualStudio.TestTools.TestTypes.Unit.UnitTestAdapter, Microsoft.VisualStudio.QualityTools.Tips.UnitTest.Adapter, Version=10.0.0.0, Culture=neutral, PublicKeyToken=b03f5f7f11d50a3a" className="AssemblyModelTest.AssemblyModelTest, AssemblyModel.Test, Version=1.0.0.0, Culture=neutral, PublicKeyToken=null" name="GetContextUsingInvalidContextThrowsInvalidContextExceptionContextModel" />
    </UnitTest>
    <UnitTest name="RouteWorksWithRootCtxNsNamespacePrefixRouteList" storage="c:\users\gnvilhena\prompt\uc01\repos\prompt11-01-vmessentials.vilhena\trabalho final\httpreflector\routers\reflectorrouter.test\bin\debug\reflectorrouter.test.dll" id="24823888-f50a-301e-fcbe-a102f5185a0e">
      <Execution id="883a7cf0-fdc4-4daf-b321-5a61e2663c0a" />
      <TestMethod codeBase="C:/Users/gnvilhena/PROMPT/uc01/repos/PROMPT11-01-VMEssentials.vilhena/Trabalho Final/HttpReflector/Routers/ReflectorRouter.Test/bin/Debug/ReflectorRouter.Test.DLL" adapterTypeName="Microsoft.VisualStudio.TestTools.TestTypes.Unit.UnitTestAdapter, Microsoft.VisualStudio.QualityTools.Tips.UnitTest.Adapter, Version=10.0.0.0, Culture=neutral, PublicKeyToken=b03f5f7f11d50a3a" className="ReflectorRouter.Test.RouterCollection, ReflectorRouter.Test, Version=1.0.0.0, Culture=neutral, PublicKeyToken=null" name="RouteWorksWithRootCtxNsNamespacePrefixRouteList" />
    </UnitTest>
    <UnitTest name="CanAddRouteToRouteList" storage="c:\users\gnvilhena\prompt\uc01\repos\prompt11-01-vmessentials.vilhena\trabalho final\httpreflector\routers\reflectorrouter.test\bin\debug\reflectorrouter.test.dll" id="274768e3-c15c-eb07-7b78-2aec20a6e315">
      <Execution id="d6913bb6-1561-4586-b690-62556854701f" />
      <TestMethod codeBase="C:/Users/gnvilhena/PROMPT/uc01/repos/PROMPT11-01-VMEssentials.vilhena/Trabalho Final/HttpReflector/Routers/ReflectorRouter.Test/bin/Debug/ReflectorRouter.Test.DLL" adapterTypeName="Microsoft.VisualStudio.TestTools.TestTypes.Unit.UnitTestAdapter, Microsoft.VisualStudio.QualityTools.Tips.UnitTest.Adapter, Version=10.0.0.0, Culture=neutral, PublicKeyToken=b03f5f7f11d50a3a" className="ReflectorRouter.Test.RouterCollection, ReflectorRouter.Test, Version=1.0.0.0, Culture=neutral, PublicKeyToken=null" name="CanAddRouteToRouteList" />
    </UnitTest>
    <UnitTest name="BindRootView" storage="c:\users\gnvilhena\prompt\uc01\repos\prompt11-01-vmessentials.vilhena\trabalho final\httpreflector\views\reflectorview.test\bin\debug\reflectorview.test.dll" id="2cd50448-5291-4f46-e77d-96205d99f315">
      <Execution id="2939e7d5-dd9b-406e-973c-27173ca1c99f" />
      <TestMethod codeBase="C:/Users/gnvilhena/PROMPT/uc01/repos/PROMPT11-01-VMEssentials.vilhena/Trabalho Final/HttpReflector/Views/ReflectorView.Test/bin/Debug/ReflectorView.Test.DLL" adapterTypeName="Microsoft.VisualStudio.TestTools.TestTypes.Unit.UnitTestAdapter, Microsoft.VisualStudio.QualityTools.Tips.UnitTest.Adapter, Version=10.0.0.0, Culture=neutral, PublicKeyToken=b03f5f7f11d50a3a" className="ReflectorView.Test.ReflectorViewTest, ReflectorView.Test, Version=1.0.0.0, Culture=neutral, PublicKeyToken=null" name="BindRootView" />
    </UnitTest>
    <UnitTest name="RouteWorksWithRootCtxNsNamespaceShortnameFFieldNameRouteList" storage="c:\users\gnvilhena\prompt\uc01\repos\prompt11-01-vmessentials.vilhena\trabalho final\httpreflector\routers\reflectorrouter.test\bin\debug\reflectorrouter.test.dll" id="e64fdd11-a1b1-7a84-b4bf-d58eaa26c62d">
      <Execution id="39d939a6-1e4d-45ca-a127-cf8226eb1623" />
      <TestMethod codeBase="C:/Users/gnvilhena/PROMPT/uc01/repos/PROMPT11-01-VMEssentials.vilhena/Trabalho Final/HttpReflector/Routers/ReflectorRouter.Test/bin/Debug/ReflectorRouter.Test.DLL" adapterTypeName="Microsoft.VisualStudio.TestTools.TestTypes.Unit.UnitTestAdapter, Microsoft.VisualStudio.QualityTools.Tips.UnitTest.Adapter, Version=10.0.0.0, Culture=neutral, PublicKeyToken=b03f5f7f11d50a3a" className="ReflectorRouter.Test.RouterCollection, ReflectorRouter.Test, Version=1.0.0.0, Culture=neutral, PublicKeyToken=null" name="RouteWorksWithRootCtxNsNamespaceShortnameFFieldNameRouteList" />
    </UnitTest>
    <UnitTest name="AddContextToAssemblyModel" storage="c:\users\gnvilhena\prompt\uc01\repos\prompt11-01-vmessentials.vilhena\trabalho final\httpreflector\assemblymodel.test\bin\debug\assemblymodel.test.dll" id="7795dffc-b7a5-5c43-1aa2-03f78084ca66">
      <Execution id="ac8b16ee-d8ba-4f2d-b442-0ad4b7e90d35" />
      <TestMethod codeBase="C:/Users/gnvilhena/PROMPT/uc01/repos/PROMPT11-01-VMEssentials.vilhena/Trabalho Final/HttpReflector/AssemblyModel.Test/bin/Debug/AssemblyModel.Test.DLL" adapterTypeName="Microsoft.VisualStudio.TestTools.TestTypes.Unit.UnitTestAdapter, Microsoft.VisualStudio.QualityTools.Tips.UnitTest.Adapter, Version=10.0.0.0, Culture=neutral, PublicKeyToken=b03f5f7f11d50a3a" className="AssemblyModelTest.AssemblyModelTest, AssemblyModel.Test, Version=1.0.0.0, Culture=neutral, PublicKeyToken=null" name="AddContextToAssemblyModel" />
    </UnitTest>
    <UnitTest name="RouteWorksWithRootCtxNsNamespaceShortnameCRouteList" storage="c:\users\gnvilhena\prompt\uc01\repos\prompt11-01-vmessentials.vilhena\trabalho final\httpreflector\routers\reflectorrouter.test\bin\debug\reflectorrouter.test.dll" id="84ac9094-4090-126d-990c-e3f42364133f">
      <Execution id="7694680c-085d-49e8-8a4c-ce5e2bdade5e" />
      <TestMethod codeBase="C:/Users/gnvilhena/PROMPT/uc01/repos/PROMPT11-01-VMEssentials.vilhena/Trabalho Final/HttpReflector/Routers/ReflectorRouter.Test/bin/Debug/ReflectorRouter.Test.DLL" adapterTypeName="Microsoft.VisualStudio.TestTools.TestTypes.Unit.UnitTestAdapter, Microsoft.VisualStudio.QualityTools.Tips.UnitTest.Adapter, Version=10.0.0.0, Culture=neutral, PublicKeyToken=b03f5f7f11d50a3a" className="ReflectorRouter.Test.RouterCollection, ReflectorRouter.Test, Version=1.0.0.0, Culture=neutral, PublicKeyToken=null" name="RouteWorksWithRootCtxNsNamespaceShortnameCRouteList" />
    </UnitTest>
    <UnitTest name="GetAssemblyInvalidContextThrowsInvalidAssemblyException" storage="c:\users\gnvilhena\prompt\uc01\repos\prompt11-01-vmessentials.vilhena\trabalho final\httpreflector\assemblymodel.test\bin\debug\assemblymodel.test.dll" id="dbd8feea-a40e-8938-e358-e9b3d1f5a615">
      <Execution id="435a7b5d-1661-48d1-be3b-d151b6323bd2" />
      <TestMethod codeBase="C:/Users/gnvilhena/PROMPT/uc01/repos/PROMPT11-01-VMEssentials.vilhena/Trabalho Final/HttpReflector/AssemblyModel.Test/bin/Debug/AssemblyModel.Test.DLL" adapterTypeName="Microsoft.VisualStudio.TestTools.TestTypes.Unit.UnitTestAdapter, Microsoft.VisualStudio.QualityTools.Tips.UnitTest.Adapter, Version=10.0.0.0, Culture=neutral, PublicKeyToken=b03f5f7f11d50a3a" className="AssemblyModelTest.AssemblyModelTest, AssemblyModel.Test, Version=1.0.0.0, Culture=neutral, PublicKeyToken=null" name="GetAssemblyInvalidContextThrowsInvalidAssemblyException" />
    </UnitTest>
    <UnitTest name="RouteWorksWithRootCtxRouteList" storage="c:\users\gnvilhena\prompt\uc01\repos\prompt11-01-vmessentials.vilhena\trabalho final\httpreflector\routers\reflectorrouter.test\bin\debug\reflectorrouter.test.dll" id="f6b59a52-abc4-7e7c-f812-569555ffd07c">
      <Execution id="349607e0-f918-4e08-b345-4ef6808bc564" />
      <TestMethod codeBase="C:/Users/gnvilhena/PROMPT/uc01/repos/PROMPT11-01-VMEssentials.vilhena/Trabalho Final/HttpReflector/Routers/ReflectorRouter.Test/bin/Debug/ReflectorRouter.Test.DLL" adapterTypeName="Microsoft.VisualStudio.TestTools.TestTypes.Unit.UnitTestAdapter, Microsoft.VisualStudio.QualityTools.Tips.UnitTest.Adapter, Version=10.0.0.0, Culture=neutral, PublicKeyToken=b03f5f7f11d50a3a" className="ReflectorRouter.Test.RouterCollection, ReflectorRouter.Test, Version=1.0.0.0, Culture=neutral, PublicKeyToken=null" name="RouteWorksWithRootCtxRouteList" />
    </UnitTest>
    <UnitTest name="RouteWorksWithRootCtxNsNamespaceShortnameMMethodNameRouteList" storage="c:\users\gnvilhena\prompt\uc01\repos\prompt11-01-vmessentials.vilhena\trabalho final\httpreflector\routers\reflectorrouter.test\bin\debug\reflectorrouter.test.dll" id="6784527c-c482-0912-542b-3dcdacb47507">
      <Execution id="4a5f7a9a-8ab7-4217-babc-7b294c553bc7" />
      <TestMethod codeBase="C:/Users/gnvilhena/PROMPT/uc01/repos/PROMPT11-01-VMEssentials.vilhena/Trabalho Final/HttpReflector/Routers/ReflectorRouter.Test/bin/Debug/ReflectorRouter.Test.DLL" adapterTypeName="Microsoft.VisualStudio.TestTools.TestTypes.Unit.UnitTestAdapter, Microsoft.VisualStudio.QualityTools.Tips.UnitTest.Adapter, Version=10.0.0.0, Culture=neutral, PublicKeyToken=b03f5f7f11d50a3a" className="ReflectorRouter.Test.RouterCollection, ReflectorRouter.Test, Version=1.0.0.0, Culture=neutral, PublicKeyToken=null" name="RouteWorksWithRootCtxNsNamespaceShortnameMMethodNameRouteList" />
    </UnitTest>
    <UnitTest name="CanAddValueToEmpyTree" storage="c:\users\gnvilhena\prompt\uc01\repos\prompt11-01-vmessentials.vilhena\trabalho final\httpreflector\utils\tree.test\bin\debug\tree.test.dll" id="fbf8eef2-92a0-6d2b-a3cb-60c176d03a3c">
      <Execution id="90fa4780-2dd0-495b-8dc3-fed2067fbd89" />
      <TestMethod codeBase="C:/Users/gnvilhena/PROMPT/uc01/repos/PROMPT11-01-VMEssentials.vilhena/Trabalho Final/HttpReflector/Utils/Tree.Test/bin/Debug/Tree.Test.DLL" adapterTypeName="Microsoft.VisualStudio.TestTools.TestTypes.Unit.UnitTestAdapter, Microsoft.VisualStudio.QualityTools.Tips.UnitTest.Adapter, Version=10.0.0.0, Culture=neutral, PublicKeyToken=b03f5f7f11d50a3a" className="HttpReflector.Utils.Test.TreeTest, Tree.Test, Version=1.0.0.0, Culture=neutral, PublicKeyToken=null" name="CanAddValueToEmpyTree" />
    </UnitTest>
    <UnitTest name="GetContextContextModel" storage="c:\users\gnvilhena\prompt\uc01\repos\prompt11-01-vmessentials.vilhena\trabalho final\httpreflector\assemblymodel.test\bin\debug\assemblymodel.test.dll" id="f28710f9-438e-b12b-8594-ca1054ad2af5">
      <Execution id="5f19868b-e57d-46e1-9562-86ef66608811" />
      <TestMethod codeBase="C:/Users/gnvilhena/PROMPT/uc01/repos/PROMPT11-01-VMEssentials.vilhena/Trabalho Final/HttpReflector/AssemblyModel.Test/bin/Debug/AssemblyModel.Test.DLL" adapterTypeName="Microsoft.VisualStudio.TestTools.TestTypes.Unit.UnitTestAdapter, Microsoft.VisualStudio.QualityTools.Tips.UnitTest.Adapter, Version=10.0.0.0, Culture=neutral, PublicKeyToken=b03f5f7f11d50a3a" className="AssemblyModelTest.AssemblyModelTest, AssemblyModel.Test, Version=1.0.0.0, Culture=neutral, PublicKeyToken=null" name="GetContextContextModel" />
    </UnitTest>
    <UnitTest name="RouteWorksWithRootOnlyRouteList" storage="c:\users\gnvilhena\prompt\uc01\repos\prompt11-01-vmessentials.vilhena\trabalho final\httpreflector\routers\reflectorrouter.test\bin\debug\reflectorrouter.test.dll" id="cb64fb5f-ea4a-343c-9730-09998b8787bd">
      <Execution id="8b16e6e7-153b-4502-83e5-66bfea162524" />
      <TestMethod codeBase="C:/Users/gnvilhena/PROMPT/uc01/repos/PROMPT11-01-VMEssentials.vilhena/Trabalho Final/HttpReflector/Routers/ReflectorRouter.Test/bin/Debug/ReflectorRouter.Test.DLL" adapterTypeName="Microsoft.VisualStudio.TestTools.TestTypes.Unit.UnitTestAdapter, Microsoft.VisualStudio.QualityTools.Tips.UnitTest.Adapter, Version=10.0.0.0, Culture=neutral, PublicKeyToken=b03f5f7f11d50a3a" className="ReflectorRouter.Test.RouterCollection, ReflectorRouter.Test, Version=1.0.0.0, Culture=neutral, PublicKeyToken=null" name="RouteWorksWithRootOnlyRouteList" />
    </UnitTest>
    <UnitTest name="InitNewTreeWithRoot" storage="c:\users\gnvilhena\prompt\uc01\repos\prompt11-01-vmessentials.vilhena\trabalho final\httpreflector\utils\tree.test\bin\debug\tree.test.dll" id="3b09194f-5651-fd25-6809-631b7fb4eb62">
      <Execution id="eb32d6e6-dd24-4cc7-ba50-994d5dfe02b8" />
      <TestMethod codeBase="C:/Users/gnvilhena/PROMPT/uc01/repos/PROMPT11-01-VMEssentials.vilhena/Trabalho Final/HttpReflector/Utils/Tree.Test/bin/Debug/Tree.Test.DLL" adapterTypeName="Microsoft.VisualStudio.TestTools.TestTypes.Unit.UnitTestAdapter, Microsoft.VisualStudio.QualityTools.Tips.UnitTest.Adapter, Version=10.0.0.0, Culture=neutral, PublicKeyToken=b03f5f7f11d50a3a" className="HttpReflector.Utils.Test.TreeTest, Tree.Test, Version=1.0.0.0, Culture=neutral, PublicKeyToken=null" name="InitNewTreeWithRoot" />
    </UnitTest>
    <UnitTest name="ListAllContextReturnsAllContextModels" storage="c:\users\gnvilhena\prompt\uc01\repos\prompt11-01-vmessentials.vilhena\trabalho final\httpreflector\assemblymodel.test\bin\debug\assemblymodel.test.dll" id="76f7c0a7-6879-6d47-f6cf-e7d87e75c556">
      <Execution id="66d1ce4c-0801-4039-9e16-b0bb6743e4e4" />
      <TestMethod codeBase="C:/Users/gnvilhena/PROMPT/uc01/repos/PROMPT11-01-VMEssentials.vilhena/Trabalho Final/HttpReflector/AssemblyModel.Test/bin/Debug/AssemblyModel.Test.DLL" adapterTypeName="Microsoft.VisualStudio.TestTools.TestTypes.Unit.UnitTestAdapter, Microsoft.VisualStudio.QualityTools.Tips.UnitTest.Adapter, Version=10.0.0.0, Culture=neutral, PublicKeyToken=b03f5f7f11d50a3a" className="AssemblyModelTest.AssemblyModelTest, AssemblyModel.Test, Version=1.0.0.0, Culture=neutral, PublicKeyToken=null" name="ListAllContextReturnsAllContextModels" />
    </UnitTest>
    <UnitTest name="RouteWorksWithRootCtxAsAssemblyNameRouteList" storage="c:\users\gnvilhena\prompt\uc01\repos\prompt11-01-vmessentials.vilhena\trabalho final\httpreflector\routers\reflectorrouter.test\bin\debug\reflectorrouter.test.dll" id="d223219d-fbaf-89e7-3a49-c19c9b3b3edc">
      <Execution id="a44055b4-bd05-4c02-8450-c6be10d9398f" />
      <TestMethod codeBase="C:/Users/gnvilhena/PROMPT/uc01/repos/PROMPT11-01-VMEssentials.vilhena/Trabalho Final/HttpReflector/Routers/ReflectorRouter.Test/bin/Debug/ReflectorRouter.Test.DLL" adapterTypeName="Microsoft.VisualStudio.TestTools.TestTypes.Unit.UnitTestAdapter, Microsoft.VisualStudio.QualityTools.Tips.UnitTest.Adapter, Version=10.0.0.0, Culture=neutral, PublicKeyToken=b03f5f7f11d50a3a" className="ReflectorRouter.Test.RouterCollection, ReflectorRouter.Test, Version=1.0.0.0, Culture=neutral, PublicKeyToken=null" name="RouteWorksWithRootCtxAsAssemblyNameRouteList" />
    </UnitTest>
    <UnitTest name="ListAllContextAssembliesContextModel" storage="c:\users\gnvilhena\prompt\uc01\repos\prompt11-01-vmessentials.vilhena\trabalho final\httpreflector\assemblymodel.test\bin\debug\assemblymodel.test.dll" id="9278291c-e6b0-e32b-9ad3-6d545921b6d2">
      <Execution id="1dceb01f-7b14-44d8-a2a5-7b1d2533aa27" />
      <TestMethod codeBase="C:/Users/gnvilhena/PROMPT/uc01/repos/PROMPT11-01-VMEssentials.vilhena/Trabalho Final/HttpReflector/AssemblyModel.Test/bin/Debug/AssemblyModel.Test.DLL" adapterTypeName="Microsoft.VisualStudio.TestTools.TestTypes.Unit.UnitTestAdapter, Microsoft.VisualStudio.QualityTools.Tips.UnitTest.Adapter, Version=10.0.0.0, Culture=neutral, PublicKeyToken=b03f5f7f11d50a3a" className="AssemblyModelTest.AssemblyModelTest, AssemblyModel.Test, Version=1.0.0.0, Culture=neutral, PublicKeyToken=null" name="ListAllContextAssembliesContextModel" />
    </UnitTest>
    <UnitTest name="RouteWorksWithRootCtxNsNamespaceShortnamePPropNameRouteList" storage="c:\users\gnvilhena\prompt\uc01\repos\prompt11-01-vmessentials.vilhena\trabalho final\httpreflector\routers\reflectorrouter.test\bin\debug\reflectorrouter.test.dll" id="0ce176a3-c55a-e636-d255-5e7aff6e41a8">
      <Execution id="d8259fe4-ee37-4c17-9e0c-2f1fdca266a3" />
      <TestMethod codeBase="C:/Users/gnvilhena/PROMPT/uc01/repos/PROMPT11-01-VMEssentials.vilhena/Trabalho Final/HttpReflector/Routers/ReflectorRouter.Test/bin/Debug/ReflectorRouter.Test.DLL" adapterTypeName="Microsoft.VisualStudio.TestTools.TestTypes.Unit.UnitTestAdapter, Microsoft.VisualStudio.QualityTools.Tips.UnitTest.Adapter, Version=10.0.0.0, Culture=neutral, PublicKeyToken=b03f5f7f11d50a3a" className="ReflectorRouter.Test.RouterCollection, ReflectorRouter.Test, Version=1.0.0.0, Culture=neutral, PublicKeyToken=null" name="RouteWorksWithRootCtxNsNamespaceShortnamePPropNameRouteList" />
    </UnitTest>
    <UnitTest name="GetContextInvalidNamespaceThrowsInvalidNamespaceModelExceptio" storage="c:\users\gnvilhena\prompt\uc01\repos\prompt11-01-vmessentials.vilhena\trabalho final\httpreflector\assemblymodel.test\bin\debug\assemblymodel.test.dll" id="e0840f5a-cbda-60a0-b8a5-ddcac37b5ed8">
      <Execution id="ea367bc7-c119-43fa-8351-edb7097ad565" />
      <TestMethod codeBase="C:/Users/gnvilhena/PROMPT/uc01/repos/PROMPT11-01-VMEssentials.vilhena/Trabalho Final/HttpReflector/AssemblyModel.Test/bin/Debug/AssemblyModel.Test.DLL" adapterTypeName="Microsoft.VisualStudio.TestTools.TestTypes.Unit.UnitTestAdapter, Microsoft.VisualStudio.QualityTools.Tips.UnitTest.Adapter, Version=10.0.0.0, Culture=neutral, PublicKeyToken=b03f5f7f11d50a3a" className="AssemblyModelTest.AssemblyModelTest, AssemblyModel.Test, Version=1.0.0.0, Culture=neutral, PublicKeyToken=null" name="GetContextInvalidNamespaceThrowsInvalidNamespaceModelExceptio" />
    </UnitTest>
    <UnitTest name="AddContextWithInvalidPathThrowsInvalidPathException" storage="c:\users\gnvilhena\prompt\uc01\repos\prompt11-01-vmessentials.vilhena\trabalho final\httpreflector\assemblymodel.test\bin\debug\assemblymodel.test.dll" id="6fa0d37b-e32d-d89e-4167-068ec55c8ffd">
      <Execution id="3d2852bf-ce95-4a39-83db-de2e9d75e375" />
      <TestMethod codeBase="C:/Users/gnvilhena/PROMPT/uc01/repos/PROMPT11-01-VMEssentials.vilhena/Trabalho Final/HttpReflector/AssemblyModel.Test/bin/Debug/AssemblyModel.Test.DLL" adapterTypeName="Microsoft.VisualStudio.TestTools.TestTypes.Unit.UnitTestAdapter, Microsoft.VisualStudio.QualityTools.Tips.UnitTest.Adapter, Version=10.0.0.0, Culture=neutral, PublicKeyToken=b03f5f7f11d50a3a" className="AssemblyModelTest.AssemblyModelTest, AssemblyModel.Test, Version=1.0.0.0, Culture=neutral, PublicKeyToken=null" name="AddContextWithInvalidPathThrowsInvalidPathException" />
    </UnitTest>
    <UnitTest name="RouteWorksWithRootCtxAsRouteList" storage="c:\users\gnvilhena\prompt\uc01\repos\prompt11-01-vmessentials.vilhena\trabalho final\httpreflector\routers\reflectorrouter.test\bin\debug\reflectorrouter.test.dll" id="b3b5bf70-eb22-7ea3-6c4a-453814fffda2">
      <Execution id="f89c23b9-cf1e-4083-8f3b-29388dc93548" />
      <TestMethod codeBase="C:/Users/gnvilhena/PROMPT/uc01/repos/PROMPT11-01-VMEssentials.vilhena/Trabalho Final/HttpReflector/Routers/ReflectorRouter.Test/bin/Debug/ReflectorRouter.Test.DLL" adapterTypeName="Microsoft.VisualStudio.TestTools.TestTypes.Unit.UnitTestAdapter, Microsoft.VisualStudio.QualityTools.Tips.UnitTest.Adapter, Version=10.0.0.0, Culture=neutral, PublicKeyToken=b03f5f7f11d50a3a" className="ReflectorRouter.Test.RouterCollection, ReflectorRouter.Test, Version=1.0.0.0, Culture=neutral, PublicKeyToken=null" name="RouteWorksWithRootCtxAsRouteList" />
    </UnitTest>
  </TestDefinitions>
  <TestLists>
    <TestList name="Results Not in a List" id="8c84fa94-04c1-424b-9868-57a2d4851a1d" />
    <TestList name="All Loaded Results" id="19431567-8539-422a-85d7-44ee4e166bda" />
  </TestLists>
  <TestEntries>
    <TestEntry testId="0ce176a3-c55a-e636-d255-5e7aff6e41a8" executionId="d8259fe4-ee37-4c17-9e0c-2f1fdca266a3" testListId="8c84fa94-04c1-424b-9868-57a2d4851a1d" />
    <TestEntry testId="1133a30c-721f-dfb0-6e8e-fc4e09453bba" executionId="f4d05e31-0d2a-4350-980f-01d02756256f" testListId="8c84fa94-04c1-424b-9868-57a2d4851a1d" />
    <TestEntry testId="24823888-f50a-301e-fcbe-a102f5185a0e" executionId="883a7cf0-fdc4-4daf-b321-5a61e2663c0a" testListId="8c84fa94-04c1-424b-9868-57a2d4851a1d" />
    <TestEntry testId="274768e3-c15c-eb07-7b78-2aec20a6e315" executionId="d6913bb6-1561-4586-b690-62556854701f" testListId="8c84fa94-04c1-424b-9868-57a2d4851a1d" />
    <TestEntry testId="2896e079-7af6-aed4-10c7-ee442a00cf0b" executionId="8f5c3f57-fe1a-4a83-a981-8a06e57a61f1" testListId="8c84fa94-04c1-424b-9868-57a2d4851a1d" />
    <TestEntry testId="2cd50448-5291-4f46-e77d-96205d99f315" executionId="2939e7d5-dd9b-406e-973c-27173ca1c99f" testListId="8c84fa94-04c1-424b-9868-57a2d4851a1d" />
    <TestEntry testId="3b09194f-5651-fd25-6809-631b7fb4eb62" executionId="eb32d6e6-dd24-4cc7-ba50-994d5dfe02b8" testListId="8c84fa94-04c1-424b-9868-57a2d4851a1d" />
    <TestEntry testId="43754c34-18a7-b891-3c8a-c6f51c87076d" executionId="d7d8de0b-eeec-4fbf-b808-9dba8cca91b2" testListId="8c84fa94-04c1-424b-9868-57a2d4851a1d" />
    <TestEntry testId="4854cc04-4aff-cc7f-b81a-0d628dd3edee" executionId="752011f4-503d-4284-ac85-85b10e06bbd6" testListId="8c84fa94-04c1-424b-9868-57a2d4851a1d" />
    <TestEntry testId="4b243ddf-9b4e-7f68-2282-1d15a85bab9b" executionId="c6fc0c24-f23b-4fd5-bd1d-2b06bc88a8c5" testListId="8c84fa94-04c1-424b-9868-57a2d4851a1d" />
    <TestEntry testId="516b6c68-c5e5-bf9c-2c60-a4dfddc51fb8" executionId="85464acb-f121-462f-8a20-6c15f394f7c7" testListId="8c84fa94-04c1-424b-9868-57a2d4851a1d" />
    <TestEntry testId="544a66b2-c234-6aa7-d3b7-57315f613540" executionId="18a8aba9-9ef2-4aa6-aa82-7f890b2b4226" testListId="8c84fa94-04c1-424b-9868-57a2d4851a1d" />
    <TestEntry testId="64a16abf-270a-7737-c6db-2335bfd6d654" executionId="abbe8760-9a1f-4289-addc-b0e775a62f8a" testListId="8c84fa94-04c1-424b-9868-57a2d4851a1d" />
    <TestEntry testId="6784527c-c482-0912-542b-3dcdacb47507" executionId="4a5f7a9a-8ab7-4217-babc-7b294c553bc7" testListId="8c84fa94-04c1-424b-9868-57a2d4851a1d" />
    <TestEntry testId="6fa0d37b-e32d-d89e-4167-068ec55c8ffd" executionId="3d2852bf-ce95-4a39-83db-de2e9d75e375" testListId="8c84fa94-04c1-424b-9868-57a2d4851a1d" />
    <TestEntry testId="76f7c0a7-6879-6d47-f6cf-e7d87e75c556" executionId="66d1ce4c-0801-4039-9e16-b0bb6743e4e4" testListId="8c84fa94-04c1-424b-9868-57a2d4851a1d" />
    <TestEntry testId="7795dffc-b7a5-5c43-1aa2-03f78084ca66" executionId="ac8b16ee-d8ba-4f2d-b442-0ad4b7e90d35" testListId="8c84fa94-04c1-424b-9868-57a2d4851a1d" />
    <TestEntry testId="791f5605-823c-1bb5-35fe-ba025a3168fa" executionId="e96816b8-a765-4b5c-8105-314fbf9e07be" testListId="8c84fa94-04c1-424b-9868-57a2d4851a1d" />
    <TestEntry testId="84ac9094-4090-126d-990c-e3f42364133f" executionId="7694680c-085d-49e8-8a4c-ce5e2bdade5e" testListId="8c84fa94-04c1-424b-9868-57a2d4851a1d" />
    <TestEntry testId="9278291c-e6b0-e32b-9ad3-6d545921b6d2" executionId="1dceb01f-7b14-44d8-a2a5-7b1d2533aa27" testListId="8c84fa94-04c1-424b-9868-57a2d4851a1d" />
    <TestEntry testId="9a7e0ce8-a890-76e5-0515-e3311e06f037" executionId="93a057fe-fcfa-4c4b-83da-d59c9c742644" testListId="8c84fa94-04c1-424b-9868-57a2d4851a1d" />
    <TestEntry testId="b3b5bf70-eb22-7ea3-6c4a-453814fffda2" executionId="f89c23b9-cf1e-4083-8f3b-29388dc93548" testListId="8c84fa94-04c1-424b-9868-57a2d4851a1d" />
    <TestEntry testId="b4271458-837d-82fd-cbce-5eb1f16a31d0" executionId="7cb046e6-7bd4-4a94-a9bc-5dee138b0f6f" testListId="8c84fa94-04c1-424b-9868-57a2d4851a1d" />
    <TestEntry testId="cb64fb5f-ea4a-343c-9730-09998b8787bd" executionId="8b16e6e7-153b-4502-83e5-66bfea162524" testListId="8c84fa94-04c1-424b-9868-57a2d4851a1d" />
    <TestEntry testId="d223219d-fbaf-89e7-3a49-c19c9b3b3edc" executionId="a44055b4-bd05-4c02-8450-c6be10d9398f" testListId="8c84fa94-04c1-424b-9868-57a2d4851a1d" />
    <TestEntry testId="d8184f34-057f-e69d-3079-1c304a346697" executionId="505e7954-4b50-4464-bc17-2e17b254f2d7" testListId="8c84fa94-04c1-424b-9868-57a2d4851a1d" />
    <TestEntry testId="dbd8feea-a40e-8938-e358-e9b3d1f5a615" executionId="435a7b5d-1661-48d1-be3b-d151b6323bd2" testListId="8c84fa94-04c1-424b-9868-57a2d4851a1d" />
    <TestEntry testId="e0840f5a-cbda-60a0-b8a5-ddcac37b5ed8" executionId="ea367bc7-c119-43fa-8351-edb7097ad565" testListId="8c84fa94-04c1-424b-9868-57a2d4851a1d" />
    <TestEntry testId="e64fdd11-a1b1-7a84-b4bf-d58eaa26c62d" executionId="39d939a6-1e4d-45ca-a127-cf8226eb1623" testListId="8c84fa94-04c1-424b-9868-57a2d4851a1d" />
    <TestEntry testId="f034a3de-7207-22c6-01d4-83591bfbd103" executionId="22823610-9c8a-4676-938f-23b33b9eac0e" testListId="8c84fa94-04c1-424b-9868-57a2d4851a1d" />
    <TestEntry testId="f28710f9-438e-b12b-8594-ca1054ad2af5" executionId="5f19868b-e57d-46e1-9562-86ef66608811" testListId="8c84fa94-04c1-424b-9868-57a2d4851a1d" />
    <TestEntry testId="f29e5863-186a-4825-2df2-0578747f784d" executionId="2f0b7add-7d27-42a7-8334-c2971786d61d" testListId="8c84fa94-04c1-424b-9868-57a2d4851a1d" />
    <TestEntry testId="f6b59a52-abc4-7e7c-f812-569555ffd07c" executionId="349607e0-f918-4e08-b345-4ef6808bc564" testListId="8c84fa94-04c1-424b-9868-57a2d4851a1d" />
    <TestEntry testId="fbf8eef2-92a0-6d2b-a3cb-60c176d03a3c" executionId="90fa4780-2dd0-495b-8dc3-fed2067fbd89" testListId="8c84fa94-04c1-424b-9868-57a2d4851a1d" />
  </TestEntries>
  <Results>
    <UnitTestResult executionId="d8259fe4-ee37-4c17-9e0c-2f1fdca266a3" testId="0ce176a3-c55a-e636-d255-5e7aff6e41a8" testName="RouteWorksWithRootCtxNsNamespaceShortnamePPropNameRouteList" computerName="BEE" duration="00:00:00.0336350" startTime="2011-05-30T00:07:04.6884766+01:00" endTime="2011-05-30T00:07:05.1259766+01:00" testType="13cdc9d9-ddb5-4fa4-a97d-d965ccfc6d4b" outcome="Passed" testListId="8c84fa94-04c1-424b-9868-57a2d4851a1d" relativeResultsDirectory="d8259fe4-ee37-4c17-9e0c-2f1fdca266a3">
    </UnitTestResult>
    <UnitTestResult executionId="f4d05e31-0d2a-4350-980f-01d02756256f" testId="1133a30c-721f-dfb0-6e8e-fc4e09453bba" testName="ListAllContextNamespacesContextModel" computerName="BEE" duration="00:00:00.5798329" startTime="2011-05-30T00:07:05.1259766+01:00" endTime="2011-05-30T00:07:06.0009766+01:00" testType="13cdc9d9-ddb5-4fa4-a97d-d965ccfc6d4b" outcome="Passed" testListId="8c84fa94-04c1-424b-9868-57a2d4851a1d" relativeResultsDirectory="f4d05e31-0d2a-4350-980f-01d02756256f">
    </UnitTestResult>
    <UnitTestResult executionId="883a7cf0-fdc4-4daf-b321-5a61e2663c0a" testId="24823888-f50a-301e-fcbe-a102f5185a0e" testName="RouteWorksWithRootCtxNsNamespacePrefixRouteList" computerName="BEE" startTime="2011-05-30T00:07:06.0166016+01:00" endTime="2011-05-30T00:07:06.0322266+01:00" testType="13cdc9d9-ddb5-4fa4-a97d-d965ccfc6d4b" outcome="Passed" testListId="8c84fa94-04c1-424b-9868-57a2d4851a1d" relativeResultsDirectory="883a7cf0-fdc4-4daf-b321-5a61e2663c0a">
    </UnitTestResult>
    <UnitTestResult executionId="d6913bb6-1561-4586-b690-62556854701f" testId="274768e3-c15c-eb07-7b78-2aec20a6e315" testName="CanAddRouteToRouteList" computerName="BEE" duration="00:00:00.0051621" startTime="2011-05-30T00:07:06.0478516+01:00" endTime="2011-05-30T00:07:06.0634766+01:00" testType="13cdc9d9-ddb5-4fa4-a97d-d965ccfc6d4b" outcome="Passed" testListId="8c84fa94-04c1-424b-9868-57a2d4851a1d" relativeResultsDirectory="d6913bb6-1561-4586-b690-62556854701f">
    </UnitTestResult>
    <UnitTestResult executionId="8f5c3f57-fe1a-4a83-a981-8a06e57a61f1" testId="2896e079-7af6-aed4-10c7-ee442a00cf0b" testName="AddValueToTree" computerName="BEE" duration="00:00:00.0228981" startTime="2011-05-30T00:07:06.0634766+01:00" endTime="2011-05-30T00:07:06.2978516+01:00" testType="13cdc9d9-ddb5-4fa4-a97d-d965ccfc6d4b" outcome="Passed" testListId="8c84fa94-04c1-424b-9868-57a2d4851a1d" relativeResultsDirectory="8f5c3f57-fe1a-4a83-a981-8a06e57a61f1">
    </UnitTestResult>
    <UnitTestResult executionId="2939e7d5-dd9b-406e-973c-27173ca1c99f" testId="2cd50448-5291-4f46-e77d-96205d99f315" testName="BindRootView" computerName="BEE" duration="00:00:00.0349471" startTime="2011-05-30T00:07:06.2978516+01:00" endTime="2011-05-30T00:07:06.6572266+01:00" testType="13cdc9d9-ddb5-4fa4-a97d-d965ccfc6d4b" outcome="Passed" testListId="8c84fa94-04c1-424b-9868-57a2d4851a1d" relativeResultsDirectory="2939e7d5-dd9b-406e-973c-27173ca1c99f">
    </UnitTestResult>
    <UnitTestResult executionId="eb32d6e6-dd24-4cc7-ba50-994d5dfe02b8" testId="3b09194f-5651-fd25-6809-631b7fb4eb62" testName="InitNewTreeWithRoot" computerName="BEE" duration="00:00:00.0004190" startTime="2011-05-30T00:07:06.6572266+01:00" endTime="2011-05-30T00:07:06.6728516+01:00" testType="13cdc9d9-ddb5-4fa4-a97d-d965ccfc6d4b" outcome="Passed" testListId="8c84fa94-04c1-424b-9868-57a2d4851a1d" relativeResultsDirectory="eb32d6e6-dd24-4cc7-ba50-994d5dfe02b8">
    </UnitTestResult>
    <UnitTestResult executionId="d7d8de0b-eeec-4fbf-b808-9dba8cca91b2" testId="43754c34-18a7-b891-3c8a-c6f51c87076d" testName="GetContextNamespaceContextModel" computerName="BEE" startTime="2011-05-30T00:07:06.6728516+01:00" endTime="2011-05-30T00:07:06.6884766+01:00" testType="13cdc9d9-ddb5-4fa4-a97d-d965ccfc6d4b" outcome="Passed" testListId="8c84fa94-04c1-424b-9868-57a2d4851a1d" relativeResultsDirectory="d7d8de0b-eeec-4fbf-b808-9dba8cca91b2">
    </UnitTestResult>
    <UnitTestResult executionId="752011f4-503d-4284-ac85-85b10e06bbd6" testId="4854cc04-4aff-cc7f-b81a-0d628dd3edee" testName="CanFindRootValueThrowsKeyNotFoundTreeExceptionOnNewTree" computerName="BEE" duration="00:00:00.0113760" startTime="2011-05-30T00:07:06.6884766+01:00" endTime="2011-05-30T00:07:06.7041016+01:00" testType="13cdc9d9-ddb5-4fa4-a97d-d965ccfc6d4b" outcome="Passed" testListId="8c84fa94-04c1-424b-9868-57a2d4851a1d" relativeResultsDirectory="752011f4-503d-4284-ac85-85b10e06bbd6">
    </UnitTestResult>
    <UnitTestResult executionId="c6fc0c24-f23b-4fd5-bd1d-2b06bc88a8c5" testId="4b243ddf-9b4e-7f68-2282-1d15a85bab9b" testName="ContainsResultsTrueRootValueOnNewTree" computerName="BEE" duration="00:00:00.0004249" startTime="2011-05-30T00:07:06.7197266+01:00" endTime="2011-05-30T00:07:06.7197266+01:00" testType="13cdc9d9-ddb5-4fa4-a97d-d965ccfc6d4b" outcome="Passed" testListId="8c84fa94-04c1-424b-9868-57a2d4851a1d" relativeResultsDirectory="c6fc0c24-f23b-4fd5-bd1d-2b06bc88a8c5">
    </UnitTestResult>
    <UnitTestResult executionId="85464acb-f121-462f-8a20-6c15f394f7c7" testId="516b6c68-c5e5-bf9c-2c60-a4dfddc51fb8" testName="GetAssemblyInvalidContextThrowsInvalidContextException" computerName="BEE" duration="00:00:00.0054509" startTime="2011-05-30T00:07:06.7197266+01:00" endTime="2011-05-30T00:07:06.7353516+01:00" testType="13cdc9d9-ddb5-4fa4-a97d-d965ccfc6d4b" outcome="Passed" testListId="8c84fa94-04c1-424b-9868-57a2d4851a1d" relativeResultsDirectory="85464acb-f121-462f-8a20-6c15f394f7c7">
    </UnitTestResult>
    <UnitTestResult executionId="18a8aba9-9ef2-4aa6-aa82-7f890b2b4226" testId="544a66b2-c234-6aa7-d3b7-57315f613540" testName="CanFindRootValueOnNewTree" computerName="BEE" startTime="2011-05-30T00:07:06.7353516+01:00" endTime="2011-05-30T00:07:06.7509766+01:00" testType="13cdc9d9-ddb5-4fa4-a97d-d965ccfc6d4b" outcome="Passed" testListId="8c84fa94-04c1-424b-9868-57a2d4851a1d" relativeResultsDirectory="18a8aba9-9ef2-4aa6-aa82-7f890b2b4226">
    </UnitTestResult>
    <UnitTestResult executionId="abbe8760-9a1f-4289-addc-b0e775a62f8a" testId="64a16abf-270a-7737-c6db-2335bfd6d654" testName="GetContextUsingInvalidContextThrowsInvalidContextExceptionContextModel" computerName="BEE" duration="00:00:00.0022818" startTime="2011-05-30T00:07:06.7509766+01:00" endTime="2011-05-30T00:07:06.7666016+01:00" testType="13cdc9d9-ddb5-4fa4-a97d-d965ccfc6d4b" outcome="Passed" testListId="8c84fa94-04c1-424b-9868-57a2d4851a1d" relativeResultsDirectory="abbe8760-9a1f-4289-addc-b0e775a62f8a">
    </UnitTestResult>
    <UnitTestResult executionId="4a5f7a9a-8ab7-4217-babc-7b294c553bc7" testId="6784527c-c482-0912-542b-3dcdacb47507" testName="RouteWorksWithRootCtxNsNamespaceShortnameMMethodNameRouteList" computerName="BEE" duration="00:00:00.0001930" startTime="2011-05-30T00:07:06.7666016+01:00" endTime="2011-05-30T00:07:06.7666016+01:00" testType="13cdc9d9-ddb5-4fa4-a97d-d965ccfc6d4b" outcome="Passed" testListId="8c84fa94-04c1-424b-9868-57a2d4851a1d" relativeResultsDirectory="4a5f7a9a-8ab7-4217-babc-7b294c553bc7">
    </UnitTestResult>
    <UnitTestResult executionId="3d2852bf-ce95-4a39-83db-de2e9d75e375" testId="6fa0d37b-e32d-d89e-4167-068ec55c8ffd" testName="AddContextWithInvalidPathThrowsInvalidPathException" computerName="BEE" startTime="2011-05-30T00:07:06.7666016+01:00" endTime="2011-05-30T00:07:06.7822266+01:00" testType="13cdc9d9-ddb5-4fa4-a97d-d965ccfc6d4b" outcome="Passed" testListId="8c84fa94-04c1-424b-9868-57a2d4851a1d" relativeResultsDirectory="3d2852bf-ce95-4a39-83db-de2e9d75e375">
    </UnitTestResult>
    <UnitTestResult executionId="66d1ce4c-0801-4039-9e16-b0bb6743e4e4" testId="76f7c0a7-6879-6d47-f6cf-e7d87e75c556" testName="ListAllContextReturnsAllContextModels" computerName="BEE" duration="00:00:00.2337660" startTime="2011-05-30T00:07:06.7822266+01:00" endTime="2011-05-30T00:07:07.0166016+01:00" testType="13cdc9d9-ddb5-4fa4-a97d-d965ccfc6d4b" outcome="Passed" testListId="8c84fa94-04c1-424b-9868-57a2d4851a1d" relativeResultsDirectory="66d1ce4c-0801-4039-9e16-b0bb6743e4e4">
    </UnitTestResult>
    <UnitTestResult executionId="ac8b16ee-d8ba-4f2d-b442-0ad4b7e90d35" testId="7795dffc-b7a5-5c43-1aa2-03f78084ca66" testName="AddContextToAssemblyModel" computerName="BEE" duration="00:00:00.0047980" startTime="2011-05-30T00:07:07.0478516+01:00" endTime="2011-05-30T00:07:07.0634766+01:00" testType="13cdc9d9-ddb5-4fa4-a97d-d965ccfc6d4b" outcome="Passed" testListId="8c84fa94-04c1-424b-9868-57a2d4851a1d" relativeResultsDirectory="ac8b16ee-d8ba-4f2d-b442-0ad4b7e90d35">
    </UnitTestResult>
    <UnitTestResult executionId="e96816b8-a765-4b5c-8105-314fbf9e07be" testId="791f5605-823c-1bb5-35fe-ba025a3168fa" testName="GetContextAssemblyContextModel" computerName="BEE" startTime="2011-05-30T00:07:07.0791016+01:00" endTime="2011-05-30T00:07:07.0791016+01:00" testType="13cdc9d9-ddb5-4fa4-a97d-d965ccfc6d4b" outcome="Passed" testListId="8c84fa94-04c1-424b-9868-57a2d4851a1d" relativeResultsDirectory="e96816b8-a765-4b5c-8105-314fbf9e07be">
    </UnitTestResult>
    <UnitTestResult executionId="7694680c-085d-49e8-8a4c-ce5e2bdade5e" testId="84ac9094-4090-126d-990c-e3f42364133f" testName="RouteWorksWithRootCtxNsNamespaceShortnameCRouteList" computerName="BEE" startTime="2011-05-30T00:07:07.0791016+01:00" endTime="2011-05-30T00:07:07.0947266+01:00" testType="13cdc9d9-ddb5-4fa4-a97d-d965ccfc6d4b" outcome="Passed" testListId="8c84fa94-04c1-424b-9868-57a2d4851a1d" relativeResultsDirectory="7694680c-085d-49e8-8a4c-ce5e2bdade5e">
    </UnitTestResult>
    <UnitTestResult executionId="1dceb01f-7b14-44d8-a2a5-7b1d2533aa27" testId="9278291c-e6b0-e32b-9ad3-6d545921b6d2" testName="ListAllContextAssembliesContextModel" computerName="BEE" duration="00:00:00.0038421" startTime="2011-05-30T00:07:07.0947266+01:00" endTime="2011-05-30T00:07:07.1103516+01:00" testType="13cdc9d9-ddb5-4fa4-a97d-d965ccfc6d4b" outcome="Passed" testListId="8c84fa94-04c1-424b-9868-57a2d4851a1d" relativeResultsDirectory="1dceb01f-7b14-44d8-a2a5-7b1d2533aa27">
    </UnitTestResult>
    <UnitTestResult executionId="93a057fe-fcfa-4c4b-83da-d59c9c742644" testId="9a7e0ce8-a890-76e5-0515-e3311e06f037" testName="RouteWorksWithRootCtxNsNamespaceShortnameRouteList" computerName="BEE" duration="00:00:00.0002550" startTime="2011-05-30T00:07:07.1103516+01:00" endTime="2011-05-30T00:07:07.1103516+01:00" testType="13cdc9d9-ddb5-4fa4-a97d-d965ccfc6d4b" outcome="Passed" testListId="8c84fa94-04c1-424b-9868-57a2d4851a1d" relativeResultsDirectory="93a057fe-fcfa-4c4b-83da-d59c9c742644">
    </UnitTestResult>
    <UnitTestResult executionId="f89c23b9-cf1e-4083-8f3b-29388dc93548" testId="b3b5bf70-eb22-7ea3-6c4a-453814fffda2" testName="RouteWorksWithRootCtxAsRouteList" computerName="BEE" startTime="2011-05-30T00:07:07.1259766+01:00" endTime="2011-05-30T00:07:07.1259766+01:00" testType="13cdc9d9-ddb5-4fa4-a97d-d965ccfc6d4b" outcome="Passed" testListId="8c84fa94-04c1-424b-9868-57a2d4851a1d" relativeResultsDirectory="f89c23b9-cf1e-4083-8f3b-29388dc93548">
    </UnitTestResult>
    <UnitTestResult executionId="7cb046e6-7bd4-4a94-a9bc-5dee138b0f6f" testId="b4271458-837d-82fd-cbce-5eb1f16a31d0" testName="RouteWorksWithRootCtxNsRouteList" computerName="BEE" startTime="2011-05-30T00:07:07.1259766+01:00" endTime="2011-05-30T00:07:07.1416016+01:00" testType="13cdc9d9-ddb5-4fa4-a97d-d965ccfc6d4b" outcome="Passed" testListId="8c84fa94-04c1-424b-9868-57a2d4851a1d" relativeResultsDirectory="7cb046e6-7bd4-4a94-a9bc-5dee138b0f6f">
    </UnitTestResult>
    <UnitTestResult executionId="8b16e6e7-153b-4502-83e5-66bfea162524" testId="cb64fb5f-ea4a-343c-9730-09998b8787bd" testName="RouteWorksWithRootOnlyRouteList" computerName="BEE" duration="00:00:00.0005408" startTime="2011-05-30T00:07:07.1416016+01:00" endTime="2011-05-30T00:07:07.1572266+01:00" testType="13cdc9d9-ddb5-4fa4-a97d-d965ccfc6d4b" outcome="Passed" testListId="8c84fa94-04c1-424b-9868-57a2d4851a1d" relativeResultsDirectory="8b16e6e7-153b-4502-83e5-66bfea162524">
    </UnitTestResult>
    <UnitTestResult executionId="a44055b4-bd05-4c02-8450-c6be10d9398f" testId="d223219d-fbaf-89e7-3a49-c19c9b3b3edc" testName="RouteWorksWithRootCtxAsAssemblyNameRouteList" computerName="BEE" startTime="2011-05-30T00:07:07.1572266+01:00" endTime="2011-05-30T00:07:07.1572266+01:00" testType="13cdc9d9-ddb5-4fa4-a97d-d965ccfc6d4b" outcome="Passed" testListId="8c84fa94-04c1-424b-9868-57a2d4851a1d" relativeResultsDirectory="a44055b4-bd05-4c02-8450-c6be10d9398f">
    </UnitTestResult>
    <UnitTestResult executionId="505e7954-4b50-4464-bc17-2e17b254f2d7" testId="d8184f34-057f-e69d-3079-1c304a346697" testName="GetTypeContextModel" computerName="BEE" duration="00:00:00.2040644" startTime="2011-05-30T00:07:07.1572266+01:00" endTime="2011-05-30T00:07:07.3759766+01:00" testType="13cdc9d9-ddb5-4fa4-a97d-d965ccfc6d4b" outcome="Passed" testListId="8c84fa94-04c1-424b-9868-57a2d4851a1d" relativeResultsDirectory="505e7954-4b50-4464-bc17-2e17b254f2d7">
    </UnitTestResult>
    <UnitTestResult executionId="435a7b5d-1661-48d1-be3b-d151b6323bd2" testId="dbd8feea-a40e-8938-e358-e9b3d1f5a615" testName="GetAssemblyInvalidContextThrowsInvalidAssemblyException" computerName="BEE" duration="00:00:00.0036719" startTime="2011-05-30T00:07:07.3916016+01:00" endTime="2011-05-30T00:07:07.4072266+01:00" testType="13cdc9d9-ddb5-4fa4-a97d-d965ccfc6d4b" outcome="Passed" testListId="8c84fa94-04c1-424b-9868-57a2d4851a1d" relativeResultsDirectory="435a7b5d-1661-48d1-be3b-d151b6323bd2">
    </UnitTestResult>
    <UnitTestResult executionId="ea367bc7-c119-43fa-8351-edb7097ad565" testId="e0840f5a-cbda-60a0-b8a5-ddcac37b5ed8" testName="GetContextInvalidNamespaceThrowsInvalidNamespaceModelExceptio" computerName="BEE" duration="00:00:00.0025461" startTime="2011-05-30T00:07:07.4072266+01:00" endTime="2011-05-30T00:07:07.4228516+01:00" testType="13cdc9d9-ddb5-4fa4-a97d-d965ccfc6d4b" outcome="Passed" testListId="8c84fa94-04c1-424b-9868-57a2d4851a1d" relativeResultsDirectory="ea367bc7-c119-43fa-8351-edb7097ad565">
    </UnitTestResult>
    <UnitTestResult executionId="39d939a6-1e4d-45ca-a127-cf8226eb1623" testId="e64fdd11-a1b1-7a84-b4bf-d58eaa26c62d" testName="RouteWorksWithRootCtxNsNamespaceShortnameFFieldNameRouteList" computerName="BEE" duration="00:00:00.0003858" startTime="2011-05-30T00:07:07.4228516+01:00" endTime="2011-05-30T00:07:07.4228516+01:00" testType="13cdc9d9-ddb5-4fa4-a97d-d965ccfc6d4b" outcome="Passed" testListId="8c84fa94-04c1-424b-9868-57a2d4851a1d" relativeResultsDirectory="39d939a6-1e4d-45ca-a127-cf8226eb1623">
    </UnitTestResult>
    <UnitTestResult executionId="22823610-9c8a-4676-938f-23b33b9eac0e" testId="f034a3de-7207-22c6-01d4-83591bfbd103" testName="RouteWorksWithRootCtxNsNamespaceShortnameREventNameRouteList" computerName="BEE" duration="00:00:00.0002581" startTime="2011-05-30T00:07:07.4228516+01:00" endTime="2011-05-30T00:07:07.4384766+01:00" testType="13cdc9d9-ddb5-4fa4-a97d-d965ccfc6d4b" outcome="Passed" testListId="8c84fa94-04c1-424b-9868-57a2d4851a1d" relativeResultsDirectory="22823610-9c8a-4676-938f-23b33b9eac0e">
    </UnitTestResult>
    <UnitTestResult executionId="5f19868b-e57d-46e1-9562-86ef66608811" testId="f28710f9-438e-b12b-8594-ca1054ad2af5" testName="GetContextContextModel" computerName="BEE" duration="00:00:00.0032439" startTime="2011-05-30T00:07:07.4384766+01:00" endTime="2011-05-30T00:07:07.4541016+01:00" testType="13cdc9d9-ddb5-4fa4-a97d-d965ccfc6d4b" outcome="Passed" testListId="8c84fa94-04c1-424b-9868-57a2d4851a1d" relativeResultsDirectory="5f19868b-e57d-46e1-9562-86ef66608811">
    </UnitTestResult>
    <UnitTestResult executionId="2f0b7add-7d27-42a7-8334-c2971786d61d" testId="f29e5863-186a-4825-2df2-0578747f784d" testName="CanRemoveRouteFromRouteList" computerName="BEE" duration="00:00:00.0034820" startTime="2011-05-30T00:07:07.4697266+01:00" endTime="2011-05-30T00:07:07.4853516+01:00" testType="13cdc9d9-ddb5-4fa4-a97d-d965ccfc6d4b" outcome="Passed" testListId="8c84fa94-04c1-424b-9868-57a2d4851a1d" relativeResultsDirectory="2f0b7add-7d27-42a7-8334-c2971786d61d">
    </UnitTestResult>
    <UnitTestResult executionId="349607e0-f918-4e08-b345-4ef6808bc564" testId="f6b59a52-abc4-7e7c-f812-569555ffd07c" testName="RouteWorksWithRootCtxRouteList" computerName="BEE" duration="00:00:00.0002578" startTime="2011-05-30T00:07:07.4853516+01:00" endTime="2011-05-30T00:07:07.5009766+01:00" testType="13cdc9d9-ddb5-4fa4-a97d-d965ccfc6d4b" outcome="Passed" testListId="8c84fa94-04c1-424b-9868-57a2d4851a1d" relativeResultsDirectory="349607e0-f918-4e08-b345-4ef6808bc564">
    </UnitTestResult>
    <UnitTestResult executionId="90fa4780-2dd0-495b-8dc3-fed2067fbd89" testId="fbf8eef2-92a0-6d2b-a3cb-60c176d03a3c" testName="CanAddValueToEmpyTree" computerName="BEE" duration="00:00:00.0011990" startTime="2011-05-30T00:07:07.9072266+01:00" endTime="2011-05-30T00:07:07.9072266+01:00" testType="13cdc9d9-ddb5-4fa4-a97d-d965ccfc6d4b" outcome="Passed" testListId="8c84fa94-04c1-424b-9868-57a2d4851a1d" relativeResultsDirectory="90fa4780-2dd0-495b-8dc3-fed2067fbd89">
    </UnitTestResult>
  </Results>
</TestRun>